[0.028s] Invoking command in '/home/hpy/pioneer/hero/all/src/rm_vision_hero/build/armor_detector': CMAKE_PREFIX_PATH=/home/hpy/pioneer/hero/all/src/rm_vision_hero/install/rm_tools:/home/hpy/pioneer/hero/all/src/rm_vision_hero/install/auto_aim_interfaces:/home/hpy/pioneer/hero/all/src/rm_vision_hero/install/rm_vision_bringup:/home/hpy/pioneer/hero/all/src/rm_vision_hero/install/rm_planner:/home/hpy/pioneer/hero/all/src/rm_vision_hero/install/armor_tracker:/home/hpy/pioneer/hero/all/src/rm_vision_hero/install/armor_detector:/home/hpy/pioneer/hero/all/src/rm_vision_hero/install/rm_serial_driver:/home/hpy/pioneer/hero/all/src/rm_vision_hero/install/rm_gimbal_description:/home/hpy/pioneer/hero/all/src/rm_vision_hero/install/hik_camera:/home/hpy/pioneer/hero/all/src/rm_vision_hero/install/detector:/home/hpy/pioneer/hero/all/src/rm_vision_hero/install/building_transform_interface:/opt/ros/humble LD_LIBRARY_PATH=/home/hpy/pioneer/hero/all/src/rm_vision_hero/install/rm_tools/lib:/home/hpy/pioneer/hero/all/src/rm_vision_hero/install/auto_aim_interfaces/lib:/home/hpy/pioneer/hero/all/src/rm_vision_hero/install/rm_planner/lib:/home/hpy/pioneer/hero/all/src/rm_vision_hero/install/armor_tracker/lib:/home/hpy/pioneer/hero/all/src/rm_vision_hero/install/armor_detector/lib:/home/hpy/pioneer/hero/all/src/rm_vision_hero/install/rm_serial_driver/lib:/home/hpy/pioneer/hero/all/src/rm_vision_hero/install/hik_camera/lib:/home/hpy/pioneer/hero/all/src/rm_vision_hero/install/detector/lib:/home/hpy/pioneer/hero/all/src/rm_vision_hero/install/building_transform_interface/lib:/opt/ros/humble/opt/rviz_ogre_vendor/lib:/opt/ros/humble/lib/x86_64-linux-gnu:/opt/ros/humble/lib:/opt/MVS/lib/64:/opt/MVS/lib/32:/opt/MVS/lib/64:/opt/MVS/lib/32 /usr/bin/cmake --build /home/hpy/pioneer/hero/all/src/rm_vision_hero/build/armor_detector -- -j16 -l16
[0.089s] [ 18%] Built target armor_detector_node
[0.105s] [100%] Built target armor_detector
[0.116s] Invoked command in '/home/hpy/pioneer/hero/all/src/rm_vision_hero/build/armor_detector' returned '0': CMAKE_PREFIX_PATH=/home/hpy/pioneer/hero/all/src/rm_vision_hero/install/rm_tools:/home/hpy/pioneer/hero/all/src/rm_vision_hero/install/auto_aim_interfaces:/home/hpy/pioneer/hero/all/src/rm_vision_hero/install/rm_vision_bringup:/home/hpy/pioneer/hero/all/src/rm_vision_hero/install/rm_planner:/home/hpy/pioneer/hero/all/src/rm_vision_hero/install/armor_tracker:/home/hpy/pioneer/hero/all/src/rm_vision_hero/install/armor_detector:/home/hpy/pioneer/hero/all/src/rm_vision_hero/install/rm_serial_driver:/home/hpy/pioneer/hero/all/src/rm_vision_hero/install/rm_gimbal_description:/home/hpy/pioneer/hero/all/src/rm_vision_hero/install/hik_camera:/home/hpy/pioneer/hero/all/src/rm_vision_hero/install/detector:/home/hpy/pioneer/hero/all/src/rm_vision_hero/install/building_transform_interface:/opt/ros/humble LD_LIBRARY_PATH=/home/hpy/pioneer/hero/all/src/rm_vision_hero/install/rm_tools/lib:/home/hpy/pioneer/hero/all/src/rm_vision_hero/install/auto_aim_interfaces/lib:/home/hpy/pioneer/hero/all/src/rm_vision_hero/install/rm_planner/lib:/home/hpy/pioneer/hero/all/src/rm_vision_hero/install/armor_tracker/lib:/home/hpy/pioneer/hero/all/src/rm_vision_hero/install/armor_detector/lib:/home/hpy/pioneer/hero/all/src/rm_vision_hero/install/rm_serial_driver/lib:/home/hpy/pioneer/hero/all/src/rm_vision_hero/install/hik_camera/lib:/home/hpy/pioneer/hero/all/src/rm_vision_hero/install/detector/lib:/home/hpy/pioneer/hero/all/src/rm_vision_hero/install/building_transform_interface/lib:/opt/ros/humble/opt/rviz_ogre_vendor/lib:/opt/ros/humble/lib/x86_64-linux-gnu:/opt/ros/humble/lib:/opt/MVS/lib/64:/opt/MVS/lib/32:/opt/MVS/lib/64:/opt/MVS/lib/32 /usr/bin/cmake --build /home/hpy/pioneer/hero/all/src/rm_vision_hero/build/armor_detector -- -j16 -l16
[0.118s] Invoking command in '/home/hpy/pioneer/hero/all/src/rm_vision_hero/build/armor_detector': CMAKE_PREFIX_PATH=/home/hpy/pioneer/hero/all/src/rm_vision_hero/install/rm_tools:/home/hpy/pioneer/hero/all/src/rm_vision_hero/install/auto_aim_interfaces:/home/hpy/pioneer/hero/all/src/rm_vision_hero/install/rm_vision_bringup:/home/hpy/pioneer/hero/all/src/rm_vision_hero/install/rm_planner:/home/hpy/pioneer/hero/all/src/rm_vision_hero/install/armor_tracker:/home/hpy/pioneer/hero/all/src/rm_vision_hero/install/armor_detector:/home/hpy/pioneer/hero/all/src/rm_vision_hero/install/rm_serial_driver:/home/hpy/pioneer/hero/all/src/rm_vision_hero/install/rm_gimbal_description:/home/hpy/pioneer/hero/all/src/rm_vision_hero/install/hik_camera:/home/hpy/pioneer/hero/all/src/rm_vision_hero/install/detector:/home/hpy/pioneer/hero/all/src/rm_vision_hero/install/building_transform_interface:/opt/ros/humble LD_LIBRARY_PATH=/home/hpy/pioneer/hero/all/src/rm_vision_hero/install/rm_tools/lib:/home/hpy/pioneer/hero/all/src/rm_vision_hero/install/auto_aim_interfaces/lib:/home/hpy/pioneer/hero/all/src/rm_vision_hero/install/rm_planner/lib:/home/hpy/pioneer/hero/all/src/rm_vision_hero/install/armor_tracker/lib:/home/hpy/pioneer/hero/all/src/rm_vision_hero/install/armor_detector/lib:/home/hpy/pioneer/hero/all/src/rm_vision_hero/install/rm_serial_driver/lib:/home/hpy/pioneer/hero/all/src/rm_vision_hero/install/hik_camera/lib:/home/hpy/pioneer/hero/all/src/rm_vision_hero/install/detector/lib:/home/hpy/pioneer/hero/all/src/rm_vision_hero/install/building_transform_interface/lib:/opt/ros/humble/opt/rviz_ogre_vendor/lib:/opt/ros/humble/lib/x86_64-linux-gnu:/opt/ros/humble/lib:/opt/MVS/lib/64:/opt/MVS/lib/32:/opt/MVS/lib/64:/opt/MVS/lib/32 /usr/bin/cmake --install /home/hpy/pioneer/hero/all/src/rm_vision_hero/build/armor_detector
[0.126s] -- Install configuration: ""
[0.126s] -- Execute custom install script
[0.126s] -- Up-to-date symlink: /home/hpy/pioneer/hero/all/src/rm_vision_hero/install/armor_detector/lib/armor_detector/armor_detector_node
[0.126s] -- Up-to-date symlink: /home/hpy/pioneer/hero/all/src/rm_vision_hero/install/armor_detector/include/armor_detector/armor.hpp
[0.126s] -- Up-to-date symlink: /home/hpy/pioneer/hero/all/src/rm_vision_hero/install/armor_detector/include/armor_detector/armor_pose_estimator.hpp
[0.126s] -- Up-to-date symlink: /home/hpy/pioneer/hero/all/src/rm_vision_hero/install/armor_detector/include/armor_detector/ba_solver.hpp
[0.126s] -- Up-to-date symlink: /home/hpy/pioneer/hero/all/src/rm_vision_hero/install/armor_detector/include/armor_detector/detector.hpp
[0.126s] -- Up-to-date symlink: /home/hpy/pioneer/hero/all/src/rm_vision_hero/install/armor_detector/include/armor_detector/detector_node.hpp
[0.126s] -- Up-to-date symlink: /home/hpy/pioneer/hero/all/src/rm_vision_hero/install/armor_detector/include/armor_detector/graph_optimizer.hpp
[0.126s] -- Up-to-date symlink: /home/hpy/pioneer/hero/all/src/rm_vision_hero/install/armor_detector/include/armor_detector/thread_pool.hpp
[0.126s] -- Up-to-date symlink: /home/hpy/pioneer/hero/all/src/rm_vision_hero/install/armor_detector/include/armor_detector/thread_safe_quene.hpp
[0.126s] -- Up-to-date symlink: /home/hpy/pioneer/hero/all/src/rm_vision_hero/install/armor_detector/include/armor_detector/yolo.hpp
[0.126s] -- Up-to-date symlink: /home/hpy/pioneer/hero/all/src/rm_vision_hero/install/armor_detector/include/armor_detector/yolov5.hpp
[0.126s] -- Up-to-date symlink: /home/hpy/pioneer/hero/all/src/rm_vision_hero/install/armor_detector/share/armor_detector/environment/library_path.sh
[0.126s] -- Up-to-date symlink: /home/hpy/pioneer/hero/all/src/rm_vision_hero/install/armor_detector/share/armor_detector/environment/library_path.dsv
[0.127s] -- Up-to-date symlink: /home/hpy/pioneer/hero/all/src/rm_vision_hero/install/armor_detector/lib/libarmor_detector.so
[0.127s] -- Up-to-date symlink: /home/hpy/pioneer/hero/all/src/rm_vision_hero/install/armor_detector/share/armor_detector/models/0526.onnx
[0.127s] -- Up-to-date symlink: /home/hpy/pioneer/hero/all/src/rm_vision_hero/install/armor_detector/share/armor_detector/models/0708.onnx
[0.127s] -- Up-to-date symlink: /home/hpy/pioneer/hero/all/src/rm_vision_hero/install/armor_detector/share/armor_detector/models/yolov5.bin
[0.127s] -- Up-to-date symlink: /home/hpy/pioneer/hero/all/src/rm_vision_hero/install/armor_detector/share/armor_detector/models/yolov5.xml
[0.127s] -- Up-to-date symlink: /home/hpy/pioneer/hero/all/src/rm_vision_hero/install/armor_detector/share/ament_index/resource_index/package_run_dependencies/armor_detector
[0.127s] -- Up-to-date symlink: /home/hpy/pioneer/hero/all/src/rm_vision_hero/install/armor_detector/share/ament_index/resource_index/parent_prefix_path/armor_detector
[0.127s] -- Up-to-date symlink: /home/hpy/pioneer/hero/all/src/rm_vision_hero/install/armor_detector/share/armor_detector/environment/ament_prefix_path.sh
[0.127s] -- Up-to-date symlink: /home/hpy/pioneer/hero/all/src/rm_vision_hero/install/armor_detector/share/armor_detector/environment/ament_prefix_path.dsv
[0.127s] -- Up-to-date symlink: /home/hpy/pioneer/hero/all/src/rm_vision_hero/install/armor_detector/share/armor_detector/environment/path.sh
[0.127s] -- Up-to-date symlink: /home/hpy/pioneer/hero/all/src/rm_vision_hero/install/armor_detector/share/armor_detector/environment/path.dsv
[0.128s] -- Up-to-date symlink: /home/hpy/pioneer/hero/all/src/rm_vision_hero/install/armor_detector/share/armor_detector/local_setup.bash
[0.128s] -- Up-to-date symlink: /home/hpy/pioneer/hero/all/src/rm_vision_hero/install/armor_detector/share/armor_detector/local_setup.sh
[0.128s] -- Up-to-date symlink: /home/hpy/pioneer/hero/all/src/rm_vision_hero/install/armor_detector/share/armor_detector/local_setup.zsh
[0.128s] -- Up-to-date symlink: /home/hpy/pioneer/hero/all/src/rm_vision_hero/install/armor_detector/share/armor_detector/local_setup.dsv
[0.128s] -- Symlinking: /home/hpy/pioneer/hero/all/src/rm_vision_hero/install/armor_detector/share/armor_detector/package.dsv
[0.138s] -- Up-to-date symlink: /home/hpy/pioneer/hero/all/src/rm_vision_hero/install/armor_detector/share/ament_index/resource_index/packages/armor_detector
[0.138s] -- Up-to-date symlink: /home/hpy/pioneer/hero/all/src/rm_vision_hero/install/armor_detector/share/ament_index/resource_index/rclcpp_components/armor_detector
[0.138s] -- Up-to-date symlink: /home/hpy/pioneer/hero/all/src/rm_vision_hero/install/armor_detector/share/armor_detector/cmake/ament_cmake_export_dependencies-extras.cmake
[0.138s] -- Up-to-date symlink: /home/hpy/pioneer/hero/all/src/rm_vision_hero/install/armor_detector/share/armor_detector/cmake/ament_cmake_export_include_directories-extras.cmake
[0.138s] -- Up-to-date symlink: /home/hpy/pioneer/hero/all/src/rm_vision_hero/install/armor_detector/share/armor_detector/cmake/ament_cmake_export_libraries-extras.cmake
[0.138s] -- Up-to-date symlink: /home/hpy/pioneer/hero/all/src/rm_vision_hero/install/armor_detector/share/armor_detector/cmake/armor_detectorConfig.cmake
[0.138s] -- Up-to-date symlink: /home/hpy/pioneer/hero/all/src/rm_vision_hero/install/armor_detector/share/armor_detector/cmake/armor_detectorConfig-version.cmake
[0.139s] -- Up-to-date symlink: /home/hpy/pioneer/hero/all/src/rm_vision_hero/install/armor_detector/share/armor_detector/package.xml
[0.157s] Invoked command in '/home/hpy/pioneer/hero/all/src/rm_vision_hero/build/armor_detector' returned '0': CMAKE_PREFIX_PATH=/home/hpy/pioneer/hero/all/src/rm_vision_hero/install/rm_tools:/home/hpy/pioneer/hero/all/src/rm_vision_hero/install/auto_aim_interfaces:/home/hpy/pioneer/hero/all/src/rm_vision_hero/install/rm_vision_bringup:/home/hpy/pioneer/hero/all/src/rm_vision_hero/install/rm_planner:/home/hpy/pioneer/hero/all/src/rm_vision_hero/install/armor_tracker:/home/hpy/pioneer/hero/all/src/rm_vision_hero/install/armor_detector:/home/hpy/pioneer/hero/all/src/rm_vision_hero/install/rm_serial_driver:/home/hpy/pioneer/hero/all/src/rm_vision_hero/install/rm_gimbal_description:/home/hpy/pioneer/hero/all/src/rm_vision_hero/install/hik_camera:/home/hpy/pioneer/hero/all/src/rm_vision_hero/install/detector:/home/hpy/pioneer/hero/all/src/rm_vision_hero/install/building_transform_interface:/opt/ros/humble LD_LIBRARY_PATH=/home/hpy/pioneer/hero/all/src/rm_vision_hero/install/rm_tools/lib:/home/hpy/pioneer/hero/all/src/rm_vision_hero/install/auto_aim_interfaces/lib:/home/hpy/pioneer/hero/all/src/rm_vision_hero/install/rm_planner/lib:/home/hpy/pioneer/hero/all/src/rm_vision_hero/install/armor_tracker/lib:/home/hpy/pioneer/hero/all/src/rm_vision_hero/install/armor_detector/lib:/home/hpy/pioneer/hero/all/src/rm_vision_hero/install/rm_serial_driver/lib:/home/hpy/pioneer/hero/all/src/rm_vision_hero/install/hik_camera/lib:/home/hpy/pioneer/hero/all/src/rm_vision_hero/install/detector/lib:/home/hpy/pioneer/hero/all/src/rm_vision_hero/install/building_transform_interface/lib:/opt/ros/humble/opt/rviz_ogre_vendor/lib:/opt/ros/humble/lib/x86_64-linux-gnu:/opt/ros/humble/lib:/opt/MVS/lib/64:/opt/MVS/lib/32:/opt/MVS/lib/64:/opt/MVS/lib/32 /usr/bin/cmake --install /home/hpy/pioneer/hero/all/src/rm_vision_hero/build/armor_detector
