[0.026s] Invoking command in '/home/hpy/pioneer/hero/all/src/rm_vision_hero/build/hik_camera': CMAKE_PREFIX_PATH=${CMAKE_PREFIX_PATH}:/opt/ros/humble /usr/bin/cmake /home/hpy/pioneer/hero/all/src/rm_vision_hero/src/hik_camera -DAMENT_CMAKE_SYMLINK_INSTALL=1 -DCMAKE_INSTALL_PREFIX=/home/hpy/pioneer/hero/all/src/rm_vision_hero/install/hik_camera
[0.077s] -- The C compiler identification is GNU 11.4.0
[0.126s] -- The CXX compiler identification is GNU 11.4.0
[0.133s] -- Detecting C compiler ABI info
[0.188s] -- Detecting C compiler ABI info - done
[0.195s] -- Check for working C compiler: /usr/bin/cc - skipped
[0.195s] -- Detecting C compile features
[0.195s] -- Detecting C compile features - done
[0.197s] -- Detecting CXX compiler ABI info
[0.262s] -- Detecting CXX compiler ABI info - done
[0.271s] -- Check for working CXX compiler: /usr/bin/c++ - skipped
[0.271s] -- Detecting CXX compile features
[0.272s] -- Detecting CXX compile features - done
[0.274s] -- Found ament_cmake_auto: 1.3.13 (/opt/ros/humble/share/ament_cmake_auto/cmake)
[0.397s] -- Found Python3: /usr/bin/python3 (found version "3.10.12") found components: Interpreter 
[0.449s] -- Override CMake install command with custom implementation using symlinks instead of copying resources
[0.569s] -- Found rosidl_generator_c: 3.1.8 (/opt/ros/humble/share/rosidl_generator_c/cmake)
[0.574s] -- Found rosidl_adapter: 3.1.8 (/opt/ros/humble/share/rosidl_adapter/cmake)
[0.583s] -- Found rosidl_generator_cpp: 3.1.8 (/opt/ros/humble/share/rosidl_generator_cpp/cmake)
[0.596s] -- Using all available rosidl_typesupport_c: rosidl_typesupport_fastrtps_c;rosidl_typesupport_introspection_c
[0.615s] -- Using all available rosidl_typesupport_cpp: rosidl_typesupport_fastrtps_cpp;rosidl_typesupport_introspection_cpp
[0.662s] -- Found rmw_implementation_cmake: 6.1.2 (/opt/ros/humble/share/rmw_implementation_cmake/cmake)
[0.664s] -- Found rmw_fastrtps_cpp: 6.2.9 (/opt/ros/humble/share/rmw_fastrtps_cpp/cmake)
[0.758s] -- Found OpenSSL: /usr/lib/x86_64-linux-gnu/libcrypto.so (found version "3.0.2")  
[0.782s] -- Found FastRTPS: /opt/ros/humble/include  
[0.825s] -- Using RMW implementation 'rmw_fastrtps_cpp' as default
[0.833s] -- Looking for pthread.h
[0.903s] -- Looking for pthread.h - found
[0.903s] -- Performing Test CMAKE_HAVE_LIBC_PTHREAD
[0.971s] -- Performing Test CMAKE_HAVE_LIBC_PTHREAD - Success
[0.973s] -- Found Threads: TRUE  
[1.081s] -- Found ament_lint_auto: 0.12.14 (/opt/ros/humble/share/ament_lint_auto/cmake)
[1.096s] -- Added test 'cppcheck' to perform static code analysis on C / C++ code
[1.096s] -- Configured cppcheck include dirs: /home/hpy/pioneer/hero/all/src/rm_vision_hero/src/hik_camera/hikSDK/include
[1.096s] -- Configured cppcheck exclude dirs and/or files: 
[1.097s] -- Added test 'lint_cmake' to check CMake code style
[1.097s] -- Added test 'pep257' to check Python code against some of the docstring style conventions in PEP 257
[1.098s] -- Added test 'xmllint' to check XML markup files
[1.100s] -- Configuring done
[1.110s] -- Generating done
[1.114s] -- Build files have been written to: /home/hpy/pioneer/hero/all/src/rm_vision_hero/build/hik_camera
[1.125s] Invoked command in '/home/hpy/pioneer/hero/all/src/rm_vision_hero/build/hik_camera' returned '0': CMAKE_PREFIX_PATH=${CMAKE_PREFIX_PATH}:/opt/ros/humble /usr/bin/cmake /home/hpy/pioneer/hero/all/src/rm_vision_hero/src/hik_camera -DAMENT_CMAKE_SYMLINK_INSTALL=1 -DCMAKE_INSTALL_PREFIX=/home/hpy/pioneer/hero/all/src/rm_vision_hero/install/hik_camera
[1.126s] Invoking command in '/home/hpy/pioneer/hero/all/src/rm_vision_hero/build/hik_camera': CMAKE_PREFIX_PATH=${CMAKE_PREFIX_PATH}:/opt/ros/humble /usr/bin/cmake --build /home/hpy/pioneer/hero/all/src/rm_vision_hero/build/hik_camera -- -j16 -l16
[1.177s] [ 50%] [32mBuilding CXX object CMakeFiles/hik_camera_node.dir/rclcpp_components/node_main_hik_camera_node.cpp.o[0m
[1.178s] [ 50%] [32mBuilding CXX object CMakeFiles/hik_camera.dir/src/hik_camera_node.cpp.o[0m
[5.527s] [ 75%] [32m[1mLinking CXX shared library libhik_camera.so[0m
[5.855s] [ 75%] Built target hik_camera
[7.060s] [100%] [32m[1mLinking CXX executable hik_camera_node[0m
[7.291s] [100%] Built target hik_camera_node
[7.313s] Invoked command in '/home/hpy/pioneer/hero/all/src/rm_vision_hero/build/hik_camera' returned '0': CMAKE_PREFIX_PATH=${CMAKE_PREFIX_PATH}:/opt/ros/humble /usr/bin/cmake --build /home/hpy/pioneer/hero/all/src/rm_vision_hero/build/hik_camera -- -j16 -l16
[7.315s] Invoking command in '/home/hpy/pioneer/hero/all/src/rm_vision_hero/build/hik_camera': CMAKE_PREFIX_PATH=${CMAKE_PREFIX_PATH}:/opt/ros/humble /usr/bin/cmake --install /home/hpy/pioneer/hero/all/src/rm_vision_hero/build/hik_camera
[7.327s] -- Install configuration: ""
[7.327s] -- Execute custom install script
[7.327s] -- Symlinking: /home/hpy/pioneer/hero/all/src/rm_vision_hero/install/hik_camera/lib/libFormatConversion.so
[7.343s] -- Symlinking: /home/hpy/pioneer/hero/all/src/rm_vision_hero/install/hik_camera/lib/libMVRender.so
[7.354s] -- Symlinking: /home/hpy/pioneer/hero/all/src/rm_vision_hero/install/hik_camera/lib/libMediaProcess.so
[7.365s] -- Symlinking: /home/hpy/pioneer/hero/all/src/rm_vision_hero/install/hik_camera/lib/libMvCameraControl.so
[7.377s] -- Symlinking: /home/hpy/pioneer/hero/all/src/rm_vision_hero/install/hik_camera/lib/libMvUsb3vTL.so
[7.391s] -- Symlinking: /home/hpy/pioneer/hero/all/src/rm_vision_hero/install/hik_camera/lib/hik_camera/hik_camera_node
[7.404s] -- Symlinking: /home/hpy/pioneer/hero/all/src/rm_vision_hero/install/hik_camera/share/hik_camera/environment/library_path.sh
[7.412s] -- Symlinking: /home/hpy/pioneer/hero/all/src/rm_vision_hero/install/hik_camera/share/hik_camera/environment/library_path.dsv
[7.426s] -- Symlinking: /home/hpy/pioneer/hero/all/src/rm_vision_hero/install/hik_camera/lib/libhik_camera.so
[7.435s] -- Symlinking: /home/hpy/pioneer/hero/all/src/rm_vision_hero/install/hik_camera/share/hik_camera/launch/hik_camera_launch.py
[7.447s] -- Symlinking: /home/hpy/pioneer/hero/all/src/rm_vision_hero/install/hik_camera/share/hik_camera/config/camera_info.yaml
[7.459s] -- Symlinking: /home/hpy/pioneer/hero/all/src/rm_vision_hero/install/hik_camera/share/hik_camera/config/camera_params.yaml
[7.468s] -- Symlinking: /home/hpy/pioneer/hero/all/src/rm_vision_hero/install/hik_camera/share/ament_index/resource_index/package_run_dependencies/hik_camera
[7.477s] -- Symlinking: /home/hpy/pioneer/hero/all/src/rm_vision_hero/install/hik_camera/share/ament_index/resource_index/parent_prefix_path/hik_camera
[7.491s] -- Symlinking: /home/hpy/pioneer/hero/all/src/rm_vision_hero/install/hik_camera/share/hik_camera/environment/ament_prefix_path.sh
[7.502s] -- Symlinking: /home/hpy/pioneer/hero/all/src/rm_vision_hero/install/hik_camera/share/hik_camera/environment/ament_prefix_path.dsv
[7.513s] -- Symlinking: /home/hpy/pioneer/hero/all/src/rm_vision_hero/install/hik_camera/share/hik_camera/environment/path.sh
[7.524s] -- Symlinking: /home/hpy/pioneer/hero/all/src/rm_vision_hero/install/hik_camera/share/hik_camera/environment/path.dsv
[7.537s] -- Symlinking: /home/hpy/pioneer/hero/all/src/rm_vision_hero/install/hik_camera/share/hik_camera/local_setup.bash
[7.550s] -- Symlinking: /home/hpy/pioneer/hero/all/src/rm_vision_hero/install/hik_camera/share/hik_camera/local_setup.sh
[7.560s] -- Symlinking: /home/hpy/pioneer/hero/all/src/rm_vision_hero/install/hik_camera/share/hik_camera/local_setup.zsh
[7.570s] -- Symlinking: /home/hpy/pioneer/hero/all/src/rm_vision_hero/install/hik_camera/share/hik_camera/local_setup.dsv
[7.586s] -- Symlinking: /home/hpy/pioneer/hero/all/src/rm_vision_hero/install/hik_camera/share/hik_camera/package.dsv
[7.600s] -- Symlinking: /home/hpy/pioneer/hero/all/src/rm_vision_hero/install/hik_camera/share/ament_index/resource_index/packages/hik_camera
[7.613s] -- Symlinking: /home/hpy/pioneer/hero/all/src/rm_vision_hero/install/hik_camera/share/ament_index/resource_index/rclcpp_components/hik_camera
[7.631s] -- Symlinking: /home/hpy/pioneer/hero/all/src/rm_vision_hero/install/hik_camera/share/hik_camera/cmake/ament_cmake_export_dependencies-extras.cmake
[7.642s] -- Symlinking: /home/hpy/pioneer/hero/all/src/rm_vision_hero/install/hik_camera/share/hik_camera/cmake/ament_cmake_export_libraries-extras.cmake
[7.657s] -- Symlinking: /home/hpy/pioneer/hero/all/src/rm_vision_hero/install/hik_camera/share/hik_camera/cmake/hik_cameraConfig.cmake
[7.672s] -- Symlinking: /home/hpy/pioneer/hero/all/src/rm_vision_hero/install/hik_camera/share/hik_camera/cmake/hik_cameraConfig-version.cmake
[7.691s] -- Symlinking: /home/hpy/pioneer/hero/all/src/rm_vision_hero/install/hik_camera/share/hik_camera/package.xml
[7.706s] Invoked command in '/home/hpy/pioneer/hero/all/src/rm_vision_hero/build/hik_camera' returned '0': CMAKE_PREFIX_PATH=${CMAKE_PREFIX_PATH}:/opt/ros/humble /usr/bin/cmake --install /home/hpy/pioneer/hero/all/src/rm_vision_hero/build/hik_camera
