[0.023s] Invoking command in '/home/hpy/pioneer/hero/all/src/rm_vision_hero/build/rm_gimbal_description': CMAKE_PREFIX_PATH=${CMAKE_PREFIX_PATH}:/opt/ros/humble /usr/bin/cmake --build /home/hpy/pioneer/hero/all/src/rm_vision_hero/build/rm_gimbal_description -- -j16 -l16
[0.053s] Invoked command in '/home/hpy/pioneer/hero/all/src/rm_vision_hero/build/rm_gimbal_description' returned '0': CMAKE_PREFIX_PATH=${CMAKE_PREFIX_PATH}:/opt/ros/humble /usr/bin/cmake --build /home/hpy/pioneer/hero/all/src/rm_vision_hero/build/rm_gimbal_description -- -j16 -l16
[0.064s] Invoking command in '/home/hpy/pioneer/hero/all/src/rm_vision_hero/build/rm_gimbal_description': CMAKE_PREFIX_PATH=${CMAKE_PREFIX_PATH}:/opt/ros/humble /usr/bin/cmake --install /home/hpy/pioneer/hero/all/src/rm_vision_hero/build/rm_gimbal_description
[0.073s] -- Install configuration: ""
[0.073s] -- Execute custom install script
[0.074s] -- Up-to-date symlink: /home/hpy/pioneer/hero/all/src/rm_vision_hero/install/rm_gimbal_description/share/rm_gimbal_description/urdf/rm_gimbal.urdf.xacro
[0.074s] -- Up-to-date symlink: /home/hpy/pioneer/hero/all/src/rm_vision_hero/install/rm_gimbal_description/share/ament_index/resource_index/package_run_dependencies/rm_gimbal_description
[0.074s] -- Up-to-date symlink: /home/hpy/pioneer/hero/all/src/rm_vision_hero/install/rm_gimbal_description/share/ament_index/resource_index/parent_prefix_path/rm_gimbal_description
[0.075s] -- Up-to-date symlink: /home/hpy/pioneer/hero/all/src/rm_vision_hero/install/rm_gimbal_description/share/rm_gimbal_description/environment/ament_prefix_path.sh
[0.075s] -- Up-to-date symlink: /home/hpy/pioneer/hero/all/src/rm_vision_hero/install/rm_gimbal_description/share/rm_gimbal_description/environment/ament_prefix_path.dsv
[0.075s] -- Up-to-date symlink: /home/hpy/pioneer/hero/all/src/rm_vision_hero/install/rm_gimbal_description/share/rm_gimbal_description/environment/path.sh
[0.077s] -- Up-to-date symlink: /home/hpy/pioneer/hero/all/src/rm_vision_hero/install/rm_gimbal_description/share/rm_gimbal_description/environment/path.dsv
[0.077s] -- Up-to-date symlink: /home/hpy/pioneer/hero/all/src/rm_vision_hero/install/rm_gimbal_description/share/rm_gimbal_description/local_setup.bash
[0.077s] -- Up-to-date symlink: /home/hpy/pioneer/hero/all/src/rm_vision_hero/install/rm_gimbal_description/share/rm_gimbal_description/local_setup.sh
[0.078s] -- Up-to-date symlink: /home/hpy/pioneer/hero/all/src/rm_vision_hero/install/rm_gimbal_description/share/rm_gimbal_description/local_setup.zsh
[0.078s] -- Up-to-date symlink: /home/hpy/pioneer/hero/all/src/rm_vision_hero/install/rm_gimbal_description/share/rm_gimbal_description/local_setup.dsv
[0.078s] -- Symlinking: /home/hpy/pioneer/hero/all/src/rm_vision_hero/install/rm_gimbal_description/share/rm_gimbal_description/package.dsv
[0.088s] -- Up-to-date symlink: /home/hpy/pioneer/hero/all/src/rm_vision_hero/install/rm_gimbal_description/share/ament_index/resource_index/packages/rm_gimbal_description
[0.088s] -- Up-to-date symlink: /home/hpy/pioneer/hero/all/src/rm_vision_hero/install/rm_gimbal_description/share/rm_gimbal_description/cmake/rm_gimbal_descriptionConfig.cmake
[0.088s] -- Up-to-date symlink: /home/hpy/pioneer/hero/all/src/rm_vision_hero/install/rm_gimbal_description/share/rm_gimbal_description/cmake/rm_gimbal_descriptionConfig-version.cmake
[0.088s] -- Up-to-date symlink: /home/hpy/pioneer/hero/all/src/rm_vision_hero/install/rm_gimbal_description/share/rm_gimbal_description/package.xml
[0.093s] Invoked command in '/home/hpy/pioneer/hero/all/src/rm_vision_hero/build/rm_gimbal_description' returned '0': CMAKE_PREFIX_PATH=${CMAKE_PREFIX_PATH}:/opt/ros/humble /usr/bin/cmake --install /home/hpy/pioneer/hero/all/src/rm_vision_hero/build/rm_gimbal_description
