[ 10%] Built target building_transform_interface__cpp
[ 12%] Built target building_transform_interface__rosidl_generator_c
[ 12%] Built target ament_cmake_python_symlink_building_transform_interface
[ 23%] Built target building_transform_interface__rosidl_typesupport_cpp
[ 33%] Built target building_transform_interface__rosidl_typesupport_introspection_cpp
[ 43%] Built target building_transform_interface__rosidl_typesupport_fastrtps_cpp
[ 58%] Built target building_transform_interface__rosidl_typesupport_c
[ 64%] Built target building_transform_interface__rosidl_typesupport_introspection_c
[ 74%] Built target building_transform_interface__rosidl_typesupport_fastrtps_c
[ 74%] Built target building_transform_interface
[ 76%] Built target building_transform_interface__py
[ 84%] Built target building_transform_interface__rosidl_generator_py
[ 89%] Built target building_transform_interface__rosidl_typesupport_c__pyext
[ 94%] Built target building_transform_interface__rosidl_typesupport_fastrtps_c__pyext
[100%] Built target building_transform_interface__rosidl_typesupport_introspection_c__pyext
running egg_info
writing building_transform_interface.egg-info/PKG-INFO
writing dependency_links to building_transform_interface.egg-info/dependency_links.txt
writing top-level names to building_transform_interface.egg-info/top_level.txt
reading manifest file 'building_transform_interface.egg-info/SOURCES.txt'
writing manifest file 'building_transform_interface.egg-info/SOURCES.txt'
[100%] Built target ament_cmake_python_build_building_transform_interface_egg
-- Install configuration: ""
-- Execute custom install script
-- Up-to-date symlink: /home/hpy/pioneer/hero/all/src/rm_vision_hero/install/building_transform_interface/share/ament_index/resource_index/rosidl_interfaces/building_transform_interface
-- Up-to-date symlink: /home/hpy/pioneer/hero/all/src/rm_vision_hero/install/building_transform_interface/include/building_transform_interface/building_transform_interface/msg/base_armor.h
-- Up-to-date symlink: /home/hpy/pioneer/hero/all/src/rm_vision_hero/install/building_transform_interface/include/building_transform_interface/building_transform_interface/msg/detail/base_armor__functions.h
-- Up-to-date symlink: /home/hpy/pioneer/hero/all/src/rm_vision_hero/install/building_transform_interface/include/building_transform_interface/building_transform_interface/msg/detail/base_armor__struct.h
-- Up-to-date symlink: /home/hpy/pioneer/hero/all/src/rm_vision_hero/install/building_transform_interface/include/building_transform_interface/building_transform_interface/msg/detail/base_armor__type_support.h
-- Up-to-date symlink: /home/hpy/pioneer/hero/all/src/rm_vision_hero/install/building_transform_interface/include/building_transform_interface/building_transform_interface/msg/detail/time_info__functions.h
-- Up-to-date symlink: /home/hpy/pioneer/hero/all/src/rm_vision_hero/install/building_transform_interface/include/building_transform_interface/building_transform_interface/msg/detail/time_info__struct.h
-- Up-to-date symlink: /home/hpy/pioneer/hero/all/src/rm_vision_hero/install/building_transform_interface/include/building_transform_interface/building_transform_interface/msg/detail/time_info__type_support.h
-- Up-to-date symlink: /home/hpy/pioneer/hero/all/src/rm_vision_hero/install/building_transform_interface/include/building_transform_interface/building_transform_interface/msg/rosidl_generator_c__visibility_control.h
-- Up-to-date symlink: /home/hpy/pioneer/hero/all/src/rm_vision_hero/install/building_transform_interface/include/building_transform_interface/building_transform_interface/msg/time_info.h
-- Up-to-date symlink: /home/hpy/pioneer/hero/all/src/rm_vision_hero/install/building_transform_interface/share/building_transform_interface/environment/library_path.sh
-- Up-to-date symlink: /home/hpy/pioneer/hero/all/src/rm_vision_hero/install/building_transform_interface/share/building_transform_interface/environment/library_path.dsv
-- Up-to-date symlink: /home/hpy/pioneer/hero/all/src/rm_vision_hero/install/building_transform_interface/include/building_transform_interface/building_transform_interface/msg/detail/base_armor__rosidl_typesupport_fastrtps_c.h
-- Up-to-date symlink: /home/hpy/pioneer/hero/all/src/rm_vision_hero/install/building_transform_interface/include/building_transform_interface/building_transform_interface/msg/detail/time_info__rosidl_typesupport_fastrtps_c.h
-- Up-to-date symlink: /home/hpy/pioneer/hero/all/src/rm_vision_hero/install/building_transform_interface/include/building_transform_interface/building_transform_interface/msg/rosidl_typesupport_fastrtps_c__visibility_control.h
-- Up-to-date symlink: /home/hpy/pioneer/hero/all/src/rm_vision_hero/install/building_transform_interface/include/building_transform_interface/building_transform_interface/msg/detail/base_armor__rosidl_typesupport_introspection_c.h
-- Up-to-date symlink: /home/hpy/pioneer/hero/all/src/rm_vision_hero/install/building_transform_interface/include/building_transform_interface/building_transform_interface/msg/detail/time_info__rosidl_typesupport_introspection_c.h
-- Up-to-date symlink: /home/hpy/pioneer/hero/all/src/rm_vision_hero/install/building_transform_interface/include/building_transform_interface/building_transform_interface/msg/rosidl_typesupport_introspection_c__visibility_control.h
-- Up-to-date symlink: /home/hpy/pioneer/hero/all/src/rm_vision_hero/install/building_transform_interface/include/building_transform_interface/building_transform_interface/msg/base_armor.hpp
-- Up-to-date symlink: /home/hpy/pioneer/hero/all/src/rm_vision_hero/install/building_transform_interface/include/building_transform_interface/building_transform_interface/msg/detail/base_armor__builder.hpp
-- Up-to-date symlink: /home/hpy/pioneer/hero/all/src/rm_vision_hero/install/building_transform_interface/include/building_transform_interface/building_transform_interface/msg/detail/base_armor__struct.hpp
-- Up-to-date symlink: /home/hpy/pioneer/hero/all/src/rm_vision_hero/install/building_transform_interface/include/building_transform_interface/building_transform_interface/msg/detail/base_armor__traits.hpp
-- Up-to-date symlink: /home/hpy/pioneer/hero/all/src/rm_vision_hero/install/building_transform_interface/include/building_transform_interface/building_transform_interface/msg/detail/base_armor__type_support.hpp
-- Up-to-date symlink: /home/hpy/pioneer/hero/all/src/rm_vision_hero/install/building_transform_interface/include/building_transform_interface/building_transform_interface/msg/detail/time_info__builder.hpp
-- Up-to-date symlink: /home/hpy/pioneer/hero/all/src/rm_vision_hero/install/building_transform_interface/include/building_transform_interface/building_transform_interface/msg/detail/time_info__struct.hpp
-- Up-to-date symlink: /home/hpy/pioneer/hero/all/src/rm_vision_hero/install/building_transform_interface/include/building_transform_interface/building_transform_interface/msg/detail/time_info__traits.hpp
-- Up-to-date symlink: /home/hpy/pioneer/hero/all/src/rm_vision_hero/install/building_transform_interface/include/building_transform_interface/building_transform_interface/msg/detail/time_info__type_support.hpp
-- Up-to-date symlink: /home/hpy/pioneer/hero/all/src/rm_vision_hero/install/building_transform_interface/include/building_transform_interface/building_transform_interface/msg/rosidl_generator_cpp__visibility_control.hpp
-- Up-to-date symlink: /home/hpy/pioneer/hero/all/src/rm_vision_hero/install/building_transform_interface/include/building_transform_interface/building_transform_interface/msg/time_info.hpp
-- Up-to-date symlink: /home/hpy/pioneer/hero/all/src/rm_vision_hero/install/building_transform_interface/include/building_transform_interface/building_transform_interface/msg/detail/base_armor__rosidl_typesupport_fastrtps_cpp.hpp
-- Up-to-date symlink: /home/hpy/pioneer/hero/all/src/rm_vision_hero/install/building_transform_interface/include/building_transform_interface/building_transform_interface/msg/detail/time_info__rosidl_typesupport_fastrtps_cpp.hpp
-- Up-to-date symlink: /home/hpy/pioneer/hero/all/src/rm_vision_hero/install/building_transform_interface/include/building_transform_interface/building_transform_interface/msg/rosidl_typesupport_fastrtps_cpp__visibility_control.h
-- Up-to-date symlink: /home/hpy/pioneer/hero/all/src/rm_vision_hero/install/building_transform_interface/include/building_transform_interface/building_transform_interface/msg/detail/base_armor__rosidl_typesupport_introspection_cpp.hpp
-- Up-to-date symlink: /home/hpy/pioneer/hero/all/src/rm_vision_hero/install/building_transform_interface/include/building_transform_interface/building_transform_interface/msg/detail/time_info__rosidl_typesupport_introspection_cpp.hpp
-- Up-to-date symlink: /home/hpy/pioneer/hero/all/src/rm_vision_hero/install/building_transform_interface/share/building_transform_interface/environment/pythonpath.sh
-- Up-to-date symlink: /home/hpy/pioneer/hero/all/src/rm_vision_hero/install/building_transform_interface/share/building_transform_interface/environment/pythonpath.dsv
-- Up-to-date symlink: /home/hpy/pioneer/hero/all/src/rm_vision_hero/install/building_transform_interface/local/lib/python3.10/dist-packages/building_transform_interface-0.0.0-py3.10.egg-info/PKG-INFO
-- Up-to-date symlink: /home/hpy/pioneer/hero/all/src/rm_vision_hero/install/building_transform_interface/local/lib/python3.10/dist-packages/building_transform_interface-0.0.0-py3.10.egg-info/SOURCES.txt
-- Up-to-date symlink: /home/hpy/pioneer/hero/all/src/rm_vision_hero/install/building_transform_interface/local/lib/python3.10/dist-packages/building_transform_interface-0.0.0-py3.10.egg-info/dependency_links.txt
-- Up-to-date symlink: /home/hpy/pioneer/hero/all/src/rm_vision_hero/install/building_transform_interface/local/lib/python3.10/dist-packages/building_transform_interface-0.0.0-py3.10.egg-info/top_level.txt
-- Up-to-date symlink: /home/hpy/pioneer/hero/all/src/rm_vision_hero/install/building_transform_interface/local/lib/python3.10/dist-packages/building_transform_interface/__init__.py
-- Up-to-date symlink: /home/hpy/pioneer/hero/all/src/rm_vision_hero/install/building_transform_interface/local/lib/python3.10/dist-packages/building_transform_interface/_building_transform_interface_s.ep.rosidl_typesupport_c.c
-- Up-to-date symlink: /home/hpy/pioneer/hero/all/src/rm_vision_hero/install/building_transform_interface/local/lib/python3.10/dist-packages/building_transform_interface/_building_transform_interface_s.ep.rosidl_typesupport_fastrtps_c.c
-- Up-to-date symlink: /home/hpy/pioneer/hero/all/src/rm_vision_hero/install/building_transform_interface/local/lib/python3.10/dist-packages/building_transform_interface/_building_transform_interface_s.ep.rosidl_typesupport_introspection_c.c
-- Up-to-date symlink: /home/hpy/pioneer/hero/all/src/rm_vision_hero/install/building_transform_interface/local/lib/python3.10/dist-packages/building_transform_interface/building_transform_interface_s__rosidl_typesupport_c.cpython-310-x86_64-linux-gnu.so
-- Up-to-date symlink: /home/hpy/pioneer/hero/all/src/rm_vision_hero/install/building_transform_interface/local/lib/python3.10/dist-packages/building_transform_interface/building_transform_interface_s__rosidl_typesupport_fastrtps_c.cpython-310-x86_64-linux-gnu.so
-- Up-to-date symlink: /home/hpy/pioneer/hero/all/src/rm_vision_hero/install/building_transform_interface/local/lib/python3.10/dist-packages/building_transform_interface/building_transform_interface_s__rosidl_typesupport_introspection_c.cpython-310-x86_64-linux-gnu.so
-- Up-to-date symlink: /home/hpy/pioneer/hero/all/src/rm_vision_hero/install/building_transform_interface/local/lib/python3.10/dist-packages/building_transform_interface/libbuilding_transform_interface__rosidl_generator_py.so
-- Up-to-date symlink: /home/hpy/pioneer/hero/all/src/rm_vision_hero/install/building_transform_interface/local/lib/python3.10/dist-packages/building_transform_interface/msg/__init__.py
-- Up-to-date symlink: /home/hpy/pioneer/hero/all/src/rm_vision_hero/install/building_transform_interface/local/lib/python3.10/dist-packages/building_transform_interface/msg/_base_armor.py
-- Up-to-date symlink: /home/hpy/pioneer/hero/all/src/rm_vision_hero/install/building_transform_interface/local/lib/python3.10/dist-packages/building_transform_interface/msg/_base_armor_s.c
-- Up-to-date symlink: /home/hpy/pioneer/hero/all/src/rm_vision_hero/install/building_transform_interface/local/lib/python3.10/dist-packages/building_transform_interface/msg/_time_info.py
-- Up-to-date symlink: /home/hpy/pioneer/hero/all/src/rm_vision_hero/install/building_transform_interface/local/lib/python3.10/dist-packages/building_transform_interface/msg/_time_info_s.c
-- Up-to-date symlink: /home/hpy/pioneer/hero/all/src/rm_vision_hero/install/building_transform_interface/local/lib/python3.10/dist-packages/building_transform_interface/building_transform_interface_s__rosidl_typesupport_fastrtps_c.cpython-310-x86_64-linux-gnu.so
-- Up-to-date symlink: /home/hpy/pioneer/hero/all/src/rm_vision_hero/install/building_transform_interface/local/lib/python3.10/dist-packages/building_transform_interface/building_transform_interface_s__rosidl_typesupport_introspection_c.cpython-310-x86_64-linux-gnu.so
-- Up-to-date symlink: /home/hpy/pioneer/hero/all/src/rm_vision_hero/install/building_transform_interface/local/lib/python3.10/dist-packages/building_transform_interface/building_transform_interface_s__rosidl_typesupport_c.cpython-310-x86_64-linux-gnu.so
-- Up-to-date symlink: /home/hpy/pioneer/hero/all/src/rm_vision_hero/install/building_transform_interface/share/building_transform_interface/msg/BaseArmor.idl
-- Up-to-date symlink: /home/hpy/pioneer/hero/all/src/rm_vision_hero/install/building_transform_interface/share/building_transform_interface/msg/TimeInfo.idl
-- Up-to-date symlink: /home/hpy/pioneer/hero/all/src/rm_vision_hero/install/building_transform_interface/share/building_transform_interface/msg/BaseArmor.msg
-- Up-to-date symlink: /home/hpy/pioneer/hero/all/src/rm_vision_hero/install/building_transform_interface/share/building_transform_interface/msg/TimeInfo.msg
-- Up-to-date symlink: /home/hpy/pioneer/hero/all/src/rm_vision_hero/install/building_transform_interface/share/ament_index/resource_index/package_run_dependencies/building_transform_interface
-- Up-to-date symlink: /home/hpy/pioneer/hero/all/src/rm_vision_hero/install/building_transform_interface/share/ament_index/resource_index/parent_prefix_path/building_transform_interface
-- Up-to-date symlink: /home/hpy/pioneer/hero/all/src/rm_vision_hero/install/building_transform_interface/share/building_transform_interface/environment/ament_prefix_path.sh
-- Up-to-date symlink: /home/hpy/pioneer/hero/all/src/rm_vision_hero/install/building_transform_interface/share/building_transform_interface/environment/ament_prefix_path.dsv
-- Up-to-date symlink: /home/hpy/pioneer/hero/all/src/rm_vision_hero/install/building_transform_interface/share/building_transform_interface/environment/path.sh
-- Up-to-date symlink: /home/hpy/pioneer/hero/all/src/rm_vision_hero/install/building_transform_interface/share/building_transform_interface/environment/path.dsv
-- Up-to-date symlink: /home/hpy/pioneer/hero/all/src/rm_vision_hero/install/building_transform_interface/share/building_transform_interface/local_setup.bash
-- Up-to-date symlink: /home/hpy/pioneer/hero/all/src/rm_vision_hero/install/building_transform_interface/share/building_transform_interface/local_setup.sh
-- Up-to-date symlink: /home/hpy/pioneer/hero/all/src/rm_vision_hero/install/building_transform_interface/share/building_transform_interface/local_setup.zsh
-- Up-to-date symlink: /home/hpy/pioneer/hero/all/src/rm_vision_hero/install/building_transform_interface/share/building_transform_interface/local_setup.dsv
-- Symlinking: /home/hpy/pioneer/hero/all/src/rm_vision_hero/install/building_transform_interface/share/building_transform_interface/package.dsv
-- Up-to-date symlink: /home/hpy/pioneer/hero/all/src/rm_vision_hero/install/building_transform_interface/share/ament_index/resource_index/packages/building_transform_interface
-- Up-to-date symlink: /home/hpy/pioneer/hero/all/src/rm_vision_hero/install/building_transform_interface/share/building_transform_interface/cmake/rosidl_cmake-extras.cmake
-- Up-to-date symlink: /home/hpy/pioneer/hero/all/src/rm_vision_hero/install/building_transform_interface/share/building_transform_interface/cmake/ament_cmake_export_dependencies-extras.cmake
-- Up-to-date symlink: /home/hpy/pioneer/hero/all/src/rm_vision_hero/install/building_transform_interface/share/building_transform_interface/cmake/ament_cmake_export_include_directories-extras.cmake
-- Up-to-date symlink: /home/hpy/pioneer/hero/all/src/rm_vision_hero/install/building_transform_interface/share/building_transform_interface/cmake/ament_cmake_export_libraries-extras.cmake
-- Up-to-date symlink: /home/hpy/pioneer/hero/all/src/rm_vision_hero/install/building_transform_interface/share/building_transform_interface/cmake/ament_cmake_export_targets-extras.cmake
-- Up-to-date symlink: /home/hpy/pioneer/hero/all/src/rm_vision_hero/install/building_transform_interface/share/building_transform_interface/cmake/rosidl_cmake_export_typesupport_targets-extras.cmake
-- Up-to-date symlink: /home/hpy/pioneer/hero/all/src/rm_vision_hero/install/building_transform_interface/share/building_transform_interface/cmake/rosidl_cmake_export_typesupport_libraries-extras.cmake
-- Up-to-date symlink: /home/hpy/pioneer/hero/all/src/rm_vision_hero/install/building_transform_interface/share/building_transform_interface/cmake/building_transform_interfaceConfig.cmake
-- Up-to-date symlink: /home/hpy/pioneer/hero/all/src/rm_vision_hero/install/building_transform_interface/share/building_transform_interface/cmake/building_transform_interfaceConfig-version.cmake
-- Up-to-date symlink: /home/hpy/pioneer/hero/all/src/rm_vision_hero/install/building_transform_interface/share/building_transform_interface/package.xml
-- Up-to-date: /home/hpy/pioneer/hero/all/src/rm_vision_hero/install/building_transform_interface/lib/libbuilding_transform_interface__rosidl_generator_c.so
-- Up-to-date: /home/hpy/pioneer/hero/all/src/rm_vision_hero/install/building_transform_interface/lib/libbuilding_transform_interface__rosidl_typesupport_fastrtps_c.so
-- Up-to-date: /home/hpy/pioneer/hero/all/src/rm_vision_hero/install/building_transform_interface/lib/libbuilding_transform_interface__rosidl_typesupport_introspection_c.so
-- Up-to-date: /home/hpy/pioneer/hero/all/src/rm_vision_hero/install/building_transform_interface/lib/libbuilding_transform_interface__rosidl_typesupport_c.so
-- Up-to-date: /home/hpy/pioneer/hero/all/src/rm_vision_hero/install/building_transform_interface/lib/libbuilding_transform_interface__rosidl_typesupport_fastrtps_cpp.so
-- Up-to-date: /home/hpy/pioneer/hero/all/src/rm_vision_hero/install/building_transform_interface/lib/libbuilding_transform_interface__rosidl_typesupport_introspection_cpp.so
-- Up-to-date: /home/hpy/pioneer/hero/all/src/rm_vision_hero/install/building_transform_interface/lib/libbuilding_transform_interface__rosidl_typesupport_cpp.so
Listing '/home/hpy/pioneer/hero/all/src/rm_vision_hero/install/building_transform_interface/local/lib/python3.10/dist-packages/building_transform_interface'...
Listing '/home/hpy/pioneer/hero/all/src/rm_vision_hero/install/building_transform_interface/local/lib/python3.10/dist-packages/building_transform_interface/msg'...
-- Up-to-date: /home/hpy/pioneer/hero/all/src/rm_vision_hero/install/building_transform_interface/lib/libbuilding_transform_interface__rosidl_generator_py.so
-- Up-to-date: /home/hpy/pioneer/hero/all/src/rm_vision_hero/install/building_transform_interface/share/building_transform_interface/cmake/export_building_transform_interface__rosidl_generator_cExport.cmake
-- Up-to-date: /home/hpy/pioneer/hero/all/src/rm_vision_hero/install/building_transform_interface/share/building_transform_interface/cmake/export_building_transform_interface__rosidl_generator_cExport-noconfig.cmake
-- Up-to-date: /home/hpy/pioneer/hero/all/src/rm_vision_hero/install/building_transform_interface/share/building_transform_interface/cmake/export_building_transform_interface__rosidl_typesupport_fastrtps_cExport.cmake
-- Up-to-date: /home/hpy/pioneer/hero/all/src/rm_vision_hero/install/building_transform_interface/share/building_transform_interface/cmake/export_building_transform_interface__rosidl_typesupport_fastrtps_cExport-noconfig.cmake
-- Up-to-date: /home/hpy/pioneer/hero/all/src/rm_vision_hero/install/building_transform_interface/share/building_transform_interface/cmake/building_transform_interface__rosidl_typesupport_introspection_cExport.cmake
-- Up-to-date: /home/hpy/pioneer/hero/all/src/rm_vision_hero/install/building_transform_interface/share/building_transform_interface/cmake/building_transform_interface__rosidl_typesupport_introspection_cExport-noconfig.cmake
-- Up-to-date: /home/hpy/pioneer/hero/all/src/rm_vision_hero/install/building_transform_interface/share/building_transform_interface/cmake/building_transform_interface__rosidl_typesupport_cExport.cmake
-- Up-to-date: /home/hpy/pioneer/hero/all/src/rm_vision_hero/install/building_transform_interface/share/building_transform_interface/cmake/building_transform_interface__rosidl_typesupport_cExport-noconfig.cmake
-- Up-to-date: /home/hpy/pioneer/hero/all/src/rm_vision_hero/install/building_transform_interface/share/building_transform_interface/cmake/export_building_transform_interface__rosidl_generator_cppExport.cmake
-- Up-to-date: /home/hpy/pioneer/hero/all/src/rm_vision_hero/install/building_transform_interface/share/building_transform_interface/cmake/export_building_transform_interface__rosidl_typesupport_fastrtps_cppExport.cmake
-- Up-to-date: /home/hpy/pioneer/hero/all/src/rm_vision_hero/install/building_transform_interface/share/building_transform_interface/cmake/export_building_transform_interface__rosidl_typesupport_fastrtps_cppExport-noconfig.cmake
-- Up-to-date: /home/hpy/pioneer/hero/all/src/rm_vision_hero/install/building_transform_interface/share/building_transform_interface/cmake/building_transform_interface__rosidl_typesupport_introspection_cppExport.cmake
-- Up-to-date: /home/hpy/pioneer/hero/all/src/rm_vision_hero/install/building_transform_interface/share/building_transform_interface/cmake/building_transform_interface__rosidl_typesupport_introspection_cppExport-noconfig.cmake
-- Up-to-date: /home/hpy/pioneer/hero/all/src/rm_vision_hero/install/building_transform_interface/share/building_transform_interface/cmake/building_transform_interface__rosidl_typesupport_cppExport.cmake
-- Up-to-date: /home/hpy/pioneer/hero/all/src/rm_vision_hero/install/building_transform_interface/share/building_transform_interface/cmake/building_transform_interface__rosidl_typesupport_cppExport-noconfig.cmake
-- Up-to-date: /home/hpy/pioneer/hero/all/src/rm_vision_hero/install/building_transform_interface/share/building_transform_interface/cmake/export_building_transform_interface__rosidl_generator_pyExport.cmake
-- Up-to-date: /home/hpy/pioneer/hero/all/src/rm_vision_hero/install/building_transform_interface/share/building_transform_interface/cmake/export_building_transform_interface__rosidl_generator_pyExport-noconfig.cmake
