-- The C compiler identification is GNU 11.4.0
-- The CXX compiler identification is GNU 11.4.0
-- Detecting C compiler ABI info
-- Detecting C compiler ABI info - done
-- Check for working C compiler: /usr/bin/cc - skipped
-- Detecting C compile features
-- Detecting C compile features - done
-- Detecting CXX compiler ABI info
-- Detecting CXX compiler ABI info - done
-- Check for working CXX compiler: /usr/bin/c++ - skipped
-- Detecting CXX compile features
-- Detecting CXX compile features - done
-- Found ament_cmake_auto: 1.3.13 (/opt/ros/humble/share/ament_cmake_auto/cmake)
-- Found Python3: /usr/bin/python3 (found version "3.10.12") found components: Interpreter 
-- Override CMake install command with custom implementation using symlinks instead of copying resources
-- Found rosidl_generator_c: 3.1.8 (/opt/ros/humble/share/rosidl_generator_c/cmake)
-- Found rosidl_adapter: 3.1.8 (/opt/ros/humble/share/rosidl_adapter/cmake)
-- Found rosidl_generator_cpp: 3.1.8 (/opt/ros/humble/share/rosidl_generator_cpp/cmake)
-- Using all available rosidl_typesupport_c: rosidl_typesupport_fastrtps_c;rosidl_typesupport_introspection_c
-- Using all available rosidl_typesupport_cpp: rosidl_typesupport_fastrtps_cpp;rosidl_typesupport_introspection_cpp
-- Found rmw_implementation_cmake: 6.1.2 (/opt/ros/humble/share/rmw_implementation_cmake/cmake)
-- Found rmw_fastrtps_cpp: 6.2.9 (/opt/ros/humble/share/rmw_fastrtps_cpp/cmake)
-- Found OpenSSL: /usr/lib/x86_64-linux-gnu/libcrypto.so (found version "3.0.2")  
-- Found FastRTPS: /opt/ros/humble/include  
-- Using RMW implementation 'rmw_fastrtps_cpp' as default
-- Looking for pthread.h
-- Looking for pthread.h - found
-- Performing Test CMAKE_HAVE_LIBC_PTHREAD
-- Performing Test CMAKE_HAVE_LIBC_PTHREAD - Success
-- Found Threads: TRUE  
-- Found Eigen3: TRUE (found version "3.4.0") 
-- Ensuring Eigen3 include directory is part of orocos-kdl CMake target
-- Found OpenCV: /usr (found version "4.5.4") 
[33mCMake Warning (dev) at /usr/share/cmake-3.22/Modules/FindOpenGL.cmake:315 (message):
  Policy CMP0072 is not set: FindOpenGL prefers GLVND by default when
  available.  Run "cmake --help-policy CMP0072" for policy details.  Use the
  cmake_policy command to set the policy and suppress this warning.

  FindOpenGL found both a legacy GL library:

    OPENGL_gl_LIBRARY: /usr/lib/x86_64-linux-gnu/libGL.so

  and GLVND libraries for OpenGL and GLX:

    OPENGL_opengl_LIBRARY: /usr/lib/x86_64-linux-gnu/libOpenGL.so
    OPENGL_glx_LIBRARY: /usr/lib/x86_64-linux-gnu/libGLX.so

  OpenGL_GL_PREFERENCE has not been set to "GLVND" or "LEGACY", so for
  compatibility with CMake 3.10 and below the legacy GL library will be used.
Call Stack (most recent call first):
  /usr/share/cmake-3.22/Modules/CMakeFindDependencyMacro.cmake:47 (find_package)
  /usr/local/lib/cmake/g2o/g2oConfig.cmake:6 (find_dependency)
  CMakeLists.txt:21 (find_package)
This warning is for project developers.  Use -Wno-dev to suppress it.
[0m
-- Found OpenGL: /usr/lib/x86_64-linux-gnu/libOpenGL.so   
-- Found Eigen3: TRUE (found suitable version "3.4.0", minimum required is "3.4.0") 
-- Found ament_lint_auto: 0.12.14 (/opt/ros/humble/share/ament_lint_auto/cmake)
[0mIn this package, headers install destination is set to `include` by ament_auto_package. It is recommended to install `include/armor_detector` instead and will be the default behavior of ament_auto_package from ROS 2 Kilted Kaiju. On distributions before Kilted, ament_auto_package behaves the same way when you use USE_SCOPED_HEADER_INSTALL_DIR option.[0m
-- Added test 'cppcheck' to perform static code analysis on C / C++ code
-- Configured cppcheck include dirs: /home/hpy/pioneer/hero/all/src/rm_vision_hero/src/rm_auto_aim/armor_detector/include
-- Configured cppcheck exclude dirs and/or files: 
-- Added test 'lint_cmake' to check CMake code style
-- Added test 'xmllint' to check XML markup files
-- Configuring done
-- Generating done
-- Build files have been written to: /home/hpy/pioneer/hero/all/src/rm_vision_hero/build/armor_detector
[  9%] [32mBuilding CXX object CMakeFiles/armor_detector_node.dir/rclcpp_components/node_main_armor_detector_node.cpp.o[0m
[ 18%] [32mBuilding CXX object CMakeFiles/armor_detector.dir/src/armor.cpp.o[0m
[ 27%] [32mBuilding CXX object CMakeFiles/armor_detector.dir/src/armor_pose_estimator.cpp.o[0m
[ 36%] [32mBuilding CXX object CMakeFiles/armor_detector.dir/src/ba_solver.cpp.o[0m
[ 45%] [32mBuilding CXX object CMakeFiles/armor_detector.dir/src/yolo.cpp.o[0m
[ 63%] [32mBuilding CXX object CMakeFiles/armor_detector.dir/src/detector.cpp.o[0m
[ 72%] [32mBuilding CXX object CMakeFiles/armor_detector.dir/src/graph_optimator.cpp.o[0m
[ 72%] [32mBuilding CXX object CMakeFiles/armor_detector.dir/src/detector_node.cpp.o[0m
[ 81%] [32mBuilding CXX object CMakeFiles/armor_detector.dir/src/yolov5.cpp.o[0m
[ 90%] [32m[1mLinking CXX executable armor_detector_node[0m
[ 90%] Built target armor_detector_node
[100%] [32m[1mLinking CXX shared library libarmor_detector.so[0m
[100%] Built target armor_detector
-- Install configuration: ""
-- Execute custom install script
-- Symlinking: /home/hpy/pioneer/hero/all/src/rm_vision_hero/install/armor_detector/lib/armor_detector/armor_detector_node
-- Symlinking: /home/hpy/pioneer/hero/all/src/rm_vision_hero/install/armor_detector/include/armor_detector/armor.hpp
-- Symlinking: /home/hpy/pioneer/hero/all/src/rm_vision_hero/install/armor_detector/include/armor_detector/armor_pose_estimator.hpp
-- Symlinking: /home/hpy/pioneer/hero/all/src/rm_vision_hero/install/armor_detector/include/armor_detector/ba_solver.hpp
-- Symlinking: /home/hpy/pioneer/hero/all/src/rm_vision_hero/install/armor_detector/include/armor_detector/detector.hpp
-- Symlinking: /home/hpy/pioneer/hero/all/src/rm_vision_hero/install/armor_detector/include/armor_detector/detector_node.hpp
-- Symlinking: /home/hpy/pioneer/hero/all/src/rm_vision_hero/install/armor_detector/include/armor_detector/graph_optimizer.hpp
-- Symlinking: /home/hpy/pioneer/hero/all/src/rm_vision_hero/install/armor_detector/include/armor_detector/thread_pool.hpp
-- Symlinking: /home/hpy/pioneer/hero/all/src/rm_vision_hero/install/armor_detector/include/armor_detector/thread_safe_quene.hpp
-- Symlinking: /home/hpy/pioneer/hero/all/src/rm_vision_hero/install/armor_detector/include/armor_detector/yolo.hpp
-- Symlinking: /home/hpy/pioneer/hero/all/src/rm_vision_hero/install/armor_detector/include/armor_detector/yolov5.hpp
-- Symlinking: /home/hpy/pioneer/hero/all/src/rm_vision_hero/install/armor_detector/share/armor_detector/environment/library_path.sh
-- Symlinking: /home/hpy/pioneer/hero/all/src/rm_vision_hero/install/armor_detector/share/armor_detector/environment/library_path.dsv
-- Symlinking: /home/hpy/pioneer/hero/all/src/rm_vision_hero/install/armor_detector/lib/libarmor_detector.so
-- Symlinking: /home/hpy/pioneer/hero/all/src/rm_vision_hero/install/armor_detector/share/armor_detector/models/0526.onnx
-- Symlinking: /home/hpy/pioneer/hero/all/src/rm_vision_hero/install/armor_detector/share/armor_detector/models/0708.onnx
-- Symlinking: /home/hpy/pioneer/hero/all/src/rm_vision_hero/install/armor_detector/share/armor_detector/models/yolov5.bin
-- Symlinking: /home/hpy/pioneer/hero/all/src/rm_vision_hero/install/armor_detector/share/armor_detector/models/yolov5.xml
-- Symlinking: /home/hpy/pioneer/hero/all/src/rm_vision_hero/install/armor_detector/share/ament_index/resource_index/package_run_dependencies/armor_detector
-- Symlinking: /home/hpy/pioneer/hero/all/src/rm_vision_hero/install/armor_detector/share/ament_index/resource_index/parent_prefix_path/armor_detector
-- Symlinking: /home/hpy/pioneer/hero/all/src/rm_vision_hero/install/armor_detector/share/armor_detector/environment/ament_prefix_path.sh
-- Symlinking: /home/hpy/pioneer/hero/all/src/rm_vision_hero/install/armor_detector/share/armor_detector/environment/ament_prefix_path.dsv
-- Symlinking: /home/hpy/pioneer/hero/all/src/rm_vision_hero/install/armor_detector/share/armor_detector/environment/path.sh
-- Symlinking: /home/hpy/pioneer/hero/all/src/rm_vision_hero/install/armor_detector/share/armor_detector/environment/path.dsv
-- Symlinking: /home/hpy/pioneer/hero/all/src/rm_vision_hero/install/armor_detector/share/armor_detector/local_setup.bash
-- Symlinking: /home/hpy/pioneer/hero/all/src/rm_vision_hero/install/armor_detector/share/armor_detector/local_setup.sh
-- Symlinking: /home/hpy/pioneer/hero/all/src/rm_vision_hero/install/armor_detector/share/armor_detector/local_setup.zsh
-- Symlinking: /home/hpy/pioneer/hero/all/src/rm_vision_hero/install/armor_detector/share/armor_detector/local_setup.dsv
-- Symlinking: /home/hpy/pioneer/hero/all/src/rm_vision_hero/install/armor_detector/share/armor_detector/package.dsv
-- Symlinking: /home/hpy/pioneer/hero/all/src/rm_vision_hero/install/armor_detector/share/ament_index/resource_index/packages/armor_detector
-- Symlinking: /home/hpy/pioneer/hero/all/src/rm_vision_hero/install/armor_detector/share/ament_index/resource_index/rclcpp_components/armor_detector
-- Symlinking: /home/hpy/pioneer/hero/all/src/rm_vision_hero/install/armor_detector/share/armor_detector/cmake/ament_cmake_export_dependencies-extras.cmake
-- Symlinking: /home/hpy/pioneer/hero/all/src/rm_vision_hero/install/armor_detector/share/armor_detector/cmake/ament_cmake_export_include_directories-extras.cmake
-- Symlinking: /home/hpy/pioneer/hero/all/src/rm_vision_hero/install/armor_detector/share/armor_detector/cmake/ament_cmake_export_libraries-extras.cmake
-- Symlinking: /home/hpy/pioneer/hero/all/src/rm_vision_hero/install/armor_detector/share/armor_detector/cmake/armor_detectorConfig.cmake
-- Symlinking: /home/hpy/pioneer/hero/all/src/rm_vision_hero/install/armor_detector/share/armor_detector/cmake/armor_detectorConfig-version.cmake
-- Symlinking: /home/hpy/pioneer/hero/all/src/rm_vision_hero/install/armor_detector/share/armor_detector/package.xml
