[0.031s] Invoking command in '/home/hpy/pioneer/hero/all/src/rm_vision_hero/build/armor_detector': CMAKE_PREFIX_PATH=/home/hpy/pioneer/hero/all/src/rm_vision_hero/install/rm_tools:/home/hpy/pioneer/hero/all/src/rm_vision_hero/install/auto_aim_interfaces:/home/hpy/pioneer/hero/all/src/rm_vision_hero/install/rm_vision_bringup:/home/hpy/pioneer/hero/all/src/rm_vision_hero/install/rm_planner:/home/hpy/pioneer/hero/all/src/rm_vision_hero/install/armor_tracker:/home/hpy/pioneer/hero/all/src/rm_vision_hero/install/armor_detector:/home/hpy/pioneer/hero/all/src/rm_vision_hero/install/rm_serial_driver:/home/hpy/pioneer/hero/all/src/rm_vision_hero/install/rm_gimbal_description:/home/hpy/pioneer/hero/all/src/rm_vision_hero/install/hik_camera:/home/hpy/pioneer/hero/all/src/rm_vision_hero/install/detector:/home/hpy/pioneer/hero/all/src/rm_vision_hero/install/building_transform_interface:/opt/ros/humble LD_LIBRARY_PATH=/home/hpy/pioneer/hero/all/src/rm_vision_hero/install/rm_tools/lib:/home/hpy/pioneer/hero/all/src/rm_vision_hero/install/auto_aim_interfaces/lib:/home/hpy/pioneer/hero/all/src/rm_vision_hero/install/rm_planner/lib:/home/hpy/pioneer/hero/all/src/rm_vision_hero/install/armor_tracker/lib:/home/hpy/pioneer/hero/all/src/rm_vision_hero/install/armor_detector/lib:/home/hpy/pioneer/hero/all/src/rm_vision_hero/install/rm_serial_driver/lib:/home/hpy/pioneer/hero/all/src/rm_vision_hero/install/hik_camera/lib:/home/hpy/pioneer/hero/all/src/rm_vision_hero/install/detector/lib:/home/hpy/pioneer/hero/all/src/rm_vision_hero/install/building_transform_interface/lib:/opt/ros/humble/opt/rviz_ogre_vendor/lib:/opt/ros/humble/lib/x86_64-linux-gnu:/opt/ros/humble/lib:/opt/MVS/lib/64:/opt/MVS/lib/32:/opt/MVS/lib/64:/opt/MVS/lib/32 /usr/bin/cmake /home/hpy/pioneer/hero/all/src/rm_vision_hero/src/rm_auto_aim/armor_detector -DAMENT_CMAKE_SYMLINK_INSTALL=1 -DCMAKE_INSTALL_PREFIX=/home/hpy/pioneer/hero/all/src/rm_vision_hero/install/armor_detector
[0.085s] -- The C compiler identification is GNU 11.4.0
[0.140s] -- The CXX compiler identification is GNU 11.4.0
[0.147s] -- Detecting C compiler ABI info
[0.223s] -- Detecting C compiler ABI info - done
[0.232s] -- Check for working C compiler: /usr/bin/cc - skipped
[0.232s] -- Detecting C compile features
[0.232s] -- Detecting C compile features - done
[0.235s] -- Detecting CXX compiler ABI info
[0.311s] -- Detecting CXX compiler ABI info - done
[0.320s] -- Check for working CXX compiler: /usr/bin/c++ - skipped
[0.320s] -- Detecting CXX compile features
[0.321s] -- Detecting CXX compile features - done
[0.324s] -- Found ament_cmake_auto: 1.3.13 (/opt/ros/humble/share/ament_cmake_auto/cmake)
[0.477s] -- Found Python3: /usr/bin/python3 (found version "3.10.12") found components: Interpreter 
[0.534s] -- Override CMake install command with custom implementation using symlinks instead of copying resources
[0.677s] -- Found rosidl_generator_c: 3.1.8 (/opt/ros/humble/share/rosidl_generator_c/cmake)
[0.681s] -- Found rosidl_adapter: 3.1.8 (/opt/ros/humble/share/rosidl_adapter/cmake)
[0.687s] -- Found rosidl_generator_cpp: 3.1.8 (/opt/ros/humble/share/rosidl_generator_cpp/cmake)
[0.697s] -- Using all available rosidl_typesupport_c: rosidl_typesupport_fastrtps_c;rosidl_typesupport_introspection_c
[0.709s] -- Using all available rosidl_typesupport_cpp: rosidl_typesupport_fastrtps_cpp;rosidl_typesupport_introspection_cpp
[0.752s] -- Found rmw_implementation_cmake: 6.1.2 (/opt/ros/humble/share/rmw_implementation_cmake/cmake)
[0.756s] -- Found rmw_fastrtps_cpp: 6.2.9 (/opt/ros/humble/share/rmw_fastrtps_cpp/cmake)
[0.844s] -- Found OpenSSL: /usr/lib/x86_64-linux-gnu/libcrypto.so (found version "3.0.2")  
[0.875s] -- Found FastRTPS: /opt/ros/humble/include  
[0.922s] -- Using RMW implementation 'rmw_fastrtps_cpp' as default
[0.934s] -- Looking for pthread.h
[1.006s] -- Looking for pthread.h - found
[1.007s] -- Performing Test CMAKE_HAVE_LIBC_PTHREAD
[1.084s] -- Performing Test CMAKE_HAVE_LIBC_PTHREAD - Success
[1.086s] -- Found Threads: TRUE  
[1.322s] -- Found Eigen3: TRUE (found version "3.4.0") 
[1.322s] -- Ensuring Eigen3 include directory is part of orocos-kdl CMake target
[1.446s] -- Found OpenCV: /usr (found version "4.5.4") 
[1.458s] [33mCMake Warning (dev) at /usr/share/cmake-3.22/Modules/FindOpenGL.cmake:315 (message):
[1.458s]   Policy CMP0072 is not set: FindOpenGL prefers GLVND by default when
[1.458s]   available.  Run "cmake --help-policy CMP0072" for policy details.  Use the
[1.458s]   cmake_policy command to set the policy and suppress this warning.
[1.458s] 
[1.458s]   FindOpenGL found both a legacy GL library:
[1.458s] 
[1.458s]     OPENGL_gl_LIBRARY: /usr/lib/x86_64-linux-gnu/libGL.so
[1.458s] 
[1.458s]   and GLVND libraries for OpenGL and GLX:
[1.458s] 
[1.458s]     OPENGL_opengl_LIBRARY: /usr/lib/x86_64-linux-gnu/libOpenGL.so
[1.458s]     OPENGL_glx_LIBRARY: /usr/lib/x86_64-linux-gnu/libGLX.so
[1.458s] 
[1.459s]   OpenGL_GL_PREFERENCE has not been set to "GLVND" or "LEGACY", so for
[1.459s]   compatibility with CMake 3.10 and below the legacy GL library will be used.
[1.459s] Call Stack (most recent call first):
[1.459s]   /usr/share/cmake-3.22/Modules/CMakeFindDependencyMacro.cmake:47 (find_package)
[1.459s]   /usr/local/lib/cmake/g2o/g2oConfig.cmake:6 (find_dependency)
[1.459s]   CMakeLists.txt:21 (find_package)
[1.459s] This warning is for project developers.  Use -Wno-dev to suppress it.
[1.459s] [0m
[1.459s] -- Found OpenGL: /usr/lib/x86_64-linux-gnu/libOpenGL.so   
[1.466s] -- Found Eigen3: TRUE (found suitable version "3.4.0", minimum required is "3.4.0") 
[1.478s] -- Found ament_lint_auto: 0.12.14 (/opt/ros/humble/share/ament_lint_auto/cmake)
[1.499s] [0mIn this package, headers install destination is set to `include` by ament_auto_package. It is recommended to install `include/armor_detector` instead and will be the default behavior of ament_auto_package from ROS 2 Kilted Kaiju. On distributions before Kilted, ament_auto_package behaves the same way when you use USE_SCOPED_HEADER_INSTALL_DIR option.[0m
[1.506s] -- Added test 'cppcheck' to perform static code analysis on C / C++ code
[1.507s] -- Configured cppcheck include dirs: /home/hpy/pioneer/hero/all/src/rm_vision_hero/src/rm_auto_aim/armor_detector/include
[1.507s] -- Configured cppcheck exclude dirs and/or files: 
[1.508s] -- Added test 'lint_cmake' to check CMake code style
[1.509s] -- Added test 'xmllint' to check XML markup files
[1.512s] -- Configuring done
[1.541s] -- Generating done
[1.549s] -- Build files have been written to: /home/hpy/pioneer/hero/all/src/rm_vision_hero/build/armor_detector
[1.564s] Invoked command in '/home/hpy/pioneer/hero/all/src/rm_vision_hero/build/armor_detector' returned '0': CMAKE_PREFIX_PATH=/home/hpy/pioneer/hero/all/src/rm_vision_hero/install/rm_tools:/home/hpy/pioneer/hero/all/src/rm_vision_hero/install/auto_aim_interfaces:/home/hpy/pioneer/hero/all/src/rm_vision_hero/install/rm_vision_bringup:/home/hpy/pioneer/hero/all/src/rm_vision_hero/install/rm_planner:/home/hpy/pioneer/hero/all/src/rm_vision_hero/install/armor_tracker:/home/hpy/pioneer/hero/all/src/rm_vision_hero/install/armor_detector:/home/hpy/pioneer/hero/all/src/rm_vision_hero/install/rm_serial_driver:/home/hpy/pioneer/hero/all/src/rm_vision_hero/install/rm_gimbal_description:/home/hpy/pioneer/hero/all/src/rm_vision_hero/install/hik_camera:/home/hpy/pioneer/hero/all/src/rm_vision_hero/install/detector:/home/hpy/pioneer/hero/all/src/rm_vision_hero/install/building_transform_interface:/opt/ros/humble LD_LIBRARY_PATH=/home/hpy/pioneer/hero/all/src/rm_vision_hero/install/rm_tools/lib:/home/hpy/pioneer/hero/all/src/rm_vision_hero/install/auto_aim_interfaces/lib:/home/hpy/pioneer/hero/all/src/rm_vision_hero/install/rm_planner/lib:/home/hpy/pioneer/hero/all/src/rm_vision_hero/install/armor_tracker/lib:/home/hpy/pioneer/hero/all/src/rm_vision_hero/install/armor_detector/lib:/home/hpy/pioneer/hero/all/src/rm_vision_hero/install/rm_serial_driver/lib:/home/hpy/pioneer/hero/all/src/rm_vision_hero/install/hik_camera/lib:/home/hpy/pioneer/hero/all/src/rm_vision_hero/install/detector/lib:/home/hpy/pioneer/hero/all/src/rm_vision_hero/install/building_transform_interface/lib:/opt/ros/humble/opt/rviz_ogre_vendor/lib:/opt/ros/humble/lib/x86_64-linux-gnu:/opt/ros/humble/lib:/opt/MVS/lib/64:/opt/MVS/lib/32:/opt/MVS/lib/64:/opt/MVS/lib/32 /usr/bin/cmake /home/hpy/pioneer/hero/all/src/rm_vision_hero/src/rm_auto_aim/armor_detector -DAMENT_CMAKE_SYMLINK_INSTALL=1 -DCMAKE_INSTALL_PREFIX=/home/hpy/pioneer/hero/all/src/rm_vision_hero/install/armor_detector
[1.565s] Invoking command in '/home/hpy/pioneer/hero/all/src/rm_vision_hero/build/armor_detector': CMAKE_PREFIX_PATH=/home/hpy/pioneer/hero/all/src/rm_vision_hero/install/rm_tools:/home/hpy/pioneer/hero/all/src/rm_vision_hero/install/auto_aim_interfaces:/home/hpy/pioneer/hero/all/src/rm_vision_hero/install/rm_vision_bringup:/home/hpy/pioneer/hero/all/src/rm_vision_hero/install/rm_planner:/home/hpy/pioneer/hero/all/src/rm_vision_hero/install/armor_tracker:/home/hpy/pioneer/hero/all/src/rm_vision_hero/install/armor_detector:/home/hpy/pioneer/hero/all/src/rm_vision_hero/install/rm_serial_driver:/home/hpy/pioneer/hero/all/src/rm_vision_hero/install/rm_gimbal_description:/home/hpy/pioneer/hero/all/src/rm_vision_hero/install/hik_camera:/home/hpy/pioneer/hero/all/src/rm_vision_hero/install/detector:/home/hpy/pioneer/hero/all/src/rm_vision_hero/install/building_transform_interface:/opt/ros/humble LD_LIBRARY_PATH=/home/hpy/pioneer/hero/all/src/rm_vision_hero/install/rm_tools/lib:/home/hpy/pioneer/hero/all/src/rm_vision_hero/install/auto_aim_interfaces/lib:/home/hpy/pioneer/hero/all/src/rm_vision_hero/install/rm_planner/lib:/home/hpy/pioneer/hero/all/src/rm_vision_hero/install/armor_tracker/lib:/home/hpy/pioneer/hero/all/src/rm_vision_hero/install/armor_detector/lib:/home/hpy/pioneer/hero/all/src/rm_vision_hero/install/rm_serial_driver/lib:/home/hpy/pioneer/hero/all/src/rm_vision_hero/install/hik_camera/lib:/home/hpy/pioneer/hero/all/src/rm_vision_hero/install/detector/lib:/home/hpy/pioneer/hero/all/src/rm_vision_hero/install/building_transform_interface/lib:/opt/ros/humble/opt/rviz_ogre_vendor/lib:/opt/ros/humble/lib/x86_64-linux-gnu:/opt/ros/humble/lib:/opt/MVS/lib/64:/opt/MVS/lib/32:/opt/MVS/lib/64:/opt/MVS/lib/32 /usr/bin/cmake --build /home/hpy/pioneer/hero/all/src/rm_vision_hero/build/armor_detector -- -j16 -l16
[1.635s] [  9%] [32mBuilding CXX object CMakeFiles/armor_detector_node.dir/rclcpp_components/node_main_armor_detector_node.cpp.o[0m
[1.635s] [ 18%] [32mBuilding CXX object CMakeFiles/armor_detector.dir/src/armor.cpp.o[0m
[1.639s] [ 27%] [32mBuilding CXX object CMakeFiles/armor_detector.dir/src/armor_pose_estimator.cpp.o[0m
[1.645s] [ 36%] [32mBuilding CXX object CMakeFiles/armor_detector.dir/src/ba_solver.cpp.o[0m
[1.651s] [ 45%] [32mBuilding CXX object CMakeFiles/armor_detector.dir/src/yolo.cpp.o[0m
[1.654s] [ 63%] [32mBuilding CXX object CMakeFiles/armor_detector.dir/src/detector.cpp.o[0m
[1.655s] [ 72%] [32mBuilding CXX object CMakeFiles/armor_detector.dir/src/graph_optimator.cpp.o[0m
[1.656s] [ 72%] [32mBuilding CXX object CMakeFiles/armor_detector.dir/src/detector_node.cpp.o[0m
[1.660s] [ 81%] [32mBuilding CXX object CMakeFiles/armor_detector.dir/src/yolov5.cpp.o[0m
[6.655s] [ 90%] [32m[1mLinking CXX executable armor_detector_node[0m
[7.152s] [ 90%] Built target armor_detector_node
[29.560s] [100%] [32m[1mLinking CXX shared library libarmor_detector.so[0m
[31.769s] [100%] Built target armor_detector
[31.780s] Invoked command in '/home/hpy/pioneer/hero/all/src/rm_vision_hero/build/armor_detector' returned '0': CMAKE_PREFIX_PATH=/home/hpy/pioneer/hero/all/src/rm_vision_hero/install/rm_tools:/home/hpy/pioneer/hero/all/src/rm_vision_hero/install/auto_aim_interfaces:/home/hpy/pioneer/hero/all/src/rm_vision_hero/install/rm_vision_bringup:/home/hpy/pioneer/hero/all/src/rm_vision_hero/install/rm_planner:/home/hpy/pioneer/hero/all/src/rm_vision_hero/install/armor_tracker:/home/hpy/pioneer/hero/all/src/rm_vision_hero/install/armor_detector:/home/hpy/pioneer/hero/all/src/rm_vision_hero/install/rm_serial_driver:/home/hpy/pioneer/hero/all/src/rm_vision_hero/install/rm_gimbal_description:/home/hpy/pioneer/hero/all/src/rm_vision_hero/install/hik_camera:/home/hpy/pioneer/hero/all/src/rm_vision_hero/install/detector:/home/hpy/pioneer/hero/all/src/rm_vision_hero/install/building_transform_interface:/opt/ros/humble LD_LIBRARY_PATH=/home/hpy/pioneer/hero/all/src/rm_vision_hero/install/rm_tools/lib:/home/hpy/pioneer/hero/all/src/rm_vision_hero/install/auto_aim_interfaces/lib:/home/hpy/pioneer/hero/all/src/rm_vision_hero/install/rm_planner/lib:/home/hpy/pioneer/hero/all/src/rm_vision_hero/install/armor_tracker/lib:/home/hpy/pioneer/hero/all/src/rm_vision_hero/install/armor_detector/lib:/home/hpy/pioneer/hero/all/src/rm_vision_hero/install/rm_serial_driver/lib:/home/hpy/pioneer/hero/all/src/rm_vision_hero/install/hik_camera/lib:/home/hpy/pioneer/hero/all/src/rm_vision_hero/install/detector/lib:/home/hpy/pioneer/hero/all/src/rm_vision_hero/install/building_transform_interface/lib:/opt/ros/humble/opt/rviz_ogre_vendor/lib:/opt/ros/humble/lib/x86_64-linux-gnu:/opt/ros/humble/lib:/opt/MVS/lib/64:/opt/MVS/lib/32:/opt/MVS/lib/64:/opt/MVS/lib/32 /usr/bin/cmake --build /home/hpy/pioneer/hero/all/src/rm_vision_hero/build/armor_detector -- -j16 -l16
[31.781s] Invoking command in '/home/hpy/pioneer/hero/all/src/rm_vision_hero/build/armor_detector': CMAKE_PREFIX_PATH=/home/hpy/pioneer/hero/all/src/rm_vision_hero/install/rm_tools:/home/hpy/pioneer/hero/all/src/rm_vision_hero/install/auto_aim_interfaces:/home/hpy/pioneer/hero/all/src/rm_vision_hero/install/rm_vision_bringup:/home/hpy/pioneer/hero/all/src/rm_vision_hero/install/rm_planner:/home/hpy/pioneer/hero/all/src/rm_vision_hero/install/armor_tracker:/home/hpy/pioneer/hero/all/src/rm_vision_hero/install/armor_detector:/home/hpy/pioneer/hero/all/src/rm_vision_hero/install/rm_serial_driver:/home/hpy/pioneer/hero/all/src/rm_vision_hero/install/rm_gimbal_description:/home/hpy/pioneer/hero/all/src/rm_vision_hero/install/hik_camera:/home/hpy/pioneer/hero/all/src/rm_vision_hero/install/detector:/home/hpy/pioneer/hero/all/src/rm_vision_hero/install/building_transform_interface:/opt/ros/humble LD_LIBRARY_PATH=/home/hpy/pioneer/hero/all/src/rm_vision_hero/install/rm_tools/lib:/home/hpy/pioneer/hero/all/src/rm_vision_hero/install/auto_aim_interfaces/lib:/home/hpy/pioneer/hero/all/src/rm_vision_hero/install/rm_planner/lib:/home/hpy/pioneer/hero/all/src/rm_vision_hero/install/armor_tracker/lib:/home/hpy/pioneer/hero/all/src/rm_vision_hero/install/armor_detector/lib:/home/hpy/pioneer/hero/all/src/rm_vision_hero/install/rm_serial_driver/lib:/home/hpy/pioneer/hero/all/src/rm_vision_hero/install/hik_camera/lib:/home/hpy/pioneer/hero/all/src/rm_vision_hero/install/detector/lib:/home/hpy/pioneer/hero/all/src/rm_vision_hero/install/building_transform_interface/lib:/opt/ros/humble/opt/rviz_ogre_vendor/lib:/opt/ros/humble/lib/x86_64-linux-gnu:/opt/ros/humble/lib:/opt/MVS/lib/64:/opt/MVS/lib/32:/opt/MVS/lib/64:/opt/MVS/lib/32 /usr/bin/cmake --install /home/hpy/pioneer/hero/all/src/rm_vision_hero/build/armor_detector
[31.789s] -- Install configuration: ""
[31.790s] -- Execute custom install script
[31.790s] -- Symlinking: /home/hpy/pioneer/hero/all/src/rm_vision_hero/install/armor_detector/lib/armor_detector/armor_detector_node
[31.801s] -- Symlinking: /home/hpy/pioneer/hero/all/src/rm_vision_hero/install/armor_detector/include/armor_detector/armor.hpp
[31.811s] -- Symlinking: /home/hpy/pioneer/hero/all/src/rm_vision_hero/install/armor_detector/include/armor_detector/armor_pose_estimator.hpp
[31.821s] -- Symlinking: /home/hpy/pioneer/hero/all/src/rm_vision_hero/install/armor_detector/include/armor_detector/ba_solver.hpp
[31.827s] -- Symlinking: /home/hpy/pioneer/hero/all/src/rm_vision_hero/install/armor_detector/include/armor_detector/detector.hpp
[31.838s] -- Symlinking: /home/hpy/pioneer/hero/all/src/rm_vision_hero/install/armor_detector/include/armor_detector/detector_node.hpp
[31.848s] -- Symlinking: /home/hpy/pioneer/hero/all/src/rm_vision_hero/install/armor_detector/include/armor_detector/graph_optimizer.hpp
[31.858s] -- Symlinking: /home/hpy/pioneer/hero/all/src/rm_vision_hero/install/armor_detector/include/armor_detector/thread_pool.hpp
[31.869s] -- Symlinking: /home/hpy/pioneer/hero/all/src/rm_vision_hero/install/armor_detector/include/armor_detector/thread_safe_quene.hpp
[31.877s] -- Symlinking: /home/hpy/pioneer/hero/all/src/rm_vision_hero/install/armor_detector/include/armor_detector/yolo.hpp
[31.887s] -- Symlinking: /home/hpy/pioneer/hero/all/src/rm_vision_hero/install/armor_detector/include/armor_detector/yolov5.hpp
[31.896s] -- Symlinking: /home/hpy/pioneer/hero/all/src/rm_vision_hero/install/armor_detector/share/armor_detector/environment/library_path.sh
[31.905s] -- Symlinking: /home/hpy/pioneer/hero/all/src/rm_vision_hero/install/armor_detector/share/armor_detector/environment/library_path.dsv
[31.914s] -- Symlinking: /home/hpy/pioneer/hero/all/src/rm_vision_hero/install/armor_detector/lib/libarmor_detector.so
[31.924s] -- Symlinking: /home/hpy/pioneer/hero/all/src/rm_vision_hero/install/armor_detector/share/armor_detector/models/0526.onnx
[31.940s] -- Symlinking: /home/hpy/pioneer/hero/all/src/rm_vision_hero/install/armor_detector/share/armor_detector/models/0708.onnx
[31.952s] -- Symlinking: /home/hpy/pioneer/hero/all/src/rm_vision_hero/install/armor_detector/share/armor_detector/models/yolov5.bin
[31.960s] -- Symlinking: /home/hpy/pioneer/hero/all/src/rm_vision_hero/install/armor_detector/share/armor_detector/models/yolov5.xml
[31.971s] -- Symlinking: /home/hpy/pioneer/hero/all/src/rm_vision_hero/install/armor_detector/share/ament_index/resource_index/package_run_dependencies/armor_detector
[31.980s] -- Symlinking: /home/hpy/pioneer/hero/all/src/rm_vision_hero/install/armor_detector/share/ament_index/resource_index/parent_prefix_path/armor_detector
[31.991s] -- Symlinking: /home/hpy/pioneer/hero/all/src/rm_vision_hero/install/armor_detector/share/armor_detector/environment/ament_prefix_path.sh
[31.999s] -- Symlinking: /home/hpy/pioneer/hero/all/src/rm_vision_hero/install/armor_detector/share/armor_detector/environment/ament_prefix_path.dsv
[32.011s] -- Symlinking: /home/hpy/pioneer/hero/all/src/rm_vision_hero/install/armor_detector/share/armor_detector/environment/path.sh
[32.021s] -- Symlinking: /home/hpy/pioneer/hero/all/src/rm_vision_hero/install/armor_detector/share/armor_detector/environment/path.dsv
[32.029s] -- Symlinking: /home/hpy/pioneer/hero/all/src/rm_vision_hero/install/armor_detector/share/armor_detector/local_setup.bash
[32.039s] -- Symlinking: /home/hpy/pioneer/hero/all/src/rm_vision_hero/install/armor_detector/share/armor_detector/local_setup.sh
[32.048s] -- Symlinking: /home/hpy/pioneer/hero/all/src/rm_vision_hero/install/armor_detector/share/armor_detector/local_setup.zsh
[32.059s] -- Symlinking: /home/hpy/pioneer/hero/all/src/rm_vision_hero/install/armor_detector/share/armor_detector/local_setup.dsv
[32.068s] -- Symlinking: /home/hpy/pioneer/hero/all/src/rm_vision_hero/install/armor_detector/share/armor_detector/package.dsv
[32.078s] -- Symlinking: /home/hpy/pioneer/hero/all/src/rm_vision_hero/install/armor_detector/share/ament_index/resource_index/packages/armor_detector
[32.088s] -- Symlinking: /home/hpy/pioneer/hero/all/src/rm_vision_hero/install/armor_detector/share/ament_index/resource_index/rclcpp_components/armor_detector
[32.096s] -- Symlinking: /home/hpy/pioneer/hero/all/src/rm_vision_hero/install/armor_detector/share/armor_detector/cmake/ament_cmake_export_dependencies-extras.cmake
[32.107s] -- Symlinking: /home/hpy/pioneer/hero/all/src/rm_vision_hero/install/armor_detector/share/armor_detector/cmake/ament_cmake_export_include_directories-extras.cmake
[32.115s] -- Symlinking: /home/hpy/pioneer/hero/all/src/rm_vision_hero/install/armor_detector/share/armor_detector/cmake/ament_cmake_export_libraries-extras.cmake
[32.125s] -- Symlinking: /home/hpy/pioneer/hero/all/src/rm_vision_hero/install/armor_detector/share/armor_detector/cmake/armor_detectorConfig.cmake
[32.135s] -- Symlinking: /home/hpy/pioneer/hero/all/src/rm_vision_hero/install/armor_detector/share/armor_detector/cmake/armor_detectorConfig-version.cmake
[32.143s] -- Symlinking: /home/hpy/pioneer/hero/all/src/rm_vision_hero/install/armor_detector/share/armor_detector/package.xml
[32.157s] Invoked command in '/home/hpy/pioneer/hero/all/src/rm_vision_hero/build/armor_detector' returned '0': CMAKE_PREFIX_PATH=/home/hpy/pioneer/hero/all/src/rm_vision_hero/install/rm_tools:/home/hpy/pioneer/hero/all/src/rm_vision_hero/install/auto_aim_interfaces:/home/hpy/pioneer/hero/all/src/rm_vision_hero/install/rm_vision_bringup:/home/hpy/pioneer/hero/all/src/rm_vision_hero/install/rm_planner:/home/hpy/pioneer/hero/all/src/rm_vision_hero/install/armor_tracker:/home/hpy/pioneer/hero/all/src/rm_vision_hero/install/armor_detector:/home/hpy/pioneer/hero/all/src/rm_vision_hero/install/rm_serial_driver:/home/hpy/pioneer/hero/all/src/rm_vision_hero/install/rm_gimbal_description:/home/hpy/pioneer/hero/all/src/rm_vision_hero/install/hik_camera:/home/hpy/pioneer/hero/all/src/rm_vision_hero/install/detector:/home/hpy/pioneer/hero/all/src/rm_vision_hero/install/building_transform_interface:/opt/ros/humble LD_LIBRARY_PATH=/home/hpy/pioneer/hero/all/src/rm_vision_hero/install/rm_tools/lib:/home/hpy/pioneer/hero/all/src/rm_vision_hero/install/auto_aim_interfaces/lib:/home/hpy/pioneer/hero/all/src/rm_vision_hero/install/rm_planner/lib:/home/hpy/pioneer/hero/all/src/rm_vision_hero/install/armor_tracker/lib:/home/hpy/pioneer/hero/all/src/rm_vision_hero/install/armor_detector/lib:/home/hpy/pioneer/hero/all/src/rm_vision_hero/install/rm_serial_driver/lib:/home/hpy/pioneer/hero/all/src/rm_vision_hero/install/hik_camera/lib:/home/hpy/pioneer/hero/all/src/rm_vision_hero/install/detector/lib:/home/hpy/pioneer/hero/all/src/rm_vision_hero/install/building_transform_interface/lib:/opt/ros/humble/opt/rviz_ogre_vendor/lib:/opt/ros/humble/lib/x86_64-linux-gnu:/opt/ros/humble/lib:/opt/MVS/lib/64:/opt/MVS/lib/32:/opt/MVS/lib/64:/opt/MVS/lib/32 /usr/bin/cmake --install /home/hpy/pioneer/hero/all/src/rm_vision_hero/build/armor_detector
