[0.029s] Invoking command in '/home/hpy/pioneer/hero/all/src/rm_vision_hero/build/armor_tracker': CMAKE_PREFIX_PATH=/home/hpy/pioneer/hero/all/src/rm_vision_hero/install/rm_tools:/home/hpy/pioneer/hero/all/src/rm_vision_hero/install/auto_aim_interfaces:/home/hpy/pioneer/hero/all/src/rm_vision_hero/install/rm_vision_bringup:/home/hpy/pioneer/hero/all/src/rm_vision_hero/install/rm_planner:/home/hpy/pioneer/hero/all/src/rm_vision_hero/install/armor_tracker:/home/hpy/pioneer/hero/all/src/rm_vision_hero/install/armor_detector:/home/hpy/pioneer/hero/all/src/rm_vision_hero/install/rm_serial_driver:/home/hpy/pioneer/hero/all/src/rm_vision_hero/install/rm_gimbal_description:/home/hpy/pioneer/hero/all/src/rm_vision_hero/install/hik_camera:/home/hpy/pioneer/hero/all/src/rm_vision_hero/install/detector:/home/hpy/pioneer/hero/all/src/rm_vision_hero/install/building_transform_interface:/opt/ros/humble LD_LIBRARY_PATH=/home/hpy/pioneer/hero/all/src/rm_vision_hero/install/rm_tools/lib:/home/hpy/pioneer/hero/all/src/rm_vision_hero/install/auto_aim_interfaces/lib:/home/hpy/pioneer/hero/all/src/rm_vision_hero/install/rm_planner/lib:/home/hpy/pioneer/hero/all/src/rm_vision_hero/install/armor_tracker/lib:/home/hpy/pioneer/hero/all/src/rm_vision_hero/install/armor_detector/lib:/home/hpy/pioneer/hero/all/src/rm_vision_hero/install/rm_serial_driver/lib:/home/hpy/pioneer/hero/all/src/rm_vision_hero/install/hik_camera/lib:/home/hpy/pioneer/hero/all/src/rm_vision_hero/install/detector/lib:/home/hpy/pioneer/hero/all/src/rm_vision_hero/install/building_transform_interface/lib:/opt/ros/humble/opt/rviz_ogre_vendor/lib:/opt/ros/humble/lib/x86_64-linux-gnu:/opt/ros/humble/lib:/opt/MVS/lib/64:/opt/MVS/lib/32:/opt/MVS/lib/64:/opt/MVS/lib/32 /usr/bin/cmake /home/hpy/pioneer/hero/all/src/rm_vision_hero/src/rm_auto_aim/armor_tracker -DAMENT_CMAKE_SYMLINK_INSTALL=1 -DCMAKE_INSTALL_PREFIX=/home/hpy/pioneer/hero/all/src/rm_vision_hero/install/armor_tracker
[0.092s] -- The C compiler identification is GNU 11.4.0
[0.156s] -- The CXX compiler identification is GNU 11.4.0
[0.165s] -- Detecting C compiler ABI info
[0.238s] -- Detecting C compiler ABI info - done
[0.247s] -- Check for working C compiler: /usr/bin/cc - skipped
[0.247s] -- Detecting C compile features
[0.247s] -- Detecting C compile features - done
[0.251s] -- Detecting CXX compiler ABI info
[0.334s] -- Detecting CXX compiler ABI info - done
[0.341s] -- Check for working CXX compiler: /usr/bin/c++ - skipped
[0.341s] -- Detecting CXX compile features
[0.341s] -- Detecting CXX compile features - done
[0.343s] -- Found ament_cmake_auto: 1.3.13 (/opt/ros/humble/share/ament_cmake_auto/cmake)
[0.513s] -- Found Python3: /usr/bin/python3 (found version "3.10.12") found components: Interpreter 
[0.590s] -- Override CMake install command with custom implementation using symlinks instead of copying resources
[0.723s] -- Found rosidl_generator_c: 3.1.8 (/opt/ros/humble/share/rosidl_generator_c/cmake)
[0.727s] -- Found rosidl_adapter: 3.1.8 (/opt/ros/humble/share/rosidl_adapter/cmake)
[0.734s] -- Found rosidl_generator_cpp: 3.1.8 (/opt/ros/humble/share/rosidl_generator_cpp/cmake)
[0.743s] -- Using all available rosidl_typesupport_c: rosidl_typesupport_fastrtps_c;rosidl_typesupport_introspection_c
[0.757s] -- Using all available rosidl_typesupport_cpp: rosidl_typesupport_fastrtps_cpp;rosidl_typesupport_introspection_cpp
[0.792s] -- Found rmw_implementation_cmake: 6.1.2 (/opt/ros/humble/share/rmw_implementation_cmake/cmake)
[0.795s] -- Found rmw_fastrtps_cpp: 6.2.9 (/opt/ros/humble/share/rmw_fastrtps_cpp/cmake)
[0.875s] -- Found OpenSSL: /usr/lib/x86_64-linux-gnu/libcrypto.so (found version "3.0.2")  
[0.900s] -- Found FastRTPS: /opt/ros/humble/include  
[0.946s] -- Using RMW implementation 'rmw_fastrtps_cpp' as default
[0.956s] -- Looking for pthread.h
[1.038s] -- Looking for pthread.h - found
[1.038s] -- Performing Test CMAKE_HAVE_LIBC_PTHREAD
[1.116s] -- Performing Test CMAKE_HAVE_LIBC_PTHREAD - Success
[1.117s] -- Found Threads: TRUE  
[1.306s] -- Found Eigen3: TRUE (found version "3.4.0") 
[1.307s] -- Ensuring Eigen3 include directory is part of orocos-kdl CMake target
[1.431s] -- Found ament_lint_auto: 0.12.14 (/opt/ros/humble/share/ament_lint_auto/cmake)
[1.452s] [0mIn this package, headers install destination is set to `include` by ament_auto_package. It is recommended to install `include/armor_tracker` instead and will be the default behavior of ament_auto_package from ROS 2 Kilted Kaiju. On distributions before Kilted, ament_auto_package behaves the same way when you use USE_SCOPED_HEADER_INSTALL_DIR option.[0m
[1.459s] -- Added test 'cppcheck' to perform static code analysis on C / C++ code
[1.459s] -- Configured cppcheck include dirs: /home/hpy/pioneer/hero/all/src/rm_vision_hero/src/rm_auto_aim/armor_tracker/include
[1.459s] -- Configured cppcheck exclude dirs and/or files: 
[1.460s] -- Added test 'lint_cmake' to check CMake code style
[1.461s] -- Added test 'xmllint' to check XML markup files
[1.462s] -- Added test 'clang_format' to check C / C++ code style
[1.466s] -- Configuring done
[1.485s] -- Generating done
[1.490s] -- Build files have been written to: /home/hpy/pioneer/hero/all/src/rm_vision_hero/build/armor_tracker
[1.499s] Invoked command in '/home/hpy/pioneer/hero/all/src/rm_vision_hero/build/armor_tracker' returned '0': CMAKE_PREFIX_PATH=/home/hpy/pioneer/hero/all/src/rm_vision_hero/install/rm_tools:/home/hpy/pioneer/hero/all/src/rm_vision_hero/install/auto_aim_interfaces:/home/hpy/pioneer/hero/all/src/rm_vision_hero/install/rm_vision_bringup:/home/hpy/pioneer/hero/all/src/rm_vision_hero/install/rm_planner:/home/hpy/pioneer/hero/all/src/rm_vision_hero/install/armor_tracker:/home/hpy/pioneer/hero/all/src/rm_vision_hero/install/armor_detector:/home/hpy/pioneer/hero/all/src/rm_vision_hero/install/rm_serial_driver:/home/hpy/pioneer/hero/all/src/rm_vision_hero/install/rm_gimbal_description:/home/hpy/pioneer/hero/all/src/rm_vision_hero/install/hik_camera:/home/hpy/pioneer/hero/all/src/rm_vision_hero/install/detector:/home/hpy/pioneer/hero/all/src/rm_vision_hero/install/building_transform_interface:/opt/ros/humble LD_LIBRARY_PATH=/home/hpy/pioneer/hero/all/src/rm_vision_hero/install/rm_tools/lib:/home/hpy/pioneer/hero/all/src/rm_vision_hero/install/auto_aim_interfaces/lib:/home/hpy/pioneer/hero/all/src/rm_vision_hero/install/rm_planner/lib:/home/hpy/pioneer/hero/all/src/rm_vision_hero/install/armor_tracker/lib:/home/hpy/pioneer/hero/all/src/rm_vision_hero/install/armor_detector/lib:/home/hpy/pioneer/hero/all/src/rm_vision_hero/install/rm_serial_driver/lib:/home/hpy/pioneer/hero/all/src/rm_vision_hero/install/hik_camera/lib:/home/hpy/pioneer/hero/all/src/rm_vision_hero/install/detector/lib:/home/hpy/pioneer/hero/all/src/rm_vision_hero/install/building_transform_interface/lib:/opt/ros/humble/opt/rviz_ogre_vendor/lib:/opt/ros/humble/lib/x86_64-linux-gnu:/opt/ros/humble/lib:/opt/MVS/lib/64:/opt/MVS/lib/32:/opt/MVS/lib/64:/opt/MVS/lib/32 /usr/bin/cmake /home/hpy/pioneer/hero/all/src/rm_vision_hero/src/rm_auto_aim/armor_tracker -DAMENT_CMAKE_SYMLINK_INSTALL=1 -DCMAKE_INSTALL_PREFIX=/home/hpy/pioneer/hero/all/src/rm_vision_hero/install/armor_tracker
[1.501s] Invoking command in '/home/hpy/pioneer/hero/all/src/rm_vision_hero/build/armor_tracker': CMAKE_PREFIX_PATH=/home/hpy/pioneer/hero/all/src/rm_vision_hero/install/rm_tools:/home/hpy/pioneer/hero/all/src/rm_vision_hero/install/auto_aim_interfaces:/home/hpy/pioneer/hero/all/src/rm_vision_hero/install/rm_vision_bringup:/home/hpy/pioneer/hero/all/src/rm_vision_hero/install/rm_planner:/home/hpy/pioneer/hero/all/src/rm_vision_hero/install/armor_tracker:/home/hpy/pioneer/hero/all/src/rm_vision_hero/install/armor_detector:/home/hpy/pioneer/hero/all/src/rm_vision_hero/install/rm_serial_driver:/home/hpy/pioneer/hero/all/src/rm_vision_hero/install/rm_gimbal_description:/home/hpy/pioneer/hero/all/src/rm_vision_hero/install/hik_camera:/home/hpy/pioneer/hero/all/src/rm_vision_hero/install/detector:/home/hpy/pioneer/hero/all/src/rm_vision_hero/install/building_transform_interface:/opt/ros/humble LD_LIBRARY_PATH=/home/hpy/pioneer/hero/all/src/rm_vision_hero/install/rm_tools/lib:/home/hpy/pioneer/hero/all/src/rm_vision_hero/install/auto_aim_interfaces/lib:/home/hpy/pioneer/hero/all/src/rm_vision_hero/install/rm_planner/lib:/home/hpy/pioneer/hero/all/src/rm_vision_hero/install/armor_tracker/lib:/home/hpy/pioneer/hero/all/src/rm_vision_hero/install/armor_detector/lib:/home/hpy/pioneer/hero/all/src/rm_vision_hero/install/rm_serial_driver/lib:/home/hpy/pioneer/hero/all/src/rm_vision_hero/install/hik_camera/lib:/home/hpy/pioneer/hero/all/src/rm_vision_hero/install/detector/lib:/home/hpy/pioneer/hero/all/src/rm_vision_hero/install/building_transform_interface/lib:/opt/ros/humble/opt/rviz_ogre_vendor/lib:/opt/ros/humble/lib/x86_64-linux-gnu:/opt/ros/humble/lib:/opt/MVS/lib/64:/opt/MVS/lib/32:/opt/MVS/lib/64:/opt/MVS/lib/32 /usr/bin/cmake --build /home/hpy/pioneer/hero/all/src/rm_vision_hero/build/armor_tracker -- -j16 -l16
[1.550s] [ 20%] [32mBuilding CXX object CMakeFiles/armor_tracker_node.dir/rclcpp_components/node_main_armor_tracker_node.cpp.o[0m
[1.554s] [ 40%] [32mBuilding CXX object CMakeFiles/armor_tracker.dir/src/tracker_node.cpp.o[0m
[1.555s] [ 60%] [32mBuilding CXX object CMakeFiles/armor_tracker.dir/src/tracker.cpp.o[0m
[9.447s] [ 80%] [32m[1mLinking CXX executable armor_tracker_node[0m
[9.673s] [ 80%] Built target armor_tracker_node
[19.359s] [100%] [32m[1mLinking CXX shared library libarmor_tracker.so[0m
[20.106s] [100%] Built target armor_tracker
[20.117s] Invoked command in '/home/hpy/pioneer/hero/all/src/rm_vision_hero/build/armor_tracker' returned '0': CMAKE_PREFIX_PATH=/home/hpy/pioneer/hero/all/src/rm_vision_hero/install/rm_tools:/home/hpy/pioneer/hero/all/src/rm_vision_hero/install/auto_aim_interfaces:/home/hpy/pioneer/hero/all/src/rm_vision_hero/install/rm_vision_bringup:/home/hpy/pioneer/hero/all/src/rm_vision_hero/install/rm_planner:/home/hpy/pioneer/hero/all/src/rm_vision_hero/install/armor_tracker:/home/hpy/pioneer/hero/all/src/rm_vision_hero/install/armor_detector:/home/hpy/pioneer/hero/all/src/rm_vision_hero/install/rm_serial_driver:/home/hpy/pioneer/hero/all/src/rm_vision_hero/install/rm_gimbal_description:/home/hpy/pioneer/hero/all/src/rm_vision_hero/install/hik_camera:/home/hpy/pioneer/hero/all/src/rm_vision_hero/install/detector:/home/hpy/pioneer/hero/all/src/rm_vision_hero/install/building_transform_interface:/opt/ros/humble LD_LIBRARY_PATH=/home/hpy/pioneer/hero/all/src/rm_vision_hero/install/rm_tools/lib:/home/hpy/pioneer/hero/all/src/rm_vision_hero/install/auto_aim_interfaces/lib:/home/hpy/pioneer/hero/all/src/rm_vision_hero/install/rm_planner/lib:/home/hpy/pioneer/hero/all/src/rm_vision_hero/install/armor_tracker/lib:/home/hpy/pioneer/hero/all/src/rm_vision_hero/install/armor_detector/lib:/home/hpy/pioneer/hero/all/src/rm_vision_hero/install/rm_serial_driver/lib:/home/hpy/pioneer/hero/all/src/rm_vision_hero/install/hik_camera/lib:/home/hpy/pioneer/hero/all/src/rm_vision_hero/install/detector/lib:/home/hpy/pioneer/hero/all/src/rm_vision_hero/install/building_transform_interface/lib:/opt/ros/humble/opt/rviz_ogre_vendor/lib:/opt/ros/humble/lib/x86_64-linux-gnu:/opt/ros/humble/lib:/opt/MVS/lib/64:/opt/MVS/lib/32:/opt/MVS/lib/64:/opt/MVS/lib/32 /usr/bin/cmake --build /home/hpy/pioneer/hero/all/src/rm_vision_hero/build/armor_tracker -- -j16 -l16
[20.119s] Invoking command in '/home/hpy/pioneer/hero/all/src/rm_vision_hero/build/armor_tracker': CMAKE_PREFIX_PATH=/home/hpy/pioneer/hero/all/src/rm_vision_hero/install/rm_tools:/home/hpy/pioneer/hero/all/src/rm_vision_hero/install/auto_aim_interfaces:/home/hpy/pioneer/hero/all/src/rm_vision_hero/install/rm_vision_bringup:/home/hpy/pioneer/hero/all/src/rm_vision_hero/install/rm_planner:/home/hpy/pioneer/hero/all/src/rm_vision_hero/install/armor_tracker:/home/hpy/pioneer/hero/all/src/rm_vision_hero/install/armor_detector:/home/hpy/pioneer/hero/all/src/rm_vision_hero/install/rm_serial_driver:/home/hpy/pioneer/hero/all/src/rm_vision_hero/install/rm_gimbal_description:/home/hpy/pioneer/hero/all/src/rm_vision_hero/install/hik_camera:/home/hpy/pioneer/hero/all/src/rm_vision_hero/install/detector:/home/hpy/pioneer/hero/all/src/rm_vision_hero/install/building_transform_interface:/opt/ros/humble LD_LIBRARY_PATH=/home/hpy/pioneer/hero/all/src/rm_vision_hero/install/rm_tools/lib:/home/hpy/pioneer/hero/all/src/rm_vision_hero/install/auto_aim_interfaces/lib:/home/hpy/pioneer/hero/all/src/rm_vision_hero/install/rm_planner/lib:/home/hpy/pioneer/hero/all/src/rm_vision_hero/install/armor_tracker/lib:/home/hpy/pioneer/hero/all/src/rm_vision_hero/install/armor_detector/lib:/home/hpy/pioneer/hero/all/src/rm_vision_hero/install/rm_serial_driver/lib:/home/hpy/pioneer/hero/all/src/rm_vision_hero/install/hik_camera/lib:/home/hpy/pioneer/hero/all/src/rm_vision_hero/install/detector/lib:/home/hpy/pioneer/hero/all/src/rm_vision_hero/install/building_transform_interface/lib:/opt/ros/humble/opt/rviz_ogre_vendor/lib:/opt/ros/humble/lib/x86_64-linux-gnu:/opt/ros/humble/lib:/opt/MVS/lib/64:/opt/MVS/lib/32:/opt/MVS/lib/64:/opt/MVS/lib/32 /usr/bin/cmake --install /home/hpy/pioneer/hero/all/src/rm_vision_hero/build/armor_tracker
[20.127s] -- Install configuration: ""
[20.128s] -- Execute custom install script
[20.129s] -- Symlinking: /home/hpy/pioneer/hero/all/src/rm_vision_hero/install/armor_tracker/lib/armor_tracker/armor_tracker_node
[20.139s] -- Symlinking: /home/hpy/pioneer/hero/all/src/rm_vision_hero/install/armor_tracker/include/armor_tracker/tracker.hpp
[20.150s] -- Symlinking: /home/hpy/pioneer/hero/all/src/rm_vision_hero/install/armor_tracker/include/armor_tracker/tracker_node.hpp
[20.161s] -- Symlinking: /home/hpy/pioneer/hero/all/src/rm_vision_hero/install/armor_tracker/share/armor_tracker/environment/library_path.sh
[20.170s] -- Symlinking: /home/hpy/pioneer/hero/all/src/rm_vision_hero/install/armor_tracker/share/armor_tracker/environment/library_path.dsv
[20.180s] -- Symlinking: /home/hpy/pioneer/hero/all/src/rm_vision_hero/install/armor_tracker/lib/libarmor_tracker.so
[20.191s] -- Symlinking: /home/hpy/pioneer/hero/all/src/rm_vision_hero/install/armor_tracker/share/ament_index/resource_index/package_run_dependencies/armor_tracker
[20.201s] -- Symlinking: /home/hpy/pioneer/hero/all/src/rm_vision_hero/install/armor_tracker/share/ament_index/resource_index/parent_prefix_path/armor_tracker
[20.211s] -- Symlinking: /home/hpy/pioneer/hero/all/src/rm_vision_hero/install/armor_tracker/share/armor_tracker/environment/ament_prefix_path.sh
[20.219s] -- Symlinking: /home/hpy/pioneer/hero/all/src/rm_vision_hero/install/armor_tracker/share/armor_tracker/environment/ament_prefix_path.dsv
[20.229s] -- Symlinking: /home/hpy/pioneer/hero/all/src/rm_vision_hero/install/armor_tracker/share/armor_tracker/environment/path.sh
[20.236s] -- Symlinking: /home/hpy/pioneer/hero/all/src/rm_vision_hero/install/armor_tracker/share/armor_tracker/environment/path.dsv
[20.247s] -- Symlinking: /home/hpy/pioneer/hero/all/src/rm_vision_hero/install/armor_tracker/share/armor_tracker/local_setup.bash
[20.258s] -- Symlinking: /home/hpy/pioneer/hero/all/src/rm_vision_hero/install/armor_tracker/share/armor_tracker/local_setup.sh
[20.271s] -- Symlinking: /home/hpy/pioneer/hero/all/src/rm_vision_hero/install/armor_tracker/share/armor_tracker/local_setup.zsh
[20.282s] -- Symlinking: /home/hpy/pioneer/hero/all/src/rm_vision_hero/install/armor_tracker/share/armor_tracker/local_setup.dsv
[20.295s] -- Symlinking: /home/hpy/pioneer/hero/all/src/rm_vision_hero/install/armor_tracker/share/armor_tracker/package.dsv
[20.304s] -- Symlinking: /home/hpy/pioneer/hero/all/src/rm_vision_hero/install/armor_tracker/share/ament_index/resource_index/packages/armor_tracker
[20.313s] -- Symlinking: /home/hpy/pioneer/hero/all/src/rm_vision_hero/install/armor_tracker/share/ament_index/resource_index/rclcpp_components/armor_tracker
[20.321s] -- Symlinking: /home/hpy/pioneer/hero/all/src/rm_vision_hero/install/armor_tracker/share/armor_tracker/cmake/ament_cmake_export_dependencies-extras.cmake
[20.330s] -- Symlinking: /home/hpy/pioneer/hero/all/src/rm_vision_hero/install/armor_tracker/share/armor_tracker/cmake/ament_cmake_export_include_directories-extras.cmake
[20.340s] -- Symlinking: /home/hpy/pioneer/hero/all/src/rm_vision_hero/install/armor_tracker/share/armor_tracker/cmake/ament_cmake_export_libraries-extras.cmake
[20.351s] -- Symlinking: /home/hpy/pioneer/hero/all/src/rm_vision_hero/install/armor_tracker/share/armor_tracker/cmake/armor_trackerConfig.cmake
[20.360s] -- Symlinking: /home/hpy/pioneer/hero/all/src/rm_vision_hero/install/armor_tracker/share/armor_tracker/cmake/armor_trackerConfig-version.cmake
[20.370s] -- Symlinking: /home/hpy/pioneer/hero/all/src/rm_vision_hero/install/armor_tracker/share/armor_tracker/package.xml
[20.380s] Invoked command in '/home/hpy/pioneer/hero/all/src/rm_vision_hero/build/armor_tracker' returned '0': CMAKE_PREFIX_PATH=/home/hpy/pioneer/hero/all/src/rm_vision_hero/install/rm_tools:/home/hpy/pioneer/hero/all/src/rm_vision_hero/install/auto_aim_interfaces:/home/hpy/pioneer/hero/all/src/rm_vision_hero/install/rm_vision_bringup:/home/hpy/pioneer/hero/all/src/rm_vision_hero/install/rm_planner:/home/hpy/pioneer/hero/all/src/rm_vision_hero/install/armor_tracker:/home/hpy/pioneer/hero/all/src/rm_vision_hero/install/armor_detector:/home/hpy/pioneer/hero/all/src/rm_vision_hero/install/rm_serial_driver:/home/hpy/pioneer/hero/all/src/rm_vision_hero/install/rm_gimbal_description:/home/hpy/pioneer/hero/all/src/rm_vision_hero/install/hik_camera:/home/hpy/pioneer/hero/all/src/rm_vision_hero/install/detector:/home/hpy/pioneer/hero/all/src/rm_vision_hero/install/building_transform_interface:/opt/ros/humble LD_LIBRARY_PATH=/home/hpy/pioneer/hero/all/src/rm_vision_hero/install/rm_tools/lib:/home/hpy/pioneer/hero/all/src/rm_vision_hero/install/auto_aim_interfaces/lib:/home/hpy/pioneer/hero/all/src/rm_vision_hero/install/rm_planner/lib:/home/hpy/pioneer/hero/all/src/rm_vision_hero/install/armor_tracker/lib:/home/hpy/pioneer/hero/all/src/rm_vision_hero/install/armor_detector/lib:/home/hpy/pioneer/hero/all/src/rm_vision_hero/install/rm_serial_driver/lib:/home/hpy/pioneer/hero/all/src/rm_vision_hero/install/hik_camera/lib:/home/hpy/pioneer/hero/all/src/rm_vision_hero/install/detector/lib:/home/hpy/pioneer/hero/all/src/rm_vision_hero/install/building_transform_interface/lib:/opt/ros/humble/opt/rviz_ogre_vendor/lib:/opt/ros/humble/lib/x86_64-linux-gnu:/opt/ros/humble/lib:/opt/MVS/lib/64:/opt/MVS/lib/32:/opt/MVS/lib/64:/opt/MVS/lib/32 /usr/bin/cmake --install /home/hpy/pioneer/hero/all/src/rm_vision_hero/build/armor_tracker
