[0.028s] Invoking command in '/home/hpy/pioneer/hero/all/src/rm_vision_hero/build/rm_gimbal_description': CMAKE_PREFIX_PATH=${CMAKE_PREFIX_PATH}:/opt/ros/humble /usr/bin/cmake /home/hpy/pioneer/hero/all/src/rm_vision_hero/src/rm_gimbal_description -DAMENT_CMAKE_SYMLINK_INSTALL=1 -DCMAKE_INSTALL_PREFIX=/home/hpy/pioneer/hero/all/src/rm_vision_hero/install/rm_gimbal_description
[0.078s] -- The C compiler identification is GNU 11.4.0
[0.133s] -- The CXX compiler identification is GNU 11.4.0
[0.140s] -- Detecting C compiler ABI info
[0.212s] -- Detecting C compiler ABI info - done
[0.222s] -- Check for working C compiler: /usr/bin/cc - skipped
[0.223s] -- Detecting C compile features
[0.223s] -- Detecting C compile features - done
[0.226s] -- Detecting CXX compiler ABI info
[0.294s] -- Detecting CXX compiler ABI info - done
[0.299s] -- Check for working CXX compiler: /usr/bin/c++ - skipped
[0.300s] -- Detecting CXX compile features
[0.300s] -- Detecting CXX compile features - done
[0.302s] -- Found ament_cmake: 1.3.12 (/opt/ros/humble/share/ament_cmake/cmake)
[0.436s] -- Found Python3: /usr/bin/python3 (found version "3.10.12") found components: Interpreter 
[0.488s] -- Override CMake install command with custom implementation using symlinks instead of copying resources
[0.508s] -- Found ament_lint_auto: 0.12.14 (/opt/ros/humble/share/ament_lint_auto/cmake)
[0.570s] -- Added test 'lint_cmake' to check CMake code style
[0.571s] -- Added test 'xmllint' to check XML markup files
[0.572s] -- Configuring done
[0.573s] -- Generating done
[0.574s] -- Build files have been written to: /home/hpy/pioneer/hero/all/src/rm_vision_hero/build/rm_gimbal_description
[0.578s] Invoked command in '/home/hpy/pioneer/hero/all/src/rm_vision_hero/build/rm_gimbal_description' returned '0': CMAKE_PREFIX_PATH=${CMAKE_PREFIX_PATH}:/opt/ros/humble /usr/bin/cmake /home/hpy/pioneer/hero/all/src/rm_vision_hero/src/rm_gimbal_description -DAMENT_CMAKE_SYMLINK_INSTALL=1 -DCMAKE_INSTALL_PREFIX=/home/hpy/pioneer/hero/all/src/rm_vision_hero/install/rm_gimbal_description
[0.580s] Invoking command in '/home/hpy/pioneer/hero/all/src/rm_vision_hero/build/rm_gimbal_description': CMAKE_PREFIX_PATH=${CMAKE_PREFIX_PATH}:/opt/ros/humble /usr/bin/cmake --build /home/hpy/pioneer/hero/all/src/rm_vision_hero/build/rm_gimbal_description -- -j16 -l16
[0.623s] Invoked command in '/home/hpy/pioneer/hero/all/src/rm_vision_hero/build/rm_gimbal_description' returned '0': CMAKE_PREFIX_PATH=${CMAKE_PREFIX_PATH}:/opt/ros/humble /usr/bin/cmake --build /home/hpy/pioneer/hero/all/src/rm_vision_hero/build/rm_gimbal_description -- -j16 -l16
[0.635s] Invoking command in '/home/hpy/pioneer/hero/all/src/rm_vision_hero/build/rm_gimbal_description': CMAKE_PREFIX_PATH=${CMAKE_PREFIX_PATH}:/opt/ros/humble /usr/bin/cmake --install /home/hpy/pioneer/hero/all/src/rm_vision_hero/build/rm_gimbal_description
[0.641s] -- Install configuration: ""
[0.642s] -- Execute custom install script
[0.642s] -- Symlinking: /home/hpy/pioneer/hero/all/src/rm_vision_hero/install/rm_gimbal_description/share/rm_gimbal_description/urdf/rm_gimbal.urdf.xacro
[0.649s] -- Symlinking: /home/hpy/pioneer/hero/all/src/rm_vision_hero/install/rm_gimbal_description/share/ament_index/resource_index/package_run_dependencies/rm_gimbal_description
[0.655s] -- Symlinking: /home/hpy/pioneer/hero/all/src/rm_vision_hero/install/rm_gimbal_description/share/ament_index/resource_index/parent_prefix_path/rm_gimbal_description
[0.661s] -- Symlinking: /home/hpy/pioneer/hero/all/src/rm_vision_hero/install/rm_gimbal_description/share/rm_gimbal_description/environment/ament_prefix_path.sh
[0.669s] -- Symlinking: /home/hpy/pioneer/hero/all/src/rm_vision_hero/install/rm_gimbal_description/share/rm_gimbal_description/environment/ament_prefix_path.dsv
[0.676s] -- Symlinking: /home/hpy/pioneer/hero/all/src/rm_vision_hero/install/rm_gimbal_description/share/rm_gimbal_description/environment/path.sh
[0.685s] -- Symlinking: /home/hpy/pioneer/hero/all/src/rm_vision_hero/install/rm_gimbal_description/share/rm_gimbal_description/environment/path.dsv
[0.695s] -- Symlinking: /home/hpy/pioneer/hero/all/src/rm_vision_hero/install/rm_gimbal_description/share/rm_gimbal_description/local_setup.bash
[0.705s] -- Symlinking: /home/hpy/pioneer/hero/all/src/rm_vision_hero/install/rm_gimbal_description/share/rm_gimbal_description/local_setup.sh
[0.713s] -- Symlinking: /home/hpy/pioneer/hero/all/src/rm_vision_hero/install/rm_gimbal_description/share/rm_gimbal_description/local_setup.zsh
[0.721s] -- Symlinking: /home/hpy/pioneer/hero/all/src/rm_vision_hero/install/rm_gimbal_description/share/rm_gimbal_description/local_setup.dsv
[0.730s] -- Symlinking: /home/hpy/pioneer/hero/all/src/rm_vision_hero/install/rm_gimbal_description/share/rm_gimbal_description/package.dsv
[0.740s] -- Symlinking: /home/hpy/pioneer/hero/all/src/rm_vision_hero/install/rm_gimbal_description/share/ament_index/resource_index/packages/rm_gimbal_description
[0.747s] -- Symlinking: /home/hpy/pioneer/hero/all/src/rm_vision_hero/install/rm_gimbal_description/share/rm_gimbal_description/cmake/rm_gimbal_descriptionConfig.cmake
[0.757s] -- Symlinking: /home/hpy/pioneer/hero/all/src/rm_vision_hero/install/rm_gimbal_description/share/rm_gimbal_description/cmake/rm_gimbal_descriptionConfig-version.cmake
[0.765s] -- Symlinking: /home/hpy/pioneer/hero/all/src/rm_vision_hero/install/rm_gimbal_description/share/rm_gimbal_description/package.xml
[0.774s] Invoked command in '/home/hpy/pioneer/hero/all/src/rm_vision_hero/build/rm_gimbal_description' returned '0': CMAKE_PREFIX_PATH=${CMAKE_PREFIX_PATH}:/opt/ros/humble /usr/bin/cmake --install /home/hpy/pioneer/hero/all/src/rm_vision_hero/build/rm_gimbal_description
