[0.063s] DEBUG:colcon:Command line arguments: ['/usr/bin/colcon', 'build', '--symlink-install']
[0.063s] DEBUG:colcon:Parsed command line arguments: Namespace(log_base=None, log_level=None, verb_name='build', build_base='build', install_base='install', merge_install=False, symlink_install=True, test_result_base=None, continue_on_error=False, executor='parallel', parallel_workers=16, event_handlers=None, ignore_user_meta=False, metas=['./colcon.meta'], base_paths=['.'], packages_ignore=None, packages_ignore_regex=None, paths=None, packages_up_to=None, packages_up_to_regex=None, packages_above=None, packages_above_and_dependencies=None, packages_above_depth=None, packages_select_by_dep=None, packages_skip_by_dep=None, packages_skip_up_to=None, packages_select_build_failed=False, packages_skip_build_finished=False, packages_select_test_failures=False, packages_skip_test_passed=False, packages_select=None, packages_skip=None, packages_select_regex=None, packages_skip_regex=None, packages_start=None, packages_end=None, allow_overriding=[], cmake_args=None, cmake_target=None, cmake_target_skip_unavailable=False, cmake_clean_cache=False, cmake_clean_first=False, cmake_force_configure=False, ament_cmake_args=None, catkin_cmake_args=None, catkin_skip_building_tests=False, verb_parser=<colcon_defaults.argument_parser.defaults.DefaultArgumentsDecorator object at 0x7b15ecc444c0>, verb_extension=<colcon_core.verb.build.BuildVerb object at 0x7b15ecc0ffa0>, main=<bound method BuildVerb.main of <colcon_core.verb.build.BuildVerb object at 0x7b15ecc0ffa0>>)
[0.148s] Level 1:colcon.colcon_core.package_discovery:discover_packages(colcon_meta) check parameters
[0.148s] Level 1:colcon.colcon_core.package_discovery:discover_packages(recursive) check parameters
[0.148s] Level 1:colcon.colcon_core.package_discovery:discover_packages(ignore) check parameters
[0.148s] Level 1:colcon.colcon_core.package_discovery:discover_packages(path) check parameters
[0.148s] Level 1:colcon.colcon_core.package_discovery:discover_packages(colcon_meta) discover
[0.148s] Level 1:colcon.colcon_core.package_discovery:discover_packages(recursive) discover
[0.148s] INFO:colcon.colcon_core.package_discovery:Crawling recursively for packages in '/home/hpy/pioneer/hero/all/src/rm_vision_hero'
[0.148s] Level 1:colcon.colcon_core.package_identification:_identify(.) by extensions ['ignore', 'ignore_ament_install']
[0.148s] Level 1:colcon.colcon_core.package_identification:_identify(.) by extension 'ignore'
[0.148s] Level 1:colcon.colcon_core.package_identification:_identify(.) by extension 'ignore_ament_install'
[0.148s] Level 1:colcon.colcon_core.package_identification:_identify(.) by extensions ['colcon_pkg']
[0.148s] Level 1:colcon.colcon_core.package_identification:_identify(.) by extension 'colcon_pkg'
[0.148s] Level 1:colcon.colcon_core.package_identification:_identify(.) by extensions ['colcon_meta']
[0.148s] Level 1:colcon.colcon_core.package_identification:_identify(.) by extension 'colcon_meta'
[0.148s] Level 1:colcon.colcon_core.package_identification:_identify(.) by extensions ['ros']
[0.148s] Level 1:colcon.colcon_core.package_identification:_identify(.) by extension 'ros'
[0.155s] Level 1:colcon.colcon_core.package_identification:_identify(.) by extensions ['cmake', 'python']
[0.155s] Level 1:colcon.colcon_core.package_identification:_identify(.) by extension 'cmake'
[0.155s] Level 1:colcon.colcon_core.package_identification:_identify(.) by extension 'python'
[0.155s] Level 1:colcon.colcon_core.package_identification:_identify(.) by extensions ['python_setup_py']
[0.155s] Level 1:colcon.colcon_core.package_identification:_identify(.) by extension 'python_setup_py'
[0.155s] Level 1:colcon.colcon_core.package_identification:_identify(build) by extensions ['ignore', 'ignore_ament_install']
[0.155s] Level 1:colcon.colcon_core.package_identification:_identify(build) by extension 'ignore'
[0.155s] Level 1:colcon.colcon_core.package_identification:_identify(build) ignored
[0.155s] Level 1:colcon.colcon_core.package_identification:_identify(install) by extensions ['ignore', 'ignore_ament_install']
[0.155s] Level 1:colcon.colcon_core.package_identification:_identify(install) by extension 'ignore'
[0.155s] Level 1:colcon.colcon_core.package_identification:_identify(install) ignored
[0.155s] Level 1:colcon.colcon_core.package_identification:_identify(log) by extensions ['ignore', 'ignore_ament_install']
[0.155s] Level 1:colcon.colcon_core.package_identification:_identify(log) by extension 'ignore'
[0.155s] Level 1:colcon.colcon_core.package_identification:_identify(log) ignored
[0.155s] Level 1:colcon.colcon_core.package_identification:_identify(src) by extensions ['ignore', 'ignore_ament_install']
[0.155s] Level 1:colcon.colcon_core.package_identification:_identify(src) by extension 'ignore'
[0.155s] Level 1:colcon.colcon_core.package_identification:_identify(src) by extension 'ignore_ament_install'
[0.155s] Level 1:colcon.colcon_core.package_identification:_identify(src) by extensions ['colcon_pkg']
[0.155s] Level 1:colcon.colcon_core.package_identification:_identify(src) by extension 'colcon_pkg'
[0.155s] Level 1:colcon.colcon_core.package_identification:_identify(src) by extensions ['colcon_meta']
[0.155s] Level 1:colcon.colcon_core.package_identification:_identify(src) by extension 'colcon_meta'
[0.155s] Level 1:colcon.colcon_core.package_identification:_identify(src) by extensions ['ros']
[0.155s] Level 1:colcon.colcon_core.package_identification:_identify(src) by extension 'ros'
[0.155s] Level 1:colcon.colcon_core.package_identification:_identify(src) by extensions ['cmake', 'python']
[0.155s] Level 1:colcon.colcon_core.package_identification:_identify(src) by extension 'cmake'
[0.155s] Level 1:colcon.colcon_core.package_identification:_identify(src) by extension 'python'
[0.155s] Level 1:colcon.colcon_core.package_identification:_identify(src) by extensions ['python_setup_py']
[0.155s] Level 1:colcon.colcon_core.package_identification:_identify(src) by extension 'python_setup_py'
[0.155s] Level 1:colcon.colcon_core.package_identification:_identify(src/auto_aim_interfaces) by extensions ['ignore', 'ignore_ament_install']
[0.155s] Level 1:colcon.colcon_core.package_identification:_identify(src/auto_aim_interfaces) by extension 'ignore'
[0.155s] Level 1:colcon.colcon_core.package_identification:_identify(src/auto_aim_interfaces) by extension 'ignore_ament_install'
[0.155s] Level 1:colcon.colcon_core.package_identification:_identify(src/auto_aim_interfaces) by extensions ['colcon_pkg']
[0.155s] Level 1:colcon.colcon_core.package_identification:_identify(src/auto_aim_interfaces) by extension 'colcon_pkg'
[0.155s] Level 1:colcon.colcon_core.package_identification:_identify(src/auto_aim_interfaces) by extensions ['colcon_meta']
[0.155s] Level 1:colcon.colcon_core.package_identification:_identify(src/auto_aim_interfaces) by extension 'colcon_meta'
[0.156s] Level 1:colcon.colcon_core.package_identification:_identify(src/auto_aim_interfaces) by extensions ['ros']
[0.156s] Level 1:colcon.colcon_core.package_identification:_identify(src/auto_aim_interfaces) by extension 'ros'
[0.157s] DEBUG:colcon.colcon_core.package_identification:Package 'src/auto_aim_interfaces' with type 'ros.ament_cmake' and name 'auto_aim_interfaces'
[0.157s] Level 1:colcon.colcon_core.package_identification:_identify(src/building_transform_interface) by extensions ['ignore', 'ignore_ament_install']
[0.157s] Level 1:colcon.colcon_core.package_identification:_identify(src/building_transform_interface) by extension 'ignore'
[0.158s] Level 1:colcon.colcon_core.package_identification:_identify(src/building_transform_interface) by extension 'ignore_ament_install'
[0.158s] Level 1:colcon.colcon_core.package_identification:_identify(src/building_transform_interface) by extensions ['colcon_pkg']
[0.158s] Level 1:colcon.colcon_core.package_identification:_identify(src/building_transform_interface) by extension 'colcon_pkg'
[0.158s] Level 1:colcon.colcon_core.package_identification:_identify(src/building_transform_interface) by extensions ['colcon_meta']
[0.158s] Level 1:colcon.colcon_core.package_identification:_identify(src/building_transform_interface) by extension 'colcon_meta'
[0.158s] Level 1:colcon.colcon_core.package_identification:_identify(src/building_transform_interface) by extensions ['ros']
[0.158s] Level 1:colcon.colcon_core.package_identification:_identify(src/building_transform_interface) by extension 'ros'
[0.158s] DEBUG:colcon.colcon_core.package_identification:Package 'src/building_transform_interface' with type 'ros.ament_cmake' and name 'building_transform_interface'
[0.158s] Level 1:colcon.colcon_core.package_identification:_identify(src/hik_camera) by extensions ['ignore', 'ignore_ament_install']
[0.158s] Level 1:colcon.colcon_core.package_identification:_identify(src/hik_camera) by extension 'ignore'
[0.158s] Level 1:colcon.colcon_core.package_identification:_identify(src/hik_camera) by extension 'ignore_ament_install'
[0.158s] Level 1:colcon.colcon_core.package_identification:_identify(src/hik_camera) by extensions ['colcon_pkg']
[0.158s] Level 1:colcon.colcon_core.package_identification:_identify(src/hik_camera) by extension 'colcon_pkg'
[0.158s] Level 1:colcon.colcon_core.package_identification:_identify(src/hik_camera) by extensions ['colcon_meta']
[0.158s] Level 1:colcon.colcon_core.package_identification:_identify(src/hik_camera) by extension 'colcon_meta'
[0.158s] Level 1:colcon.colcon_core.package_identification:_identify(src/hik_camera) by extensions ['ros']
[0.158s] Level 1:colcon.colcon_core.package_identification:_identify(src/hik_camera) by extension 'ros'
[0.159s] DEBUG:colcon.colcon_core.package_identification:Package 'src/hik_camera' with type 'ros.ament_cmake' and name 'hik_camera'
[0.159s] Level 1:colcon.colcon_core.package_identification:_identify(src/rm_auto_aim) by extensions ['ignore', 'ignore_ament_install']
[0.159s] Level 1:colcon.colcon_core.package_identification:_identify(src/rm_auto_aim) by extension 'ignore'
[0.159s] Level 1:colcon.colcon_core.package_identification:_identify(src/rm_auto_aim) by extension 'ignore_ament_install'
[0.159s] Level 1:colcon.colcon_core.package_identification:_identify(src/rm_auto_aim) by extensions ['colcon_pkg']
[0.159s] Level 1:colcon.colcon_core.package_identification:_identify(src/rm_auto_aim) by extension 'colcon_pkg'
[0.159s] Level 1:colcon.colcon_core.package_identification:_identify(src/rm_auto_aim) by extensions ['colcon_meta']
[0.159s] Level 1:colcon.colcon_core.package_identification:_identify(src/rm_auto_aim) by extension 'colcon_meta'
[0.159s] Level 1:colcon.colcon_core.package_identification:_identify(src/rm_auto_aim) by extensions ['ros']
[0.159s] Level 1:colcon.colcon_core.package_identification:_identify(src/rm_auto_aim) by extension 'ros'
[0.159s] Level 1:colcon.colcon_core.package_identification:_identify(src/rm_auto_aim) by extensions ['cmake', 'python']
[0.159s] Level 1:colcon.colcon_core.package_identification:_identify(src/rm_auto_aim) by extension 'cmake'
[0.159s] Level 1:colcon.colcon_core.package_identification:_identify(src/rm_auto_aim) by extension 'python'
[0.159s] Level 1:colcon.colcon_core.package_identification:_identify(src/rm_auto_aim) by extensions ['python_setup_py']
[0.159s] Level 1:colcon.colcon_core.package_identification:_identify(src/rm_auto_aim) by extension 'python_setup_py'
[0.159s] Level 1:colcon.colcon_core.package_identification:_identify(src/rm_auto_aim/armor_detector) by extensions ['ignore', 'ignore_ament_install']
[0.159s] Level 1:colcon.colcon_core.package_identification:_identify(src/rm_auto_aim/armor_detector) by extension 'ignore'
[0.159s] Level 1:colcon.colcon_core.package_identification:_identify(src/rm_auto_aim/armor_detector) by extension 'ignore_ament_install'
[0.159s] Level 1:colcon.colcon_core.package_identification:_identify(src/rm_auto_aim/armor_detector) by extensions ['colcon_pkg']
[0.159s] Level 1:colcon.colcon_core.package_identification:_identify(src/rm_auto_aim/armor_detector) by extension 'colcon_pkg'
[0.159s] Level 1:colcon.colcon_core.package_identification:_identify(src/rm_auto_aim/armor_detector) by extensions ['colcon_meta']
[0.160s] Level 1:colcon.colcon_core.package_identification:_identify(src/rm_auto_aim/armor_detector) by extension 'colcon_meta'
[0.160s] Level 1:colcon.colcon_core.package_identification:_identify(src/rm_auto_aim/armor_detector) by extensions ['ros']
[0.160s] Level 1:colcon.colcon_core.package_identification:_identify(src/rm_auto_aim/armor_detector) by extension 'ros'
[0.160s] DEBUG:colcon.colcon_core.package_identification:Package 'src/rm_auto_aim/armor_detector' with type 'ros.ament_cmake' and name 'armor_detector'
[0.160s] Level 1:colcon.colcon_core.package_identification:_identify(src/rm_auto_aim/armor_tracker) by extensions ['ignore', 'ignore_ament_install']
[0.160s] Level 1:colcon.colcon_core.package_identification:_identify(src/rm_auto_aim/armor_tracker) by extension 'ignore'
[0.161s] Level 1:colcon.colcon_core.package_identification:_identify(src/rm_auto_aim/armor_tracker) by extension 'ignore_ament_install'
[0.161s] Level 1:colcon.colcon_core.package_identification:_identify(src/rm_auto_aim/armor_tracker) by extensions ['colcon_pkg']
[0.161s] Level 1:colcon.colcon_core.package_identification:_identify(src/rm_auto_aim/armor_tracker) by extension 'colcon_pkg'
[0.161s] Level 1:colcon.colcon_core.package_identification:_identify(src/rm_auto_aim/armor_tracker) by extensions ['colcon_meta']
[0.161s] Level 1:colcon.colcon_core.package_identification:_identify(src/rm_auto_aim/armor_tracker) by extension 'colcon_meta'
[0.161s] Level 1:colcon.colcon_core.package_identification:_identify(src/rm_auto_aim/armor_tracker) by extensions ['ros']
[0.161s] Level 1:colcon.colcon_core.package_identification:_identify(src/rm_auto_aim/armor_tracker) by extension 'ros'
[0.161s] DEBUG:colcon.colcon_core.package_identification:Package 'src/rm_auto_aim/armor_tracker' with type 'ros.ament_cmake' and name 'armor_tracker'
[0.161s] Level 1:colcon.colcon_core.package_identification:_identify(src/rm_gimbal_description) by extensions ['ignore', 'ignore_ament_install']
[0.161s] Level 1:colcon.colcon_core.package_identification:_identify(src/rm_gimbal_description) by extension 'ignore'
[0.161s] Level 1:colcon.colcon_core.package_identification:_identify(src/rm_gimbal_description) by extension 'ignore_ament_install'
[0.161s] Level 1:colcon.colcon_core.package_identification:_identify(src/rm_gimbal_description) by extensions ['colcon_pkg']
[0.162s] Level 1:colcon.colcon_core.package_identification:_identify(src/rm_gimbal_description) by extension 'colcon_pkg'
[0.162s] Level 1:colcon.colcon_core.package_identification:_identify(src/rm_gimbal_description) by extensions ['colcon_meta']
[0.162s] Level 1:colcon.colcon_core.package_identification:_identify(src/rm_gimbal_description) by extension 'colcon_meta'
[0.162s] Level 1:colcon.colcon_core.package_identification:_identify(src/rm_gimbal_description) by extensions ['ros']
[0.162s] Level 1:colcon.colcon_core.package_identification:_identify(src/rm_gimbal_description) by extension 'ros'
[0.162s] DEBUG:colcon.colcon_core.package_identification:Package 'src/rm_gimbal_description' with type 'ros.ament_cmake' and name 'rm_gimbal_description'
[0.162s] Level 1:colcon.colcon_core.package_identification:_identify(src/rm_lob_det) by extensions ['ignore', 'ignore_ament_install']
[0.162s] Level 1:colcon.colcon_core.package_identification:_identify(src/rm_lob_det) by extension 'ignore'
[0.162s] Level 1:colcon.colcon_core.package_identification:_identify(src/rm_lob_det) by extension 'ignore_ament_install'
[0.162s] Level 1:colcon.colcon_core.package_identification:_identify(src/rm_lob_det) by extensions ['colcon_pkg']
[0.162s] Level 1:colcon.colcon_core.package_identification:_identify(src/rm_lob_det) by extension 'colcon_pkg'
[0.162s] Level 1:colcon.colcon_core.package_identification:_identify(src/rm_lob_det) by extensions ['colcon_meta']
[0.162s] Level 1:colcon.colcon_core.package_identification:_identify(src/rm_lob_det) by extension 'colcon_meta'
[0.162s] Level 1:colcon.colcon_core.package_identification:_identify(src/rm_lob_det) by extensions ['ros']
[0.162s] Level 1:colcon.colcon_core.package_identification:_identify(src/rm_lob_det) by extension 'ros'
[0.163s] DEBUG:colcon.colcon_core.package_identification:Package 'src/rm_lob_det' with type 'ros.ament_cmake' and name 'detector'
[0.163s] Level 1:colcon.colcon_core.package_identification:_identify(src/rm_planner) by extensions ['ignore', 'ignore_ament_install']
[0.163s] Level 1:colcon.colcon_core.package_identification:_identify(src/rm_planner) by extension 'ignore'
[0.163s] Level 1:colcon.colcon_core.package_identification:_identify(src/rm_planner) by extension 'ignore_ament_install'
[0.163s] Level 1:colcon.colcon_core.package_identification:_identify(src/rm_planner) by extensions ['colcon_pkg']
[0.163s] Level 1:colcon.colcon_core.package_identification:_identify(src/rm_planner) by extension 'colcon_pkg'
[0.163s] Level 1:colcon.colcon_core.package_identification:_identify(src/rm_planner) by extensions ['colcon_meta']
[0.163s] Level 1:colcon.colcon_core.package_identification:_identify(src/rm_planner) by extension 'colcon_meta'
[0.163s] Level 1:colcon.colcon_core.package_identification:_identify(src/rm_planner) by extensions ['ros']
[0.163s] Level 1:colcon.colcon_core.package_identification:_identify(src/rm_planner) by extension 'ros'
[0.164s] DEBUG:colcon.colcon_core.package_identification:Package 'src/rm_planner' with type 'ros.ament_cmake' and name 'rm_planner'
[0.164s] Level 1:colcon.colcon_core.package_identification:_identify(src/rm_serial_driver) by extensions ['ignore', 'ignore_ament_install']
[0.164s] Level 1:colcon.colcon_core.package_identification:_identify(src/rm_serial_driver) by extension 'ignore'
[0.164s] Level 1:colcon.colcon_core.package_identification:_identify(src/rm_serial_driver) by extension 'ignore_ament_install'
[0.164s] Level 1:colcon.colcon_core.package_identification:_identify(src/rm_serial_driver) by extensions ['colcon_pkg']
[0.164s] Level 1:colcon.colcon_core.package_identification:_identify(src/rm_serial_driver) by extension 'colcon_pkg'
[0.164s] Level 1:colcon.colcon_core.package_identification:_identify(src/rm_serial_driver) by extensions ['colcon_meta']
[0.164s] Level 1:colcon.colcon_core.package_identification:_identify(src/rm_serial_driver) by extension 'colcon_meta'
[0.164s] Level 1:colcon.colcon_core.package_identification:_identify(src/rm_serial_driver) by extensions ['ros']
[0.164s] Level 1:colcon.colcon_core.package_identification:_identify(src/rm_serial_driver) by extension 'ros'
[0.165s] DEBUG:colcon.colcon_core.package_identification:Package 'src/rm_serial_driver' with type 'ros.ament_cmake' and name 'rm_serial_driver'
[0.165s] Level 1:colcon.colcon_core.package_identification:_identify(src/rm_tools) by extensions ['ignore', 'ignore_ament_install']
[0.165s] Level 1:colcon.colcon_core.package_identification:_identify(src/rm_tools) by extension 'ignore'
[0.165s] Level 1:colcon.colcon_core.package_identification:_identify(src/rm_tools) by extension 'ignore_ament_install'
[0.165s] Level 1:colcon.colcon_core.package_identification:_identify(src/rm_tools) by extensions ['colcon_pkg']
[0.165s] Level 1:colcon.colcon_core.package_identification:_identify(src/rm_tools) by extension 'colcon_pkg'
[0.165s] Level 1:colcon.colcon_core.package_identification:_identify(src/rm_tools) by extensions ['colcon_meta']
[0.165s] Level 1:colcon.colcon_core.package_identification:_identify(src/rm_tools) by extension 'colcon_meta'
[0.165s] Level 1:colcon.colcon_core.package_identification:_identify(src/rm_tools) by extensions ['ros']
[0.165s] Level 1:colcon.colcon_core.package_identification:_identify(src/rm_tools) by extension 'ros'
[0.165s] DEBUG:colcon.colcon_core.package_identification:Package 'src/rm_tools' with type 'ros.ament_cmake' and name 'rm_tools'
[0.166s] Level 1:colcon.colcon_core.package_identification:_identify(src/rm_vision) by extensions ['ignore', 'ignore_ament_install']
[0.166s] Level 1:colcon.colcon_core.package_identification:_identify(src/rm_vision) by extension 'ignore'
[0.166s] Level 1:colcon.colcon_core.package_identification:_identify(src/rm_vision) by extension 'ignore_ament_install'
[0.166s] Level 1:colcon.colcon_core.package_identification:_identify(src/rm_vision) by extensions ['colcon_pkg']
[0.166s] Level 1:colcon.colcon_core.package_identification:_identify(src/rm_vision) by extension 'colcon_pkg'
[0.166s] Level 1:colcon.colcon_core.package_identification:_identify(src/rm_vision) by extensions ['colcon_meta']
[0.166s] Level 1:colcon.colcon_core.package_identification:_identify(src/rm_vision) by extension 'colcon_meta'
[0.166s] Level 1:colcon.colcon_core.package_identification:_identify(src/rm_vision) by extensions ['ros']
[0.166s] Level 1:colcon.colcon_core.package_identification:_identify(src/rm_vision) by extension 'ros'
[0.166s] Level 1:colcon.colcon_core.package_identification:_identify(src/rm_vision) by extensions ['cmake', 'python']
[0.166s] Level 1:colcon.colcon_core.package_identification:_identify(src/rm_vision) by extension 'cmake'
[0.166s] Level 1:colcon.colcon_core.package_identification:_identify(src/rm_vision) by extension 'python'
[0.166s] Level 1:colcon.colcon_core.package_identification:_identify(src/rm_vision) by extensions ['python_setup_py']
[0.166s] Level 1:colcon.colcon_core.package_identification:_identify(src/rm_vision) by extension 'python_setup_py'
[0.166s] Level 1:colcon.colcon_core.package_identification:_identify(src/rm_vision/docs) by extensions ['ignore', 'ignore_ament_install']
[0.166s] Level 1:colcon.colcon_core.package_identification:_identify(src/rm_vision/docs) by extension 'ignore'
[0.166s] Level 1:colcon.colcon_core.package_identification:_identify(src/rm_vision/docs) by extension 'ignore_ament_install'
[0.166s] Level 1:colcon.colcon_core.package_identification:_identify(src/rm_vision/docs) by extensions ['colcon_pkg']
[0.166s] Level 1:colcon.colcon_core.package_identification:_identify(src/rm_vision/docs) by extension 'colcon_pkg'
[0.166s] Level 1:colcon.colcon_core.package_identification:_identify(src/rm_vision/docs) by extensions ['colcon_meta']
[0.166s] Level 1:colcon.colcon_core.package_identification:_identify(src/rm_vision/docs) by extension 'colcon_meta'
[0.166s] Level 1:colcon.colcon_core.package_identification:_identify(src/rm_vision/docs) by extensions ['ros']
[0.166s] Level 1:colcon.colcon_core.package_identification:_identify(src/rm_vision/docs) by extension 'ros'
[0.166s] Level 1:colcon.colcon_core.package_identification:_identify(src/rm_vision/docs) by extensions ['cmake', 'python']
[0.166s] Level 1:colcon.colcon_core.package_identification:_identify(src/rm_vision/docs) by extension 'cmake'
[0.166s] Level 1:colcon.colcon_core.package_identification:_identify(src/rm_vision/docs) by extension 'python'
[0.166s] Level 1:colcon.colcon_core.package_identification:_identify(src/rm_vision/docs) by extensions ['python_setup_py']
[0.166s] Level 1:colcon.colcon_core.package_identification:_identify(src/rm_vision/docs) by extension 'python_setup_py'
[0.166s] Level 1:colcon.colcon_core.package_identification:_identify(src/rm_vision/rm_vision_bringup) by extensions ['ignore', 'ignore_ament_install']
[0.166s] Level 1:colcon.colcon_core.package_identification:_identify(src/rm_vision/rm_vision_bringup) by extension 'ignore'
[0.166s] Level 1:colcon.colcon_core.package_identification:_identify(src/rm_vision/rm_vision_bringup) by extension 'ignore_ament_install'
[0.166s] Level 1:colcon.colcon_core.package_identification:_identify(src/rm_vision/rm_vision_bringup) by extensions ['colcon_pkg']
[0.166s] Level 1:colcon.colcon_core.package_identification:_identify(src/rm_vision/rm_vision_bringup) by extension 'colcon_pkg'
[0.166s] Level 1:colcon.colcon_core.package_identification:_identify(src/rm_vision/rm_vision_bringup) by extensions ['colcon_meta']
[0.166s] Level 1:colcon.colcon_core.package_identification:_identify(src/rm_vision/rm_vision_bringup) by extension 'colcon_meta'
[0.166s] Level 1:colcon.colcon_core.package_identification:_identify(src/rm_vision/rm_vision_bringup) by extensions ['ros']
[0.166s] Level 1:colcon.colcon_core.package_identification:_identify(src/rm_vision/rm_vision_bringup) by extension 'ros'
[0.167s] DEBUG:colcon.colcon_core.package_identification:Package 'src/rm_vision/rm_vision_bringup' with type 'ros.ament_cmake' and name 'rm_vision_bringup'
[0.167s] Level 1:colcon.colcon_core.package_discovery:discover_packages(recursive) using defaults
[0.167s] Level 1:colcon.colcon_core.package_discovery:discover_packages(ignore) discover
[0.167s] Level 1:colcon.colcon_core.package_discovery:discover_packages(ignore) using defaults
[0.167s] Level 1:colcon.colcon_core.package_discovery:discover_packages(path) discover
[0.167s] Level 1:colcon.colcon_core.package_discovery:discover_packages(path) using defaults
[0.187s] Level 1:colcon.colcon_core.package_discovery:discover_packages(prefix_path) check parameters
[0.187s] Level 1:colcon.colcon_core.package_discovery:discover_packages(prefix_path) discover
[0.188s] WARNING:colcon.colcon_ros.prefix_path.ament:The path '/home/hpy/pioneer/hero/all/src/rm_vision_hero/install/rm_vision_bringup' in the environment variable AMENT_PREFIX_PATH doesn't exist
[0.188s] WARNING:colcon.colcon_ros.prefix_path.ament:The path '/home/hpy/pioneer/hero/all/src/rm_vision_hero/install/rm_planner' in the environment variable AMENT_PREFIX_PATH doesn't exist
[0.188s] WARNING:colcon.colcon_ros.prefix_path.ament:The path '/home/hpy/pioneer/hero/all/src/rm_vision_hero/install/armor_tracker' in the environment variable AMENT_PREFIX_PATH doesn't exist
[0.188s] WARNING:colcon.colcon_ros.prefix_path.ament:The path '/home/hpy/pioneer/hero/all/src/rm_vision_hero/install/armor_detector' in the environment variable AMENT_PREFIX_PATH doesn't exist
[0.188s] WARNING:colcon.colcon_ros.prefix_path.ament:The path '/home/hpy/pioneer/hero/all/src/rm_vision_hero/install/rm_tools' in the environment variable AMENT_PREFIX_PATH doesn't exist
[0.188s] WARNING:colcon.colcon_ros.prefix_path.ament:The path '/home/hpy/pioneer/hero/all/src/rm_vision_hero/install/rm_serial_driver' in the environment variable AMENT_PREFIX_PATH doesn't exist
[0.188s] WARNING:colcon.colcon_ros.prefix_path.ament:The path '/home/hpy/pioneer/hero/all/src/rm_vision_hero/install/rm_gimbal_description' in the environment variable AMENT_PREFIX_PATH doesn't exist
[0.188s] WARNING:colcon.colcon_ros.prefix_path.ament:The path '/home/hpy/pioneer/hero/all/src/rm_vision_hero/install/hik_camera' in the environment variable AMENT_PREFIX_PATH doesn't exist
[0.188s] WARNING:colcon.colcon_ros.prefix_path.ament:The path '/home/hpy/pioneer/hero/all/src/rm_vision_hero/install/detector' in the environment variable AMENT_PREFIX_PATH doesn't exist
[0.188s] WARNING:colcon.colcon_ros.prefix_path.ament:The path '/home/hpy/pioneer/hero/all/src/rm_vision_hero/install/building_transform_interface' in the environment variable AMENT_PREFIX_PATH doesn't exist
[0.188s] WARNING:colcon.colcon_ros.prefix_path.ament:The path '/home/hpy/pioneer/hero/all/src/rm_vision_hero/install/auto_aim_interfaces' in the environment variable AMENT_PREFIX_PATH doesn't exist
[0.188s] WARNING:colcon.colcon_ros.prefix_path.catkin:The path '/home/hpy/pioneer/hero/all/src/rm_vision_hero/install/rm_vision_bringup' in the environment variable CMAKE_PREFIX_PATH doesn't exist
[0.188s] WARNING:colcon.colcon_ros.prefix_path.catkin:The path '/home/hpy/pioneer/hero/all/src/rm_vision_hero/install/rm_planner' in the environment variable CMAKE_PREFIX_PATH doesn't exist
[0.188s] WARNING:colcon.colcon_ros.prefix_path.catkin:The path '/home/hpy/pioneer/hero/all/src/rm_vision_hero/install/armor_tracker' in the environment variable CMAKE_PREFIX_PATH doesn't exist
[0.188s] WARNING:colcon.colcon_ros.prefix_path.catkin:The path '/home/hpy/pioneer/hero/all/src/rm_vision_hero/install/armor_detector' in the environment variable CMAKE_PREFIX_PATH doesn't exist
[0.188s] WARNING:colcon.colcon_ros.prefix_path.catkin:The path '/home/hpy/pioneer/hero/all/src/rm_vision_hero/install/rm_tools' in the environment variable CMAKE_PREFIX_PATH doesn't exist
[0.188s] WARNING:colcon.colcon_ros.prefix_path.catkin:The path '/home/hpy/pioneer/hero/all/src/rm_vision_hero/install/rm_serial_driver' in the environment variable CMAKE_PREFIX_PATH doesn't exist
[0.188s] WARNING:colcon.colcon_ros.prefix_path.catkin:The path '/home/hpy/pioneer/hero/all/src/rm_vision_hero/install/rm_gimbal_description' in the environment variable CMAKE_PREFIX_PATH doesn't exist
[0.188s] WARNING:colcon.colcon_ros.prefix_path.catkin:The path '/home/hpy/pioneer/hero/all/src/rm_vision_hero/install/hik_camera' in the environment variable CMAKE_PREFIX_PATH doesn't exist
[0.188s] WARNING:colcon.colcon_ros.prefix_path.catkin:The path '/home/hpy/pioneer/hero/all/src/rm_vision_hero/install/detector' in the environment variable CMAKE_PREFIX_PATH doesn't exist
[0.188s] WARNING:colcon.colcon_ros.prefix_path.catkin:The path '/home/hpy/pioneer/hero/all/src/rm_vision_hero/install/building_transform_interface' in the environment variable CMAKE_PREFIX_PATH doesn't exist
[0.188s] WARNING:colcon.colcon_ros.prefix_path.catkin:The path '/home/hpy/pioneer/hero/all/src/rm_vision_hero/install/auto_aim_interfaces' in the environment variable CMAKE_PREFIX_PATH doesn't exist
[0.188s] DEBUG:colcon.colcon_installed_package_information.package_discovery:Found 0 installed packages in /home/hpy/pioneer/hero/all/src/rm_vision_hero/install
[0.189s] DEBUG:colcon.colcon_installed_package_information.package_discovery:Found 291 installed packages in /opt/ros/humble
[0.190s] Level 1:colcon.colcon_core.package_discovery:discover_packages(prefix_path) using defaults
[0.210s] Level 5:colcon.colcon_core.verb:set package 'auto_aim_interfaces' build argument 'cmake_args' from command line to 'None'
[0.210s] Level 5:colcon.colcon_core.verb:set package 'auto_aim_interfaces' build argument 'cmake_target' from command line to 'None'
[0.210s] Level 5:colcon.colcon_core.verb:set package 'auto_aim_interfaces' build argument 'cmake_target_skip_unavailable' from command line to 'False'
[0.210s] Level 5:colcon.colcon_core.verb:set package 'auto_aim_interfaces' build argument 'cmake_clean_cache' from command line to 'False'
[0.210s] Level 5:colcon.colcon_core.verb:set package 'auto_aim_interfaces' build argument 'cmake_clean_first' from command line to 'False'
[0.210s] Level 5:colcon.colcon_core.verb:set package 'auto_aim_interfaces' build argument 'cmake_force_configure' from command line to 'False'
[0.210s] Level 5:colcon.colcon_core.verb:set package 'auto_aim_interfaces' build argument 'ament_cmake_args' from command line to 'None'
[0.210s] Level 5:colcon.colcon_core.verb:set package 'auto_aim_interfaces' build argument 'catkin_cmake_args' from command line to 'None'
[0.210s] Level 5:colcon.colcon_core.verb:set package 'auto_aim_interfaces' build argument 'catkin_skip_building_tests' from command line to 'False'
[0.210s] DEBUG:colcon.colcon_core.verb:Building package 'auto_aim_interfaces' with the following arguments: {'ament_cmake_args': None, 'build_base': '/home/hpy/pioneer/hero/all/src/rm_vision_hero/build/auto_aim_interfaces', 'catkin_cmake_args': None, 'catkin_skip_building_tests': False, 'cmake_args': None, 'cmake_clean_cache': False, 'cmake_clean_first': False, 'cmake_force_configure': False, 'cmake_target': None, 'cmake_target_skip_unavailable': False, 'install_base': '/home/hpy/pioneer/hero/all/src/rm_vision_hero/install/auto_aim_interfaces', 'merge_install': False, 'path': '/home/hpy/pioneer/hero/all/src/rm_vision_hero/src/auto_aim_interfaces', 'symlink_install': True, 'test_result_base': None}
[0.211s] Level 5:colcon.colcon_core.verb:set package 'building_transform_interface' build argument 'cmake_args' from command line to 'None'
[0.211s] Level 5:colcon.colcon_core.verb:set package 'building_transform_interface' build argument 'cmake_target' from command line to 'None'
[0.211s] Level 5:colcon.colcon_core.verb:set package 'building_transform_interface' build argument 'cmake_target_skip_unavailable' from command line to 'False'
[0.211s] Level 5:colcon.colcon_core.verb:set package 'building_transform_interface' build argument 'cmake_clean_cache' from command line to 'False'
[0.211s] Level 5:colcon.colcon_core.verb:set package 'building_transform_interface' build argument 'cmake_clean_first' from command line to 'False'
[0.211s] Level 5:colcon.colcon_core.verb:set package 'building_transform_interface' build argument 'cmake_force_configure' from command line to 'False'
[0.211s] Level 5:colcon.colcon_core.verb:set package 'building_transform_interface' build argument 'ament_cmake_args' from command line to 'None'
[0.211s] Level 5:colcon.colcon_core.verb:set package 'building_transform_interface' build argument 'catkin_cmake_args' from command line to 'None'
[0.211s] Level 5:colcon.colcon_core.verb:set package 'building_transform_interface' build argument 'catkin_skip_building_tests' from command line to 'False'
[0.211s] DEBUG:colcon.colcon_core.verb:Building package 'building_transform_interface' with the following arguments: {'ament_cmake_args': None, 'build_base': '/home/hpy/pioneer/hero/all/src/rm_vision_hero/build/building_transform_interface', 'catkin_cmake_args': None, 'catkin_skip_building_tests': False, 'cmake_args': None, 'cmake_clean_cache': False, 'cmake_clean_first': False, 'cmake_force_configure': False, 'cmake_target': None, 'cmake_target_skip_unavailable': False, 'install_base': '/home/hpy/pioneer/hero/all/src/rm_vision_hero/install/building_transform_interface', 'merge_install': False, 'path': '/home/hpy/pioneer/hero/all/src/rm_vision_hero/src/building_transform_interface', 'symlink_install': True, 'test_result_base': None}
[0.211s] Level 5:colcon.colcon_core.verb:set package 'detector' build argument 'cmake_args' from command line to 'None'
[0.211s] Level 5:colcon.colcon_core.verb:set package 'detector' build argument 'cmake_target' from command line to 'None'
[0.211s] Level 5:colcon.colcon_core.verb:set package 'detector' build argument 'cmake_target_skip_unavailable' from command line to 'False'
[0.211s] Level 5:colcon.colcon_core.verb:set package 'detector' build argument 'cmake_clean_cache' from command line to 'False'
[0.211s] Level 5:colcon.colcon_core.verb:set package 'detector' build argument 'cmake_clean_first' from command line to 'False'
[0.211s] Level 5:colcon.colcon_core.verb:set package 'detector' build argument 'cmake_force_configure' from command line to 'False'
[0.211s] Level 5:colcon.colcon_core.verb:set package 'detector' build argument 'ament_cmake_args' from command line to 'None'
[0.211s] Level 5:colcon.colcon_core.verb:set package 'detector' build argument 'catkin_cmake_args' from command line to 'None'
[0.211s] Level 5:colcon.colcon_core.verb:set package 'detector' build argument 'catkin_skip_building_tests' from command line to 'False'
[0.211s] DEBUG:colcon.colcon_core.verb:Building package 'detector' with the following arguments: {'ament_cmake_args': None, 'build_base': '/home/hpy/pioneer/hero/all/src/rm_vision_hero/build/detector', 'catkin_cmake_args': None, 'catkin_skip_building_tests': False, 'cmake_args': None, 'cmake_clean_cache': False, 'cmake_clean_first': False, 'cmake_force_configure': False, 'cmake_target': None, 'cmake_target_skip_unavailable': False, 'install_base': '/home/hpy/pioneer/hero/all/src/rm_vision_hero/install/detector', 'merge_install': False, 'path': '/home/hpy/pioneer/hero/all/src/rm_vision_hero/src/rm_lob_det', 'symlink_install': True, 'test_result_base': None}
[0.211s] Level 5:colcon.colcon_core.verb:set package 'hik_camera' build argument 'cmake_args' from command line to 'None'
[0.211s] Level 5:colcon.colcon_core.verb:set package 'hik_camera' build argument 'cmake_target' from command line to 'None'
[0.211s] Level 5:colcon.colcon_core.verb:set package 'hik_camera' build argument 'cmake_target_skip_unavailable' from command line to 'False'
[0.211s] Level 5:colcon.colcon_core.verb:set package 'hik_camera' build argument 'cmake_clean_cache' from command line to 'False'
[0.211s] Level 5:colcon.colcon_core.verb:set package 'hik_camera' build argument 'cmake_clean_first' from command line to 'False'
[0.211s] Level 5:colcon.colcon_core.verb:set package 'hik_camera' build argument 'cmake_force_configure' from command line to 'False'
[0.211s] Level 5:colcon.colcon_core.verb:set package 'hik_camera' build argument 'ament_cmake_args' from command line to 'None'
[0.211s] Level 5:colcon.colcon_core.verb:set package 'hik_camera' build argument 'catkin_cmake_args' from command line to 'None'
[0.211s] Level 5:colcon.colcon_core.verb:set package 'hik_camera' build argument 'catkin_skip_building_tests' from command line to 'False'
[0.211s] DEBUG:colcon.colcon_core.verb:Building package 'hik_camera' with the following arguments: {'ament_cmake_args': None, 'build_base': '/home/hpy/pioneer/hero/all/src/rm_vision_hero/build/hik_camera', 'catkin_cmake_args': None, 'catkin_skip_building_tests': False, 'cmake_args': None, 'cmake_clean_cache': False, 'cmake_clean_first': False, 'cmake_force_configure': False, 'cmake_target': None, 'cmake_target_skip_unavailable': False, 'install_base': '/home/hpy/pioneer/hero/all/src/rm_vision_hero/install/hik_camera', 'merge_install': False, 'path': '/home/hpy/pioneer/hero/all/src/rm_vision_hero/src/hik_camera', 'symlink_install': True, 'test_result_base': None}
[0.211s] Level 5:colcon.colcon_core.verb:set package 'rm_gimbal_description' build argument 'cmake_args' from command line to 'None'
[0.212s] Level 5:colcon.colcon_core.verb:set package 'rm_gimbal_description' build argument 'cmake_target' from command line to 'None'
[0.212s] Level 5:colcon.colcon_core.verb:set package 'rm_gimbal_description' build argument 'cmake_target_skip_unavailable' from command line to 'False'
[0.212s] Level 5:colcon.colcon_core.verb:set package 'rm_gimbal_description' build argument 'cmake_clean_cache' from command line to 'False'
[0.212s] Level 5:colcon.colcon_core.verb:set package 'rm_gimbal_description' build argument 'cmake_clean_first' from command line to 'False'
[0.212s] Level 5:colcon.colcon_core.verb:set package 'rm_gimbal_description' build argument 'cmake_force_configure' from command line to 'False'
[0.212s] Level 5:colcon.colcon_core.verb:set package 'rm_gimbal_description' build argument 'ament_cmake_args' from command line to 'None'
[0.212s] Level 5:colcon.colcon_core.verb:set package 'rm_gimbal_description' build argument 'catkin_cmake_args' from command line to 'None'
[0.212s] Level 5:colcon.colcon_core.verb:set package 'rm_gimbal_description' build argument 'catkin_skip_building_tests' from command line to 'False'
[0.212s] DEBUG:colcon.colcon_core.verb:Building package 'rm_gimbal_description' with the following arguments: {'ament_cmake_args': None, 'build_base': '/home/hpy/pioneer/hero/all/src/rm_vision_hero/build/rm_gimbal_description', 'catkin_cmake_args': None, 'catkin_skip_building_tests': False, 'cmake_args': None, 'cmake_clean_cache': False, 'cmake_clean_first': False, 'cmake_force_configure': False, 'cmake_target': None, 'cmake_target_skip_unavailable': False, 'install_base': '/home/hpy/pioneer/hero/all/src/rm_vision_hero/install/rm_gimbal_description', 'merge_install': False, 'path': '/home/hpy/pioneer/hero/all/src/rm_vision_hero/src/rm_gimbal_description', 'symlink_install': True, 'test_result_base': None}
[0.212s] Level 5:colcon.colcon_core.verb:set package 'rm_tools' build argument 'cmake_args' from command line to 'None'
[0.212s] Level 5:colcon.colcon_core.verb:set package 'rm_tools' build argument 'cmake_target' from command line to 'None'
[0.212s] Level 5:colcon.colcon_core.verb:set package 'rm_tools' build argument 'cmake_target_skip_unavailable' from command line to 'False'
[0.212s] Level 5:colcon.colcon_core.verb:set package 'rm_tools' build argument 'cmake_clean_cache' from command line to 'False'
[0.212s] Level 5:colcon.colcon_core.verb:set package 'rm_tools' build argument 'cmake_clean_first' from command line to 'False'
[0.212s] Level 5:colcon.colcon_core.verb:set package 'rm_tools' build argument 'cmake_force_configure' from command line to 'False'
[0.212s] Level 5:colcon.colcon_core.verb:set package 'rm_tools' build argument 'ament_cmake_args' from command line to 'None'
[0.212s] Level 5:colcon.colcon_core.verb:set package 'rm_tools' build argument 'catkin_cmake_args' from command line to 'None'
[0.212s] Level 5:colcon.colcon_core.verb:set package 'rm_tools' build argument 'catkin_skip_building_tests' from command line to 'False'
[0.212s] DEBUG:colcon.colcon_core.verb:Building package 'rm_tools' with the following arguments: {'ament_cmake_args': None, 'build_base': '/home/hpy/pioneer/hero/all/src/rm_vision_hero/build/rm_tools', 'catkin_cmake_args': None, 'catkin_skip_building_tests': False, 'cmake_args': None, 'cmake_clean_cache': False, 'cmake_clean_first': False, 'cmake_force_configure': False, 'cmake_target': None, 'cmake_target_skip_unavailable': False, 'install_base': '/home/hpy/pioneer/hero/all/src/rm_vision_hero/install/rm_tools', 'merge_install': False, 'path': '/home/hpy/pioneer/hero/all/src/rm_vision_hero/src/rm_tools', 'symlink_install': True, 'test_result_base': None}
[0.212s] Level 5:colcon.colcon_core.verb:set package 'armor_detector' build argument 'cmake_args' from command line to 'None'
[0.212s] Level 5:colcon.colcon_core.verb:set package 'armor_detector' build argument 'cmake_target' from command line to 'None'
[0.212s] Level 5:colcon.colcon_core.verb:set package 'armor_detector' build argument 'cmake_target_skip_unavailable' from command line to 'False'
[0.212s] Level 5:colcon.colcon_core.verb:set package 'armor_detector' build argument 'cmake_clean_cache' from command line to 'False'
[0.212s] Level 5:colcon.colcon_core.verb:set package 'armor_detector' build argument 'cmake_clean_first' from command line to 'False'
[0.212s] Level 5:colcon.colcon_core.verb:set package 'armor_detector' build argument 'cmake_force_configure' from command line to 'False'
[0.212s] Level 5:colcon.colcon_core.verb:set package 'armor_detector' build argument 'ament_cmake_args' from command line to 'None'
[0.212s] Level 5:colcon.colcon_core.verb:set package 'armor_detector' build argument 'catkin_cmake_args' from command line to 'None'
[0.212s] Level 5:colcon.colcon_core.verb:set package 'armor_detector' build argument 'catkin_skip_building_tests' from command line to 'False'
[0.212s] DEBUG:colcon.colcon_core.verb:Building package 'armor_detector' with the following arguments: {'ament_cmake_args': None, 'build_base': '/home/hpy/pioneer/hero/all/src/rm_vision_hero/build/armor_detector', 'catkin_cmake_args': None, 'catkin_skip_building_tests': False, 'cmake_args': None, 'cmake_clean_cache': False, 'cmake_clean_first': False, 'cmake_force_configure': False, 'cmake_target': None, 'cmake_target_skip_unavailable': False, 'install_base': '/home/hpy/pioneer/hero/all/src/rm_vision_hero/install/armor_detector', 'merge_install': False, 'path': '/home/hpy/pioneer/hero/all/src/rm_vision_hero/src/rm_auto_aim/armor_detector', 'symlink_install': True, 'test_result_base': None}
[0.212s] Level 5:colcon.colcon_core.verb:set package 'armor_tracker' build argument 'cmake_args' from command line to 'None'
[0.212s] Level 5:colcon.colcon_core.verb:set package 'armor_tracker' build argument 'cmake_target' from command line to 'None'
[0.212s] Level 5:colcon.colcon_core.verb:set package 'armor_tracker' build argument 'cmake_target_skip_unavailable' from command line to 'False'
[0.212s] Level 5:colcon.colcon_core.verb:set package 'armor_tracker' build argument 'cmake_clean_cache' from command line to 'False'
[0.212s] Level 5:colcon.colcon_core.verb:set package 'armor_tracker' build argument 'cmake_clean_first' from command line to 'False'
[0.212s] Level 5:colcon.colcon_core.verb:set package 'armor_tracker' build argument 'cmake_force_configure' from command line to 'False'
[0.212s] Level 5:colcon.colcon_core.verb:set package 'armor_tracker' build argument 'ament_cmake_args' from command line to 'None'
[0.212s] Level 5:colcon.colcon_core.verb:set package 'armor_tracker' build argument 'catkin_cmake_args' from command line to 'None'
[0.212s] Level 5:colcon.colcon_core.verb:set package 'armor_tracker' build argument 'catkin_skip_building_tests' from command line to 'False'
[0.212s] DEBUG:colcon.colcon_core.verb:Building package 'armor_tracker' with the following arguments: {'ament_cmake_args': None, 'build_base': '/home/hpy/pioneer/hero/all/src/rm_vision_hero/build/armor_tracker', 'catkin_cmake_args': None, 'catkin_skip_building_tests': False, 'cmake_args': None, 'cmake_clean_cache': False, 'cmake_clean_first': False, 'cmake_force_configure': False, 'cmake_target': None, 'cmake_target_skip_unavailable': False, 'install_base': '/home/hpy/pioneer/hero/all/src/rm_vision_hero/install/armor_tracker', 'merge_install': False, 'path': '/home/hpy/pioneer/hero/all/src/rm_vision_hero/src/rm_auto_aim/armor_tracker', 'symlink_install': True, 'test_result_base': None}
[0.213s] Level 5:colcon.colcon_core.verb:set package 'rm_planner' build argument 'cmake_args' from command line to 'None'
[0.213s] Level 5:colcon.colcon_core.verb:set package 'rm_planner' build argument 'cmake_target' from command line to 'None'
[0.213s] Level 5:colcon.colcon_core.verb:set package 'rm_planner' build argument 'cmake_target_skip_unavailable' from command line to 'False'
[0.213s] Level 5:colcon.colcon_core.verb:set package 'rm_planner' build argument 'cmake_clean_cache' from command line to 'False'
[0.213s] Level 5:colcon.colcon_core.verb:set package 'rm_planner' build argument 'cmake_clean_first' from command line to 'False'
[0.213s] Level 5:colcon.colcon_core.verb:set package 'rm_planner' build argument 'cmake_force_configure' from command line to 'False'
[0.213s] Level 5:colcon.colcon_core.verb:set package 'rm_planner' build argument 'ament_cmake_args' from command line to 'None'
[0.213s] Level 5:colcon.colcon_core.verb:set package 'rm_planner' build argument 'catkin_cmake_args' from command line to 'None'
[0.213s] Level 5:colcon.colcon_core.verb:set package 'rm_planner' build argument 'catkin_skip_building_tests' from command line to 'False'
[0.213s] DEBUG:colcon.colcon_core.verb:Building package 'rm_planner' with the following arguments: {'ament_cmake_args': None, 'build_base': '/home/hpy/pioneer/hero/all/src/rm_vision_hero/build/rm_planner', 'catkin_cmake_args': None, 'catkin_skip_building_tests': False, 'cmake_args': None, 'cmake_clean_cache': False, 'cmake_clean_first': False, 'cmake_force_configure': False, 'cmake_target': None, 'cmake_target_skip_unavailable': False, 'install_base': '/home/hpy/pioneer/hero/all/src/rm_vision_hero/install/rm_planner', 'merge_install': False, 'path': '/home/hpy/pioneer/hero/all/src/rm_vision_hero/src/rm_planner', 'symlink_install': True, 'test_result_base': None}
[0.213s] Level 5:colcon.colcon_core.verb:set package 'rm_serial_driver' build argument 'cmake_args' from command line to 'None'
[0.213s] Level 5:colcon.colcon_core.verb:set package 'rm_serial_driver' build argument 'cmake_target' from command line to 'None'
[0.213s] Level 5:colcon.colcon_core.verb:set package 'rm_serial_driver' build argument 'cmake_target_skip_unavailable' from command line to 'False'
[0.213s] Level 5:colcon.colcon_core.verb:set package 'rm_serial_driver' build argument 'cmake_clean_cache' from command line to 'False'
[0.213s] Level 5:colcon.colcon_core.verb:set package 'rm_serial_driver' build argument 'cmake_clean_first' from command line to 'False'
[0.213s] Level 5:colcon.colcon_core.verb:set package 'rm_serial_driver' build argument 'cmake_force_configure' from command line to 'False'
[0.213s] Level 5:colcon.colcon_core.verb:set package 'rm_serial_driver' build argument 'ament_cmake_args' from command line to 'None'
[0.213s] Level 5:colcon.colcon_core.verb:set package 'rm_serial_driver' build argument 'catkin_cmake_args' from command line to 'None'
[0.213s] Level 5:colcon.colcon_core.verb:set package 'rm_serial_driver' build argument 'catkin_skip_building_tests' from command line to 'False'
[0.213s] DEBUG:colcon.colcon_core.verb:Building package 'rm_serial_driver' with the following arguments: {'ament_cmake_args': None, 'build_base': '/home/hpy/pioneer/hero/all/src/rm_vision_hero/build/rm_serial_driver', 'catkin_cmake_args': None, 'catkin_skip_building_tests': False, 'cmake_args': None, 'cmake_clean_cache': False, 'cmake_clean_first': False, 'cmake_force_configure': False, 'cmake_target': None, 'cmake_target_skip_unavailable': False, 'install_base': '/home/hpy/pioneer/hero/all/src/rm_vision_hero/install/rm_serial_driver', 'merge_install': False, 'path': '/home/hpy/pioneer/hero/all/src/rm_vision_hero/src/rm_serial_driver', 'symlink_install': True, 'test_result_base': None}
[0.213s] Level 5:colcon.colcon_core.verb:set package 'rm_vision_bringup' build argument 'cmake_args' from command line to 'None'
[0.213s] Level 5:colcon.colcon_core.verb:set package 'rm_vision_bringup' build argument 'cmake_target' from command line to 'None'
[0.213s] Level 5:colcon.colcon_core.verb:set package 'rm_vision_bringup' build argument 'cmake_target_skip_unavailable' from command line to 'False'
[0.213s] Level 5:colcon.colcon_core.verb:set package 'rm_vision_bringup' build argument 'cmake_clean_cache' from command line to 'False'
[0.213s] Level 5:colcon.colcon_core.verb:set package 'rm_vision_bringup' build argument 'cmake_clean_first' from command line to 'False'
[0.213s] Level 5:colcon.colcon_core.verb:set package 'rm_vision_bringup' build argument 'cmake_force_configure' from command line to 'False'
[0.213s] Level 5:colcon.colcon_core.verb:set package 'rm_vision_bringup' build argument 'ament_cmake_args' from command line to 'None'
[0.213s] Level 5:colcon.colcon_core.verb:set package 'rm_vision_bringup' build argument 'catkin_cmake_args' from command line to 'None'
[0.213s] Level 5:colcon.colcon_core.verb:set package 'rm_vision_bringup' build argument 'catkin_skip_building_tests' from command line to 'False'
[0.213s] DEBUG:colcon.colcon_core.verb:Building package 'rm_vision_bringup' with the following arguments: {'ament_cmake_args': None, 'build_base': '/home/hpy/pioneer/hero/all/src/rm_vision_hero/build/rm_vision_bringup', 'catkin_cmake_args': None, 'catkin_skip_building_tests': False, 'cmake_args': None, 'cmake_clean_cache': False, 'cmake_clean_first': False, 'cmake_force_configure': False, 'cmake_target': None, 'cmake_target_skip_unavailable': False, 'install_base': '/home/hpy/pioneer/hero/all/src/rm_vision_hero/install/rm_vision_bringup', 'merge_install': False, 'path': '/home/hpy/pioneer/hero/all/src/rm_vision_hero/src/rm_vision/rm_vision_bringup', 'symlink_install': True, 'test_result_base': None}
[0.213s] INFO:colcon.colcon_core.executor:Executing jobs using 'parallel' executor
[0.214s] DEBUG:colcon.colcon_parallel_executor.executor.parallel:run_until_complete
[0.215s] INFO:colcon.colcon_ros.task.ament_cmake.build:Building ROS package in '/home/hpy/pioneer/hero/all/src/rm_vision_hero/src/auto_aim_interfaces' with build type 'ament_cmake'
[0.215s] INFO:colcon.colcon_cmake.task.cmake.build:Building CMake package in '/home/hpy/pioneer/hero/all/src/rm_vision_hero/src/auto_aim_interfaces'
[0.216s] INFO:colcon.colcon_core.plugin_system:Skipping extension 'colcon_core.shell.bat': Not used on non-Windows systems
[0.216s] INFO:colcon.colcon_core.shell:Skip shell extension 'powershell' for command environment: Not usable outside of PowerShell
[0.216s] DEBUG:colcon.colcon_core.shell:Skip shell extension 'dsv' for command environment
[0.218s] INFO:colcon.colcon_ros.task.ament_cmake.build:Building ROS package in '/home/hpy/pioneer/hero/all/src/rm_vision_hero/src/rm_tools' with build type 'ament_cmake'
[0.218s] INFO:colcon.colcon_cmake.task.cmake.build:Building CMake package in '/home/hpy/pioneer/hero/all/src/rm_vision_hero/src/rm_tools'
[0.218s] INFO:colcon.colcon_core.shell:Skip shell extension 'powershell' for command environment: Not usable outside of PowerShell
[0.218s] DEBUG:colcon.colcon_core.shell:Skip shell extension 'dsv' for command environment
[0.219s] INFO:colcon.colcon_ros.task.ament_cmake.build:Building ROS package in '/home/hpy/pioneer/hero/all/src/rm_vision_hero/src/building_transform_interface' with build type 'ament_cmake'
[0.219s] INFO:colcon.colcon_cmake.task.cmake.build:Building CMake package in '/home/hpy/pioneer/hero/all/src/rm_vision_hero/src/building_transform_interface'
[0.219s] INFO:colcon.colcon_core.shell:Skip shell extension 'powershell' for command environment: Not usable outside of PowerShell
[0.220s] DEBUG:colcon.colcon_core.shell:Skip shell extension 'dsv' for command environment
[0.221s] INFO:colcon.colcon_ros.task.ament_cmake.build:Building ROS package in '/home/hpy/pioneer/hero/all/src/rm_vision_hero/src/rm_lob_det' with build type 'ament_cmake'
[0.221s] INFO:colcon.colcon_cmake.task.cmake.build:Building CMake package in '/home/hpy/pioneer/hero/all/src/rm_vision_hero/src/rm_lob_det'
[0.221s] INFO:colcon.colcon_core.shell:Skip shell extension 'powershell' for command environment: Not usable outside of PowerShell
[0.221s] DEBUG:colcon.colcon_core.shell:Skip shell extension 'dsv' for command environment
[0.223s] INFO:colcon.colcon_ros.task.ament_cmake.build:Building ROS package in '/home/hpy/pioneer/hero/all/src/rm_vision_hero/src/hik_camera' with build type 'ament_cmake'
[0.223s] INFO:colcon.colcon_cmake.task.cmake.build:Building CMake package in '/home/hpy/pioneer/hero/all/src/rm_vision_hero/src/hik_camera'
[0.223s] INFO:colcon.colcon_core.shell:Skip shell extension 'powershell' for command environment: Not usable outside of PowerShell
[0.223s] DEBUG:colcon.colcon_core.shell:Skip shell extension 'dsv' for command environment
[0.225s] INFO:colcon.colcon_ros.task.ament_cmake.build:Building ROS package in '/home/hpy/pioneer/hero/all/src/rm_vision_hero/src/rm_gimbal_description' with build type 'ament_cmake'
[0.226s] INFO:colcon.colcon_cmake.task.cmake.build:Building CMake package in '/home/hpy/pioneer/hero/all/src/rm_vision_hero/src/rm_gimbal_description'
[0.226s] INFO:colcon.colcon_core.shell:Skip shell extension 'powershell' for command environment: Not usable outside of PowerShell
[0.226s] DEBUG:colcon.colcon_core.shell:Skip shell extension 'dsv' for command environment
[0.236s] DEBUG:colcon.colcon_core.event_handler.log_command:Invoking command in '/home/hpy/pioneer/hero/all/src/rm_vision_hero/build/auto_aim_interfaces': CMAKE_PREFIX_PATH=${CMAKE_PREFIX_PATH}:/opt/ros/humble /usr/bin/cmake /home/hpy/pioneer/hero/all/src/rm_vision_hero/src/auto_aim_interfaces -DAMENT_CMAKE_SYMLINK_INSTALL=1 -DCMAKE_INSTALL_PREFIX=/home/hpy/pioneer/hero/all/src/rm_vision_hero/install/auto_aim_interfaces
[0.240s] DEBUG:colcon.colcon_core.event_handler.log_command:Invoking command in '/home/hpy/pioneer/hero/all/src/rm_vision_hero/build/rm_tools': CMAKE_PREFIX_PATH=${CMAKE_PREFIX_PATH}:/opt/ros/humble /usr/bin/cmake /home/hpy/pioneer/hero/all/src/rm_vision_hero/src/rm_tools -DAMENT_CMAKE_SYMLINK_INSTALL=1 -DCMAKE_INSTALL_PREFIX=/home/hpy/pioneer/hero/all/src/rm_vision_hero/install/rm_tools
[0.243s] DEBUG:colcon.colcon_core.event_handler.log_command:Invoking command in '/home/hpy/pioneer/hero/all/src/rm_vision_hero/build/building_transform_interface': CMAKE_PREFIX_PATH=${CMAKE_PREFIX_PATH}:/opt/ros/humble /usr/bin/cmake /home/hpy/pioneer/hero/all/src/rm_vision_hero/src/building_transform_interface -DAMENT_CMAKE_SYMLINK_INSTALL=1 -DCMAKE_INSTALL_PREFIX=/home/hpy/pioneer/hero/all/src/rm_vision_hero/install/building_transform_interface
[0.246s] DEBUG:colcon.colcon_core.event_handler.log_command:Invoking command in '/home/hpy/pioneer/hero/all/src/rm_vision_hero/build/detector': CMAKE_PREFIX_PATH=${CMAKE_PREFIX_PATH}:/opt/ros/humble /usr/bin/cmake /home/hpy/pioneer/hero/all/src/rm_vision_hero/src/rm_lob_det -DAMENT_CMAKE_SYMLINK_INSTALL=1 -DCMAKE_INSTALL_PREFIX=/home/hpy/pioneer/hero/all/src/rm_vision_hero/install/detector
[0.250s] DEBUG:colcon.colcon_core.event_handler.log_command:Invoking command in '/home/hpy/pioneer/hero/all/src/rm_vision_hero/build/hik_camera': CMAKE_PREFIX_PATH=${CMAKE_PREFIX_PATH}:/opt/ros/humble /usr/bin/cmake /home/hpy/pioneer/hero/all/src/rm_vision_hero/src/hik_camera -DAMENT_CMAKE_SYMLINK_INSTALL=1 -DCMAKE_INSTALL_PREFIX=/home/hpy/pioneer/hero/all/src/rm_vision_hero/install/hik_camera
[0.254s] DEBUG:colcon.colcon_core.event_handler.log_command:Invoking command in '/home/hpy/pioneer/hero/all/src/rm_vision_hero/build/rm_gimbal_description': CMAKE_PREFIX_PATH=${CMAKE_PREFIX_PATH}:/opt/ros/humble /usr/bin/cmake /home/hpy/pioneer/hero/all/src/rm_vision_hero/src/rm_gimbal_description -DAMENT_CMAKE_SYMLINK_INSTALL=1 -DCMAKE_INSTALL_PREFIX=/home/hpy/pioneer/hero/all/src/rm_vision_hero/install/rm_gimbal_description
[0.804s] DEBUG:colcon.colcon_core.event_handler.log_command:Invoked command in '/home/hpy/pioneer/hero/all/src/rm_vision_hero/build/rm_gimbal_description' returned '0': CMAKE_PREFIX_PATH=${CMAKE_PREFIX_PATH}:/opt/ros/humble /usr/bin/cmake /home/hpy/pioneer/hero/all/src/rm_vision_hero/src/rm_gimbal_description -DAMENT_CMAKE_SYMLINK_INSTALL=1 -DCMAKE_INSTALL_PREFIX=/home/hpy/pioneer/hero/all/src/rm_vision_hero/install/rm_gimbal_description
[0.806s] DEBUG:colcon.colcon_core.event_handler.log_command:Invoking command in '/home/hpy/pioneer/hero/all/src/rm_vision_hero/build/rm_gimbal_description': CMAKE_PREFIX_PATH=${CMAKE_PREFIX_PATH}:/opt/ros/humble /usr/bin/cmake --build /home/hpy/pioneer/hero/all/src/rm_vision_hero/build/rm_gimbal_description -- -j16 -l16
[0.849s] DEBUG:colcon.colcon_core.event_handler.log_command:Invoked command in '/home/hpy/pioneer/hero/all/src/rm_vision_hero/build/rm_gimbal_description' returned '0': CMAKE_PREFIX_PATH=${CMAKE_PREFIX_PATH}:/opt/ros/humble /usr/bin/cmake --build /home/hpy/pioneer/hero/all/src/rm_vision_hero/build/rm_gimbal_description -- -j16 -l16
[0.861s] DEBUG:colcon.colcon_core.event_handler.log_command:Invoking command in '/home/hpy/pioneer/hero/all/src/rm_vision_hero/build/rm_gimbal_description': CMAKE_PREFIX_PATH=${CMAKE_PREFIX_PATH}:/opt/ros/humble /usr/bin/cmake --install /home/hpy/pioneer/hero/all/src/rm_vision_hero/build/rm_gimbal_description
[0.999s] Level 1:colcon.colcon_core.environment:create_environment_scripts_only(rm_gimbal_description)
[1.000s] DEBUG:colcon.colcon_core.event_handler.log_command:Invoked command in '/home/hpy/pioneer/hero/all/src/rm_vision_hero/build/rm_gimbal_description' returned '0': CMAKE_PREFIX_PATH=${CMAKE_PREFIX_PATH}:/opt/ros/humble /usr/bin/cmake --install /home/hpy/pioneer/hero/all/src/rm_vision_hero/build/rm_gimbal_description
[1.002s] Level 1:colcon.colcon_core.environment:checking '/home/hpy/pioneer/hero/all/src/rm_vision_hero/install/rm_gimbal_description' for CMake module files
[1.003s] Level 1:colcon.colcon_core.environment:checking '/home/hpy/pioneer/hero/all/src/rm_vision_hero/install/rm_gimbal_description' for CMake config files
[1.003s] Level 1:colcon.colcon_core.shell:create_environment_hook('rm_gimbal_description', 'cmake_prefix_path')
[1.003s] INFO:colcon.colcon_core.shell:Creating environment hook '/home/hpy/pioneer/hero/all/src/rm_vision_hero/install/rm_gimbal_description/share/rm_gimbal_description/hook/cmake_prefix_path.ps1'
[1.004s] INFO:colcon.colcon_core.shell:Creating environment descriptor '/home/hpy/pioneer/hero/all/src/rm_vision_hero/install/rm_gimbal_description/share/rm_gimbal_description/hook/cmake_prefix_path.dsv'
[1.005s] INFO:colcon.colcon_core.shell:Creating environment hook '/home/hpy/pioneer/hero/all/src/rm_vision_hero/install/rm_gimbal_description/share/rm_gimbal_description/hook/cmake_prefix_path.sh'
[1.006s] Level 1:colcon.colcon_core.environment:checking '/home/hpy/pioneer/hero/all/src/rm_vision_hero/install/rm_gimbal_description/bin'
[1.006s] Level 1:colcon.colcon_core.environment:checking '/home/hpy/pioneer/hero/all/src/rm_vision_hero/install/rm_gimbal_description/lib/pkgconfig/rm_gimbal_description.pc'
[1.006s] Level 1:colcon.colcon_core.environment:checking '/home/hpy/pioneer/hero/all/src/rm_vision_hero/install/rm_gimbal_description/lib/python3.10/site-packages'
[1.007s] Level 1:colcon.colcon_core.environment:checking '/home/hpy/pioneer/hero/all/src/rm_vision_hero/install/rm_gimbal_description/bin'
[1.007s] INFO:colcon.colcon_core.shell:Creating package script '/home/hpy/pioneer/hero/all/src/rm_vision_hero/install/rm_gimbal_description/share/rm_gimbal_description/package.ps1'
[1.008s] INFO:colcon.colcon_core.shell:Creating package descriptor '/home/hpy/pioneer/hero/all/src/rm_vision_hero/install/rm_gimbal_description/share/rm_gimbal_description/package.dsv'
[1.009s] INFO:colcon.colcon_core.shell:Creating package script '/home/hpy/pioneer/hero/all/src/rm_vision_hero/install/rm_gimbal_description/share/rm_gimbal_description/package.sh'
[1.009s] INFO:colcon.colcon_core.shell:Creating package script '/home/hpy/pioneer/hero/all/src/rm_vision_hero/install/rm_gimbal_description/share/rm_gimbal_description/package.bash'
[1.010s] INFO:colcon.colcon_core.shell:Creating package script '/home/hpy/pioneer/hero/all/src/rm_vision_hero/install/rm_gimbal_description/share/rm_gimbal_description/package.zsh'
[1.011s] Level 1:colcon.colcon_core.environment:create_file_with_runtime_dependencies(/home/hpy/pioneer/hero/all/src/rm_vision_hero/install/rm_gimbal_description/share/colcon-core/packages/rm_gimbal_description)
[1.011s] Level 1:colcon.colcon_core.environment:create_environment_scripts_only(rm_gimbal_description)
[1.012s] Level 1:colcon.colcon_core.environment:checking '/home/hpy/pioneer/hero/all/src/rm_vision_hero/install/rm_gimbal_description' for CMake module files
[1.012s] Level 1:colcon.colcon_core.environment:checking '/home/hpy/pioneer/hero/all/src/rm_vision_hero/install/rm_gimbal_description' for CMake config files
[1.012s] Level 1:colcon.colcon_core.shell:create_environment_hook('rm_gimbal_description', 'cmake_prefix_path')
[1.012s] INFO:colcon.colcon_core.shell:Creating environment hook '/home/hpy/pioneer/hero/all/src/rm_vision_hero/install/rm_gimbal_description/share/rm_gimbal_description/hook/cmake_prefix_path.ps1'
[1.013s] INFO:colcon.colcon_core.shell:Creating environment descriptor '/home/hpy/pioneer/hero/all/src/rm_vision_hero/install/rm_gimbal_description/share/rm_gimbal_description/hook/cmake_prefix_path.dsv'
[1.013s] INFO:colcon.colcon_core.shell:Creating environment hook '/home/hpy/pioneer/hero/all/src/rm_vision_hero/install/rm_gimbal_description/share/rm_gimbal_description/hook/cmake_prefix_path.sh'
[1.014s] Level 1:colcon.colcon_core.environment:checking '/home/hpy/pioneer/hero/all/src/rm_vision_hero/install/rm_gimbal_description/bin'
[1.014s] Level 1:colcon.colcon_core.environment:checking '/home/hpy/pioneer/hero/all/src/rm_vision_hero/install/rm_gimbal_description/lib/pkgconfig/rm_gimbal_description.pc'
[1.014s] Level 1:colcon.colcon_core.environment:checking '/home/hpy/pioneer/hero/all/src/rm_vision_hero/install/rm_gimbal_description/lib/python3.10/site-packages'
[1.014s] Level 1:colcon.colcon_core.environment:checking '/home/hpy/pioneer/hero/all/src/rm_vision_hero/install/rm_gimbal_description/bin'
[1.015s] INFO:colcon.colcon_core.shell:Creating package script '/home/hpy/pioneer/hero/all/src/rm_vision_hero/install/rm_gimbal_description/share/rm_gimbal_description/package.ps1'
[1.015s] INFO:colcon.colcon_core.shell:Creating package descriptor '/home/hpy/pioneer/hero/all/src/rm_vision_hero/install/rm_gimbal_description/share/rm_gimbal_description/package.dsv'
[1.016s] INFO:colcon.colcon_core.shell:Creating package script '/home/hpy/pioneer/hero/all/src/rm_vision_hero/install/rm_gimbal_description/share/rm_gimbal_description/package.sh'
[1.016s] INFO:colcon.colcon_core.shell:Creating package script '/home/hpy/pioneer/hero/all/src/rm_vision_hero/install/rm_gimbal_description/share/rm_gimbal_description/package.bash'
[1.017s] INFO:colcon.colcon_core.shell:Creating package script '/home/hpy/pioneer/hero/all/src/rm_vision_hero/install/rm_gimbal_description/share/rm_gimbal_description/package.zsh'
[1.017s] Level 1:colcon.colcon_core.environment:create_file_with_runtime_dependencies(/home/hpy/pioneer/hero/all/src/rm_vision_hero/install/rm_gimbal_description/share/colcon-core/packages/rm_gimbal_description)
[1.254s] DEBUG:colcon.colcon_core.event_handler.log_command:Invoked command in '/home/hpy/pioneer/hero/all/src/rm_vision_hero/build/detector' returned '0': CMAKE_PREFIX_PATH=${CMAKE_PREFIX_PATH}:/opt/ros/humble /usr/bin/cmake /home/hpy/pioneer/hero/all/src/rm_vision_hero/src/rm_lob_det -DAMENT_CMAKE_SYMLINK_INSTALL=1 -DCMAKE_INSTALL_PREFIX=/home/hpy/pioneer/hero/all/src/rm_vision_hero/install/detector
[1.255s] DEBUG:colcon.colcon_core.event_handler.log_command:Invoking command in '/home/hpy/pioneer/hero/all/src/rm_vision_hero/build/detector': CMAKE_PREFIX_PATH=${CMAKE_PREFIX_PATH}:/opt/ros/humble /usr/bin/cmake --build /home/hpy/pioneer/hero/all/src/rm_vision_hero/build/detector -- -j16 -l16
[1.349s] DEBUG:colcon.colcon_core.event_handler.log_command:Invoked command in '/home/hpy/pioneer/hero/all/src/rm_vision_hero/build/hik_camera' returned '0': CMAKE_PREFIX_PATH=${CMAKE_PREFIX_PATH}:/opt/ros/humble /usr/bin/cmake /home/hpy/pioneer/hero/all/src/rm_vision_hero/src/hik_camera -DAMENT_CMAKE_SYMLINK_INSTALL=1 -DCMAKE_INSTALL_PREFIX=/home/hpy/pioneer/hero/all/src/rm_vision_hero/install/hik_camera
[1.350s] DEBUG:colcon.colcon_core.event_handler.log_command:Invoking command in '/home/hpy/pioneer/hero/all/src/rm_vision_hero/build/hik_camera': CMAKE_PREFIX_PATH=${CMAKE_PREFIX_PATH}:/opt/ros/humble /usr/bin/cmake --build /home/hpy/pioneer/hero/all/src/rm_vision_hero/build/hik_camera -- -j16 -l16
[1.372s] DEBUG:colcon.colcon_core.event_handler.log_command:Invoked command in '/home/hpy/pioneer/hero/all/src/rm_vision_hero/build/rm_tools' returned '0': CMAKE_PREFIX_PATH=${CMAKE_PREFIX_PATH}:/opt/ros/humble /usr/bin/cmake /home/hpy/pioneer/hero/all/src/rm_vision_hero/src/rm_tools -DAMENT_CMAKE_SYMLINK_INSTALL=1 -DCMAKE_INSTALL_PREFIX=/home/hpy/pioneer/hero/all/src/rm_vision_hero/install/rm_tools
[1.374s] DEBUG:colcon.colcon_core.event_handler.log_command:Invoking command in '/home/hpy/pioneer/hero/all/src/rm_vision_hero/build/rm_tools': CMAKE_PREFIX_PATH=${CMAKE_PREFIX_PATH}:/opt/ros/humble /usr/bin/cmake --build /home/hpy/pioneer/hero/all/src/rm_vision_hero/build/rm_tools -- -j16 -l16
[2.213s] DEBUG:colcon.colcon_core.event_handler.log_command:Invoked command in '/home/hpy/pioneer/hero/all/src/rm_vision_hero/build/building_transform_interface' returned '0': CMAKE_PREFIX_PATH=${CMAKE_PREFIX_PATH}:/opt/ros/humble /usr/bin/cmake /home/hpy/pioneer/hero/all/src/rm_vision_hero/src/building_transform_interface -DAMENT_CMAKE_SYMLINK_INSTALL=1 -DCMAKE_INSTALL_PREFIX=/home/hpy/pioneer/hero/all/src/rm_vision_hero/install/building_transform_interface
[2.217s] DEBUG:colcon.colcon_core.event_handler.log_command:Invoking command in '/home/hpy/pioneer/hero/all/src/rm_vision_hero/build/building_transform_interface': CMAKE_PREFIX_PATH=${CMAKE_PREFIX_PATH}:/opt/ros/humble /usr/bin/cmake --build /home/hpy/pioneer/hero/all/src/rm_vision_hero/build/building_transform_interface -- -j16 -l16
[2.277s] DEBUG:colcon.colcon_core.event_handler.log_command:Invoked command in '/home/hpy/pioneer/hero/all/src/rm_vision_hero/build/auto_aim_interfaces' returned '0': CMAKE_PREFIX_PATH=${CMAKE_PREFIX_PATH}:/opt/ros/humble /usr/bin/cmake /home/hpy/pioneer/hero/all/src/rm_vision_hero/src/auto_aim_interfaces -DAMENT_CMAKE_SYMLINK_INSTALL=1 -DCMAKE_INSTALL_PREFIX=/home/hpy/pioneer/hero/all/src/rm_vision_hero/install/auto_aim_interfaces
[2.280s] DEBUG:colcon.colcon_core.event_handler.log_command:Invoking command in '/home/hpy/pioneer/hero/all/src/rm_vision_hero/build/auto_aim_interfaces': CMAKE_PREFIX_PATH=${CMAKE_PREFIX_PATH}:/opt/ros/humble /usr/bin/cmake --build /home/hpy/pioneer/hero/all/src/rm_vision_hero/build/auto_aim_interfaces -- -j16 -l16
[7.536s] DEBUG:colcon.colcon_core.event_handler.log_command:Invoked command in '/home/hpy/pioneer/hero/all/src/rm_vision_hero/build/hik_camera' returned '0': CMAKE_PREFIX_PATH=${CMAKE_PREFIX_PATH}:/opt/ros/humble /usr/bin/cmake --build /home/hpy/pioneer/hero/all/src/rm_vision_hero/build/hik_camera -- -j16 -l16
[7.539s] DEBUG:colcon.colcon_core.event_handler.log_command:Invoking command in '/home/hpy/pioneer/hero/all/src/rm_vision_hero/build/hik_camera': CMAKE_PREFIX_PATH=${CMAKE_PREFIX_PATH}:/opt/ros/humble /usr/bin/cmake --install /home/hpy/pioneer/hero/all/src/rm_vision_hero/build/hik_camera
[7.653s] DEBUG:colcon.colcon_core.event_handler.log_command:Invoked command in '/home/hpy/pioneer/hero/all/src/rm_vision_hero/build/building_transform_interface' returned '0': CMAKE_PREFIX_PATH=${CMAKE_PREFIX_PATH}:/opt/ros/humble /usr/bin/cmake --build /home/hpy/pioneer/hero/all/src/rm_vision_hero/build/building_transform_interface -- -j16 -l16
[7.656s] DEBUG:colcon.colcon_core.event_handler.log_command:Invoking command in '/home/hpy/pioneer/hero/all/src/rm_vision_hero/build/building_transform_interface': CMAKE_PREFIX_PATH=${CMAKE_PREFIX_PATH}:/opt/ros/humble /usr/bin/cmake --install /home/hpy/pioneer/hero/all/src/rm_vision_hero/build/building_transform_interface
[7.929s] Level 1:colcon.colcon_core.environment:create_environment_scripts_only(hik_camera)
[7.929s] Level 1:colcon.colcon_core.environment:checking '/home/hpy/pioneer/hero/all/src/rm_vision_hero/install/hik_camera' for CMake module files
[7.930s] DEBUG:colcon.colcon_core.event_handler.log_command:Invoked command in '/home/hpy/pioneer/hero/all/src/rm_vision_hero/build/hik_camera' returned '0': CMAKE_PREFIX_PATH=${CMAKE_PREFIX_PATH}:/opt/ros/humble /usr/bin/cmake --install /home/hpy/pioneer/hero/all/src/rm_vision_hero/build/hik_camera
[7.931s] Level 1:colcon.colcon_core.environment:checking '/home/hpy/pioneer/hero/all/src/rm_vision_hero/install/hik_camera' for CMake config files
[7.931s] Level 1:colcon.colcon_core.shell:create_environment_hook('hik_camera', 'cmake_prefix_path')
[7.932s] INFO:colcon.colcon_core.shell:Creating environment hook '/home/hpy/pioneer/hero/all/src/rm_vision_hero/install/hik_camera/share/hik_camera/hook/cmake_prefix_path.ps1'
[7.932s] INFO:colcon.colcon_core.shell:Creating environment descriptor '/home/hpy/pioneer/hero/all/src/rm_vision_hero/install/hik_camera/share/hik_camera/hook/cmake_prefix_path.dsv'
[7.933s] INFO:colcon.colcon_core.shell:Creating environment hook '/home/hpy/pioneer/hero/all/src/rm_vision_hero/install/hik_camera/share/hik_camera/hook/cmake_prefix_path.sh'
[7.934s] Level 1:colcon.colcon_core.environment:checking '/home/hpy/pioneer/hero/all/src/rm_vision_hero/install/hik_camera/lib'
[7.934s] Level 1:colcon.colcon_core.shell:create_environment_hook('hik_camera', 'ld_library_path_lib')
[7.934s] INFO:colcon.colcon_core.shell:Creating environment hook '/home/hpy/pioneer/hero/all/src/rm_vision_hero/install/hik_camera/share/hik_camera/hook/ld_library_path_lib.ps1'
[7.935s] INFO:colcon.colcon_core.shell:Creating environment descriptor '/home/hpy/pioneer/hero/all/src/rm_vision_hero/install/hik_camera/share/hik_camera/hook/ld_library_path_lib.dsv'
[7.935s] INFO:colcon.colcon_core.shell:Creating environment hook '/home/hpy/pioneer/hero/all/src/rm_vision_hero/install/hik_camera/share/hik_camera/hook/ld_library_path_lib.sh'
[7.936s] Level 1:colcon.colcon_core.environment:checking '/home/hpy/pioneer/hero/all/src/rm_vision_hero/install/hik_camera/bin'
[7.936s] Level 1:colcon.colcon_core.environment:checking '/home/hpy/pioneer/hero/all/src/rm_vision_hero/install/hik_camera/lib/pkgconfig/hik_camera.pc'
[7.936s] Level 1:colcon.colcon_core.environment:checking '/home/hpy/pioneer/hero/all/src/rm_vision_hero/install/hik_camera/lib/python3.10/site-packages'
[7.937s] Level 1:colcon.colcon_core.environment:checking '/home/hpy/pioneer/hero/all/src/rm_vision_hero/install/hik_camera/bin'
[7.937s] INFO:colcon.colcon_core.shell:Creating package script '/home/hpy/pioneer/hero/all/src/rm_vision_hero/install/hik_camera/share/hik_camera/package.ps1'
[7.938s] INFO:colcon.colcon_core.shell:Creating package descriptor '/home/hpy/pioneer/hero/all/src/rm_vision_hero/install/hik_camera/share/hik_camera/package.dsv'
[7.938s] INFO:colcon.colcon_core.shell:Creating package script '/home/hpy/pioneer/hero/all/src/rm_vision_hero/install/hik_camera/share/hik_camera/package.sh'
[7.939s] INFO:colcon.colcon_core.shell:Creating package script '/home/hpy/pioneer/hero/all/src/rm_vision_hero/install/hik_camera/share/hik_camera/package.bash'
[7.940s] INFO:colcon.colcon_core.shell:Creating package script '/home/hpy/pioneer/hero/all/src/rm_vision_hero/install/hik_camera/share/hik_camera/package.zsh'
[7.940s] Level 1:colcon.colcon_core.environment:create_file_with_runtime_dependencies(/home/hpy/pioneer/hero/all/src/rm_vision_hero/install/hik_camera/share/colcon-core/packages/hik_camera)
[7.941s] Level 1:colcon.colcon_core.environment:create_environment_scripts_only(hik_camera)
[7.942s] Level 1:colcon.colcon_core.environment:checking '/home/hpy/pioneer/hero/all/src/rm_vision_hero/install/hik_camera' for CMake module files
[7.942s] Level 1:colcon.colcon_core.environment:checking '/home/hpy/pioneer/hero/all/src/rm_vision_hero/install/hik_camera' for CMake config files
[7.943s] Level 1:colcon.colcon_core.shell:create_environment_hook('hik_camera', 'cmake_prefix_path')
[7.943s] INFO:colcon.colcon_core.shell:Creating environment hook '/home/hpy/pioneer/hero/all/src/rm_vision_hero/install/hik_camera/share/hik_camera/hook/cmake_prefix_path.ps1'
[7.944s] INFO:colcon.colcon_core.shell:Creating environment descriptor '/home/hpy/pioneer/hero/all/src/rm_vision_hero/install/hik_camera/share/hik_camera/hook/cmake_prefix_path.dsv'
[7.945s] INFO:colcon.colcon_core.shell:Creating environment hook '/home/hpy/pioneer/hero/all/src/rm_vision_hero/install/hik_camera/share/hik_camera/hook/cmake_prefix_path.sh'
[7.945s] Level 1:colcon.colcon_core.environment:checking '/home/hpy/pioneer/hero/all/src/rm_vision_hero/install/hik_camera/lib'
[7.946s] Level 1:colcon.colcon_core.shell:create_environment_hook('hik_camera', 'ld_library_path_lib')
[7.946s] INFO:colcon.colcon_core.shell:Creating environment hook '/home/hpy/pioneer/hero/all/src/rm_vision_hero/install/hik_camera/share/hik_camera/hook/ld_library_path_lib.ps1'
[7.947s] INFO:colcon.colcon_core.shell:Creating environment descriptor '/home/hpy/pioneer/hero/all/src/rm_vision_hero/install/hik_camera/share/hik_camera/hook/ld_library_path_lib.dsv'
[7.947s] INFO:colcon.colcon_core.shell:Creating environment hook '/home/hpy/pioneer/hero/all/src/rm_vision_hero/install/hik_camera/share/hik_camera/hook/ld_library_path_lib.sh'
[7.948s] Level 1:colcon.colcon_core.environment:checking '/home/hpy/pioneer/hero/all/src/rm_vision_hero/install/hik_camera/bin'
[7.948s] Level 1:colcon.colcon_core.environment:checking '/home/hpy/pioneer/hero/all/src/rm_vision_hero/install/hik_camera/lib/pkgconfig/hik_camera.pc'
[7.948s] Level 1:colcon.colcon_core.environment:checking '/home/hpy/pioneer/hero/all/src/rm_vision_hero/install/hik_camera/lib/python3.10/site-packages'
[7.949s] Level 1:colcon.colcon_core.environment:checking '/home/hpy/pioneer/hero/all/src/rm_vision_hero/install/hik_camera/bin'
[7.949s] INFO:colcon.colcon_core.shell:Creating package script '/home/hpy/pioneer/hero/all/src/rm_vision_hero/install/hik_camera/share/hik_camera/package.ps1'
[7.950s] INFO:colcon.colcon_core.shell:Creating package descriptor '/home/hpy/pioneer/hero/all/src/rm_vision_hero/install/hik_camera/share/hik_camera/package.dsv'
[7.951s] INFO:colcon.colcon_core.shell:Creating package script '/home/hpy/pioneer/hero/all/src/rm_vision_hero/install/hik_camera/share/hik_camera/package.sh'
[7.951s] INFO:colcon.colcon_core.shell:Creating package script '/home/hpy/pioneer/hero/all/src/rm_vision_hero/install/hik_camera/share/hik_camera/package.bash'
[7.952s] INFO:colcon.colcon_core.shell:Creating package script '/home/hpy/pioneer/hero/all/src/rm_vision_hero/install/hik_camera/share/hik_camera/package.zsh'
[7.953s] Level 1:colcon.colcon_core.environment:create_file_with_runtime_dependencies(/home/hpy/pioneer/hero/all/src/rm_vision_hero/install/hik_camera/share/colcon-core/packages/hik_camera)
[8.547s] Level 1:colcon.colcon_core.environment:create_environment_scripts_only(building_transform_interface)
[8.548s] Level 1:colcon.colcon_core.environment:checking '/home/hpy/pioneer/hero/all/src/rm_vision_hero/install/building_transform_interface' for CMake module files
[8.548s] DEBUG:colcon.colcon_core.event_handler.log_command:Invoked command in '/home/hpy/pioneer/hero/all/src/rm_vision_hero/build/building_transform_interface' returned '0': CMAKE_PREFIX_PATH=${CMAKE_PREFIX_PATH}:/opt/ros/humble /usr/bin/cmake --install /home/hpy/pioneer/hero/all/src/rm_vision_hero/build/building_transform_interface
[8.549s] Level 1:colcon.colcon_core.environment:checking '/home/hpy/pioneer/hero/all/src/rm_vision_hero/install/building_transform_interface' for CMake config files
[8.550s] Level 1:colcon.colcon_core.shell:create_environment_hook('building_transform_interface', 'cmake_prefix_path')
[8.550s] INFO:colcon.colcon_core.shell:Creating environment hook '/home/hpy/pioneer/hero/all/src/rm_vision_hero/install/building_transform_interface/share/building_transform_interface/hook/cmake_prefix_path.ps1'
[8.551s] INFO:colcon.colcon_core.shell:Creating environment descriptor '/home/hpy/pioneer/hero/all/src/rm_vision_hero/install/building_transform_interface/share/building_transform_interface/hook/cmake_prefix_path.dsv'
[8.551s] INFO:colcon.colcon_core.shell:Creating environment hook '/home/hpy/pioneer/hero/all/src/rm_vision_hero/install/building_transform_interface/share/building_transform_interface/hook/cmake_prefix_path.sh'
[8.551s] Level 1:colcon.colcon_core.environment:checking '/home/hpy/pioneer/hero/all/src/rm_vision_hero/install/building_transform_interface/lib'
[8.551s] Level 1:colcon.colcon_core.shell:create_environment_hook('building_transform_interface', 'ld_library_path_lib')
[8.551s] INFO:colcon.colcon_core.shell:Creating environment hook '/home/hpy/pioneer/hero/all/src/rm_vision_hero/install/building_transform_interface/share/building_transform_interface/hook/ld_library_path_lib.ps1'
[8.552s] INFO:colcon.colcon_core.shell:Creating environment descriptor '/home/hpy/pioneer/hero/all/src/rm_vision_hero/install/building_transform_interface/share/building_transform_interface/hook/ld_library_path_lib.dsv'
[8.552s] INFO:colcon.colcon_core.shell:Creating environment hook '/home/hpy/pioneer/hero/all/src/rm_vision_hero/install/building_transform_interface/share/building_transform_interface/hook/ld_library_path_lib.sh'
[8.552s] Level 1:colcon.colcon_core.environment:checking '/home/hpy/pioneer/hero/all/src/rm_vision_hero/install/building_transform_interface/bin'
[8.552s] Level 1:colcon.colcon_core.environment:checking '/home/hpy/pioneer/hero/all/src/rm_vision_hero/install/building_transform_interface/lib/pkgconfig/building_transform_interface.pc'
[8.552s] Level 1:colcon.colcon_core.environment:checking '/home/hpy/pioneer/hero/all/src/rm_vision_hero/install/building_transform_interface/lib/python3.10/site-packages'
[8.553s] Level 1:colcon.colcon_core.environment:checking '/home/hpy/pioneer/hero/all/src/rm_vision_hero/install/building_transform_interface/bin'
[8.553s] INFO:colcon.colcon_core.shell:Creating package script '/home/hpy/pioneer/hero/all/src/rm_vision_hero/install/building_transform_interface/share/building_transform_interface/package.ps1'
[8.553s] INFO:colcon.colcon_core.shell:Creating package descriptor '/home/hpy/pioneer/hero/all/src/rm_vision_hero/install/building_transform_interface/share/building_transform_interface/package.dsv'
[8.553s] INFO:colcon.colcon_core.shell:Creating package script '/home/hpy/pioneer/hero/all/src/rm_vision_hero/install/building_transform_interface/share/building_transform_interface/package.sh'
[8.554s] INFO:colcon.colcon_core.shell:Creating package script '/home/hpy/pioneer/hero/all/src/rm_vision_hero/install/building_transform_interface/share/building_transform_interface/package.bash'
[8.554s] INFO:colcon.colcon_core.shell:Creating package script '/home/hpy/pioneer/hero/all/src/rm_vision_hero/install/building_transform_interface/share/building_transform_interface/package.zsh'
[8.554s] Level 1:colcon.colcon_core.environment:create_file_with_runtime_dependencies(/home/hpy/pioneer/hero/all/src/rm_vision_hero/install/building_transform_interface/share/colcon-core/packages/building_transform_interface)
[8.554s] Level 1:colcon.colcon_core.environment:create_environment_scripts_only(building_transform_interface)
[8.555s] Level 1:colcon.colcon_core.environment:checking '/home/hpy/pioneer/hero/all/src/rm_vision_hero/install/building_transform_interface' for CMake module files
[8.555s] Level 1:colcon.colcon_core.environment:checking '/home/hpy/pioneer/hero/all/src/rm_vision_hero/install/building_transform_interface' for CMake config files
[8.555s] Level 1:colcon.colcon_core.shell:create_environment_hook('building_transform_interface', 'cmake_prefix_path')
[8.555s] INFO:colcon.colcon_core.shell:Creating environment hook '/home/hpy/pioneer/hero/all/src/rm_vision_hero/install/building_transform_interface/share/building_transform_interface/hook/cmake_prefix_path.ps1'
[8.555s] INFO:colcon.colcon_core.shell:Creating environment descriptor '/home/hpy/pioneer/hero/all/src/rm_vision_hero/install/building_transform_interface/share/building_transform_interface/hook/cmake_prefix_path.dsv'
[8.556s] INFO:colcon.colcon_core.shell:Creating environment hook '/home/hpy/pioneer/hero/all/src/rm_vision_hero/install/building_transform_interface/share/building_transform_interface/hook/cmake_prefix_path.sh'
[8.556s] Level 1:colcon.colcon_core.environment:checking '/home/hpy/pioneer/hero/all/src/rm_vision_hero/install/building_transform_interface/lib'
[8.556s] Level 1:colcon.colcon_core.shell:create_environment_hook('building_transform_interface', 'ld_library_path_lib')
[8.556s] INFO:colcon.colcon_core.shell:Creating environment hook '/home/hpy/pioneer/hero/all/src/rm_vision_hero/install/building_transform_interface/share/building_transform_interface/hook/ld_library_path_lib.ps1'
[8.556s] INFO:colcon.colcon_core.shell:Creating environment descriptor '/home/hpy/pioneer/hero/all/src/rm_vision_hero/install/building_transform_interface/share/building_transform_interface/hook/ld_library_path_lib.dsv'
[8.557s] INFO:colcon.colcon_core.shell:Creating environment hook '/home/hpy/pioneer/hero/all/src/rm_vision_hero/install/building_transform_interface/share/building_transform_interface/hook/ld_library_path_lib.sh'
[8.557s] Level 1:colcon.colcon_core.environment:checking '/home/hpy/pioneer/hero/all/src/rm_vision_hero/install/building_transform_interface/bin'
[8.557s] Level 1:colcon.colcon_core.environment:checking '/home/hpy/pioneer/hero/all/src/rm_vision_hero/install/building_transform_interface/lib/pkgconfig/building_transform_interface.pc'
[8.557s] Level 1:colcon.colcon_core.environment:checking '/home/hpy/pioneer/hero/all/src/rm_vision_hero/install/building_transform_interface/lib/python3.10/site-packages'
[8.557s] Level 1:colcon.colcon_core.environment:checking '/home/hpy/pioneer/hero/all/src/rm_vision_hero/install/building_transform_interface/bin'
[8.557s] INFO:colcon.colcon_core.shell:Creating package script '/home/hpy/pioneer/hero/all/src/rm_vision_hero/install/building_transform_interface/share/building_transform_interface/package.ps1'
[8.558s] INFO:colcon.colcon_core.shell:Creating package descriptor '/home/hpy/pioneer/hero/all/src/rm_vision_hero/install/building_transform_interface/share/building_transform_interface/package.dsv'
[8.558s] INFO:colcon.colcon_core.shell:Creating package script '/home/hpy/pioneer/hero/all/src/rm_vision_hero/install/building_transform_interface/share/building_transform_interface/package.sh'
[8.558s] INFO:colcon.colcon_core.shell:Creating package script '/home/hpy/pioneer/hero/all/src/rm_vision_hero/install/building_transform_interface/share/building_transform_interface/package.bash'
[8.558s] INFO:colcon.colcon_core.shell:Creating package script '/home/hpy/pioneer/hero/all/src/rm_vision_hero/install/building_transform_interface/share/building_transform_interface/package.zsh'
[8.559s] Level 1:colcon.colcon_core.environment:create_file_with_runtime_dependencies(/home/hpy/pioneer/hero/all/src/rm_vision_hero/install/building_transform_interface/share/colcon-core/packages/building_transform_interface)
[9.184s] DEBUG:colcon.colcon_core.event_handler.log_command:Invoked command in '/home/hpy/pioneer/hero/all/src/rm_vision_hero/build/auto_aim_interfaces' returned '0': CMAKE_PREFIX_PATH=${CMAKE_PREFIX_PATH}:/opt/ros/humble /usr/bin/cmake --build /home/hpy/pioneer/hero/all/src/rm_vision_hero/build/auto_aim_interfaces -- -j16 -l16
[9.185s] DEBUG:colcon.colcon_core.event_handler.log_command:Invoking command in '/home/hpy/pioneer/hero/all/src/rm_vision_hero/build/auto_aim_interfaces': CMAKE_PREFIX_PATH=${CMAKE_PREFIX_PATH}:/opt/ros/humble /usr/bin/cmake --install /home/hpy/pioneer/hero/all/src/rm_vision_hero/build/auto_aim_interfaces
[10.629s] DEBUG:colcon.colcon_core.event_handler.log_command:Invoked command in '/home/hpy/pioneer/hero/all/src/rm_vision_hero/build/detector' returned '2': CMAKE_PREFIX_PATH=${CMAKE_PREFIX_PATH}:/opt/ros/humble /usr/bin/cmake --build /home/hpy/pioneer/hero/all/src/rm_vision_hero/build/detector -- -j16 -l16
[10.630s] Level 1:colcon.colcon_core.environment:create_environment_scripts_only(detector)
[10.630s] Level 1:colcon.colcon_core.environment:checking '/home/hpy/pioneer/hero/all/src/rm_vision_hero/install/detector' for CMake module files
[10.630s] Level 1:colcon.colcon_core.environment:checking '/home/hpy/pioneer/hero/all/src/rm_vision_hero/install/detector' for CMake config files
[10.631s] Level 1:colcon.colcon_core.environment:checking '/home/hpy/pioneer/hero/all/src/rm_vision_hero/install/detector/bin'
[10.631s] Level 1:colcon.colcon_core.environment:checking '/home/hpy/pioneer/hero/all/src/rm_vision_hero/install/detector/lib/pkgconfig/detector.pc'
[10.631s] Level 1:colcon.colcon_core.environment:checking '/home/hpy/pioneer/hero/all/src/rm_vision_hero/install/detector/lib/python3.10/site-packages'
[10.632s] Level 1:colcon.colcon_core.environment:checking '/home/hpy/pioneer/hero/all/src/rm_vision_hero/install/detector/bin'
[10.632s] INFO:colcon.colcon_core.shell:Creating package script '/home/hpy/pioneer/hero/all/src/rm_vision_hero/install/detector/share/detector/package.ps1'
[10.633s] INFO:colcon.colcon_core.shell:Creating package descriptor '/home/hpy/pioneer/hero/all/src/rm_vision_hero/install/detector/share/detector/package.dsv'
[10.633s] INFO:colcon.colcon_core.shell:Creating package script '/home/hpy/pioneer/hero/all/src/rm_vision_hero/install/detector/share/detector/package.sh'
[10.634s] INFO:colcon.colcon_core.shell:Creating package script '/home/hpy/pioneer/hero/all/src/rm_vision_hero/install/detector/share/detector/package.bash'
[10.634s] INFO:colcon.colcon_core.shell:Creating package script '/home/hpy/pioneer/hero/all/src/rm_vision_hero/install/detector/share/detector/package.zsh'
[10.635s] Level 1:colcon.colcon_core.environment:create_file_with_runtime_dependencies(/home/hpy/pioneer/hero/all/src/rm_vision_hero/install/detector/share/colcon-core/packages/detector)
[14.144s] DEBUG:colcon.colcon_parallel_executor.executor.parallel:closing loop
[14.144s] DEBUG:colcon.colcon_parallel_executor.executor.parallel:loop closed
[14.144s] DEBUG:colcon.colcon_parallel_executor.executor.parallel:run_until_complete finished with '2'
[14.144s] DEBUG:colcon.colcon_core.event_reactor:joining thread
[14.148s] INFO:colcon.colcon_core.plugin_system:Skipping extension 'colcon_notification.desktop_notification.terminal_notifier': Not used on non-Darwin systems
[14.148s] INFO:colcon.colcon_core.plugin_system:Skipping extension 'colcon_notification.desktop_notification.win32': Not used on non-Windows systems
[14.148s] INFO:colcon.colcon_notification.desktop_notification:Sending desktop notification using 'notify2'
[14.159s] DEBUG:colcon.colcon_core.event_reactor:joined thread
[14.160s] INFO:colcon.colcon_core.shell:Creating prefix script '/home/hpy/pioneer/hero/all/src/rm_vision_hero/install/local_setup.ps1'
[14.160s] INFO:colcon.colcon_core.shell:Creating prefix util module '/home/hpy/pioneer/hero/all/src/rm_vision_hero/install/_local_setup_util_ps1.py'
[14.161s] INFO:colcon.colcon_core.shell:Creating prefix chain script '/home/hpy/pioneer/hero/all/src/rm_vision_hero/install/setup.ps1'
[14.162s] INFO:colcon.colcon_core.shell:Creating prefix script '/home/hpy/pioneer/hero/all/src/rm_vision_hero/install/local_setup.sh'
[14.162s] INFO:colcon.colcon_core.shell:Creating prefix util module '/home/hpy/pioneer/hero/all/src/rm_vision_hero/install/_local_setup_util_sh.py'
[14.163s] INFO:colcon.colcon_core.shell:Creating prefix chain script '/home/hpy/pioneer/hero/all/src/rm_vision_hero/install/setup.sh'
[14.163s] INFO:colcon.colcon_core.shell:Creating prefix script '/home/hpy/pioneer/hero/all/src/rm_vision_hero/install/local_setup.bash'
[14.163s] INFO:colcon.colcon_core.shell:Creating prefix chain script '/home/hpy/pioneer/hero/all/src/rm_vision_hero/install/setup.bash'
[14.164s] INFO:colcon.colcon_core.shell:Creating prefix script '/home/hpy/pioneer/hero/all/src/rm_vision_hero/install/local_setup.zsh'
[14.164s] INFO:colcon.colcon_core.shell:Creating prefix chain script '/home/hpy/pioneer/hero/all/src/rm_vision_hero/install/setup.zsh'
