[0.032s] Invoking command in '/home/hpy/pioneer/hero/all/src/rm_vision_hero/build/rm_serial_driver': CMAKE_PREFIX_PATH=/home/hpy/pioneer/hero/all/src/rm_vision_hero/install/auto_aim_interfaces:/home/hpy/pioneer/hero/all/src/rm_vision_hero/install/rm_vision_bringup:/home/hpy/pioneer/hero/all/src/rm_vision_hero/install/rm_planner:/home/hpy/pioneer/hero/all/src/rm_vision_hero/install/armor_tracker:/home/hpy/pioneer/hero/all/src/rm_vision_hero/install/armor_detector:/home/hpy/pioneer/hero/all/src/rm_vision_hero/install/rm_tools:/home/hpy/pioneer/hero/all/src/rm_vision_hero/install/rm_serial_driver:/home/hpy/pioneer/hero/all/src/rm_vision_hero/install/rm_gimbal_description:/home/hpy/pioneer/hero/all/src/rm_vision_hero/install/hik_camera:/home/hpy/pioneer/hero/all/src/rm_vision_hero/install/detector:/home/hpy/pioneer/hero/all/src/rm_vision_hero/install/building_transform_interface:/opt/ros/humble LD_LIBRARY_PATH=/home/hpy/pioneer/hero/all/src/rm_vision_hero/install/auto_aim_interfaces/lib:/home/hpy/pioneer/hero/all/src/rm_vision_hero/install/rm_planner/lib:/home/hpy/pioneer/hero/all/src/rm_vision_hero/install/armor_tracker/lib:/home/hpy/pioneer/hero/all/src/rm_vision_hero/install/armor_detector/lib:/home/hpy/pioneer/hero/all/src/rm_vision_hero/install/rm_tools/lib:/home/hpy/pioneer/hero/all/src/rm_vision_hero/install/rm_serial_driver/lib:/home/hpy/pioneer/hero/all/src/rm_vision_hero/install/hik_camera/lib:/home/hpy/pioneer/hero/all/src/rm_vision_hero/install/detector/lib:/home/hpy/pioneer/hero/all/src/rm_vision_hero/install/building_transform_interface/lib:/opt/ros/humble/opt/rviz_ogre_vendor/lib:/opt/ros/humble/lib/x86_64-linux-gnu:/opt/ros/humble/lib:/opt/MVS/lib/64:/opt/MVS/lib/32:/opt/MVS/lib/64:/opt/MVS/lib/32 /usr/bin/cmake /home/hpy/pioneer/hero/all/src/rm_vision_hero/src/rm_serial_driver -DAMENT_CMAKE_SYMLINK_INSTALL=1 -DCMAKE_INSTALL_PREFIX=/home/hpy/pioneer/hero/all/src/rm_vision_hero/install/rm_serial_driver
[0.099s] -- The C compiler identification is GNU 11.4.0
[0.166s] -- The CXX compiler identification is GNU 11.4.0
[0.174s] -- Detecting C compiler ABI info
[0.250s] -- Detecting C compiler ABI info - done
[0.259s] -- Check for working C compiler: /usr/bin/cc - skipped
[0.259s] -- Detecting C compile features
[0.260s] -- Detecting C compile features - done
[0.263s] -- Detecting CXX compiler ABI info
[0.348s] -- Detecting CXX compiler ABI info - done
[0.357s] -- Check for working CXX compiler: /usr/bin/c++ - skipped
[0.358s] -- Detecting CXX compile features
[0.358s] -- Detecting CXX compile features - done
[0.361s] -- Found ament_cmake_auto: 1.3.13 (/opt/ros/humble/share/ament_cmake_auto/cmake)
[0.527s] -- Found Python3: /usr/bin/python3 (found version "3.10.12") found components: Interpreter 
[0.586s] -- Override CMake install command with custom implementation using symlinks instead of copying resources
[0.738s] -- Found rosidl_generator_c: 3.1.8 (/opt/ros/humble/share/rosidl_generator_c/cmake)
[0.745s] -- Found rosidl_adapter: 3.1.8 (/opt/ros/humble/share/rosidl_adapter/cmake)
[0.755s] -- Found rosidl_generator_cpp: 3.1.8 (/opt/ros/humble/share/rosidl_generator_cpp/cmake)
[0.771s] -- Using all available rosidl_typesupport_c: rosidl_typesupport_fastrtps_c;rosidl_typesupport_introspection_c
[0.792s] -- Using all available rosidl_typesupport_cpp: rosidl_typesupport_fastrtps_cpp;rosidl_typesupport_introspection_cpp
[0.847s] -- Found rmw_implementation_cmake: 6.1.2 (/opt/ros/humble/share/rmw_implementation_cmake/cmake)
[0.849s] -- Found rmw_fastrtps_cpp: 6.2.9 (/opt/ros/humble/share/rmw_fastrtps_cpp/cmake)
[0.934s] -- Found OpenSSL: /usr/lib/x86_64-linux-gnu/libcrypto.so (found version "3.0.2")  
[0.964s] -- Found FastRTPS: /opt/ros/humble/include  
[1.011s] -- Using RMW implementation 'rmw_fastrtps_cpp' as default
[1.018s] -- Looking for pthread.h
[1.084s] -- Looking for pthread.h - found
[1.085s] -- Performing Test CMAKE_HAVE_LIBC_PTHREAD
[1.161s] -- Performing Test CMAKE_HAVE_LIBC_PTHREAD - Success
[1.162s] -- Found Threads: TRUE  
[1.259s] -- Found asio_cmake_module: 1.2.0 (/opt/ros/humble/share/asio_cmake_module/cmake)
[1.260s] -- Found ASIO: /usr/include  
[1.362s] -- Found eigen3_cmake_module: 0.1.1 (/opt/ros/humble/share/eigen3_cmake_module/cmake)
[1.363s] -- Found Eigen3: TRUE (found version "3.4.0") 
[1.363s] -- Ensuring Eigen3 include directory is part of orocos-kdl CMake target
[1.430s] -- Found ament_lint_auto: 0.12.14 (/opt/ros/humble/share/ament_lint_auto/cmake)
[1.453s] [0mIn this package, headers install destination is set to `include` by ament_auto_package. It is recommended to install `include/rm_serial_driver` instead and will be the default behavior of ament_auto_package from ROS 2 Kilted Kaiju. On distributions before Kilted, ament_auto_package behaves the same way when you use USE_SCOPED_HEADER_INSTALL_DIR option.[0m
[1.457s] -- Added test 'cppcheck' to perform static code analysis on C / C++ code
[1.457s] -- Configured cppcheck include dirs: /home/hpy/pioneer/hero/all/src/rm_vision_hero/src/rm_serial_driver/include
[1.457s] -- Configured cppcheck exclude dirs and/or files: 
[1.458s] -- Added test 'cpplint' to check C / C++ code against the Google style
[1.458s] -- Configured cpplint exclude dirs and/or files: 
[1.458s] -- Added test 'flake8' to check Python code syntax and style conventions
[1.459s] -- Added test 'lint_cmake' to check CMake code style
[1.459s] -- Added test 'pep257' to check Python code against some of the docstring style conventions in PEP 257
[1.459s] -- Added test 'xmllint' to check XML markup files
[1.460s] -- Added test 'clang_format' to check C / C++ code style
[1.463s] -- Configuring done
[1.484s] -- Generating done
[1.490s] -- Build files have been written to: /home/hpy/pioneer/hero/all/src/rm_vision_hero/build/rm_serial_driver
[1.498s] Invoked command in '/home/hpy/pioneer/hero/all/src/rm_vision_hero/build/rm_serial_driver' returned '0': CMAKE_PREFIX_PATH=/home/hpy/pioneer/hero/all/src/rm_vision_hero/install/auto_aim_interfaces:/home/hpy/pioneer/hero/all/src/rm_vision_hero/install/rm_vision_bringup:/home/hpy/pioneer/hero/all/src/rm_vision_hero/install/rm_planner:/home/hpy/pioneer/hero/all/src/rm_vision_hero/install/armor_tracker:/home/hpy/pioneer/hero/all/src/rm_vision_hero/install/armor_detector:/home/hpy/pioneer/hero/all/src/rm_vision_hero/install/rm_tools:/home/hpy/pioneer/hero/all/src/rm_vision_hero/install/rm_serial_driver:/home/hpy/pioneer/hero/all/src/rm_vision_hero/install/rm_gimbal_description:/home/hpy/pioneer/hero/all/src/rm_vision_hero/install/hik_camera:/home/hpy/pioneer/hero/all/src/rm_vision_hero/install/detector:/home/hpy/pioneer/hero/all/src/rm_vision_hero/install/building_transform_interface:/opt/ros/humble LD_LIBRARY_PATH=/home/hpy/pioneer/hero/all/src/rm_vision_hero/install/auto_aim_interfaces/lib:/home/hpy/pioneer/hero/all/src/rm_vision_hero/install/rm_planner/lib:/home/hpy/pioneer/hero/all/src/rm_vision_hero/install/armor_tracker/lib:/home/hpy/pioneer/hero/all/src/rm_vision_hero/install/armor_detector/lib:/home/hpy/pioneer/hero/all/src/rm_vision_hero/install/rm_tools/lib:/home/hpy/pioneer/hero/all/src/rm_vision_hero/install/rm_serial_driver/lib:/home/hpy/pioneer/hero/all/src/rm_vision_hero/install/hik_camera/lib:/home/hpy/pioneer/hero/all/src/rm_vision_hero/install/detector/lib:/home/hpy/pioneer/hero/all/src/rm_vision_hero/install/building_transform_interface/lib:/opt/ros/humble/opt/rviz_ogre_vendor/lib:/opt/ros/humble/lib/x86_64-linux-gnu:/opt/ros/humble/lib:/opt/MVS/lib/64:/opt/MVS/lib/32:/opt/MVS/lib/64:/opt/MVS/lib/32 /usr/bin/cmake /home/hpy/pioneer/hero/all/src/rm_vision_hero/src/rm_serial_driver -DAMENT_CMAKE_SYMLINK_INSTALL=1 -DCMAKE_INSTALL_PREFIX=/home/hpy/pioneer/hero/all/src/rm_vision_hero/install/rm_serial_driver
[1.500s] Invoking command in '/home/hpy/pioneer/hero/all/src/rm_vision_hero/build/rm_serial_driver': CMAKE_PREFIX_PATH=/home/hpy/pioneer/hero/all/src/rm_vision_hero/install/auto_aim_interfaces:/home/hpy/pioneer/hero/all/src/rm_vision_hero/install/rm_vision_bringup:/home/hpy/pioneer/hero/all/src/rm_vision_hero/install/rm_planner:/home/hpy/pioneer/hero/all/src/rm_vision_hero/install/armor_tracker:/home/hpy/pioneer/hero/all/src/rm_vision_hero/install/armor_detector:/home/hpy/pioneer/hero/all/src/rm_vision_hero/install/rm_tools:/home/hpy/pioneer/hero/all/src/rm_vision_hero/install/rm_serial_driver:/home/hpy/pioneer/hero/all/src/rm_vision_hero/install/rm_gimbal_description:/home/hpy/pioneer/hero/all/src/rm_vision_hero/install/hik_camera:/home/hpy/pioneer/hero/all/src/rm_vision_hero/install/detector:/home/hpy/pioneer/hero/all/src/rm_vision_hero/install/building_transform_interface:/opt/ros/humble LD_LIBRARY_PATH=/home/hpy/pioneer/hero/all/src/rm_vision_hero/install/auto_aim_interfaces/lib:/home/hpy/pioneer/hero/all/src/rm_vision_hero/install/rm_planner/lib:/home/hpy/pioneer/hero/all/src/rm_vision_hero/install/armor_tracker/lib:/home/hpy/pioneer/hero/all/src/rm_vision_hero/install/armor_detector/lib:/home/hpy/pioneer/hero/all/src/rm_vision_hero/install/rm_tools/lib:/home/hpy/pioneer/hero/all/src/rm_vision_hero/install/rm_serial_driver/lib:/home/hpy/pioneer/hero/all/src/rm_vision_hero/install/hik_camera/lib:/home/hpy/pioneer/hero/all/src/rm_vision_hero/install/detector/lib:/home/hpy/pioneer/hero/all/src/rm_vision_hero/install/building_transform_interface/lib:/opt/ros/humble/opt/rviz_ogre_vendor/lib:/opt/ros/humble/lib/x86_64-linux-gnu:/opt/ros/humble/lib:/opt/MVS/lib/64:/opt/MVS/lib/32:/opt/MVS/lib/64:/opt/MVS/lib/32 /usr/bin/cmake --build /home/hpy/pioneer/hero/all/src/rm_vision_hero/build/rm_serial_driver -- -j16 -l16
[1.544s] [ 12%] [32mBuilding CXX object CMakeFiles/rm_serial_driver_node.dir/rclcpp_components/node_main_rm_serial_driver_node.cpp.o[0m
[1.544s] [ 37%] [32mBuilding CXX object CMakeFiles/rm_serial_driver.dir/src/rm_serial_driver.cpp.o[0m
[1.544s] [ 37%] [32mBuilding CXX object CMakeFiles/rm_serial_driver.dir/src/vitural_serial.cpp.o[0m
[1.544s] [ 62%] [32mBuilding CXX object CMakeFiles/rm_serial_driver.dir/src/crc.cpp.o[0m
[1.544s] [ 62%] [32mBuilding CXX object CMakeFiles/virtual_serial_node.dir/rclcpp_components/node_main_virtual_serial_node.cpp.o[0m
[8.652s] [ 75%] [32m[1mLinking CXX executable virtual_serial_node[0m
[9.176s] [ 75%] Built target virtual_serial_node
[9.697s] [ 87%] [32m[1mLinking CXX executable rm_serial_driver_node[0m
[9.936s] [ 87%] Built target rm_serial_driver_node
[23.904s] [100%] [32m[1mLinking CXX shared library librm_serial_driver.so[0m
[24.741s] [100%] Built target rm_serial_driver
[24.752s] Invoked command in '/home/hpy/pioneer/hero/all/src/rm_vision_hero/build/rm_serial_driver' returned '0': CMAKE_PREFIX_PATH=/home/hpy/pioneer/hero/all/src/rm_vision_hero/install/auto_aim_interfaces:/home/hpy/pioneer/hero/all/src/rm_vision_hero/install/rm_vision_bringup:/home/hpy/pioneer/hero/all/src/rm_vision_hero/install/rm_planner:/home/hpy/pioneer/hero/all/src/rm_vision_hero/install/armor_tracker:/home/hpy/pioneer/hero/all/src/rm_vision_hero/install/armor_detector:/home/hpy/pioneer/hero/all/src/rm_vision_hero/install/rm_tools:/home/hpy/pioneer/hero/all/src/rm_vision_hero/install/rm_serial_driver:/home/hpy/pioneer/hero/all/src/rm_vision_hero/install/rm_gimbal_description:/home/hpy/pioneer/hero/all/src/rm_vision_hero/install/hik_camera:/home/hpy/pioneer/hero/all/src/rm_vision_hero/install/detector:/home/hpy/pioneer/hero/all/src/rm_vision_hero/install/building_transform_interface:/opt/ros/humble LD_LIBRARY_PATH=/home/hpy/pioneer/hero/all/src/rm_vision_hero/install/auto_aim_interfaces/lib:/home/hpy/pioneer/hero/all/src/rm_vision_hero/install/rm_planner/lib:/home/hpy/pioneer/hero/all/src/rm_vision_hero/install/armor_tracker/lib:/home/hpy/pioneer/hero/all/src/rm_vision_hero/install/armor_detector/lib:/home/hpy/pioneer/hero/all/src/rm_vision_hero/install/rm_tools/lib:/home/hpy/pioneer/hero/all/src/rm_vision_hero/install/rm_serial_driver/lib:/home/hpy/pioneer/hero/all/src/rm_vision_hero/install/hik_camera/lib:/home/hpy/pioneer/hero/all/src/rm_vision_hero/install/detector/lib:/home/hpy/pioneer/hero/all/src/rm_vision_hero/install/building_transform_interface/lib:/opt/ros/humble/opt/rviz_ogre_vendor/lib:/opt/ros/humble/lib/x86_64-linux-gnu:/opt/ros/humble/lib:/opt/MVS/lib/64:/opt/MVS/lib/32:/opt/MVS/lib/64:/opt/MVS/lib/32 /usr/bin/cmake --build /home/hpy/pioneer/hero/all/src/rm_vision_hero/build/rm_serial_driver -- -j16 -l16
[24.754s] Invoking command in '/home/hpy/pioneer/hero/all/src/rm_vision_hero/build/rm_serial_driver': CMAKE_PREFIX_PATH=/home/hpy/pioneer/hero/all/src/rm_vision_hero/install/auto_aim_interfaces:/home/hpy/pioneer/hero/all/src/rm_vision_hero/install/rm_vision_bringup:/home/hpy/pioneer/hero/all/src/rm_vision_hero/install/rm_planner:/home/hpy/pioneer/hero/all/src/rm_vision_hero/install/armor_tracker:/home/hpy/pioneer/hero/all/src/rm_vision_hero/install/armor_detector:/home/hpy/pioneer/hero/all/src/rm_vision_hero/install/rm_tools:/home/hpy/pioneer/hero/all/src/rm_vision_hero/install/rm_serial_driver:/home/hpy/pioneer/hero/all/src/rm_vision_hero/install/rm_gimbal_description:/home/hpy/pioneer/hero/all/src/rm_vision_hero/install/hik_camera:/home/hpy/pioneer/hero/all/src/rm_vision_hero/install/detector:/home/hpy/pioneer/hero/all/src/rm_vision_hero/install/building_transform_interface:/opt/ros/humble LD_LIBRARY_PATH=/home/hpy/pioneer/hero/all/src/rm_vision_hero/install/auto_aim_interfaces/lib:/home/hpy/pioneer/hero/all/src/rm_vision_hero/install/rm_planner/lib:/home/hpy/pioneer/hero/all/src/rm_vision_hero/install/armor_tracker/lib:/home/hpy/pioneer/hero/all/src/rm_vision_hero/install/armor_detector/lib:/home/hpy/pioneer/hero/all/src/rm_vision_hero/install/rm_tools/lib:/home/hpy/pioneer/hero/all/src/rm_vision_hero/install/rm_serial_driver/lib:/home/hpy/pioneer/hero/all/src/rm_vision_hero/install/hik_camera/lib:/home/hpy/pioneer/hero/all/src/rm_vision_hero/install/detector/lib:/home/hpy/pioneer/hero/all/src/rm_vision_hero/install/building_transform_interface/lib:/opt/ros/humble/opt/rviz_ogre_vendor/lib:/opt/ros/humble/lib/x86_64-linux-gnu:/opt/ros/humble/lib:/opt/MVS/lib/64:/opt/MVS/lib/32:/opt/MVS/lib/64:/opt/MVS/lib/32 /usr/bin/cmake --install /home/hpy/pioneer/hero/all/src/rm_vision_hero/build/rm_serial_driver
[24.762s] -- Install configuration: ""
[24.762s] -- Execute custom install script
[24.763s] -- Symlinking: /home/hpy/pioneer/hero/all/src/rm_vision_hero/install/rm_serial_driver/lib/rm_serial_driver/rm_serial_driver_node
[24.771s] -- Symlinking: /home/hpy/pioneer/hero/all/src/rm_vision_hero/install/rm_serial_driver/lib/rm_serial_driver/virtual_serial_node
[24.779s] -- Symlinking: /home/hpy/pioneer/hero/all/src/rm_vision_hero/install/rm_serial_driver/include/rm_serial_driver/crc.hpp
[24.788s] -- Symlinking: /home/hpy/pioneer/hero/all/src/rm_vision_hero/install/rm_serial_driver/include/rm_serial_driver/packet.hpp
[24.798s] -- Symlinking: /home/hpy/pioneer/hero/all/src/rm_vision_hero/install/rm_serial_driver/include/rm_serial_driver/rm_serial_driver.hpp
[24.808s] -- Symlinking: /home/hpy/pioneer/hero/all/src/rm_vision_hero/install/rm_serial_driver/share/rm_serial_driver/environment/library_path.sh
[24.816s] -- Symlinking: /home/hpy/pioneer/hero/all/src/rm_vision_hero/install/rm_serial_driver/share/rm_serial_driver/environment/library_path.dsv
[24.825s] -- Symlinking: /home/hpy/pioneer/hero/all/src/rm_vision_hero/install/rm_serial_driver/lib/librm_serial_driver.so
[24.836s] -- Symlinking: /home/hpy/pioneer/hero/all/src/rm_vision_hero/install/rm_serial_driver/share/rm_serial_driver/config/serial_driver.yaml
[24.845s] -- Symlinking: /home/hpy/pioneer/hero/all/src/rm_vision_hero/install/rm_serial_driver/share/rm_serial_driver/launch/serial_driver.launch.py
[24.854s] -- Symlinking: /home/hpy/pioneer/hero/all/src/rm_vision_hero/install/rm_serial_driver/share/ament_index/resource_index/package_run_dependencies/rm_serial_driver
[24.864s] -- Symlinking: /home/hpy/pioneer/hero/all/src/rm_vision_hero/install/rm_serial_driver/share/ament_index/resource_index/parent_prefix_path/rm_serial_driver
[24.874s] -- Symlinking: /home/hpy/pioneer/hero/all/src/rm_vision_hero/install/rm_serial_driver/share/rm_serial_driver/environment/ament_prefix_path.sh
[24.881s] -- Symlinking: /home/hpy/pioneer/hero/all/src/rm_vision_hero/install/rm_serial_driver/share/rm_serial_driver/environment/ament_prefix_path.dsv
[24.889s] -- Symlinking: /home/hpy/pioneer/hero/all/src/rm_vision_hero/install/rm_serial_driver/share/rm_serial_driver/environment/path.sh
[24.897s] -- Symlinking: /home/hpy/pioneer/hero/all/src/rm_vision_hero/install/rm_serial_driver/share/rm_serial_driver/environment/path.dsv
[24.907s] -- Symlinking: /home/hpy/pioneer/hero/all/src/rm_vision_hero/install/rm_serial_driver/share/rm_serial_driver/local_setup.bash
[24.914s] -- Symlinking: /home/hpy/pioneer/hero/all/src/rm_vision_hero/install/rm_serial_driver/share/rm_serial_driver/local_setup.sh
[24.922s] -- Symlinking: /home/hpy/pioneer/hero/all/src/rm_vision_hero/install/rm_serial_driver/share/rm_serial_driver/local_setup.zsh
[24.930s] -- Symlinking: /home/hpy/pioneer/hero/all/src/rm_vision_hero/install/rm_serial_driver/share/rm_serial_driver/local_setup.dsv
[24.939s] -- Symlinking: /home/hpy/pioneer/hero/all/src/rm_vision_hero/install/rm_serial_driver/share/rm_serial_driver/package.dsv
[24.946s] -- Symlinking: /home/hpy/pioneer/hero/all/src/rm_vision_hero/install/rm_serial_driver/share/ament_index/resource_index/packages/rm_serial_driver
[24.955s] -- Symlinking: /home/hpy/pioneer/hero/all/src/rm_vision_hero/install/rm_serial_driver/share/ament_index/resource_index/rclcpp_components/rm_serial_driver
[24.962s] -- Symlinking: /home/hpy/pioneer/hero/all/src/rm_vision_hero/install/rm_serial_driver/share/rm_serial_driver/cmake/ament_cmake_export_dependencies-extras.cmake
[24.972s] -- Symlinking: /home/hpy/pioneer/hero/all/src/rm_vision_hero/install/rm_serial_driver/share/rm_serial_driver/cmake/ament_cmake_export_include_directories-extras.cmake
[24.979s] -- Symlinking: /home/hpy/pioneer/hero/all/src/rm_vision_hero/install/rm_serial_driver/share/rm_serial_driver/cmake/ament_cmake_export_libraries-extras.cmake
[24.987s] -- Symlinking: /home/hpy/pioneer/hero/all/src/rm_vision_hero/install/rm_serial_driver/share/rm_serial_driver/cmake/rm_serial_driverConfig.cmake
[24.995s] -- Symlinking: /home/hpy/pioneer/hero/all/src/rm_vision_hero/install/rm_serial_driver/share/rm_serial_driver/cmake/rm_serial_driverConfig-version.cmake
[25.002s] -- Symlinking: /home/hpy/pioneer/hero/all/src/rm_vision_hero/install/rm_serial_driver/share/rm_serial_driver/package.xml
[25.014s] Invoked command in '/home/hpy/pioneer/hero/all/src/rm_vision_hero/build/rm_serial_driver' returned '0': CMAKE_PREFIX_PATH=/home/hpy/pioneer/hero/all/src/rm_vision_hero/install/auto_aim_interfaces:/home/hpy/pioneer/hero/all/src/rm_vision_hero/install/rm_vision_bringup:/home/hpy/pioneer/hero/all/src/rm_vision_hero/install/rm_planner:/home/hpy/pioneer/hero/all/src/rm_vision_hero/install/armor_tracker:/home/hpy/pioneer/hero/all/src/rm_vision_hero/install/armor_detector:/home/hpy/pioneer/hero/all/src/rm_vision_hero/install/rm_tools:/home/hpy/pioneer/hero/all/src/rm_vision_hero/install/rm_serial_driver:/home/hpy/pioneer/hero/all/src/rm_vision_hero/install/rm_gimbal_description:/home/hpy/pioneer/hero/all/src/rm_vision_hero/install/hik_camera:/home/hpy/pioneer/hero/all/src/rm_vision_hero/install/detector:/home/hpy/pioneer/hero/all/src/rm_vision_hero/install/building_transform_interface:/opt/ros/humble LD_LIBRARY_PATH=/home/hpy/pioneer/hero/all/src/rm_vision_hero/install/auto_aim_interfaces/lib:/home/hpy/pioneer/hero/all/src/rm_vision_hero/install/rm_planner/lib:/home/hpy/pioneer/hero/all/src/rm_vision_hero/install/armor_tracker/lib:/home/hpy/pioneer/hero/all/src/rm_vision_hero/install/armor_detector/lib:/home/hpy/pioneer/hero/all/src/rm_vision_hero/install/rm_tools/lib:/home/hpy/pioneer/hero/all/src/rm_vision_hero/install/rm_serial_driver/lib:/home/hpy/pioneer/hero/all/src/rm_vision_hero/install/hik_camera/lib:/home/hpy/pioneer/hero/all/src/rm_vision_hero/install/detector/lib:/home/hpy/pioneer/hero/all/src/rm_vision_hero/install/building_transform_interface/lib:/opt/ros/humble/opt/rviz_ogre_vendor/lib:/opt/ros/humble/lib/x86_64-linux-gnu:/opt/ros/humble/lib:/opt/MVS/lib/64:/opt/MVS/lib/32:/opt/MVS/lib/64:/opt/MVS/lib/32 /usr/bin/cmake --install /home/hpy/pioneer/hero/all/src/rm_vision_hero/build/rm_serial_driver
