[0.018s] Invoking command in '/home/hpy/pioneer/hero/all/src/rm_vision_hero/build/building_transform_interface': CMAKE_PREFIX_PATH=${CMAKE_PREFIX_PATH}:/opt/ros/humble /usr/bin/cmake --build /home/hpy/pioneer/hero/all/src/rm_vision_hero/build/building_transform_interface -- -j16 -l16
[0.060s] [  2%] Built target building_transform_interface__cpp
[0.065s] [  2%] Built target ament_cmake_python_symlink_building_transform_interface
[0.066s] [ 12%] Built target building_transform_interface__rosidl_generator_c
[0.097s] [ 23%] Built target building_transform_interface__rosidl_typesupport_introspection_cpp
[0.108s] [ 33%] Built target building_transform_interface__rosidl_typesupport_cpp
[0.108s] [ 43%] Built target building_transform_interface__rosidl_typesupport_fastrtps_cpp
[0.108s] [ 53%] Built target building_transform_interface__rosidl_typesupport_introspection_c
[0.110s] [ 64%] Built target building_transform_interface__rosidl_typesupport_c
[0.131s] [ 74%] Built target building_transform_interface__rosidl_typesupport_fastrtps_c
[0.145s] [ 74%] Built target building_transform_interface
[0.169s] [ 76%] Built target building_transform_interface__py
[0.197s] [ 84%] Built target building_transform_interface__rosidl_generator_py
[0.222s] [ 89%] Built target building_transform_interface__rosidl_typesupport_fastrtps_c__pyext
[0.222s] [ 94%] Built target building_transform_interface__rosidl_typesupport_introspection_c__pyext
[0.225s] [100%] Built target building_transform_interface__rosidl_typesupport_c__pyext
[0.310s] running egg_info
[0.310s] writing building_transform_interface.egg-info/PKG-INFO
[0.311s] writing dependency_links to building_transform_interface.egg-info/dependency_links.txt
[0.311s] writing top-level names to building_transform_interface.egg-info/top_level.txt
[0.312s] reading manifest file 'building_transform_interface.egg-info/SOURCES.txt'
[0.313s] writing manifest file 'building_transform_interface.egg-info/SOURCES.txt'
[0.340s] [100%] Built target ament_cmake_python_build_building_transform_interface_egg
[0.351s] Invoked command in '/home/hpy/pioneer/hero/all/src/rm_vision_hero/build/building_transform_interface' returned '0': CMAKE_PREFIX_PATH=${CMAKE_PREFIX_PATH}:/opt/ros/humble /usr/bin/cmake --build /home/hpy/pioneer/hero/all/src/rm_vision_hero/build/building_transform_interface -- -j16 -l16
[0.354s] Invoking command in '/home/hpy/pioneer/hero/all/src/rm_vision_hero/build/building_transform_interface': CMAKE_PREFIX_PATH=${CMAKE_PREFIX_PATH}:/opt/ros/humble /usr/bin/cmake --install /home/hpy/pioneer/hero/all/src/rm_vision_hero/build/building_transform_interface
[0.364s] -- Install configuration: ""
[0.364s] -- Execute custom install script
[0.364s] -- Up-to-date symlink: /home/hpy/pioneer/hero/all/src/rm_vision_hero/install/building_transform_interface/share/ament_index/resource_index/rosidl_interfaces/building_transform_interface
[0.365s] -- Up-to-date symlink: /home/hpy/pioneer/hero/all/src/rm_vision_hero/install/building_transform_interface/include/building_transform_interface/building_transform_interface/msg/base_armor.h
[0.365s] -- Up-to-date symlink: /home/hpy/pioneer/hero/all/src/rm_vision_hero/install/building_transform_interface/include/building_transform_interface/building_transform_interface/msg/detail/base_armor__functions.h
[0.365s] -- Up-to-date symlink: /home/hpy/pioneer/hero/all/src/rm_vision_hero/install/building_transform_interface/include/building_transform_interface/building_transform_interface/msg/detail/base_armor__struct.h
[0.365s] -- Up-to-date symlink: /home/hpy/pioneer/hero/all/src/rm_vision_hero/install/building_transform_interface/include/building_transform_interface/building_transform_interface/msg/detail/base_armor__type_support.h
[0.366s] -- Up-to-date symlink: /home/hpy/pioneer/hero/all/src/rm_vision_hero/install/building_transform_interface/include/building_transform_interface/building_transform_interface/msg/detail/time_info__functions.h
[0.366s] -- Up-to-date symlink: /home/hpy/pioneer/hero/all/src/rm_vision_hero/install/building_transform_interface/include/building_transform_interface/building_transform_interface/msg/detail/time_info__struct.h
[0.366s] -- Up-to-date symlink: /home/hpy/pioneer/hero/all/src/rm_vision_hero/install/building_transform_interface/include/building_transform_interface/building_transform_interface/msg/detail/time_info__type_support.h
[0.366s] -- Up-to-date symlink: /home/hpy/pioneer/hero/all/src/rm_vision_hero/install/building_transform_interface/include/building_transform_interface/building_transform_interface/msg/rosidl_generator_c__visibility_control.h
[0.366s] -- Up-to-date symlink: /home/hpy/pioneer/hero/all/src/rm_vision_hero/install/building_transform_interface/include/building_transform_interface/building_transform_interface/msg/time_info.h
[0.366s] -- Up-to-date symlink: /home/hpy/pioneer/hero/all/src/rm_vision_hero/install/building_transform_interface/share/building_transform_interface/environment/library_path.sh
[0.366s] -- Up-to-date symlink: /home/hpy/pioneer/hero/all/src/rm_vision_hero/install/building_transform_interface/share/building_transform_interface/environment/library_path.dsv
[0.366s] -- Up-to-date symlink: /home/hpy/pioneer/hero/all/src/rm_vision_hero/install/building_transform_interface/include/building_transform_interface/building_transform_interface/msg/detail/base_armor__rosidl_typesupport_fastrtps_c.h
[0.366s] -- Up-to-date symlink: /home/hpy/pioneer/hero/all/src/rm_vision_hero/install/building_transform_interface/include/building_transform_interface/building_transform_interface/msg/detail/time_info__rosidl_typesupport_fastrtps_c.h
[0.366s] -- Up-to-date symlink: /home/hpy/pioneer/hero/all/src/rm_vision_hero/install/building_transform_interface/include/building_transform_interface/building_transform_interface/msg/rosidl_typesupport_fastrtps_c__visibility_control.h
[0.366s] -- Up-to-date symlink: /home/hpy/pioneer/hero/all/src/rm_vision_hero/install/building_transform_interface/include/building_transform_interface/building_transform_interface/msg/detail/base_armor__rosidl_typesupport_introspection_c.h
[0.366s] -- Up-to-date symlink: /home/hpy/pioneer/hero/all/src/rm_vision_hero/install/building_transform_interface/include/building_transform_interface/building_transform_interface/msg/detail/time_info__rosidl_typesupport_introspection_c.h
[0.367s] -- Up-to-date symlink: /home/hpy/pioneer/hero/all/src/rm_vision_hero/install/building_transform_interface/include/building_transform_interface/building_transform_interface/msg/rosidl_typesupport_introspection_c__visibility_control.h
[0.367s] -- Up-to-date symlink: /home/hpy/pioneer/hero/all/src/rm_vision_hero/install/building_transform_interface/include/building_transform_interface/building_transform_interface/msg/base_armor.hpp
[0.367s] -- Up-to-date symlink: /home/hpy/pioneer/hero/all/src/rm_vision_hero/install/building_transform_interface/include/building_transform_interface/building_transform_interface/msg/detail/base_armor__builder.hpp
[0.367s] -- Up-to-date symlink: /home/hpy/pioneer/hero/all/src/rm_vision_hero/install/building_transform_interface/include/building_transform_interface/building_transform_interface/msg/detail/base_armor__struct.hpp
[0.367s] -- Up-to-date symlink: /home/hpy/pioneer/hero/all/src/rm_vision_hero/install/building_transform_interface/include/building_transform_interface/building_transform_interface/msg/detail/base_armor__traits.hpp
[0.367s] -- Up-to-date symlink: /home/hpy/pioneer/hero/all/src/rm_vision_hero/install/building_transform_interface/include/building_transform_interface/building_transform_interface/msg/detail/base_armor__type_support.hpp
[0.367s] -- Up-to-date symlink: /home/hpy/pioneer/hero/all/src/rm_vision_hero/install/building_transform_interface/include/building_transform_interface/building_transform_interface/msg/detail/time_info__builder.hpp
[0.367s] -- Up-to-date symlink: /home/hpy/pioneer/hero/all/src/rm_vision_hero/install/building_transform_interface/include/building_transform_interface/building_transform_interface/msg/detail/time_info__struct.hpp
[0.367s] -- Up-to-date symlink: /home/hpy/pioneer/hero/all/src/rm_vision_hero/install/building_transform_interface/include/building_transform_interface/building_transform_interface/msg/detail/time_info__traits.hpp
[0.367s] -- Up-to-date symlink: /home/hpy/pioneer/hero/all/src/rm_vision_hero/install/building_transform_interface/include/building_transform_interface/building_transform_interface/msg/detail/time_info__type_support.hpp
[0.367s] -- Up-to-date symlink: /home/hpy/pioneer/hero/all/src/rm_vision_hero/install/building_transform_interface/include/building_transform_interface/building_transform_interface/msg/rosidl_generator_cpp__visibility_control.hpp
[0.367s] -- Up-to-date symlink: /home/hpy/pioneer/hero/all/src/rm_vision_hero/install/building_transform_interface/include/building_transform_interface/building_transform_interface/msg/time_info.hpp
[0.368s] -- Up-to-date symlink: /home/hpy/pioneer/hero/all/src/rm_vision_hero/install/building_transform_interface/include/building_transform_interface/building_transform_interface/msg/detail/base_armor__rosidl_typesupport_fastrtps_cpp.hpp
[0.368s] -- Up-to-date symlink: /home/hpy/pioneer/hero/all/src/rm_vision_hero/install/building_transform_interface/include/building_transform_interface/building_transform_interface/msg/detail/time_info__rosidl_typesupport_fastrtps_cpp.hpp
[0.368s] -- Up-to-date symlink: /home/hpy/pioneer/hero/all/src/rm_vision_hero/install/building_transform_interface/include/building_transform_interface/building_transform_interface/msg/rosidl_typesupport_fastrtps_cpp__visibility_control.h
[0.368s] -- Up-to-date symlink: /home/hpy/pioneer/hero/all/src/rm_vision_hero/install/building_transform_interface/include/building_transform_interface/building_transform_interface/msg/detail/base_armor__rosidl_typesupport_introspection_cpp.hpp
[0.368s] -- Up-to-date symlink: /home/hpy/pioneer/hero/all/src/rm_vision_hero/install/building_transform_interface/include/building_transform_interface/building_transform_interface/msg/detail/time_info__rosidl_typesupport_introspection_cpp.hpp
[0.368s] -- Up-to-date symlink: /home/hpy/pioneer/hero/all/src/rm_vision_hero/install/building_transform_interface/share/building_transform_interface/environment/pythonpath.sh
[0.368s] -- Up-to-date symlink: /home/hpy/pioneer/hero/all/src/rm_vision_hero/install/building_transform_interface/share/building_transform_interface/environment/pythonpath.dsv
[0.368s] -- Up-to-date symlink: /home/hpy/pioneer/hero/all/src/rm_vision_hero/install/building_transform_interface/local/lib/python3.10/dist-packages/building_transform_interface-0.0.0-py3.10.egg-info/PKG-INFO
[0.368s] -- Up-to-date symlink: /home/hpy/pioneer/hero/all/src/rm_vision_hero/install/building_transform_interface/local/lib/python3.10/dist-packages/building_transform_interface-0.0.0-py3.10.egg-info/SOURCES.txt
[0.368s] -- Up-to-date symlink: /home/hpy/pioneer/hero/all/src/rm_vision_hero/install/building_transform_interface/local/lib/python3.10/dist-packages/building_transform_interface-0.0.0-py3.10.egg-info/dependency_links.txt
[0.368s] -- Up-to-date symlink: /home/hpy/pioneer/hero/all/src/rm_vision_hero/install/building_transform_interface/local/lib/python3.10/dist-packages/building_transform_interface-0.0.0-py3.10.egg-info/top_level.txt
[0.368s] -- Up-to-date symlink: /home/hpy/pioneer/hero/all/src/rm_vision_hero/install/building_transform_interface/local/lib/python3.10/dist-packages/building_transform_interface/__init__.py
[0.369s] -- Up-to-date symlink: /home/hpy/pioneer/hero/all/src/rm_vision_hero/install/building_transform_interface/local/lib/python3.10/dist-packages/building_transform_interface/_building_transform_interface_s.ep.rosidl_typesupport_c.c
[0.369s] -- Up-to-date symlink: /home/hpy/pioneer/hero/all/src/rm_vision_hero/install/building_transform_interface/local/lib/python3.10/dist-packages/building_transform_interface/_building_transform_interface_s.ep.rosidl_typesupport_fastrtps_c.c
[0.369s] -- Up-to-date symlink: /home/hpy/pioneer/hero/all/src/rm_vision_hero/install/building_transform_interface/local/lib/python3.10/dist-packages/building_transform_interface/_building_transform_interface_s.ep.rosidl_typesupport_introspection_c.c
[0.369s] -- Up-to-date symlink: /home/hpy/pioneer/hero/all/src/rm_vision_hero/install/building_transform_interface/local/lib/python3.10/dist-packages/building_transform_interface/building_transform_interface_s__rosidl_typesupport_c.cpython-310-x86_64-linux-gnu.so
[0.369s] -- Up-to-date symlink: /home/hpy/pioneer/hero/all/src/rm_vision_hero/install/building_transform_interface/local/lib/python3.10/dist-packages/building_transform_interface/building_transform_interface_s__rosidl_typesupport_fastrtps_c.cpython-310-x86_64-linux-gnu.so
[0.369s] -- Up-to-date symlink: /home/hpy/pioneer/hero/all/src/rm_vision_hero/install/building_transform_interface/local/lib/python3.10/dist-packages/building_transform_interface/building_transform_interface_s__rosidl_typesupport_introspection_c.cpython-310-x86_64-linux-gnu.so
[0.369s] -- Up-to-date symlink: /home/hpy/pioneer/hero/all/src/rm_vision_hero/install/building_transform_interface/local/lib/python3.10/dist-packages/building_transform_interface/libbuilding_transform_interface__rosidl_generator_py.so
[0.369s] -- Up-to-date symlink: /home/hpy/pioneer/hero/all/src/rm_vision_hero/install/building_transform_interface/local/lib/python3.10/dist-packages/building_transform_interface/msg/__init__.py
[0.369s] -- Up-to-date symlink: /home/hpy/pioneer/hero/all/src/rm_vision_hero/install/building_transform_interface/local/lib/python3.10/dist-packages/building_transform_interface/msg/_base_armor.py
[0.369s] -- Up-to-date symlink: /home/hpy/pioneer/hero/all/src/rm_vision_hero/install/building_transform_interface/local/lib/python3.10/dist-packages/building_transform_interface/msg/_base_armor_s.c
[0.369s] -- Up-to-date symlink: /home/hpy/pioneer/hero/all/src/rm_vision_hero/install/building_transform_interface/local/lib/python3.10/dist-packages/building_transform_interface/msg/_time_info.py
[0.369s] -- Up-to-date symlink: /home/hpy/pioneer/hero/all/src/rm_vision_hero/install/building_transform_interface/local/lib/python3.10/dist-packages/building_transform_interface/msg/_time_info_s.c
[0.370s] -- Up-to-date symlink: /home/hpy/pioneer/hero/all/src/rm_vision_hero/install/building_transform_interface/local/lib/python3.10/dist-packages/building_transform_interface/building_transform_interface_s__rosidl_typesupport_fastrtps_c.cpython-310-x86_64-linux-gnu.so
[0.370s] -- Up-to-date symlink: /home/hpy/pioneer/hero/all/src/rm_vision_hero/install/building_transform_interface/local/lib/python3.10/dist-packages/building_transform_interface/building_transform_interface_s__rosidl_typesupport_introspection_c.cpython-310-x86_64-linux-gnu.so
[0.370s] -- Up-to-date symlink: /home/hpy/pioneer/hero/all/src/rm_vision_hero/install/building_transform_interface/local/lib/python3.10/dist-packages/building_transform_interface/building_transform_interface_s__rosidl_typesupport_c.cpython-310-x86_64-linux-gnu.so
[0.370s] -- Up-to-date symlink: /home/hpy/pioneer/hero/all/src/rm_vision_hero/install/building_transform_interface/share/building_transform_interface/msg/BaseArmor.idl
[0.370s] -- Up-to-date symlink: /home/hpy/pioneer/hero/all/src/rm_vision_hero/install/building_transform_interface/share/building_transform_interface/msg/TimeInfo.idl
[0.370s] -- Up-to-date symlink: /home/hpy/pioneer/hero/all/src/rm_vision_hero/install/building_transform_interface/share/building_transform_interface/msg/BaseArmor.msg
[0.370s] -- Up-to-date symlink: /home/hpy/pioneer/hero/all/src/rm_vision_hero/install/building_transform_interface/share/building_transform_interface/msg/TimeInfo.msg
[0.370s] -- Up-to-date symlink: /home/hpy/pioneer/hero/all/src/rm_vision_hero/install/building_transform_interface/share/ament_index/resource_index/package_run_dependencies/building_transform_interface
[0.370s] -- Up-to-date symlink: /home/hpy/pioneer/hero/all/src/rm_vision_hero/install/building_transform_interface/share/ament_index/resource_index/parent_prefix_path/building_transform_interface
[0.370s] -- Up-to-date symlink: /home/hpy/pioneer/hero/all/src/rm_vision_hero/install/building_transform_interface/share/building_transform_interface/environment/ament_prefix_path.sh
[0.370s] -- Up-to-date symlink: /home/hpy/pioneer/hero/all/src/rm_vision_hero/install/building_transform_interface/share/building_transform_interface/environment/ament_prefix_path.dsv
[0.370s] -- Up-to-date symlink: /home/hpy/pioneer/hero/all/src/rm_vision_hero/install/building_transform_interface/share/building_transform_interface/environment/path.sh
[0.370s] -- Up-to-date symlink: /home/hpy/pioneer/hero/all/src/rm_vision_hero/install/building_transform_interface/share/building_transform_interface/environment/path.dsv
[0.370s] -- Up-to-date symlink: /home/hpy/pioneer/hero/all/src/rm_vision_hero/install/building_transform_interface/share/building_transform_interface/local_setup.bash
[0.371s] -- Up-to-date symlink: /home/hpy/pioneer/hero/all/src/rm_vision_hero/install/building_transform_interface/share/building_transform_interface/local_setup.sh
[0.371s] -- Up-to-date symlink: /home/hpy/pioneer/hero/all/src/rm_vision_hero/install/building_transform_interface/share/building_transform_interface/local_setup.zsh
[0.371s] -- Up-to-date symlink: /home/hpy/pioneer/hero/all/src/rm_vision_hero/install/building_transform_interface/share/building_transform_interface/local_setup.dsv
[0.371s] -- Symlinking: /home/hpy/pioneer/hero/all/src/rm_vision_hero/install/building_transform_interface/share/building_transform_interface/package.dsv
[0.381s] -- Up-to-date symlink: /home/hpy/pioneer/hero/all/src/rm_vision_hero/install/building_transform_interface/share/ament_index/resource_index/packages/building_transform_interface
[0.381s] -- Up-to-date symlink: /home/hpy/pioneer/hero/all/src/rm_vision_hero/install/building_transform_interface/share/building_transform_interface/cmake/rosidl_cmake-extras.cmake
[0.381s] -- Up-to-date symlink: /home/hpy/pioneer/hero/all/src/rm_vision_hero/install/building_transform_interface/share/building_transform_interface/cmake/ament_cmake_export_dependencies-extras.cmake
[0.381s] -- Up-to-date symlink: /home/hpy/pioneer/hero/all/src/rm_vision_hero/install/building_transform_interface/share/building_transform_interface/cmake/ament_cmake_export_include_directories-extras.cmake
[0.381s] -- Up-to-date symlink: /home/hpy/pioneer/hero/all/src/rm_vision_hero/install/building_transform_interface/share/building_transform_interface/cmake/ament_cmake_export_libraries-extras.cmake
[0.382s] -- Up-to-date symlink: /home/hpy/pioneer/hero/all/src/rm_vision_hero/install/building_transform_interface/share/building_transform_interface/cmake/ament_cmake_export_targets-extras.cmake
[0.382s] -- Up-to-date symlink: /home/hpy/pioneer/hero/all/src/rm_vision_hero/install/building_transform_interface/share/building_transform_interface/cmake/rosidl_cmake_export_typesupport_targets-extras.cmake
[0.382s] -- Up-to-date symlink: /home/hpy/pioneer/hero/all/src/rm_vision_hero/install/building_transform_interface/share/building_transform_interface/cmake/rosidl_cmake_export_typesupport_libraries-extras.cmake
[0.382s] -- Up-to-date symlink: /home/hpy/pioneer/hero/all/src/rm_vision_hero/install/building_transform_interface/share/building_transform_interface/cmake/building_transform_interfaceConfig.cmake
[0.382s] -- Up-to-date symlink: /home/hpy/pioneer/hero/all/src/rm_vision_hero/install/building_transform_interface/share/building_transform_interface/cmake/building_transform_interfaceConfig-version.cmake
[0.382s] -- Up-to-date symlink: /home/hpy/pioneer/hero/all/src/rm_vision_hero/install/building_transform_interface/share/building_transform_interface/package.xml
[0.383s] -- Up-to-date: /home/hpy/pioneer/hero/all/src/rm_vision_hero/install/building_transform_interface/lib/libbuilding_transform_interface__rosidl_generator_c.so
[0.383s] -- Up-to-date: /home/hpy/pioneer/hero/all/src/rm_vision_hero/install/building_transform_interface/lib/libbuilding_transform_interface__rosidl_typesupport_fastrtps_c.so
[0.383s] -- Up-to-date: /home/hpy/pioneer/hero/all/src/rm_vision_hero/install/building_transform_interface/lib/libbuilding_transform_interface__rosidl_typesupport_introspection_c.so
[0.384s] -- Up-to-date: /home/hpy/pioneer/hero/all/src/rm_vision_hero/install/building_transform_interface/lib/libbuilding_transform_interface__rosidl_typesupport_c.so
[0.384s] -- Up-to-date: /home/hpy/pioneer/hero/all/src/rm_vision_hero/install/building_transform_interface/lib/libbuilding_transform_interface__rosidl_typesupport_fastrtps_cpp.so
[0.384s] -- Up-to-date: /home/hpy/pioneer/hero/all/src/rm_vision_hero/install/building_transform_interface/lib/libbuilding_transform_interface__rosidl_typesupport_introspection_cpp.so
[0.384s] -- Up-to-date: /home/hpy/pioneer/hero/all/src/rm_vision_hero/install/building_transform_interface/lib/libbuilding_transform_interface__rosidl_typesupport_cpp.so
[0.411s] Listing '/home/hpy/pioneer/hero/all/src/rm_vision_hero/install/building_transform_interface/local/lib/python3.10/dist-packages/building_transform_interface'...
[0.411s] Listing '/home/hpy/pioneer/hero/all/src/rm_vision_hero/install/building_transform_interface/local/lib/python3.10/dist-packages/building_transform_interface/msg'...
[0.415s] -- Up-to-date: /home/hpy/pioneer/hero/all/src/rm_vision_hero/install/building_transform_interface/lib/libbuilding_transform_interface__rosidl_generator_py.so
[0.415s] -- Up-to-date: /home/hpy/pioneer/hero/all/src/rm_vision_hero/install/building_transform_interface/share/building_transform_interface/cmake/export_building_transform_interface__rosidl_generator_cExport.cmake
[0.416s] -- Up-to-date: /home/hpy/pioneer/hero/all/src/rm_vision_hero/install/building_transform_interface/share/building_transform_interface/cmake/export_building_transform_interface__rosidl_generator_cExport-noconfig.cmake
[0.416s] -- Up-to-date: /home/hpy/pioneer/hero/all/src/rm_vision_hero/install/building_transform_interface/share/building_transform_interface/cmake/export_building_transform_interface__rosidl_typesupport_fastrtps_cExport.cmake
[0.416s] -- Up-to-date: /home/hpy/pioneer/hero/all/src/rm_vision_hero/install/building_transform_interface/share/building_transform_interface/cmake/export_building_transform_interface__rosidl_typesupport_fastrtps_cExport-noconfig.cmake
[0.416s] -- Up-to-date: /home/hpy/pioneer/hero/all/src/rm_vision_hero/install/building_transform_interface/share/building_transform_interface/cmake/building_transform_interface__rosidl_typesupport_introspection_cExport.cmake
[0.418s] -- Up-to-date: /home/hpy/pioneer/hero/all/src/rm_vision_hero/install/building_transform_interface/share/building_transform_interface/cmake/building_transform_interface__rosidl_typesupport_introspection_cExport-noconfig.cmake
[0.419s] -- Up-to-date: /home/hpy/pioneer/hero/all/src/rm_vision_hero/install/building_transform_interface/share/building_transform_interface/cmake/building_transform_interface__rosidl_typesupport_cExport.cmake
[0.419s] -- Up-to-date: /home/hpy/pioneer/hero/all/src/rm_vision_hero/install/building_transform_interface/share/building_transform_interface/cmake/building_transform_interface__rosidl_typesupport_cExport-noconfig.cmake
[0.419s] -- Up-to-date: /home/hpy/pioneer/hero/all/src/rm_vision_hero/install/building_transform_interface/share/building_transform_interface/cmake/export_building_transform_interface__rosidl_generator_cppExport.cmake
[0.419s] -- Up-to-date: /home/hpy/pioneer/hero/all/src/rm_vision_hero/install/building_transform_interface/share/building_transform_interface/cmake/export_building_transform_interface__rosidl_typesupport_fastrtps_cppExport.cmake
[0.419s] -- Up-to-date: /home/hpy/pioneer/hero/all/src/rm_vision_hero/install/building_transform_interface/share/building_transform_interface/cmake/export_building_transform_interface__rosidl_typesupport_fastrtps_cppExport-noconfig.cmake
[0.419s] -- Up-to-date: /home/hpy/pioneer/hero/all/src/rm_vision_hero/install/building_transform_interface/share/building_transform_interface/cmake/building_transform_interface__rosidl_typesupport_introspection_cppExport.cmake
[0.420s] -- Up-to-date: /home/hpy/pioneer/hero/all/src/rm_vision_hero/install/building_transform_interface/share/building_transform_interface/cmake/building_transform_interface__rosidl_typesupport_introspection_cppExport-noconfig.cmake
[0.420s] -- Up-to-date: /home/hpy/pioneer/hero/all/src/rm_vision_hero/install/building_transform_interface/share/building_transform_interface/cmake/building_transform_interface__rosidl_typesupport_cppExport.cmake
[0.420s] -- Up-to-date: /home/hpy/pioneer/hero/all/src/rm_vision_hero/install/building_transform_interface/share/building_transform_interface/cmake/building_transform_interface__rosidl_typesupport_cppExport-noconfig.cmake
[0.420s] -- Up-to-date: /home/hpy/pioneer/hero/all/src/rm_vision_hero/install/building_transform_interface/share/building_transform_interface/cmake/export_building_transform_interface__rosidl_generator_pyExport.cmake
[0.420s] -- Up-to-date: /home/hpy/pioneer/hero/all/src/rm_vision_hero/install/building_transform_interface/share/building_transform_interface/cmake/export_building_transform_interface__rosidl_generator_pyExport-noconfig.cmake
[0.442s] Invoked command in '/home/hpy/pioneer/hero/all/src/rm_vision_hero/build/building_transform_interface' returned '0': CMAKE_PREFIX_PATH=${CMAKE_PREFIX_PATH}:/opt/ros/humble /usr/bin/cmake --install /home/hpy/pioneer/hero/all/src/rm_vision_hero/build/building_transform_interface
