[35m[1mConsolidate compiler generated dependencies of target rm_tools[0m
[100%] Built target rm_tools
-- Install configuration: ""
-- Execute custom install script
-- Symlinking: /home/hpy/pioneer/hero/all/src/rm_vision_hero/install/rm_tools/include/rm_tools/extended_kalman_filter.hpp
-- Symlinking: /home/hpy/pioneer/hero/all/src/rm_vision_hero/install/rm_tools/include/rm_tools/manual_compensator.hpp
-- Symlinking: /home/hpy/pioneer/hero/all/src/rm_vision_hero/install/rm_tools/include/rm_tools/math.hpp
-- Symlinking: /home/hpy/pioneer/hero/all/src/rm_vision_hero/install/rm_tools/include/rm_tools/pnp_solver.hpp
-- Symlinking: /home/hpy/pioneer/hero/all/src/rm_vision_hero/install/rm_tools/include/rm_tools/rotation_bridge.hpp
-- Symlinking: /home/hpy/pioneer/hero/all/src/rm_vision_hero/install/rm_tools/include/rm_tools/trajectory_compensator.hpp
-- Symlinking: /home/hpy/pioneer/hero/all/src/rm_vision_hero/install/rm_tools/share/rm_tools/environment/library_path.sh
-- Symlinking: /home/hpy/pioneer/hero/all/src/rm_vision_hero/install/rm_tools/share/rm_tools/environment/library_path.dsv
-- Symlinking: /home/hpy/pioneer/hero/all/src/rm_vision_hero/install/rm_tools/share/ament_index/resource_index/package_run_dependencies/rm_tools
-- Symlinking: /home/hpy/pioneer/hero/all/src/rm_vision_hero/install/rm_tools/share/ament_index/resource_index/parent_prefix_path/rm_tools
-- Symlinking: /home/hpy/pioneer/hero/all/src/rm_vision_hero/install/rm_tools/share/rm_tools/environment/ament_prefix_path.sh
-- Symlinking: /home/hpy/pioneer/hero/all/src/rm_vision_hero/install/rm_tools/share/rm_tools/environment/ament_prefix_path.dsv
-- Symlinking: /home/hpy/pioneer/hero/all/src/rm_vision_hero/install/rm_tools/share/rm_tools/environment/path.sh
-- Symlinking: /home/hpy/pioneer/hero/all/src/rm_vision_hero/install/rm_tools/share/rm_tools/environment/path.dsv
-- Symlinking: /home/hpy/pioneer/hero/all/src/rm_vision_hero/install/rm_tools/share/rm_tools/local_setup.bash
-- Symlinking: /home/hpy/pioneer/hero/all/src/rm_vision_hero/install/rm_tools/share/rm_tools/local_setup.sh
-- Symlinking: /home/hpy/pioneer/hero/all/src/rm_vision_hero/install/rm_tools/share/rm_tools/local_setup.zsh
-- Symlinking: /home/hpy/pioneer/hero/all/src/rm_vision_hero/install/rm_tools/share/rm_tools/local_setup.dsv
-- Symlinking: /home/hpy/pioneer/hero/all/src/rm_vision_hero/install/rm_tools/share/rm_tools/package.dsv
-- Symlinking: /home/hpy/pioneer/hero/all/src/rm_vision_hero/install/rm_tools/share/ament_index/resource_index/packages/rm_tools
-- Symlinking: /home/hpy/pioneer/hero/all/src/rm_vision_hero/install/rm_tools/share/rm_tools/cmake/ament_cmake_export_targets-extras.cmake
-- Symlinking: /home/hpy/pioneer/hero/all/src/rm_vision_hero/install/rm_tools/share/rm_tools/cmake/ament_cmake_export_dependencies-extras.cmake
-- Symlinking: /home/hpy/pioneer/hero/all/src/rm_vision_hero/install/rm_tools/share/rm_tools/cmake/rm_toolsConfig.cmake
-- Symlinking: /home/hpy/pioneer/hero/all/src/rm_vision_hero/install/rm_tools/share/rm_tools/cmake/rm_toolsConfig-version.cmake
-- Symlinking: /home/hpy/pioneer/hero/all/src/rm_vision_hero/install/rm_tools/share/rm_tools/package.xml
-- Installing: /home/hpy/pioneer/hero/all/src/rm_vision_hero/install/rm_tools/lib/librm_tools.so
-- Set runtime path of "/home/hpy/pioneer/hero/all/src/rm_vision_hero/install/rm_tools/lib/librm_tools.so" to ""
-- Installing: /home/hpy/pioneer/hero/all/src/rm_vision_hero/install/rm_tools/share/rm_tools/cmake/rm_toolsExport.cmake
-- Installing: /home/hpy/pioneer/hero/all/src/rm_vision_hero/install/rm_tools/share/rm_tools/cmake/rm_toolsExport-noconfig.cmake
