-- The C compiler identification is GNU 11.4.0
-- The CXX compiler identification is GNU 11.4.0
-- Detecting C compiler ABI info
-- Detecting C compiler ABI info - done
-- Check for working C compiler: /usr/bin/cc - skipped
-- Detecting C compile features
-- Detecting C compile features - done
-- Detecting CXX compiler ABI info
-- Detecting CXX compiler ABI info - done
-- Check for working CXX compiler: /usr/bin/c++ - skipped
-- Detecting CXX compile features
-- Detecting CXX compile features - done
-- Found ament_cmake: 1.3.12 (/opt/ros/humble/share/ament_cmake/cmake)
-- Found Python3: /usr/bin/python3 (found version "3.10.12") found components: Interpreter 
-- Override CMake install command with custom implementation using symlinks instead of copying resources
-- Found rosidl_default_generators: 1.2.0 (/opt/ros/humble/share/rosidl_default_generators/cmake)
-- Using all available rosidl_typesupport_c: rosidl_typesupport_fastrtps_c;rosidl_typesupport_introspection_c
-- Found rosidl_adapter: 3.1.8 (/opt/ros/humble/share/rosidl_adapter/cmake)
-- Using all available rosidl_typesupport_cpp: rosidl_typesupport_fastrtps_cpp;rosidl_typesupport_introspection_cpp
-- Found geometry_msgs: 4.9.0 (/opt/ros/humble/share/geometry_msgs/cmake)
-- Found ament_cmake_ros: 0.10.0 (/opt/ros/humble/share/ament_cmake_ros/cmake)
-- Using all available rosidl_typesupport_c: rosidl_typesupport_fastrtps_c;rosidl_typesupport_introspection_c
-- Using all available rosidl_typesupport_cpp: rosidl_typesupport_fastrtps_cpp;rosidl_typesupport_introspection_cpp
-- Found PythonInterp: /usr/bin/python3 (found suitable version "3.10.12", minimum required is "3.6") 
-- Found python_cmake_module: 0.10.0 (/opt/ros/humble/share/python_cmake_module/cmake)
-- Found PythonLibs: /usr/lib/x86_64-linux-gnu/libpython3.10.so (found suitable version "3.10.12", minimum required is "3.5") 
-- Using PYTHON_EXECUTABLE: /usr/bin/python3
-- Using PYTHON_INCLUDE_DIRS: /usr/include/python3.10
-- Using PYTHON_LIBRARIES: /usr/lib/x86_64-linux-gnu/libpython3.10.so
-- Found PythonExtra: .so  
-- Configuring done
-- Generating done
-- Build files have been written to: /home/hpy/pioneer/hero/all/src/rm_vision_hero/build/building_transform_interface
[  2%] [34m[1mGenerating C code for ROS interfaces[0m
[  5%] [34m[1mGenerating C++ code for ROS interfaces[0m
[  5%] Built target ament_cmake_python_symlink_building_transform_interface
running egg_info
creating building_transform_interface.egg-info
writing building_transform_interface.egg-info/PKG-INFO
writing dependency_links to building_transform_interface.egg-info/dependency_links.txt
writing top-level names to building_transform_interface.egg-info/top_level.txt
writing manifest file 'building_transform_interface.egg-info/SOURCES.txt'
reading manifest file 'building_transform_interface.egg-info/SOURCES.txt'
writing manifest file 'building_transform_interface.egg-info/SOURCES.txt'
[  5%] Built target ament_cmake_python_build_building_transform_interface_egg
[  7%] [32mBuilding C object CMakeFiles/building_transform_interface__rosidl_generator_c.dir/rosidl_generator_c/building_transform_interface/msg/detail/base_armor__functions.c.o[0m
[ 10%] [32mBuilding C object CMakeFiles/building_transform_interface__rosidl_generator_c.dir/rosidl_generator_c/building_transform_interface/msg/detail/time_info__functions.c.o[0m
[ 10%] Built target building_transform_interface__cpp
[ 12%] [34m[1mGenerating C++ type support for eProsima Fast-RTPS[0m
[ 15%] [34m[1mGenerating C++ introspection for ROS interfaces[0m
[ 17%] [34m[1mGenerating C++ type support dispatch for ROS interfaces[0m
[ 20%] [32m[1mLinking C shared library libbuilding_transform_interface__rosidl_generator_c.so[0m
[ 20%] Built target building_transform_interface__rosidl_generator_c
[ 23%] [34m[1mGenerating C type support for eProsima Fast-RTPS[0m
[ 25%] [34m[1mGenerating C introspection for ROS interfaces[0m
[ 28%] [34m[1mGenerating C type support dispatch for ROS interfaces[0m
[ 30%] [32mBuilding CXX object CMakeFiles/building_transform_interface__rosidl_typesupport_introspection_cpp.dir/rosidl_typesupport_introspection_cpp/building_transform_interface/msg/detail/base_armor__type_support.cpp.o[0m
[ 33%] [32mBuilding CXX object CMakeFiles/building_transform_interface__rosidl_typesupport_introspection_cpp.dir/rosidl_typesupport_introspection_cpp/building_transform_interface/msg/detail/time_info__type_support.cpp.o[0m
[ 35%] [32mBuilding CXX object CMakeFiles/building_transform_interface__rosidl_typesupport_fastrtps_cpp.dir/rosidl_typesupport_fastrtps_cpp/building_transform_interface/msg/detail/dds_fastrtps/base_armor__type_support.cpp.o[0m
[ 38%] [32mBuilding CXX object CMakeFiles/building_transform_interface__rosidl_typesupport_fastrtps_cpp.dir/rosidl_typesupport_fastrtps_cpp/building_transform_interface/msg/detail/dds_fastrtps/time_info__type_support.cpp.o[0m
[ 41%] [32mBuilding CXX object CMakeFiles/building_transform_interface__rosidl_typesupport_cpp.dir/rosidl_typesupport_cpp/building_transform_interface/msg/base_armor__type_support.cpp.o[0m
[ 43%] [32mBuilding CXX object CMakeFiles/building_transform_interface__rosidl_typesupport_cpp.dir/rosidl_typesupport_cpp/building_transform_interface/msg/time_info__type_support.cpp.o[0m
[ 46%] [32mBuilding CXX object CMakeFiles/building_transform_interface__rosidl_typesupport_c.dir/rosidl_typesupport_c/building_transform_interface/msg/base_armor__type_support.cpp.o[0m
[ 48%] [32mBuilding CXX object CMakeFiles/building_transform_interface__rosidl_typesupport_c.dir/rosidl_typesupport_c/building_transform_interface/msg/time_info__type_support.cpp.o[0m
[ 51%] [32mBuilding C object CMakeFiles/building_transform_interface__rosidl_typesupport_introspection_c.dir/rosidl_typesupport_introspection_c/building_transform_interface/msg/detail/base_armor__type_support.c.o[0m
[ 53%] [32mBuilding CXX object CMakeFiles/building_transform_interface__rosidl_typesupport_fastrtps_c.dir/rosidl_typesupport_fastrtps_c/building_transform_interface/msg/detail/base_armor__type_support_c.cpp.o[0m
[ 56%] [32mBuilding C object CMakeFiles/building_transform_interface__rosidl_typesupport_introspection_c.dir/rosidl_typesupport_introspection_c/building_transform_interface/msg/detail/time_info__type_support.c.o[0m
[ 58%] [32mBuilding CXX object CMakeFiles/building_transform_interface__rosidl_typesupport_fastrtps_c.dir/rosidl_typesupport_fastrtps_c/building_transform_interface/msg/detail/time_info__type_support_c.cpp.o[0m
[ 61%] [32m[1mLinking CXX shared library libbuilding_transform_interface__rosidl_typesupport_c.so[0m
[ 64%] [32m[1mLinking C shared library libbuilding_transform_interface__rosidl_typesupport_introspection_c.so[0m
[ 64%] Built target building_transform_interface__rosidl_typesupport_c
[ 64%] Built target building_transform_interface__rosidl_typesupport_introspection_c
[ 66%] [32m[1mLinking CXX shared library libbuilding_transform_interface__rosidl_typesupport_cpp.so[0m
[ 66%] Built target building_transform_interface__rosidl_typesupport_cpp
[ 69%] [32m[1mLinking CXX shared library libbuilding_transform_interface__rosidl_typesupport_fastrtps_c.so[0m
[ 69%] Built target building_transform_interface__rosidl_typesupport_fastrtps_c
[ 71%] [32m[1mLinking CXX shared library libbuilding_transform_interface__rosidl_typesupport_introspection_cpp.so[0m
[ 74%] [32m[1mLinking CXX shared library libbuilding_transform_interface__rosidl_typesupport_fastrtps_cpp.so[0m
[ 74%] Built target building_transform_interface__rosidl_typesupport_introspection_cpp
[ 74%] Built target building_transform_interface__rosidl_typesupport_fastrtps_cpp
[ 74%] Built target building_transform_interface
[ 76%] [34m[1mGenerating Python code for ROS interfaces[0m
[ 76%] Built target building_transform_interface__py
[ 79%] [32mBuilding C object CMakeFiles/building_transform_interface__rosidl_generator_py.dir/rosidl_generator_py/building_transform_interface/msg/_base_armor_s.c.o[0m
[ 82%] [32mBuilding C object CMakeFiles/building_transform_interface__rosidl_generator_py.dir/rosidl_generator_py/building_transform_interface/msg/_time_info_s.c.o[0m
[ 84%] [32m[1mLinking C shared library rosidl_generator_py/building_transform_interface/libbuilding_transform_interface__rosidl_generator_py.so[0m
[ 84%] Built target building_transform_interface__rosidl_generator_py
[ 87%] [32mBuilding C object CMakeFiles/building_transform_interface__rosidl_typesupport_fastrtps_c__pyext.dir/rosidl_generator_py/building_transform_interface/_building_transform_interface_s.ep.rosidl_typesupport_fastrtps_c.c.o[0m
[ 89%] [32mBuilding C object CMakeFiles/building_transform_interface__rosidl_typesupport_introspection_c__pyext.dir/rosidl_generator_py/building_transform_interface/_building_transform_interface_s.ep.rosidl_typesupport_introspection_c.c.o[0m
[ 92%] [32mBuilding C object CMakeFiles/building_transform_interface__rosidl_typesupport_c__pyext.dir/rosidl_generator_py/building_transform_interface/_building_transform_interface_s.ep.rosidl_typesupport_c.c.o[0m
[ 94%] [32m[1mLinking C shared library rosidl_generator_py/building_transform_interface/building_transform_interface_s__rosidl_typesupport_fastrtps_c.cpython-310-x86_64-linux-gnu.so[0m
[ 97%] [32m[1mLinking C shared library rosidl_generator_py/building_transform_interface/building_transform_interface_s__rosidl_typesupport_introspection_c.cpython-310-x86_64-linux-gnu.so[0m
[100%] [32m[1mLinking C shared library rosidl_generator_py/building_transform_interface/building_transform_interface_s__rosidl_typesupport_c.cpython-310-x86_64-linux-gnu.so[0m
[100%] Built target building_transform_interface__rosidl_typesupport_introspection_c__pyext
[100%] Built target building_transform_interface__rosidl_typesupport_fastrtps_c__pyext
[100%] Built target building_transform_interface__rosidl_typesupport_c__pyext
-- Install configuration: ""
-- Execute custom install script
-- Symlinking: /home/hpy/pioneer/hero/all/src/rm_vision_hero/install/building_transform_interface/share/ament_index/resource_index/rosidl_interfaces/building_transform_interface
-- Symlinking: /home/hpy/pioneer/hero/all/src/rm_vision_hero/install/building_transform_interface/include/building_transform_interface/building_transform_interface/msg/base_armor.h
-- Symlinking: /home/hpy/pioneer/hero/all/src/rm_vision_hero/install/building_transform_interface/include/building_transform_interface/building_transform_interface/msg/detail/base_armor__functions.h
-- Symlinking: /home/hpy/pioneer/hero/all/src/rm_vision_hero/install/building_transform_interface/include/building_transform_interface/building_transform_interface/msg/detail/base_armor__struct.h
-- Symlinking: /home/hpy/pioneer/hero/all/src/rm_vision_hero/install/building_transform_interface/include/building_transform_interface/building_transform_interface/msg/detail/base_armor__type_support.h
-- Symlinking: /home/hpy/pioneer/hero/all/src/rm_vision_hero/install/building_transform_interface/include/building_transform_interface/building_transform_interface/msg/detail/time_info__functions.h
-- Symlinking: /home/hpy/pioneer/hero/all/src/rm_vision_hero/install/building_transform_interface/include/building_transform_interface/building_transform_interface/msg/detail/time_info__struct.h
-- Symlinking: /home/hpy/pioneer/hero/all/src/rm_vision_hero/install/building_transform_interface/include/building_transform_interface/building_transform_interface/msg/detail/time_info__type_support.h
-- Symlinking: /home/hpy/pioneer/hero/all/src/rm_vision_hero/install/building_transform_interface/include/building_transform_interface/building_transform_interface/msg/rosidl_generator_c__visibility_control.h
-- Symlinking: /home/hpy/pioneer/hero/all/src/rm_vision_hero/install/building_transform_interface/include/building_transform_interface/building_transform_interface/msg/time_info.h
-- Symlinking: /home/hpy/pioneer/hero/all/src/rm_vision_hero/install/building_transform_interface/share/building_transform_interface/environment/library_path.sh
-- Symlinking: /home/hpy/pioneer/hero/all/src/rm_vision_hero/install/building_transform_interface/share/building_transform_interface/environment/library_path.dsv
-- Symlinking: /home/hpy/pioneer/hero/all/src/rm_vision_hero/install/building_transform_interface/include/building_transform_interface/building_transform_interface/msg/detail/base_armor__rosidl_typesupport_fastrtps_c.h
-- Symlinking: /home/hpy/pioneer/hero/all/src/rm_vision_hero/install/building_transform_interface/include/building_transform_interface/building_transform_interface/msg/detail/time_info__rosidl_typesupport_fastrtps_c.h
-- Symlinking: /home/hpy/pioneer/hero/all/src/rm_vision_hero/install/building_transform_interface/include/building_transform_interface/building_transform_interface/msg/rosidl_typesupport_fastrtps_c__visibility_control.h
-- Symlinking: /home/hpy/pioneer/hero/all/src/rm_vision_hero/install/building_transform_interface/include/building_transform_interface/building_transform_interface/msg/detail/base_armor__rosidl_typesupport_introspection_c.h
-- Symlinking: /home/hpy/pioneer/hero/all/src/rm_vision_hero/install/building_transform_interface/include/building_transform_interface/building_transform_interface/msg/detail/time_info__rosidl_typesupport_introspection_c.h
-- Symlinking: /home/hpy/pioneer/hero/all/src/rm_vision_hero/install/building_transform_interface/include/building_transform_interface/building_transform_interface/msg/rosidl_typesupport_introspection_c__visibility_control.h
-- Symlinking: /home/hpy/pioneer/hero/all/src/rm_vision_hero/install/building_transform_interface/include/building_transform_interface/building_transform_interface/msg/base_armor.hpp
-- Symlinking: /home/hpy/pioneer/hero/all/src/rm_vision_hero/install/building_transform_interface/include/building_transform_interface/building_transform_interface/msg/detail/base_armor__builder.hpp
-- Symlinking: /home/hpy/pioneer/hero/all/src/rm_vision_hero/install/building_transform_interface/include/building_transform_interface/building_transform_interface/msg/detail/base_armor__struct.hpp
-- Symlinking: /home/hpy/pioneer/hero/all/src/rm_vision_hero/install/building_transform_interface/include/building_transform_interface/building_transform_interface/msg/detail/base_armor__traits.hpp
-- Symlinking: /home/hpy/pioneer/hero/all/src/rm_vision_hero/install/building_transform_interface/include/building_transform_interface/building_transform_interface/msg/detail/base_armor__type_support.hpp
-- Symlinking: /home/hpy/pioneer/hero/all/src/rm_vision_hero/install/building_transform_interface/include/building_transform_interface/building_transform_interface/msg/detail/time_info__builder.hpp
-- Symlinking: /home/hpy/pioneer/hero/all/src/rm_vision_hero/install/building_transform_interface/include/building_transform_interface/building_transform_interface/msg/detail/time_info__struct.hpp
-- Symlinking: /home/hpy/pioneer/hero/all/src/rm_vision_hero/install/building_transform_interface/include/building_transform_interface/building_transform_interface/msg/detail/time_info__traits.hpp
-- Symlinking: /home/hpy/pioneer/hero/all/src/rm_vision_hero/install/building_transform_interface/include/building_transform_interface/building_transform_interface/msg/detail/time_info__type_support.hpp
-- Symlinking: /home/hpy/pioneer/hero/all/src/rm_vision_hero/install/building_transform_interface/include/building_transform_interface/building_transform_interface/msg/rosidl_generator_cpp__visibility_control.hpp
-- Symlinking: /home/hpy/pioneer/hero/all/src/rm_vision_hero/install/building_transform_interface/include/building_transform_interface/building_transform_interface/msg/time_info.hpp
-- Symlinking: /home/hpy/pioneer/hero/all/src/rm_vision_hero/install/building_transform_interface/include/building_transform_interface/building_transform_interface/msg/detail/base_armor__rosidl_typesupport_fastrtps_cpp.hpp
-- Symlinking: /home/hpy/pioneer/hero/all/src/rm_vision_hero/install/building_transform_interface/include/building_transform_interface/building_transform_interface/msg/detail/time_info__rosidl_typesupport_fastrtps_cpp.hpp
-- Symlinking: /home/hpy/pioneer/hero/all/src/rm_vision_hero/install/building_transform_interface/include/building_transform_interface/building_transform_interface/msg/rosidl_typesupport_fastrtps_cpp__visibility_control.h
-- Symlinking: /home/hpy/pioneer/hero/all/src/rm_vision_hero/install/building_transform_interface/include/building_transform_interface/building_transform_interface/msg/detail/base_armor__rosidl_typesupport_introspection_cpp.hpp
-- Symlinking: /home/hpy/pioneer/hero/all/src/rm_vision_hero/install/building_transform_interface/include/building_transform_interface/building_transform_interface/msg/detail/time_info__rosidl_typesupport_introspection_cpp.hpp
-- Symlinking: /home/hpy/pioneer/hero/all/src/rm_vision_hero/install/building_transform_interface/share/building_transform_interface/environment/pythonpath.sh
-- Symlinking: /home/hpy/pioneer/hero/all/src/rm_vision_hero/install/building_transform_interface/share/building_transform_interface/environment/pythonpath.dsv
-- Symlinking: /home/hpy/pioneer/hero/all/src/rm_vision_hero/install/building_transform_interface/local/lib/python3.10/dist-packages/building_transform_interface-0.0.0-py3.10.egg-info/PKG-INFO
-- Symlinking: /home/hpy/pioneer/hero/all/src/rm_vision_hero/install/building_transform_interface/local/lib/python3.10/dist-packages/building_transform_interface-0.0.0-py3.10.egg-info/SOURCES.txt
-- Symlinking: /home/hpy/pioneer/hero/all/src/rm_vision_hero/install/building_transform_interface/local/lib/python3.10/dist-packages/building_transform_interface-0.0.0-py3.10.egg-info/dependency_links.txt
-- Symlinking: /home/hpy/pioneer/hero/all/src/rm_vision_hero/install/building_transform_interface/local/lib/python3.10/dist-packages/building_transform_interface-0.0.0-py3.10.egg-info/top_level.txt
-- Symlinking: /home/hpy/pioneer/hero/all/src/rm_vision_hero/install/building_transform_interface/local/lib/python3.10/dist-packages/building_transform_interface/__init__.py
-- Symlinking: /home/hpy/pioneer/hero/all/src/rm_vision_hero/install/building_transform_interface/local/lib/python3.10/dist-packages/building_transform_interface/_building_transform_interface_s.ep.rosidl_typesupport_c.c
-- Symlinking: /home/hpy/pioneer/hero/all/src/rm_vision_hero/install/building_transform_interface/local/lib/python3.10/dist-packages/building_transform_interface/_building_transform_interface_s.ep.rosidl_typesupport_fastrtps_c.c
-- Symlinking: /home/hpy/pioneer/hero/all/src/rm_vision_hero/install/building_transform_interface/local/lib/python3.10/dist-packages/building_transform_interface/_building_transform_interface_s.ep.rosidl_typesupport_introspection_c.c
-- Symlinking: /home/hpy/pioneer/hero/all/src/rm_vision_hero/install/building_transform_interface/local/lib/python3.10/dist-packages/building_transform_interface/building_transform_interface_s__rosidl_typesupport_c.cpython-310-x86_64-linux-gnu.so
-- Symlinking: /home/hpy/pioneer/hero/all/src/rm_vision_hero/install/building_transform_interface/local/lib/python3.10/dist-packages/building_transform_interface/building_transform_interface_s__rosidl_typesupport_fastrtps_c.cpython-310-x86_64-linux-gnu.so
-- Symlinking: /home/hpy/pioneer/hero/all/src/rm_vision_hero/install/building_transform_interface/local/lib/python3.10/dist-packages/building_transform_interface/building_transform_interface_s__rosidl_typesupport_introspection_c.cpython-310-x86_64-linux-gnu.so
-- Symlinking: /home/hpy/pioneer/hero/all/src/rm_vision_hero/install/building_transform_interface/local/lib/python3.10/dist-packages/building_transform_interface/libbuilding_transform_interface__rosidl_generator_py.so
-- Symlinking: /home/hpy/pioneer/hero/all/src/rm_vision_hero/install/building_transform_interface/local/lib/python3.10/dist-packages/building_transform_interface/msg/__init__.py
-- Symlinking: /home/hpy/pioneer/hero/all/src/rm_vision_hero/install/building_transform_interface/local/lib/python3.10/dist-packages/building_transform_interface/msg/_base_armor.py
-- Symlinking: /home/hpy/pioneer/hero/all/src/rm_vision_hero/install/building_transform_interface/local/lib/python3.10/dist-packages/building_transform_interface/msg/_base_armor_s.c
-- Symlinking: /home/hpy/pioneer/hero/all/src/rm_vision_hero/install/building_transform_interface/local/lib/python3.10/dist-packages/building_transform_interface/msg/_time_info.py
-- Symlinking: /home/hpy/pioneer/hero/all/src/rm_vision_hero/install/building_transform_interface/local/lib/python3.10/dist-packages/building_transform_interface/msg/_time_info_s.c
-- Up-to-date symlink: /home/hpy/pioneer/hero/all/src/rm_vision_hero/install/building_transform_interface/local/lib/python3.10/dist-packages/building_transform_interface/building_transform_interface_s__rosidl_typesupport_fastrtps_c.cpython-310-x86_64-linux-gnu.so
-- Up-to-date symlink: /home/hpy/pioneer/hero/all/src/rm_vision_hero/install/building_transform_interface/local/lib/python3.10/dist-packages/building_transform_interface/building_transform_interface_s__rosidl_typesupport_introspection_c.cpython-310-x86_64-linux-gnu.so
-- Up-to-date symlink: /home/hpy/pioneer/hero/all/src/rm_vision_hero/install/building_transform_interface/local/lib/python3.10/dist-packages/building_transform_interface/building_transform_interface_s__rosidl_typesupport_c.cpython-310-x86_64-linux-gnu.so
-- Symlinking: /home/hpy/pioneer/hero/all/src/rm_vision_hero/install/building_transform_interface/share/building_transform_interface/msg/BaseArmor.idl
-- Symlinking: /home/hpy/pioneer/hero/all/src/rm_vision_hero/install/building_transform_interface/share/building_transform_interface/msg/TimeInfo.idl
-- Symlinking: /home/hpy/pioneer/hero/all/src/rm_vision_hero/install/building_transform_interface/share/building_transform_interface/msg/BaseArmor.msg
-- Symlinking: /home/hpy/pioneer/hero/all/src/rm_vision_hero/install/building_transform_interface/share/building_transform_interface/msg/TimeInfo.msg
-- Symlinking: /home/hpy/pioneer/hero/all/src/rm_vision_hero/install/building_transform_interface/share/ament_index/resource_index/package_run_dependencies/building_transform_interface
-- Symlinking: /home/hpy/pioneer/hero/all/src/rm_vision_hero/install/building_transform_interface/share/ament_index/resource_index/parent_prefix_path/building_transform_interface
-- Symlinking: /home/hpy/pioneer/hero/all/src/rm_vision_hero/install/building_transform_interface/share/building_transform_interface/environment/ament_prefix_path.sh
-- Symlinking: /home/hpy/pioneer/hero/all/src/rm_vision_hero/install/building_transform_interface/share/building_transform_interface/environment/ament_prefix_path.dsv
-- Symlinking: /home/hpy/pioneer/hero/all/src/rm_vision_hero/install/building_transform_interface/share/building_transform_interface/environment/path.sh
-- Symlinking: /home/hpy/pioneer/hero/all/src/rm_vision_hero/install/building_transform_interface/share/building_transform_interface/environment/path.dsv
-- Symlinking: /home/hpy/pioneer/hero/all/src/rm_vision_hero/install/building_transform_interface/share/building_transform_interface/local_setup.bash
-- Symlinking: /home/hpy/pioneer/hero/all/src/rm_vision_hero/install/building_transform_interface/share/building_transform_interface/local_setup.sh
-- Symlinking: /home/hpy/pioneer/hero/all/src/rm_vision_hero/install/building_transform_interface/share/building_transform_interface/local_setup.zsh
-- Symlinking: /home/hpy/pioneer/hero/all/src/rm_vision_hero/install/building_transform_interface/share/building_transform_interface/local_setup.dsv
-- Symlinking: /home/hpy/pioneer/hero/all/src/rm_vision_hero/install/building_transform_interface/share/building_transform_interface/package.dsv
-- Symlinking: /home/hpy/pioneer/hero/all/src/rm_vision_hero/install/building_transform_interface/share/ament_index/resource_index/packages/building_transform_interface
-- Symlinking: /home/hpy/pioneer/hero/all/src/rm_vision_hero/install/building_transform_interface/share/building_transform_interface/cmake/rosidl_cmake-extras.cmake
-- Symlinking: /home/hpy/pioneer/hero/all/src/rm_vision_hero/install/building_transform_interface/share/building_transform_interface/cmake/ament_cmake_export_dependencies-extras.cmake
-- Symlinking: /home/hpy/pioneer/hero/all/src/rm_vision_hero/install/building_transform_interface/share/building_transform_interface/cmake/ament_cmake_export_include_directories-extras.cmake
-- Symlinking: /home/hpy/pioneer/hero/all/src/rm_vision_hero/install/building_transform_interface/share/building_transform_interface/cmake/ament_cmake_export_libraries-extras.cmake
-- Symlinking: /home/hpy/pioneer/hero/all/src/rm_vision_hero/install/building_transform_interface/share/building_transform_interface/cmake/ament_cmake_export_targets-extras.cmake
-- Symlinking: /home/hpy/pioneer/hero/all/src/rm_vision_hero/install/building_transform_interface/share/building_transform_interface/cmake/rosidl_cmake_export_typesupport_targets-extras.cmake
-- Symlinking: /home/hpy/pioneer/hero/all/src/rm_vision_hero/install/building_transform_interface/share/building_transform_interface/cmake/rosidl_cmake_export_typesupport_libraries-extras.cmake
-- Symlinking: /home/hpy/pioneer/hero/all/src/rm_vision_hero/install/building_transform_interface/share/building_transform_interface/cmake/building_transform_interfaceConfig.cmake
-- Symlinking: /home/hpy/pioneer/hero/all/src/rm_vision_hero/install/building_transform_interface/share/building_transform_interface/cmake/building_transform_interfaceConfig-version.cmake
-- Symlinking: /home/hpy/pioneer/hero/all/src/rm_vision_hero/install/building_transform_interface/share/building_transform_interface/package.xml
-- Installing: /home/hpy/pioneer/hero/all/src/rm_vision_hero/install/building_transform_interface/lib/libbuilding_transform_interface__rosidl_generator_c.so
-- Set runtime path of "/home/hpy/pioneer/hero/all/src/rm_vision_hero/install/building_transform_interface/lib/libbuilding_transform_interface__rosidl_generator_c.so" to ""
-- Installing: /home/hpy/pioneer/hero/all/src/rm_vision_hero/install/building_transform_interface/lib/libbuilding_transform_interface__rosidl_typesupport_fastrtps_c.so
-- Set runtime path of "/home/hpy/pioneer/hero/all/src/rm_vision_hero/install/building_transform_interface/lib/libbuilding_transform_interface__rosidl_typesupport_fastrtps_c.so" to ""
-- Installing: /home/hpy/pioneer/hero/all/src/rm_vision_hero/install/building_transform_interface/lib/libbuilding_transform_interface__rosidl_typesupport_introspection_c.so
-- Set runtime path of "/home/hpy/pioneer/hero/all/src/rm_vision_hero/install/building_transform_interface/lib/libbuilding_transform_interface__rosidl_typesupport_introspection_c.so" to ""
-- Installing: /home/hpy/pioneer/hero/all/src/rm_vision_hero/install/building_transform_interface/lib/libbuilding_transform_interface__rosidl_typesupport_c.so
-- Set runtime path of "/home/hpy/pioneer/hero/all/src/rm_vision_hero/install/building_transform_interface/lib/libbuilding_transform_interface__rosidl_typesupport_c.so" to ""
-- Installing: /home/hpy/pioneer/hero/all/src/rm_vision_hero/install/building_transform_interface/lib/libbuilding_transform_interface__rosidl_typesupport_fastrtps_cpp.so
-- Set runtime path of "/home/hpy/pioneer/hero/all/src/rm_vision_hero/install/building_transform_interface/lib/libbuilding_transform_interface__rosidl_typesupport_fastrtps_cpp.so" to ""
-- Installing: /home/hpy/pioneer/hero/all/src/rm_vision_hero/install/building_transform_interface/lib/libbuilding_transform_interface__rosidl_typesupport_introspection_cpp.so
-- Set runtime path of "/home/hpy/pioneer/hero/all/src/rm_vision_hero/install/building_transform_interface/lib/libbuilding_transform_interface__rosidl_typesupport_introspection_cpp.so" to ""
-- Installing: /home/hpy/pioneer/hero/all/src/rm_vision_hero/install/building_transform_interface/lib/libbuilding_transform_interface__rosidl_typesupport_cpp.so
-- Set runtime path of "/home/hpy/pioneer/hero/all/src/rm_vision_hero/install/building_transform_interface/lib/libbuilding_transform_interface__rosidl_typesupport_cpp.so" to ""
Listing '/home/hpy/pioneer/hero/all/src/rm_vision_hero/install/building_transform_interface/local/lib/python3.10/dist-packages/building_transform_interface'...
Compiling '/home/hpy/pioneer/hero/all/src/rm_vision_hero/install/building_transform_interface/local/lib/python3.10/dist-packages/building_transform_interface/__init__.py'...
Listing '/home/hpy/pioneer/hero/all/src/rm_vision_hero/install/building_transform_interface/local/lib/python3.10/dist-packages/building_transform_interface/msg'...
Compiling '/home/hpy/pioneer/hero/all/src/rm_vision_hero/install/building_transform_interface/local/lib/python3.10/dist-packages/building_transform_interface/msg/__init__.py'...
Compiling '/home/hpy/pioneer/hero/all/src/rm_vision_hero/install/building_transform_interface/local/lib/python3.10/dist-packages/building_transform_interface/msg/_base_armor.py'...
Compiling '/home/hpy/pioneer/hero/all/src/rm_vision_hero/install/building_transform_interface/local/lib/python3.10/dist-packages/building_transform_interface/msg/_time_info.py'...
-- Installing: /home/hpy/pioneer/hero/all/src/rm_vision_hero/install/building_transform_interface/lib/libbuilding_transform_interface__rosidl_generator_py.so
-- Set runtime path of "/home/hpy/pioneer/hero/all/src/rm_vision_hero/install/building_transform_interface/lib/libbuilding_transform_interface__rosidl_generator_py.so" to ""
-- Installing: /home/hpy/pioneer/hero/all/src/rm_vision_hero/install/building_transform_interface/share/building_transform_interface/cmake/export_building_transform_interface__rosidl_generator_cExport.cmake
-- Installing: /home/hpy/pioneer/hero/all/src/rm_vision_hero/install/building_transform_interface/share/building_transform_interface/cmake/export_building_transform_interface__rosidl_generator_cExport-noconfig.cmake
-- Installing: /home/hpy/pioneer/hero/all/src/rm_vision_hero/install/building_transform_interface/share/building_transform_interface/cmake/export_building_transform_interface__rosidl_typesupport_fastrtps_cExport.cmake
-- Installing: /home/hpy/pioneer/hero/all/src/rm_vision_hero/install/building_transform_interface/share/building_transform_interface/cmake/export_building_transform_interface__rosidl_typesupport_fastrtps_cExport-noconfig.cmake
-- Installing: /home/hpy/pioneer/hero/all/src/rm_vision_hero/install/building_transform_interface/share/building_transform_interface/cmake/building_transform_interface__rosidl_typesupport_introspection_cExport.cmake
-- Installing: /home/hpy/pioneer/hero/all/src/rm_vision_hero/install/building_transform_interface/share/building_transform_interface/cmake/building_transform_interface__rosidl_typesupport_introspection_cExport-noconfig.cmake
-- Installing: /home/hpy/pioneer/hero/all/src/rm_vision_hero/install/building_transform_interface/share/building_transform_interface/cmake/building_transform_interface__rosidl_typesupport_cExport.cmake
-- Installing: /home/hpy/pioneer/hero/all/src/rm_vision_hero/install/building_transform_interface/share/building_transform_interface/cmake/building_transform_interface__rosidl_typesupport_cExport-noconfig.cmake
-- Installing: /home/hpy/pioneer/hero/all/src/rm_vision_hero/install/building_transform_interface/share/building_transform_interface/cmake/export_building_transform_interface__rosidl_generator_cppExport.cmake
-- Installing: /home/hpy/pioneer/hero/all/src/rm_vision_hero/install/building_transform_interface/share/building_transform_interface/cmake/export_building_transform_interface__rosidl_typesupport_fastrtps_cppExport.cmake
-- Installing: /home/hpy/pioneer/hero/all/src/rm_vision_hero/install/building_transform_interface/share/building_transform_interface/cmake/export_building_transform_interface__rosidl_typesupport_fastrtps_cppExport-noconfig.cmake
-- Installing: /home/hpy/pioneer/hero/all/src/rm_vision_hero/install/building_transform_interface/share/building_transform_interface/cmake/building_transform_interface__rosidl_typesupport_introspection_cppExport.cmake
-- Installing: /home/hpy/pioneer/hero/all/src/rm_vision_hero/install/building_transform_interface/share/building_transform_interface/cmake/building_transform_interface__rosidl_typesupport_introspection_cppExport-noconfig.cmake
-- Installing: /home/hpy/pioneer/hero/all/src/rm_vision_hero/install/building_transform_interface/share/building_transform_interface/cmake/building_transform_interface__rosidl_typesupport_cppExport.cmake
-- Installing: /home/hpy/pioneer/hero/all/src/rm_vision_hero/install/building_transform_interface/share/building_transform_interface/cmake/building_transform_interface__rosidl_typesupport_cppExport-noconfig.cmake
-- Installing: /home/hpy/pioneer/hero/all/src/rm_vision_hero/install/building_transform_interface/share/building_transform_interface/cmake/export_building_transform_interface__rosidl_generator_pyExport.cmake
-- Installing: /home/hpy/pioneer/hero/all/src/rm_vision_hero/install/building_transform_interface/share/building_transform_interface/cmake/export_building_transform_interface__rosidl_generator_pyExport-noconfig.cmake
