[0.023s] Invoking command in '/home/hpy/pioneer/hero/all/src/rm_vision_hero/build/building_transform_interface': CMAKE_PREFIX_PATH=${CMAKE_PREFIX_PATH}:/opt/ros/humble /usr/bin/cmake /home/hpy/pioneer/hero/all/src/rm_vision_hero/src/building_transform_interface -DAMENT_CMAKE_SYMLINK_INSTALL=1 -DCMAKE_INSTALL_PREFIX=/home/hpy/pioneer/hero/all/src/rm_vision_hero/install/building_transform_interface
[0.085s] -- The C compiler identification is GNU 11.4.0
[0.132s] -- The CXX compiler identification is GNU 11.4.0
[0.139s] -- Detecting C compiler ABI info
[0.198s] -- Detecting C compiler ABI info - done
[0.207s] -- Check for working C compiler: /usr/bin/cc - skipped
[0.207s] -- Detecting C compile features
[0.207s] -- Detecting C compile features - done
[0.211s] -- Detecting CXX compiler ABI info
[0.291s] -- Detecting CXX compiler ABI info - done
[0.299s] -- Check for working CXX compiler: /usr/bin/c++ - skipped
[0.299s] -- Detecting CXX compile features
[0.300s] -- Detecting CXX compile features - done
[0.301s] -- Found ament_cmake: 1.3.12 (/opt/ros/humble/share/ament_cmake/cmake)
[0.425s] -- Found Python3: /usr/bin/python3 (found version "3.10.12") found components: Interpreter 
[0.481s] -- Override CMake install command with custom implementation using symlinks instead of copying resources
[0.512s] -- Found rosidl_default_generators: 1.2.0 (/opt/ros/humble/share/rosidl_default_generators/cmake)
[0.516s] -- Using all available rosidl_typesupport_c: rosidl_typesupport_fastrtps_c;rosidl_typesupport_introspection_c
[0.523s] -- Found rosidl_adapter: 3.1.8 (/opt/ros/humble/share/rosidl_adapter/cmake)
[0.566s] -- Using all available rosidl_typesupport_cpp: rosidl_typesupport_fastrtps_cpp;rosidl_typesupport_introspection_cpp
[0.592s] -- Found geometry_msgs: 4.9.0 (/opt/ros/humble/share/geometry_msgs/cmake)
[0.840s] -- Found ament_cmake_ros: 0.10.0 (/opt/ros/humble/share/ament_cmake_ros/cmake)
[1.069s] -- Using all available rosidl_typesupport_c: rosidl_typesupport_fastrtps_c;rosidl_typesupport_introspection_c
[1.600s] -- Using all available rosidl_typesupport_cpp: rosidl_typesupport_fastrtps_cpp;rosidl_typesupport_introspection_cpp
[1.660s] -- Found PythonInterp: /usr/bin/python3 (found suitable version "3.10.12", minimum required is "3.6") 
[1.662s] -- Found python_cmake_module: 0.10.0 (/opt/ros/humble/share/python_cmake_module/cmake)
[1.703s] -- Found PythonLibs: /usr/lib/x86_64-linux-gnu/libpython3.10.so (found suitable version "3.10.12", minimum required is "3.5") 
[1.704s] -- Using PYTHON_EXECUTABLE: /usr/bin/python3
[1.704s] -- Using PYTHON_INCLUDE_DIRS: /usr/include/python3.10
[1.705s] -- Using PYTHON_LIBRARIES: /usr/lib/x86_64-linux-gnu/libpython3.10.so
[1.739s] -- Found PythonExtra: .so  
[1.892s] -- Configuring done
[1.956s] -- Generating done
[1.975s] -- Build files have been written to: /home/hpy/pioneer/hero/all/src/rm_vision_hero/build/building_transform_interface
[1.993s] Invoked command in '/home/hpy/pioneer/hero/all/src/rm_vision_hero/build/building_transform_interface' returned '0': CMAKE_PREFIX_PATH=${CMAKE_PREFIX_PATH}:/opt/ros/humble /usr/bin/cmake /home/hpy/pioneer/hero/all/src/rm_vision_hero/src/building_transform_interface -DAMENT_CMAKE_SYMLINK_INSTALL=1 -DCMAKE_INSTALL_PREFIX=/home/hpy/pioneer/hero/all/src/rm_vision_hero/install/building_transform_interface
[1.997s] Invoking command in '/home/hpy/pioneer/hero/all/src/rm_vision_hero/build/building_transform_interface': CMAKE_PREFIX_PATH=${CMAKE_PREFIX_PATH}:/opt/ros/humble /usr/bin/cmake --build /home/hpy/pioneer/hero/all/src/rm_vision_hero/build/building_transform_interface -- -j16 -l16
[2.105s] [  2%] [34m[1mGenerating C code for ROS interfaces[0m
[2.119s] [  5%] [34m[1mGenerating C++ code for ROS interfaces[0m
[2.140s] [  5%] Built target ament_cmake_python_symlink_building_transform_interface
[2.642s] running egg_info
[2.645s] creating building_transform_interface.egg-info
[2.645s] writing building_transform_interface.egg-info/PKG-INFO
[2.645s] writing dependency_links to building_transform_interface.egg-info/dependency_links.txt
[2.645s] writing top-level names to building_transform_interface.egg-info/top_level.txt
[2.645s] writing manifest file 'building_transform_interface.egg-info/SOURCES.txt'
[2.649s] reading manifest file 'building_transform_interface.egg-info/SOURCES.txt'
[2.651s] writing manifest file 'building_transform_interface.egg-info/SOURCES.txt'
[2.715s] [  5%] Built target ament_cmake_python_build_building_transform_interface_egg
[2.734s] [  7%] [32mBuilding C object CMakeFiles/building_transform_interface__rosidl_generator_c.dir/rosidl_generator_c/building_transform_interface/msg/detail/base_armor__functions.c.o[0m
[2.765s] [ 10%] [32mBuilding C object CMakeFiles/building_transform_interface__rosidl_generator_c.dir/rosidl_generator_c/building_transform_interface/msg/detail/time_info__functions.c.o[0m
[2.791s] [ 10%] Built target building_transform_interface__cpp
[2.811s] [ 12%] [34m[1mGenerating C++ type support for eProsima Fast-RTPS[0m
[2.818s] [ 15%] [34m[1mGenerating C++ introspection for ROS interfaces[0m
[2.819s] [ 17%] [34m[1mGenerating C++ type support dispatch for ROS interfaces[0m
[2.904s] [ 20%] [32m[1mLinking C shared library libbuilding_transform_interface__rosidl_generator_c.so[0m
[3.010s] [ 20%] Built target building_transform_interface__rosidl_generator_c
[3.042s] [ 23%] [34m[1mGenerating C type support for eProsima Fast-RTPS[0m
[3.044s] [ 25%] [34m[1mGenerating C introspection for ROS interfaces[0m
[3.050s] [ 28%] [34m[1mGenerating C type support dispatch for ROS interfaces[0m
[3.412s] [ 30%] [32mBuilding CXX object CMakeFiles/building_transform_interface__rosidl_typesupport_introspection_cpp.dir/rosidl_typesupport_introspection_cpp/building_transform_interface/msg/detail/base_armor__type_support.cpp.o[0m
[3.414s] [ 33%] [32mBuilding CXX object CMakeFiles/building_transform_interface__rosidl_typesupport_introspection_cpp.dir/rosidl_typesupport_introspection_cpp/building_transform_interface/msg/detail/time_info__type_support.cpp.o[0m
[3.493s] [ 35%] [32mBuilding CXX object CMakeFiles/building_transform_interface__rosidl_typesupport_fastrtps_cpp.dir/rosidl_typesupport_fastrtps_cpp/building_transform_interface/msg/detail/dds_fastrtps/base_armor__type_support.cpp.o[0m
[3.524s] [ 38%] [32mBuilding CXX object CMakeFiles/building_transform_interface__rosidl_typesupport_fastrtps_cpp.dir/rosidl_typesupport_fastrtps_cpp/building_transform_interface/msg/detail/dds_fastrtps/time_info__type_support.cpp.o[0m
[3.559s] [ 41%] [32mBuilding CXX object CMakeFiles/building_transform_interface__rosidl_typesupport_cpp.dir/rosidl_typesupport_cpp/building_transform_interface/msg/base_armor__type_support.cpp.o[0m
[3.561s] [ 43%] [32mBuilding CXX object CMakeFiles/building_transform_interface__rosidl_typesupport_cpp.dir/rosidl_typesupport_cpp/building_transform_interface/msg/time_info__type_support.cpp.o[0m
[3.629s] [ 46%] [32mBuilding CXX object CMakeFiles/building_transform_interface__rosidl_typesupport_c.dir/rosidl_typesupport_c/building_transform_interface/msg/base_armor__type_support.cpp.o[0m
[3.639s] [ 48%] [32mBuilding CXX object CMakeFiles/building_transform_interface__rosidl_typesupport_c.dir/rosidl_typesupport_c/building_transform_interface/msg/time_info__type_support.cpp.o[0m
[3.752s] [ 51%] [32mBuilding C object CMakeFiles/building_transform_interface__rosidl_typesupport_introspection_c.dir/rosidl_typesupport_introspection_c/building_transform_interface/msg/detail/base_armor__type_support.c.o[0m
[3.763s] [ 53%] [32mBuilding CXX object CMakeFiles/building_transform_interface__rosidl_typesupport_fastrtps_c.dir/rosidl_typesupport_fastrtps_c/building_transform_interface/msg/detail/base_armor__type_support_c.cpp.o[0m
[3.770s] [ 56%] [32mBuilding C object CMakeFiles/building_transform_interface__rosidl_typesupport_introspection_c.dir/rosidl_typesupport_introspection_c/building_transform_interface/msg/detail/time_info__type_support.c.o[0m
[3.776s] [ 58%] [32mBuilding CXX object CMakeFiles/building_transform_interface__rosidl_typesupport_fastrtps_c.dir/rosidl_typesupport_fastrtps_c/building_transform_interface/msg/detail/time_info__type_support_c.cpp.o[0m
[3.798s] [ 61%] [32m[1mLinking CXX shared library libbuilding_transform_interface__rosidl_typesupport_c.so[0m
[3.878s] [ 64%] [32m[1mLinking C shared library libbuilding_transform_interface__rosidl_typesupport_introspection_c.so[0m
[3.919s] [ 64%] Built target building_transform_interface__rosidl_typesupport_c
[3.990s] [ 64%] Built target building_transform_interface__rosidl_typesupport_introspection_c
[4.359s] [ 66%] [32m[1mLinking CXX shared library libbuilding_transform_interface__rosidl_typesupport_cpp.so[0m
[4.497s] [ 66%] Built target building_transform_interface__rosidl_typesupport_cpp
[4.511s] [ 69%] [32m[1mLinking CXX shared library libbuilding_transform_interface__rosidl_typesupport_fastrtps_c.so[0m
[4.695s] [ 69%] Built target building_transform_interface__rosidl_typesupport_fastrtps_c
[4.747s] [ 71%] [32m[1mLinking CXX shared library libbuilding_transform_interface__rosidl_typesupport_introspection_cpp.so[0m
[4.834s] [ 74%] [32m[1mLinking CXX shared library libbuilding_transform_interface__rosidl_typesupport_fastrtps_cpp.so[0m
[4.886s] [ 74%] Built target building_transform_interface__rosidl_typesupport_introspection_cpp
[5.091s] [ 74%] Built target building_transform_interface__rosidl_typesupport_fastrtps_cpp
[5.155s] [ 74%] Built target building_transform_interface
[5.254s] [ 76%] [34m[1mGenerating Python code for ROS interfaces[0m
[6.643s] [ 76%] Built target building_transform_interface__py
[6.710s] [ 79%] [32mBuilding C object CMakeFiles/building_transform_interface__rosidl_generator_py.dir/rosidl_generator_py/building_transform_interface/msg/_base_armor_s.c.o[0m
[6.718s] [ 82%] [32mBuilding C object CMakeFiles/building_transform_interface__rosidl_generator_py.dir/rosidl_generator_py/building_transform_interface/msg/_time_info_s.c.o[0m
[7.025s] [ 84%] [32m[1mLinking C shared library rosidl_generator_py/building_transform_interface/libbuilding_transform_interface__rosidl_generator_py.so[0m
[7.118s] [ 84%] Built target building_transform_interface__rosidl_generator_py
[7.171s] [ 87%] [32mBuilding C object CMakeFiles/building_transform_interface__rosidl_typesupport_fastrtps_c__pyext.dir/rosidl_generator_py/building_transform_interface/_building_transform_interface_s.ep.rosidl_typesupport_fastrtps_c.c.o[0m
[7.196s] [ 89%] [32mBuilding C object CMakeFiles/building_transform_interface__rosidl_typesupport_introspection_c__pyext.dir/rosidl_generator_py/building_transform_interface/_building_transform_interface_s.ep.rosidl_typesupport_introspection_c.c.o[0m
[7.196s] [ 92%] [32mBuilding C object CMakeFiles/building_transform_interface__rosidl_typesupport_c__pyext.dir/rosidl_generator_py/building_transform_interface/_building_transform_interface_s.ep.rosidl_typesupport_c.c.o[0m
[7.350s] [ 94%] [32m[1mLinking C shared library rosidl_generator_py/building_transform_interface/building_transform_interface_s__rosidl_typesupport_fastrtps_c.cpython-310-x86_64-linux-gnu.so[0m
[7.356s] [ 97%] [32m[1mLinking C shared library rosidl_generator_py/building_transform_interface/building_transform_interface_s__rosidl_typesupport_introspection_c.cpython-310-x86_64-linux-gnu.so[0m
[7.373s] [100%] [32m[1mLinking C shared library rosidl_generator_py/building_transform_interface/building_transform_interface_s__rosidl_typesupport_c.cpython-310-x86_64-linux-gnu.so[0m
[7.409s] [100%] Built target building_transform_interface__rosidl_typesupport_introspection_c__pyext
[7.412s] [100%] Built target building_transform_interface__rosidl_typesupport_fastrtps_c__pyext
[7.416s] [100%] Built target building_transform_interface__rosidl_typesupport_c__pyext
[7.433s] Invoked command in '/home/hpy/pioneer/hero/all/src/rm_vision_hero/build/building_transform_interface' returned '0': CMAKE_PREFIX_PATH=${CMAKE_PREFIX_PATH}:/opt/ros/humble /usr/bin/cmake --build /home/hpy/pioneer/hero/all/src/rm_vision_hero/build/building_transform_interface -- -j16 -l16
[7.435s] Invoking command in '/home/hpy/pioneer/hero/all/src/rm_vision_hero/build/building_transform_interface': CMAKE_PREFIX_PATH=${CMAKE_PREFIX_PATH}:/opt/ros/humble /usr/bin/cmake --install /home/hpy/pioneer/hero/all/src/rm_vision_hero/build/building_transform_interface
[7.445s] -- Install configuration: ""
[7.445s] -- Execute custom install script
[7.445s] -- Symlinking: /home/hpy/pioneer/hero/all/src/rm_vision_hero/install/building_transform_interface/share/ament_index/resource_index/rosidl_interfaces/building_transform_interface
[7.453s] -- Symlinking: /home/hpy/pioneer/hero/all/src/rm_vision_hero/install/building_transform_interface/include/building_transform_interface/building_transform_interface/msg/base_armor.h
[7.462s] -- Symlinking: /home/hpy/pioneer/hero/all/src/rm_vision_hero/install/building_transform_interface/include/building_transform_interface/building_transform_interface/msg/detail/base_armor__functions.h
[7.475s] -- Symlinking: /home/hpy/pioneer/hero/all/src/rm_vision_hero/install/building_transform_interface/include/building_transform_interface/building_transform_interface/msg/detail/base_armor__struct.h
[7.487s] -- Symlinking: /home/hpy/pioneer/hero/all/src/rm_vision_hero/install/building_transform_interface/include/building_transform_interface/building_transform_interface/msg/detail/base_armor__type_support.h
[7.499s] -- Symlinking: /home/hpy/pioneer/hero/all/src/rm_vision_hero/install/building_transform_interface/include/building_transform_interface/building_transform_interface/msg/detail/time_info__functions.h
[7.511s] -- Symlinking: /home/hpy/pioneer/hero/all/src/rm_vision_hero/install/building_transform_interface/include/building_transform_interface/building_transform_interface/msg/detail/time_info__struct.h
[7.518s] -- Symlinking: /home/hpy/pioneer/hero/all/src/rm_vision_hero/install/building_transform_interface/include/building_transform_interface/building_transform_interface/msg/detail/time_info__type_support.h
[7.528s] -- Symlinking: /home/hpy/pioneer/hero/all/src/rm_vision_hero/install/building_transform_interface/include/building_transform_interface/building_transform_interface/msg/rosidl_generator_c__visibility_control.h
[7.541s] -- Symlinking: /home/hpy/pioneer/hero/all/src/rm_vision_hero/install/building_transform_interface/include/building_transform_interface/building_transform_interface/msg/time_info.h
[7.550s] -- Symlinking: /home/hpy/pioneer/hero/all/src/rm_vision_hero/install/building_transform_interface/share/building_transform_interface/environment/library_path.sh
[7.563s] -- Symlinking: /home/hpy/pioneer/hero/all/src/rm_vision_hero/install/building_transform_interface/share/building_transform_interface/environment/library_path.dsv
[7.577s] -- Symlinking: /home/hpy/pioneer/hero/all/src/rm_vision_hero/install/building_transform_interface/include/building_transform_interface/building_transform_interface/msg/detail/base_armor__rosidl_typesupport_fastrtps_c.h
[7.590s] -- Symlinking: /home/hpy/pioneer/hero/all/src/rm_vision_hero/install/building_transform_interface/include/building_transform_interface/building_transform_interface/msg/detail/time_info__rosidl_typesupport_fastrtps_c.h
[7.598s] -- Symlinking: /home/hpy/pioneer/hero/all/src/rm_vision_hero/install/building_transform_interface/include/building_transform_interface/building_transform_interface/msg/rosidl_typesupport_fastrtps_c__visibility_control.h
[7.612s] -- Symlinking: /home/hpy/pioneer/hero/all/src/rm_vision_hero/install/building_transform_interface/include/building_transform_interface/building_transform_interface/msg/detail/base_armor__rosidl_typesupport_introspection_c.h
[7.623s] -- Symlinking: /home/hpy/pioneer/hero/all/src/rm_vision_hero/install/building_transform_interface/include/building_transform_interface/building_transform_interface/msg/detail/time_info__rosidl_typesupport_introspection_c.h
[7.634s] -- Symlinking: /home/hpy/pioneer/hero/all/src/rm_vision_hero/install/building_transform_interface/include/building_transform_interface/building_transform_interface/msg/rosidl_typesupport_introspection_c__visibility_control.h
[7.652s] -- Symlinking: /home/hpy/pioneer/hero/all/src/rm_vision_hero/install/building_transform_interface/include/building_transform_interface/building_transform_interface/msg/base_armor.hpp
[7.664s] -- Symlinking: /home/hpy/pioneer/hero/all/src/rm_vision_hero/install/building_transform_interface/include/building_transform_interface/building_transform_interface/msg/detail/base_armor__builder.hpp
[7.683s] -- Symlinking: /home/hpy/pioneer/hero/all/src/rm_vision_hero/install/building_transform_interface/include/building_transform_interface/building_transform_interface/msg/detail/base_armor__struct.hpp
[7.700s] -- Symlinking: /home/hpy/pioneer/hero/all/src/rm_vision_hero/install/building_transform_interface/include/building_transform_interface/building_transform_interface/msg/detail/base_armor__traits.hpp
[7.711s] -- Symlinking: /home/hpy/pioneer/hero/all/src/rm_vision_hero/install/building_transform_interface/include/building_transform_interface/building_transform_interface/msg/detail/base_armor__type_support.hpp
[7.720s] -- Symlinking: /home/hpy/pioneer/hero/all/src/rm_vision_hero/install/building_transform_interface/include/building_transform_interface/building_transform_interface/msg/detail/time_info__builder.hpp
[7.730s] -- Symlinking: /home/hpy/pioneer/hero/all/src/rm_vision_hero/install/building_transform_interface/include/building_transform_interface/building_transform_interface/msg/detail/time_info__struct.hpp
[7.740s] -- Symlinking: /home/hpy/pioneer/hero/all/src/rm_vision_hero/install/building_transform_interface/include/building_transform_interface/building_transform_interface/msg/detail/time_info__traits.hpp
[7.751s] -- Symlinking: /home/hpy/pioneer/hero/all/src/rm_vision_hero/install/building_transform_interface/include/building_transform_interface/building_transform_interface/msg/detail/time_info__type_support.hpp
[7.760s] -- Symlinking: /home/hpy/pioneer/hero/all/src/rm_vision_hero/install/building_transform_interface/include/building_transform_interface/building_transform_interface/msg/rosidl_generator_cpp__visibility_control.hpp
[7.770s] -- Symlinking: /home/hpy/pioneer/hero/all/src/rm_vision_hero/install/building_transform_interface/include/building_transform_interface/building_transform_interface/msg/time_info.hpp
[7.783s] -- Symlinking: /home/hpy/pioneer/hero/all/src/rm_vision_hero/install/building_transform_interface/include/building_transform_interface/building_transform_interface/msg/detail/base_armor__rosidl_typesupport_fastrtps_cpp.hpp
[7.792s] -- Symlinking: /home/hpy/pioneer/hero/all/src/rm_vision_hero/install/building_transform_interface/include/building_transform_interface/building_transform_interface/msg/detail/time_info__rosidl_typesupport_fastrtps_cpp.hpp
[7.800s] -- Symlinking: /home/hpy/pioneer/hero/all/src/rm_vision_hero/install/building_transform_interface/include/building_transform_interface/building_transform_interface/msg/rosidl_typesupport_fastrtps_cpp__visibility_control.h
[7.810s] -- Symlinking: /home/hpy/pioneer/hero/all/src/rm_vision_hero/install/building_transform_interface/include/building_transform_interface/building_transform_interface/msg/detail/base_armor__rosidl_typesupport_introspection_cpp.hpp
[7.818s] -- Symlinking: /home/hpy/pioneer/hero/all/src/rm_vision_hero/install/building_transform_interface/include/building_transform_interface/building_transform_interface/msg/detail/time_info__rosidl_typesupport_introspection_cpp.hpp
[7.827s] -- Symlinking: /home/hpy/pioneer/hero/all/src/rm_vision_hero/install/building_transform_interface/share/building_transform_interface/environment/pythonpath.sh
[7.835s] -- Symlinking: /home/hpy/pioneer/hero/all/src/rm_vision_hero/install/building_transform_interface/share/building_transform_interface/environment/pythonpath.dsv
[7.846s] -- Symlinking: /home/hpy/pioneer/hero/all/src/rm_vision_hero/install/building_transform_interface/local/lib/python3.10/dist-packages/building_transform_interface-0.0.0-py3.10.egg-info/PKG-INFO
[7.855s] -- Symlinking: /home/hpy/pioneer/hero/all/src/rm_vision_hero/install/building_transform_interface/local/lib/python3.10/dist-packages/building_transform_interface-0.0.0-py3.10.egg-info/SOURCES.txt
[7.865s] -- Symlinking: /home/hpy/pioneer/hero/all/src/rm_vision_hero/install/building_transform_interface/local/lib/python3.10/dist-packages/building_transform_interface-0.0.0-py3.10.egg-info/dependency_links.txt
[7.875s] -- Symlinking: /home/hpy/pioneer/hero/all/src/rm_vision_hero/install/building_transform_interface/local/lib/python3.10/dist-packages/building_transform_interface-0.0.0-py3.10.egg-info/top_level.txt
[7.886s] -- Symlinking: /home/hpy/pioneer/hero/all/src/rm_vision_hero/install/building_transform_interface/local/lib/python3.10/dist-packages/building_transform_interface/__init__.py
[7.897s] -- Symlinking: /home/hpy/pioneer/hero/all/src/rm_vision_hero/install/building_transform_interface/local/lib/python3.10/dist-packages/building_transform_interface/_building_transform_interface_s.ep.rosidl_typesupport_c.c
[7.907s] -- Symlinking: /home/hpy/pioneer/hero/all/src/rm_vision_hero/install/building_transform_interface/local/lib/python3.10/dist-packages/building_transform_interface/_building_transform_interface_s.ep.rosidl_typesupport_fastrtps_c.c
[7.919s] -- Symlinking: /home/hpy/pioneer/hero/all/src/rm_vision_hero/install/building_transform_interface/local/lib/python3.10/dist-packages/building_transform_interface/_building_transform_interface_s.ep.rosidl_typesupport_introspection_c.c
[7.929s] -- Symlinking: /home/hpy/pioneer/hero/all/src/rm_vision_hero/install/building_transform_interface/local/lib/python3.10/dist-packages/building_transform_interface/building_transform_interface_s__rosidl_typesupport_c.cpython-310-x86_64-linux-gnu.so
[7.937s] -- Symlinking: /home/hpy/pioneer/hero/all/src/rm_vision_hero/install/building_transform_interface/local/lib/python3.10/dist-packages/building_transform_interface/building_transform_interface_s__rosidl_typesupport_fastrtps_c.cpython-310-x86_64-linux-gnu.so
[7.946s] -- Symlinking: /home/hpy/pioneer/hero/all/src/rm_vision_hero/install/building_transform_interface/local/lib/python3.10/dist-packages/building_transform_interface/building_transform_interface_s__rosidl_typesupport_introspection_c.cpython-310-x86_64-linux-gnu.so
[7.957s] -- Symlinking: /home/hpy/pioneer/hero/all/src/rm_vision_hero/install/building_transform_interface/local/lib/python3.10/dist-packages/building_transform_interface/libbuilding_transform_interface__rosidl_generator_py.so
[7.968s] -- Symlinking: /home/hpy/pioneer/hero/all/src/rm_vision_hero/install/building_transform_interface/local/lib/python3.10/dist-packages/building_transform_interface/msg/__init__.py
[7.980s] -- Symlinking: /home/hpy/pioneer/hero/all/src/rm_vision_hero/install/building_transform_interface/local/lib/python3.10/dist-packages/building_transform_interface/msg/_base_armor.py
[7.990s] -- Symlinking: /home/hpy/pioneer/hero/all/src/rm_vision_hero/install/building_transform_interface/local/lib/python3.10/dist-packages/building_transform_interface/msg/_base_armor_s.c
[8.001s] -- Symlinking: /home/hpy/pioneer/hero/all/src/rm_vision_hero/install/building_transform_interface/local/lib/python3.10/dist-packages/building_transform_interface/msg/_time_info.py
[8.009s] -- Symlinking: /home/hpy/pioneer/hero/all/src/rm_vision_hero/install/building_transform_interface/local/lib/python3.10/dist-packages/building_transform_interface/msg/_time_info_s.c
[8.021s] -- Up-to-date symlink: /home/hpy/pioneer/hero/all/src/rm_vision_hero/install/building_transform_interface/local/lib/python3.10/dist-packages/building_transform_interface/building_transform_interface_s__rosidl_typesupport_fastrtps_c.cpython-310-x86_64-linux-gnu.so
[8.021s] -- Up-to-date symlink: /home/hpy/pioneer/hero/all/src/rm_vision_hero/install/building_transform_interface/local/lib/python3.10/dist-packages/building_transform_interface/building_transform_interface_s__rosidl_typesupport_introspection_c.cpython-310-x86_64-linux-gnu.so
[8.021s] -- Up-to-date symlink: /home/hpy/pioneer/hero/all/src/rm_vision_hero/install/building_transform_interface/local/lib/python3.10/dist-packages/building_transform_interface/building_transform_interface_s__rosidl_typesupport_c.cpython-310-x86_64-linux-gnu.so
[8.021s] -- Symlinking: /home/hpy/pioneer/hero/all/src/rm_vision_hero/install/building_transform_interface/share/building_transform_interface/msg/BaseArmor.idl
[8.032s] -- Symlinking: /home/hpy/pioneer/hero/all/src/rm_vision_hero/install/building_transform_interface/share/building_transform_interface/msg/TimeInfo.idl
[8.041s] -- Symlinking: /home/hpy/pioneer/hero/all/src/rm_vision_hero/install/building_transform_interface/share/building_transform_interface/msg/BaseArmor.msg
[8.052s] -- Symlinking: /home/hpy/pioneer/hero/all/src/rm_vision_hero/install/building_transform_interface/share/building_transform_interface/msg/TimeInfo.msg
[8.059s] -- Symlinking: /home/hpy/pioneer/hero/all/src/rm_vision_hero/install/building_transform_interface/share/ament_index/resource_index/package_run_dependencies/building_transform_interface
[8.071s] -- Symlinking: /home/hpy/pioneer/hero/all/src/rm_vision_hero/install/building_transform_interface/share/ament_index/resource_index/parent_prefix_path/building_transform_interface
[8.081s] -- Symlinking: /home/hpy/pioneer/hero/all/src/rm_vision_hero/install/building_transform_interface/share/building_transform_interface/environment/ament_prefix_path.sh
[8.093s] -- Symlinking: /home/hpy/pioneer/hero/all/src/rm_vision_hero/install/building_transform_interface/share/building_transform_interface/environment/ament_prefix_path.dsv
[8.103s] -- Symlinking: /home/hpy/pioneer/hero/all/src/rm_vision_hero/install/building_transform_interface/share/building_transform_interface/environment/path.sh
[8.113s] -- Symlinking: /home/hpy/pioneer/hero/all/src/rm_vision_hero/install/building_transform_interface/share/building_transform_interface/environment/path.dsv
[8.125s] -- Symlinking: /home/hpy/pioneer/hero/all/src/rm_vision_hero/install/building_transform_interface/share/building_transform_interface/local_setup.bash
[8.134s] -- Symlinking: /home/hpy/pioneer/hero/all/src/rm_vision_hero/install/building_transform_interface/share/building_transform_interface/local_setup.sh
[8.145s] -- Symlinking: /home/hpy/pioneer/hero/all/src/rm_vision_hero/install/building_transform_interface/share/building_transform_interface/local_setup.zsh
[8.158s] -- Symlinking: /home/hpy/pioneer/hero/all/src/rm_vision_hero/install/building_transform_interface/share/building_transform_interface/local_setup.dsv
[8.170s] -- Symlinking: /home/hpy/pioneer/hero/all/src/rm_vision_hero/install/building_transform_interface/share/building_transform_interface/package.dsv
[8.180s] -- Symlinking: /home/hpy/pioneer/hero/all/src/rm_vision_hero/install/building_transform_interface/share/ament_index/resource_index/packages/building_transform_interface
[8.188s] -- Symlinking: /home/hpy/pioneer/hero/all/src/rm_vision_hero/install/building_transform_interface/share/building_transform_interface/cmake/rosidl_cmake-extras.cmake
[8.197s] -- Symlinking: /home/hpy/pioneer/hero/all/src/rm_vision_hero/install/building_transform_interface/share/building_transform_interface/cmake/ament_cmake_export_dependencies-extras.cmake
[8.206s] -- Symlinking: /home/hpy/pioneer/hero/all/src/rm_vision_hero/install/building_transform_interface/share/building_transform_interface/cmake/ament_cmake_export_include_directories-extras.cmake
[8.216s] -- Symlinking: /home/hpy/pioneer/hero/all/src/rm_vision_hero/install/building_transform_interface/share/building_transform_interface/cmake/ament_cmake_export_libraries-extras.cmake
[8.228s] -- Symlinking: /home/hpy/pioneer/hero/all/src/rm_vision_hero/install/building_transform_interface/share/building_transform_interface/cmake/ament_cmake_export_targets-extras.cmake
[8.236s] -- Symlinking: /home/hpy/pioneer/hero/all/src/rm_vision_hero/install/building_transform_interface/share/building_transform_interface/cmake/rosidl_cmake_export_typesupport_targets-extras.cmake
[8.246s] -- Symlinking: /home/hpy/pioneer/hero/all/src/rm_vision_hero/install/building_transform_interface/share/building_transform_interface/cmake/rosidl_cmake_export_typesupport_libraries-extras.cmake
[8.256s] -- Symlinking: /home/hpy/pioneer/hero/all/src/rm_vision_hero/install/building_transform_interface/share/building_transform_interface/cmake/building_transform_interfaceConfig.cmake
[8.266s] -- Symlinking: /home/hpy/pioneer/hero/all/src/rm_vision_hero/install/building_transform_interface/share/building_transform_interface/cmake/building_transform_interfaceConfig-version.cmake
[8.275s] -- Symlinking: /home/hpy/pioneer/hero/all/src/rm_vision_hero/install/building_transform_interface/share/building_transform_interface/package.xml
[8.286s] -- Installing: /home/hpy/pioneer/hero/all/src/rm_vision_hero/install/building_transform_interface/lib/libbuilding_transform_interface__rosidl_generator_c.so
[8.287s] -- Set runtime path of "/home/hpy/pioneer/hero/all/src/rm_vision_hero/install/building_transform_interface/lib/libbuilding_transform_interface__rosidl_generator_c.so" to ""
[8.287s] -- Installing: /home/hpy/pioneer/hero/all/src/rm_vision_hero/install/building_transform_interface/lib/libbuilding_transform_interface__rosidl_typesupport_fastrtps_c.so
[8.287s] -- Set runtime path of "/home/hpy/pioneer/hero/all/src/rm_vision_hero/install/building_transform_interface/lib/libbuilding_transform_interface__rosidl_typesupport_fastrtps_c.so" to ""
[8.287s] -- Installing: /home/hpy/pioneer/hero/all/src/rm_vision_hero/install/building_transform_interface/lib/libbuilding_transform_interface__rosidl_typesupport_introspection_c.so
[8.288s] -- Set runtime path of "/home/hpy/pioneer/hero/all/src/rm_vision_hero/install/building_transform_interface/lib/libbuilding_transform_interface__rosidl_typesupport_introspection_c.so" to ""
[8.288s] -- Installing: /home/hpy/pioneer/hero/all/src/rm_vision_hero/install/building_transform_interface/lib/libbuilding_transform_interface__rosidl_typesupport_c.so
[8.288s] -- Set runtime path of "/home/hpy/pioneer/hero/all/src/rm_vision_hero/install/building_transform_interface/lib/libbuilding_transform_interface__rosidl_typesupport_c.so" to ""
[8.288s] -- Installing: /home/hpy/pioneer/hero/all/src/rm_vision_hero/install/building_transform_interface/lib/libbuilding_transform_interface__rosidl_typesupport_fastrtps_cpp.so
[8.288s] -- Set runtime path of "/home/hpy/pioneer/hero/all/src/rm_vision_hero/install/building_transform_interface/lib/libbuilding_transform_interface__rosidl_typesupport_fastrtps_cpp.so" to ""
[8.289s] -- Installing: /home/hpy/pioneer/hero/all/src/rm_vision_hero/install/building_transform_interface/lib/libbuilding_transform_interface__rosidl_typesupport_introspection_cpp.so
[8.289s] -- Set runtime path of "/home/hpy/pioneer/hero/all/src/rm_vision_hero/install/building_transform_interface/lib/libbuilding_transform_interface__rosidl_typesupport_introspection_cpp.so" to ""
[8.289s] -- Installing: /home/hpy/pioneer/hero/all/src/rm_vision_hero/install/building_transform_interface/lib/libbuilding_transform_interface__rosidl_typesupport_cpp.so
[8.289s] -- Set runtime path of "/home/hpy/pioneer/hero/all/src/rm_vision_hero/install/building_transform_interface/lib/libbuilding_transform_interface__rosidl_typesupport_cpp.so" to ""
[8.317s] Listing '/home/hpy/pioneer/hero/all/src/rm_vision_hero/install/building_transform_interface/local/lib/python3.10/dist-packages/building_transform_interface'...
[8.318s] Compiling '/home/hpy/pioneer/hero/all/src/rm_vision_hero/install/building_transform_interface/local/lib/python3.10/dist-packages/building_transform_interface/__init__.py'...
[8.318s] Listing '/home/hpy/pioneer/hero/all/src/rm_vision_hero/install/building_transform_interface/local/lib/python3.10/dist-packages/building_transform_interface/msg'...
[8.318s] Compiling '/home/hpy/pioneer/hero/all/src/rm_vision_hero/install/building_transform_interface/local/lib/python3.10/dist-packages/building_transform_interface/msg/__init__.py'...
[8.318s] Compiling '/home/hpy/pioneer/hero/all/src/rm_vision_hero/install/building_transform_interface/local/lib/python3.10/dist-packages/building_transform_interface/msg/_base_armor.py'...
[8.318s] Compiling '/home/hpy/pioneer/hero/all/src/rm_vision_hero/install/building_transform_interface/local/lib/python3.10/dist-packages/building_transform_interface/msg/_time_info.py'...
[8.322s] -- Installing: /home/hpy/pioneer/hero/all/src/rm_vision_hero/install/building_transform_interface/lib/libbuilding_transform_interface__rosidl_generator_py.so
[8.323s] -- Set runtime path of "/home/hpy/pioneer/hero/all/src/rm_vision_hero/install/building_transform_interface/lib/libbuilding_transform_interface__rosidl_generator_py.so" to ""
[8.323s] -- Installing: /home/hpy/pioneer/hero/all/src/rm_vision_hero/install/building_transform_interface/share/building_transform_interface/cmake/export_building_transform_interface__rosidl_generator_cExport.cmake
[8.323s] -- Installing: /home/hpy/pioneer/hero/all/src/rm_vision_hero/install/building_transform_interface/share/building_transform_interface/cmake/export_building_transform_interface__rosidl_generator_cExport-noconfig.cmake
[8.323s] -- Installing: /home/hpy/pioneer/hero/all/src/rm_vision_hero/install/building_transform_interface/share/building_transform_interface/cmake/export_building_transform_interface__rosidl_typesupport_fastrtps_cExport.cmake
[8.323s] -- Installing: /home/hpy/pioneer/hero/all/src/rm_vision_hero/install/building_transform_interface/share/building_transform_interface/cmake/export_building_transform_interface__rosidl_typesupport_fastrtps_cExport-noconfig.cmake
[8.323s] -- Installing: /home/hpy/pioneer/hero/all/src/rm_vision_hero/install/building_transform_interface/share/building_transform_interface/cmake/building_transform_interface__rosidl_typesupport_introspection_cExport.cmake
[8.324s] -- Installing: /home/hpy/pioneer/hero/all/src/rm_vision_hero/install/building_transform_interface/share/building_transform_interface/cmake/building_transform_interface__rosidl_typesupport_introspection_cExport-noconfig.cmake
[8.324s] -- Installing: /home/hpy/pioneer/hero/all/src/rm_vision_hero/install/building_transform_interface/share/building_transform_interface/cmake/building_transform_interface__rosidl_typesupport_cExport.cmake
[8.324s] -- Installing: /home/hpy/pioneer/hero/all/src/rm_vision_hero/install/building_transform_interface/share/building_transform_interface/cmake/building_transform_interface__rosidl_typesupport_cExport-noconfig.cmake
[8.324s] -- Installing: /home/hpy/pioneer/hero/all/src/rm_vision_hero/install/building_transform_interface/share/building_transform_interface/cmake/export_building_transform_interface__rosidl_generator_cppExport.cmake
[8.324s] -- Installing: /home/hpy/pioneer/hero/all/src/rm_vision_hero/install/building_transform_interface/share/building_transform_interface/cmake/export_building_transform_interface__rosidl_typesupport_fastrtps_cppExport.cmake
[8.324s] -- Installing: /home/hpy/pioneer/hero/all/src/rm_vision_hero/install/building_transform_interface/share/building_transform_interface/cmake/export_building_transform_interface__rosidl_typesupport_fastrtps_cppExport-noconfig.cmake
[8.325s] -- Installing: /home/hpy/pioneer/hero/all/src/rm_vision_hero/install/building_transform_interface/share/building_transform_interface/cmake/building_transform_interface__rosidl_typesupport_introspection_cppExport.cmake
[8.325s] -- Installing: /home/hpy/pioneer/hero/all/src/rm_vision_hero/install/building_transform_interface/share/building_transform_interface/cmake/building_transform_interface__rosidl_typesupport_introspection_cppExport-noconfig.cmake
[8.325s] -- Installing: /home/hpy/pioneer/hero/all/src/rm_vision_hero/install/building_transform_interface/share/building_transform_interface/cmake/building_transform_interface__rosidl_typesupport_cppExport.cmake
[8.325s] -- Installing: /home/hpy/pioneer/hero/all/src/rm_vision_hero/install/building_transform_interface/share/building_transform_interface/cmake/building_transform_interface__rosidl_typesupport_cppExport-noconfig.cmake
[8.325s] -- Installing: /home/hpy/pioneer/hero/all/src/rm_vision_hero/install/building_transform_interface/share/building_transform_interface/cmake/export_building_transform_interface__rosidl_generator_pyExport.cmake
[8.325s] -- Installing: /home/hpy/pioneer/hero/all/src/rm_vision_hero/install/building_transform_interface/share/building_transform_interface/cmake/export_building_transform_interface__rosidl_generator_pyExport-noconfig.cmake
[8.329s] Invoked command in '/home/hpy/pioneer/hero/all/src/rm_vision_hero/build/building_transform_interface' returned '0': CMAKE_PREFIX_PATH=${CMAKE_PREFIX_PATH}:/opt/ros/humble /usr/bin/cmake --install /home/hpy/pioneer/hero/all/src/rm_vision_hero/build/building_transform_interface
