[0.022s] Invoking command in '/home/hpy/pioneer/hero/all/src/rm_vision_hero/build/rm_tools': CMAKE_PREFIX_PATH=${CMAKE_PREFIX_PATH}:/opt/ros/humble /usr/bin/cmake /home/hpy/pioneer/hero/all/src/rm_vision_hero/src/rm_tools -DAMENT_CMAKE_SYMLINK_INSTALL=1 -DCMAKE_INSTALL_PREFIX=/home/hpy/pioneer/hero/all/src/rm_vision_hero/install/rm_tools
[0.079s] -- The C compiler identification is GNU 11.4.0
[0.131s] -- The CXX compiler identification is GNU 11.4.0
[0.138s] -- Detecting C compiler ABI info
[0.193s] -- Detecting C compiler ABI info - done
[0.198s] -- Check for working C compiler: /usr/bin/cc - skipped
[0.198s] -- Detecting C compile features
[0.198s] -- Detecting C compile features - done
[0.200s] -- Detecting CXX compiler ABI info
[0.263s] -- Detecting CXX compiler ABI info - done
[0.268s] -- Check for working CXX compiler: /usr/bin/c++ - skipped
[0.269s] -- Detecting CXX compile features
[0.269s] -- Detecting CXX compile features - done
[0.270s] -- Found ament_cmake: 1.3.12 (/opt/ros/humble/share/ament_cmake/cmake)
[0.409s] -- Found Python3: /usr/bin/python3 (found version "3.10.12") found components: Interpreter 
[0.489s] -- Override CMake install command with custom implementation using symlinks instead of copying resources
[0.512s] -- Found rclcpp: 16.0.17 (/opt/ros/humble/share/rclcpp/cmake)
[0.540s] -- Found rosidl_generator_c: 3.1.8 (/opt/ros/humble/share/rosidl_generator_c/cmake)
[0.543s] -- Found rosidl_adapter: 3.1.8 (/opt/ros/humble/share/rosidl_adapter/cmake)
[0.549s] -- Found rosidl_generator_cpp: 3.1.8 (/opt/ros/humble/share/rosidl_generator_cpp/cmake)
[0.557s] -- Using all available rosidl_typesupport_c: rosidl_typesupport_fastrtps_c;rosidl_typesupport_introspection_c
[0.568s] -- Using all available rosidl_typesupport_cpp: rosidl_typesupport_fastrtps_cpp;rosidl_typesupport_introspection_cpp
[0.598s] -- Found rmw_implementation_cmake: 6.1.2 (/opt/ros/humble/share/rmw_implementation_cmake/cmake)
[0.600s] -- Found rmw_fastrtps_cpp: 6.2.9 (/opt/ros/humble/share/rmw_fastrtps_cpp/cmake)
[0.666s] -- Found OpenSSL: /usr/lib/x86_64-linux-gnu/libcrypto.so (found version "3.0.2")  
[0.684s] -- Found FastRTPS: /opt/ros/humble/include  
[0.712s] -- Using RMW implementation 'rmw_fastrtps_cpp' as default
[0.717s] -- Looking for pthread.h
[0.786s] -- Looking for pthread.h - found
[0.786s] -- Performing Test CMAKE_HAVE_LIBC_PTHREAD
[0.856s] -- Performing Test CMAKE_HAVE_LIBC_PTHREAD - Success
[0.857s] -- Found Threads: TRUE  
[0.894s] -- Found eigen3_cmake_module: 0.1.1 (/opt/ros/humble/share/eigen3_cmake_module/cmake)
[0.899s] -- Found Eigen3: TRUE (found version "3.4.0") 
[0.899s] -- Found geometry_msgs: 4.9.0 (/opt/ros/humble/share/geometry_msgs/cmake)
[0.913s] -- Found tf2_geometry_msgs: 0.25.18 (/opt/ros/humble/share/tf2_geometry_msgs/cmake)
[0.922s] -- Ensuring Eigen3 include directory is part of orocos-kdl CMake target
[1.044s] -- Found OpenCV: /usr (found suitable version "4.5.4", minimum required is "4") 
[1.051s] -- Found ament_lint_auto: 0.12.14 (/opt/ros/humble/share/ament_lint_auto/cmake)
[1.116s] -- Added test 'cppcheck' to perform static code analysis on C / C++ code
[1.116s] -- Configured cppcheck include dirs: /home/hpy/pioneer/hero/all/src/rm_vision_hero/src/rm_tools/include
[1.116s] -- Configured cppcheck exclude dirs and/or files: 
[1.117s] -- Added test 'lint_cmake' to check CMake code style
[1.118s] -- Added test 'xmllint' to check XML markup files
[1.121s] -- Configuring done
[1.139s] -- Generating done
[1.144s] -- Build files have been written to: /home/hpy/pioneer/hero/all/src/rm_vision_hero/build/rm_tools
[1.154s] Invoked command in '/home/hpy/pioneer/hero/all/src/rm_vision_hero/build/rm_tools' returned '0': CMAKE_PREFIX_PATH=${CMAKE_PREFIX_PATH}:/opt/ros/humble /usr/bin/cmake /home/hpy/pioneer/hero/all/src/rm_vision_hero/src/rm_tools -DAMENT_CMAKE_SYMLINK_INSTALL=1 -DCMAKE_INSTALL_PREFIX=/home/hpy/pioneer/hero/all/src/rm_vision_hero/install/rm_tools
[1.155s] Invoking command in '/home/hpy/pioneer/hero/all/src/rm_vision_hero/build/rm_tools': CMAKE_PREFIX_PATH=${CMAKE_PREFIX_PATH}:/opt/ros/humble /usr/bin/cmake --build /home/hpy/pioneer/hero/all/src/rm_vision_hero/build/rm_tools -- -j16 -l16
[1.206s] [ 14%] [32mBuilding CXX object CMakeFiles/rm_tools.dir/src/rotation_bridge.cpp.o[0m
[1.207s] [ 28%] [32mBuilding CXX object CMakeFiles/rm_tools.dir/src/manual_compensator.cpp.o[0m
[1.208s] [ 42%] [32mBuilding CXX object CMakeFiles/rm_tools.dir/src/trajectory_compensator.cpp.o[0m
[1.208s] [ 57%] [32mBuilding CXX object CMakeFiles/rm_tools.dir/src/math.cpp.o[0m
[1.211s] [ 71%] [32mBuilding CXX object CMakeFiles/rm_tools.dir/src/pnp_solver.cpp.o[0m
[1.217s] [ 85%] [32mBuilding CXX object CMakeFiles/rm_tools.dir/src/extended_kalman_filter.cpp.o[0m
[3.827s] [01m[K/home/hpy/pioneer/hero/all/src/rm_vision_hero/src/rm_tools/src/pnp_solver.cpp:[m[K In member function ‘[01m[Kstd::vector<cv::Point_<float> > rm_auto_aim::PnPSolver::getReprojectionPoint(const Vec3d&, const Vec3d&, const string&, double)[m[K’:
[3.827s] [01m[K/home/hpy/pioneer/hero/all/src/rm_vision_hero/src/rm_tools/src/pnp_solver.cpp:85:1:[m[K [01;35m[Kwarning: [m[Kcontrol reaches end of non-void function [[01;35m[K]8;;https://gcc.gnu.org/onlinedocs/gcc/Warning-Options.html#index-Wreturn-type-Wreturn-type]8;;[m[K]
[3.827s]    85 | [01;35m[K}[m[K
[3.827s]       | [01;35m[K^[m[K
[13.802s] [100%] [32m[1mLinking CXX shared library librm_tools.so[0m
[13.905s] [100%] Built target rm_tools
