[0.018s] Invoking command in '/home/hpy/pioneer/hero/all/src/rm_vision_hero/build/rm_planner': CMAKE_PREFIX_PATH=/home/hpy/pioneer/hero/all/src/rm_vision_hero/install/rm_tools:/home/hpy/pioneer/hero/all/src/rm_vision_hero/install/building_transform_interface:/home/hpy/pioneer/hero/all/src/rm_vision_hero/install/auto_aim_interfaces:/home/hpy/pioneer/hero/all/src/rm_vision_hero/install/rm_vision_bringup:/home/hpy/pioneer/hero/all/src/rm_vision_hero/install/rm_planner:/home/hpy/pioneer/hero/all/src/rm_vision_hero/install/armor_tracker:/home/hpy/pioneer/hero/all/src/rm_vision_hero/install/armor_detector:/home/hpy/pioneer/hero/all/src/rm_vision_hero/install/rm_serial_driver:/home/hpy/pioneer/hero/all/src/rm_vision_hero/install/rm_gimbal_description:/home/hpy/pioneer/hero/all/src/rm_vision_hero/install/hik_camera:/home/hpy/pioneer/hero/all/src/rm_vision_hero/install/detector:/opt/ros/humble LD_LIBRARY_PATH=/home/hpy/pioneer/hero/all/src/rm_vision_hero/install/rm_tools/lib:/home/hpy/pioneer/hero/all/src/rm_vision_hero/install/building_transform_interface/lib:/home/hpy/pioneer/hero/all/src/rm_vision_hero/install/auto_aim_interfaces/lib:/home/hpy/pioneer/hero/all/src/rm_vision_hero/install/rm_planner/lib:/home/hpy/pioneer/hero/all/src/rm_vision_hero/install/armor_tracker/lib:/home/hpy/pioneer/hero/all/src/rm_vision_hero/install/armor_detector/lib:/home/hpy/pioneer/hero/all/src/rm_vision_hero/install/rm_serial_driver/lib:/home/hpy/pioneer/hero/all/src/rm_vision_hero/install/hik_camera/lib:/home/hpy/pioneer/hero/all/src/rm_vision_hero/install/detector/lib:/opt/ros/humble/opt/rviz_ogre_vendor/lib:/opt/ros/humble/lib/x86_64-linux-gnu:/opt/ros/humble/lib:/opt/MVS/lib/64:/opt/MVS/lib/32:/opt/MVS/lib/64:/opt/MVS/lib/32 /usr/bin/cmake --build /home/hpy/pioneer/hero/all/src/rm_vision_hero/build/rm_planner -- -j16 -l16
[0.064s] [ 18%] Built target rm_planner_node
[0.070s] [ 63%] Built target tinympcstatic
[0.100s] [100%] Built target rm_planner
[0.141s] Invoked command in '/home/hpy/pioneer/hero/all/src/rm_vision_hero/build/rm_planner' returned '0': CMAKE_PREFIX_PATH=/home/hpy/pioneer/hero/all/src/rm_vision_hero/install/rm_tools:/home/hpy/pioneer/hero/all/src/rm_vision_hero/install/building_transform_interface:/home/hpy/pioneer/hero/all/src/rm_vision_hero/install/auto_aim_interfaces:/home/hpy/pioneer/hero/all/src/rm_vision_hero/install/rm_vision_bringup:/home/hpy/pioneer/hero/all/src/rm_vision_hero/install/rm_planner:/home/hpy/pioneer/hero/all/src/rm_vision_hero/install/armor_tracker:/home/hpy/pioneer/hero/all/src/rm_vision_hero/install/armor_detector:/home/hpy/pioneer/hero/all/src/rm_vision_hero/install/rm_serial_driver:/home/hpy/pioneer/hero/all/src/rm_vision_hero/install/rm_gimbal_description:/home/hpy/pioneer/hero/all/src/rm_vision_hero/install/hik_camera:/home/hpy/pioneer/hero/all/src/rm_vision_hero/install/detector:/opt/ros/humble LD_LIBRARY_PATH=/home/hpy/pioneer/hero/all/src/rm_vision_hero/install/rm_tools/lib:/home/hpy/pioneer/hero/all/src/rm_vision_hero/install/building_transform_interface/lib:/home/hpy/pioneer/hero/all/src/rm_vision_hero/install/auto_aim_interfaces/lib:/home/hpy/pioneer/hero/all/src/rm_vision_hero/install/rm_planner/lib:/home/hpy/pioneer/hero/all/src/rm_vision_hero/install/armor_tracker/lib:/home/hpy/pioneer/hero/all/src/rm_vision_hero/install/armor_detector/lib:/home/hpy/pioneer/hero/all/src/rm_vision_hero/install/rm_serial_driver/lib:/home/hpy/pioneer/hero/all/src/rm_vision_hero/install/hik_camera/lib:/home/hpy/pioneer/hero/all/src/rm_vision_hero/install/detector/lib:/opt/ros/humble/opt/rviz_ogre_vendor/lib:/opt/ros/humble/lib/x86_64-linux-gnu:/opt/ros/humble/lib:/opt/MVS/lib/64:/opt/MVS/lib/32:/opt/MVS/lib/64:/opt/MVS/lib/32 /usr/bin/cmake --build /home/hpy/pioneer/hero/all/src/rm_vision_hero/build/rm_planner -- -j16 -l16
[0.143s] Invoking command in '/home/hpy/pioneer/hero/all/src/rm_vision_hero/build/rm_planner': CMAKE_PREFIX_PATH=/home/hpy/pioneer/hero/all/src/rm_vision_hero/install/rm_tools:/home/hpy/pioneer/hero/all/src/rm_vision_hero/install/building_transform_interface:/home/hpy/pioneer/hero/all/src/rm_vision_hero/install/auto_aim_interfaces:/home/hpy/pioneer/hero/all/src/rm_vision_hero/install/rm_vision_bringup:/home/hpy/pioneer/hero/all/src/rm_vision_hero/install/rm_planner:/home/hpy/pioneer/hero/all/src/rm_vision_hero/install/armor_tracker:/home/hpy/pioneer/hero/all/src/rm_vision_hero/install/armor_detector:/home/hpy/pioneer/hero/all/src/rm_vision_hero/install/rm_serial_driver:/home/hpy/pioneer/hero/all/src/rm_vision_hero/install/rm_gimbal_description:/home/hpy/pioneer/hero/all/src/rm_vision_hero/install/hik_camera:/home/hpy/pioneer/hero/all/src/rm_vision_hero/install/detector:/opt/ros/humble LD_LIBRARY_PATH=/home/hpy/pioneer/hero/all/src/rm_vision_hero/install/rm_tools/lib:/home/hpy/pioneer/hero/all/src/rm_vision_hero/install/building_transform_interface/lib:/home/hpy/pioneer/hero/all/src/rm_vision_hero/install/auto_aim_interfaces/lib:/home/hpy/pioneer/hero/all/src/rm_vision_hero/install/rm_planner/lib:/home/hpy/pioneer/hero/all/src/rm_vision_hero/install/armor_tracker/lib:/home/hpy/pioneer/hero/all/src/rm_vision_hero/install/armor_detector/lib:/home/hpy/pioneer/hero/all/src/rm_vision_hero/install/rm_serial_driver/lib:/home/hpy/pioneer/hero/all/src/rm_vision_hero/install/hik_camera/lib:/home/hpy/pioneer/hero/all/src/rm_vision_hero/install/detector/lib:/opt/ros/humble/opt/rviz_ogre_vendor/lib:/opt/ros/humble/lib/x86_64-linux-gnu:/opt/ros/humble/lib:/opt/MVS/lib/64:/opt/MVS/lib/32:/opt/MVS/lib/64:/opt/MVS/lib/32 /usr/bin/cmake --install /home/hpy/pioneer/hero/all/src/rm_vision_hero/build/rm_planner
[0.154s] -- Install configuration: ""
[0.154s] -- Execute custom install script
[0.155s] -- Up-to-date symlink: /home/hpy/pioneer/hero/all/src/rm_vision_hero/install/rm_planner/lib/rm_planner/rm_planner_node
[0.155s] -- Up-to-date symlink: /home/hpy/pioneer/hero/all/src/rm_vision_hero/install/rm_planner/include/rm_planner/rm_planner.hpp
[0.155s] -- Up-to-date symlink: /home/hpy/pioneer/hero/all/src/rm_vision_hero/install/rm_planner/include/rm_planner/rm_planner_node.hpp
[0.155s] -- Up-to-date symlink: /home/hpy/pioneer/hero/all/src/rm_vision_hero/install/rm_planner/include/rm_planner/target.hpp
[0.155s] -- Up-to-date symlink: /home/hpy/pioneer/hero/all/src/rm_vision_hero/install/rm_planner/include/rm_planner/tinympc/CMakeLists.txt
[0.155s] -- Up-to-date symlink: /home/hpy/pioneer/hero/all/src/rm_vision_hero/install/rm_planner/include/rm_planner/tinympc/admm.cpp
[0.155s] -- Up-to-date symlink: /home/hpy/pioneer/hero/all/src/rm_vision_hero/install/rm_planner/include/rm_planner/tinympc/admm.hpp
[0.155s] -- Up-to-date symlink: /home/hpy/pioneer/hero/all/src/rm_vision_hero/install/rm_planner/include/rm_planner/tinympc/codegen.cpp
[0.155s] -- Up-to-date symlink: /home/hpy/pioneer/hero/all/src/rm_vision_hero/install/rm_planner/include/rm_planner/tinympc/codegen.hpp
[0.155s] -- Up-to-date symlink: /home/hpy/pioneer/hero/all/src/rm_vision_hero/install/rm_planner/include/rm_planner/tinympc/error.hpp
[0.155s] -- Up-to-date symlink: /home/hpy/pioneer/hero/all/src/rm_vision_hero/install/rm_planner/include/rm_planner/tinympc/rho_benchmark.cpp
[0.155s] -- Up-to-date symlink: /home/hpy/pioneer/hero/all/src/rm_vision_hero/install/rm_planner/include/rm_planner/tinympc/rho_benchmark.hpp
[0.156s] -- Up-to-date symlink: /home/hpy/pioneer/hero/all/src/rm_vision_hero/install/rm_planner/include/rm_planner/tinympc/tiny_api.cpp
[0.156s] -- Up-to-date symlink: /home/hpy/pioneer/hero/all/src/rm_vision_hero/install/rm_planner/include/rm_planner/tinympc/tiny_api.hpp
[0.156s] -- Up-to-date symlink: /home/hpy/pioneer/hero/all/src/rm_vision_hero/install/rm_planner/include/rm_planner/tinympc/tiny_api_constants.hpp
[0.156s] -- Up-to-date symlink: /home/hpy/pioneer/hero/all/src/rm_vision_hero/install/rm_planner/include/rm_planner/tinympc/types.hpp
[0.156s] -- Up-to-date symlink: /home/hpy/pioneer/hero/all/src/rm_vision_hero/install/rm_planner/share/rm_planner/environment/library_path.sh
[0.156s] -- Up-to-date symlink: /home/hpy/pioneer/hero/all/src/rm_vision_hero/install/rm_planner/share/rm_planner/environment/library_path.dsv
[0.156s] -- Up-to-date symlink: /home/hpy/pioneer/hero/all/src/rm_vision_hero/install/rm_planner/lib/librm_planner.so
[0.156s] -- Up-to-date symlink: /home/hpy/pioneer/hero/all/src/rm_vision_hero/install/rm_planner/share/ament_index/resource_index/package_run_dependencies/rm_planner
[0.156s] -- Up-to-date symlink: /home/hpy/pioneer/hero/all/src/rm_vision_hero/install/rm_planner/share/ament_index/resource_index/parent_prefix_path/rm_planner
[0.157s] -- Up-to-date symlink: /home/hpy/pioneer/hero/all/src/rm_vision_hero/install/rm_planner/share/rm_planner/environment/ament_prefix_path.sh
[0.157s] -- Up-to-date symlink: /home/hpy/pioneer/hero/all/src/rm_vision_hero/install/rm_planner/share/rm_planner/environment/ament_prefix_path.dsv
[0.157s] -- Up-to-date symlink: /home/hpy/pioneer/hero/all/src/rm_vision_hero/install/rm_planner/share/rm_planner/environment/path.sh
[0.157s] -- Up-to-date symlink: /home/hpy/pioneer/hero/all/src/rm_vision_hero/install/rm_planner/share/rm_planner/environment/path.dsv
[0.157s] -- Up-to-date symlink: /home/hpy/pioneer/hero/all/src/rm_vision_hero/install/rm_planner/share/rm_planner/local_setup.bash
[0.157s] -- Up-to-date symlink: /home/hpy/pioneer/hero/all/src/rm_vision_hero/install/rm_planner/share/rm_planner/local_setup.sh
[0.157s] -- Up-to-date symlink: /home/hpy/pioneer/hero/all/src/rm_vision_hero/install/rm_planner/share/rm_planner/local_setup.zsh
[0.157s] -- Up-to-date symlink: /home/hpy/pioneer/hero/all/src/rm_vision_hero/install/rm_planner/share/rm_planner/local_setup.dsv
[0.158s] -- Symlinking: /home/hpy/pioneer/hero/all/src/rm_vision_hero/install/rm_planner/share/rm_planner/package.dsv
[0.165s] -- Up-to-date symlink: /home/hpy/pioneer/hero/all/src/rm_vision_hero/install/rm_planner/share/ament_index/resource_index/packages/rm_planner
[0.165s] -- Up-to-date symlink: /home/hpy/pioneer/hero/all/src/rm_vision_hero/install/rm_planner/share/ament_index/resource_index/rclcpp_components/rm_planner
[0.166s] -- Up-to-date symlink: /home/hpy/pioneer/hero/all/src/rm_vision_hero/install/rm_planner/share/rm_planner/cmake/ament_cmake_export_dependencies-extras.cmake
[0.166s] -- Up-to-date symlink: /home/hpy/pioneer/hero/all/src/rm_vision_hero/install/rm_planner/share/rm_planner/cmake/ament_cmake_export_include_directories-extras.cmake
[0.166s] -- Up-to-date symlink: /home/hpy/pioneer/hero/all/src/rm_vision_hero/install/rm_planner/share/rm_planner/cmake/ament_cmake_export_libraries-extras.cmake
[0.166s] -- Up-to-date symlink: /home/hpy/pioneer/hero/all/src/rm_vision_hero/install/rm_planner/share/rm_planner/cmake/rm_plannerConfig.cmake
[0.166s] -- Up-to-date symlink: /home/hpy/pioneer/hero/all/src/rm_vision_hero/install/rm_planner/share/rm_planner/cmake/rm_plannerConfig-version.cmake
[0.167s] -- Up-to-date symlink: /home/hpy/pioneer/hero/all/src/rm_vision_hero/install/rm_planner/share/rm_planner/package.xml
[0.169s] Invoked command in '/home/hpy/pioneer/hero/all/src/rm_vision_hero/build/rm_planner' returned '0': CMAKE_PREFIX_PATH=/home/hpy/pioneer/hero/all/src/rm_vision_hero/install/rm_tools:/home/hpy/pioneer/hero/all/src/rm_vision_hero/install/building_transform_interface:/home/hpy/pioneer/hero/all/src/rm_vision_hero/install/auto_aim_interfaces:/home/hpy/pioneer/hero/all/src/rm_vision_hero/install/rm_vision_bringup:/home/hpy/pioneer/hero/all/src/rm_vision_hero/install/rm_planner:/home/hpy/pioneer/hero/all/src/rm_vision_hero/install/armor_tracker:/home/hpy/pioneer/hero/all/src/rm_vision_hero/install/armor_detector:/home/hpy/pioneer/hero/all/src/rm_vision_hero/install/rm_serial_driver:/home/hpy/pioneer/hero/all/src/rm_vision_hero/install/rm_gimbal_description:/home/hpy/pioneer/hero/all/src/rm_vision_hero/install/hik_camera:/home/hpy/pioneer/hero/all/src/rm_vision_hero/install/detector:/opt/ros/humble LD_LIBRARY_PATH=/home/hpy/pioneer/hero/all/src/rm_vision_hero/install/rm_tools/lib:/home/hpy/pioneer/hero/all/src/rm_vision_hero/install/building_transform_interface/lib:/home/hpy/pioneer/hero/all/src/rm_vision_hero/install/auto_aim_interfaces/lib:/home/hpy/pioneer/hero/all/src/rm_vision_hero/install/rm_planner/lib:/home/hpy/pioneer/hero/all/src/rm_vision_hero/install/armor_tracker/lib:/home/hpy/pioneer/hero/all/src/rm_vision_hero/install/armor_detector/lib:/home/hpy/pioneer/hero/all/src/rm_vision_hero/install/rm_serial_driver/lib:/home/hpy/pioneer/hero/all/src/rm_vision_hero/install/hik_camera/lib:/home/hpy/pioneer/hero/all/src/rm_vision_hero/install/detector/lib:/opt/ros/humble/opt/rviz_ogre_vendor/lib:/opt/ros/humble/lib/x86_64-linux-gnu:/opt/ros/humble/lib:/opt/MVS/lib/64:/opt/MVS/lib/32:/opt/MVS/lib/64:/opt/MVS/lib/32 /usr/bin/cmake --install /home/hpy/pioneer/hero/all/src/rm_vision_hero/build/rm_planner
