[0.021s] Invoking command in '/home/hpy/pioneer/hero/all/src/rm_vision_hero/build/detector': CMAKE_PREFIX_PATH=${CMAKE_PREFIX_PATH}:/opt/ros/humble /usr/bin/cmake --build /home/hpy/pioneer/hero/all/src/rm_vision_hero/build/detector -- -j16 -l16
[0.067s] [35m[1mConsolidate compiler generated dependencies of target lob_vision_node[0m
[0.084s] [ 33%] Built target lob_vision_node_exec
[0.089s] [100%] Built target lob_vision_node
[0.114s] Invoked command in '/home/hpy/pioneer/hero/all/src/rm_vision_hero/build/detector' returned '0': CMAKE_PREFIX_PATH=${CMAKE_PREFIX_PATH}:/opt/ros/humble /usr/bin/cmake --build /home/hpy/pioneer/hero/all/src/rm_vision_hero/build/detector -- -j16 -l16
[0.117s] Invoking command in '/home/hpy/pioneer/hero/all/src/rm_vision_hero/build/detector': CMAKE_PREFIX_PATH=${CMAKE_PREFIX_PATH}:/opt/ros/humble /usr/bin/cmake --install /home/hpy/pioneer/hero/all/src/rm_vision_hero/build/detector
[0.126s] -- Install configuration: ""
[0.127s] -- Execute custom install script
[0.127s] -- Up-to-date symlink: /home/hpy/pioneer/hero/all/src/rm_vision_hero/install/detector/lib/detector/lob_vision_node_exec
[0.127s] -- Up-to-date symlink: /home/hpy/pioneer/hero/all/src/rm_vision_hero/install/detector/lib/liblob_vision_node.so
[0.127s] -- Up-to-date symlink: /home/hpy/pioneer/hero/all/src/rm_vision_hero/install/detector/share/detector/config/lob_vision_params.yaml
[0.127s] -- Up-to-date symlink: /home/hpy/pioneer/hero/all/src/rm_vision_hero/install/detector/share/detector/launch/detector.launch.py
[0.128s] -- Up-to-date symlink: /home/hpy/pioneer/hero/all/src/rm_vision_hero/install/detector/include/detector/guide_light_detector.hpp
[0.128s] -- Up-to-date symlink: /home/hpy/pioneer/hero/all/src/rm_vision_hero/install/detector/include/detector/lob_tracker.hpp
[0.128s] -- Up-to-date symlink: /home/hpy/pioneer/hero/all/src/rm_vision_hero/install/detector/include/detector/lob_vision_node.hpp
[0.128s] -- Up-to-date symlink: /home/hpy/pioneer/hero/all/src/rm_vision_hero/install/detector/share/ament_index/resource_index/package_run_dependencies/detector
[0.129s] -- Up-to-date symlink: /home/hpy/pioneer/hero/all/src/rm_vision_hero/install/detector/share/ament_index/resource_index/parent_prefix_path/detector
[0.129s] -- Up-to-date symlink: /home/hpy/pioneer/hero/all/src/rm_vision_hero/install/detector/share/detector/environment/ament_prefix_path.sh
[0.129s] -- Up-to-date symlink: /home/hpy/pioneer/hero/all/src/rm_vision_hero/install/detector/share/detector/environment/ament_prefix_path.dsv
[0.130s] -- Up-to-date symlink: /home/hpy/pioneer/hero/all/src/rm_vision_hero/install/detector/share/detector/environment/path.sh
[0.130s] -- Up-to-date symlink: /home/hpy/pioneer/hero/all/src/rm_vision_hero/install/detector/share/detector/environment/path.dsv
[0.130s] -- Up-to-date symlink: /home/hpy/pioneer/hero/all/src/rm_vision_hero/install/detector/share/detector/local_setup.bash
[0.130s] -- Up-to-date symlink: /home/hpy/pioneer/hero/all/src/rm_vision_hero/install/detector/share/detector/local_setup.sh
[0.130s] -- Up-to-date symlink: /home/hpy/pioneer/hero/all/src/rm_vision_hero/install/detector/share/detector/local_setup.zsh
[0.131s] -- Up-to-date symlink: /home/hpy/pioneer/hero/all/src/rm_vision_hero/install/detector/share/detector/local_setup.dsv
[0.131s] -- Symlinking: /home/hpy/pioneer/hero/all/src/rm_vision_hero/install/detector/share/detector/package.dsv
[0.137s] -- Up-to-date symlink: /home/hpy/pioneer/hero/all/src/rm_vision_hero/install/detector/share/ament_index/resource_index/packages/detector
[0.137s] -- Up-to-date symlink: /home/hpy/pioneer/hero/all/src/rm_vision_hero/install/detector/share/ament_index/resource_index/rclcpp_components/detector
[0.137s] -- Up-to-date symlink: /home/hpy/pioneer/hero/all/src/rm_vision_hero/install/detector/share/detector/cmake/detectorConfig.cmake
[0.137s] -- Up-to-date symlink: /home/hpy/pioneer/hero/all/src/rm_vision_hero/install/detector/share/detector/cmake/detectorConfig-version.cmake
[0.137s] -- Up-to-date symlink: /home/hpy/pioneer/hero/all/src/rm_vision_hero/install/detector/share/detector/package.xml
[0.165s] Invoked command in '/home/hpy/pioneer/hero/all/src/rm_vision_hero/build/detector' returned '0': CMAKE_PREFIX_PATH=${CMAKE_PREFIX_PATH}:/opt/ros/humble /usr/bin/cmake --install /home/hpy/pioneer/hero/all/src/rm_vision_hero/build/detector
