-- The C compiler identification is GNU 11.4.0
-- The CXX compiler identification is GNU 11.4.0
-- Detecting C compiler ABI info
-- Detecting C compiler ABI info - done
-- Check for working C compiler: /usr/bin/cc - skipped
-- Detecting C compile features
-- Detecting C compile features - done
-- Detecting CXX compiler ABI info
-- Detecting CXX compiler ABI info - done
-- Check for working CXX compiler: /usr/bin/c++ - skipped
-- Detecting CXX compile features
-- Detecting CXX compile features - done
-- Found ament_cmake_auto: 1.3.13 (/opt/ros/humble/share/ament_cmake_auto/cmake)
-- Found Python3: /usr/bin/python3 (found version "3.10.12") found components: Interpreter 
-- Override CMake install command with custom implementation using symlinks instead of copying resources
-- Found rosidl_generator_c: 3.1.8 (/opt/ros/humble/share/rosidl_generator_c/cmake)
-- Found rosidl_adapter: 3.1.8 (/opt/ros/humble/share/rosidl_adapter/cmake)
-- Found rosidl_generator_cpp: 3.1.8 (/opt/ros/humble/share/rosidl_generator_cpp/cmake)
-- Using all available rosidl_typesupport_c: rosidl_typesupport_fastrtps_c;rosidl_typesupport_introspection_c
-- Using all available rosidl_typesupport_cpp: rosidl_typesupport_fastrtps_cpp;rosidl_typesupport_introspection_cpp
-- Found rmw_implementation_cmake: 6.1.2 (/opt/ros/humble/share/rmw_implementation_cmake/cmake)
-- Found rmw_fastrtps_cpp: 6.2.9 (/opt/ros/humble/share/rmw_fastrtps_cpp/cmake)
-- Found OpenSSL: /usr/lib/x86_64-linux-gnu/libcrypto.so (found version "3.0.2")  
-- Found FastRTPS: /opt/ros/humble/include  
-- Using RMW implementation 'rmw_fastrtps_cpp' as default
-- Looking for pthread.h
-- Looking for pthread.h - found
-- Performing Test CMAKE_HAVE_LIBC_PTHREAD
-- Performing Test CMAKE_HAVE_LIBC_PTHREAD - Success
-- Found Threads: TRUE  
-- Found Eigen3: TRUE (found version "3.4.0") 
-- Ensuring Eigen3 include directory is part of orocos-kdl CMake target
-- Found ament_lint_auto: 0.12.14 (/opt/ros/humble/share/ament_lint_auto/cmake)
-- Added test 'cppcheck' to perform static code analysis on C / C++ code
-- Configured cppcheck include dirs: /home/hpy/pioneer/hero/all/src/rm_vision_hero/src/rm_planner/include
-- Configured cppcheck exclude dirs and/or files: 
-- Added test 'lint_cmake' to check CMake code style
-- Added test 'xmllint' to check XML markup files
-- Added test 'clang_format' to check C / C++ code style
-- Configuring done
-- Generating done
-- Build files have been written to: /home/hpy/pioneer/hero/all/src/rm_vision_hero/build/rm_planner
[  9%] [32mBuilding CXX object CMakeFiles/rm_planner_node.dir/rclcpp_components/node_main_rm_planner_node.cpp.o[0m
[ 18%] [32mBuilding CXX object include/rm_planner/tinympc/CMakeFiles/tinympcstatic.dir/codegen.cpp.o[0m
[ 27%] [32mBuilding CXX object include/rm_planner/tinympc/CMakeFiles/tinympcstatic.dir/admm.cpp.o[0m
[ 36%] [32mBuilding CXX object include/rm_planner/tinympc/CMakeFiles/tinympcstatic.dir/tiny_api.cpp.o[0m
[ 45%] [32mBuilding CXX object include/rm_planner/tinympc/CMakeFiles/tinympcstatic.dir/rho_benchmark.cpp.o[0m
[ 54%] [32m[1mLinking CXX executable rm_planner_node[0m
[ 54%] Built target rm_planner_node
[ 63%] [32m[1mLinking CXX static library libtinympcstatic.a[0m
[ 63%] Built target tinympcstatic
[ 72%] [32mBuilding CXX object CMakeFiles/rm_planner.dir/src/rm_planner_node.cpp.o[0m
[ 90%] [32mBuilding CXX object CMakeFiles/rm_planner.dir/src/rm_planner.cpp.o[0m
[ 90%] [32mBuilding CXX object CMakeFiles/rm_planner.dir/src/target.cpp.o[0m
[100%] [32m[1mLinking CXX shared library librm_planner.so[0m
[100%] Built target rm_planner
-- Install configuration: ""
-- Execute custom install script
-- Symlinking: /home/hpy/pioneer/hero/all/src/rm_vision_hero/install/rm_planner/lib/rm_planner/rm_planner_node
-- Symlinking: /home/hpy/pioneer/hero/all/src/rm_vision_hero/install/rm_planner/include/rm_planner/rm_planner.hpp
-- Symlinking: /home/hpy/pioneer/hero/all/src/rm_vision_hero/install/rm_planner/include/rm_planner/rm_planner_node.hpp
-- Symlinking: /home/hpy/pioneer/hero/all/src/rm_vision_hero/install/rm_planner/include/rm_planner/target.hpp
-- Symlinking: /home/hpy/pioneer/hero/all/src/rm_vision_hero/install/rm_planner/include/rm_planner/tinympc/CMakeLists.txt
-- Symlinking: /home/hpy/pioneer/hero/all/src/rm_vision_hero/install/rm_planner/include/rm_planner/tinympc/admm.cpp
-- Symlinking: /home/hpy/pioneer/hero/all/src/rm_vision_hero/install/rm_planner/include/rm_planner/tinympc/admm.hpp
-- Symlinking: /home/hpy/pioneer/hero/all/src/rm_vision_hero/install/rm_planner/include/rm_planner/tinympc/codegen.cpp
-- Symlinking: /home/hpy/pioneer/hero/all/src/rm_vision_hero/install/rm_planner/include/rm_planner/tinympc/codegen.hpp
-- Symlinking: /home/hpy/pioneer/hero/all/src/rm_vision_hero/install/rm_planner/include/rm_planner/tinympc/error.hpp
-- Symlinking: /home/hpy/pioneer/hero/all/src/rm_vision_hero/install/rm_planner/include/rm_planner/tinympc/rho_benchmark.cpp
-- Symlinking: /home/hpy/pioneer/hero/all/src/rm_vision_hero/install/rm_planner/include/rm_planner/tinympc/rho_benchmark.hpp
-- Symlinking: /home/hpy/pioneer/hero/all/src/rm_vision_hero/install/rm_planner/include/rm_planner/tinympc/tiny_api.cpp
-- Symlinking: /home/hpy/pioneer/hero/all/src/rm_vision_hero/install/rm_planner/include/rm_planner/tinympc/tiny_api.hpp
-- Symlinking: /home/hpy/pioneer/hero/all/src/rm_vision_hero/install/rm_planner/include/rm_planner/tinympc/tiny_api_constants.hpp
-- Symlinking: /home/hpy/pioneer/hero/all/src/rm_vision_hero/install/rm_planner/include/rm_planner/tinympc/types.hpp
-- Symlinking: /home/hpy/pioneer/hero/all/src/rm_vision_hero/install/rm_planner/share/rm_planner/environment/library_path.sh
-- Symlinking: /home/hpy/pioneer/hero/all/src/rm_vision_hero/install/rm_planner/share/rm_planner/environment/library_path.dsv
-- Symlinking: /home/hpy/pioneer/hero/all/src/rm_vision_hero/install/rm_planner/lib/librm_planner.so
-- Symlinking: /home/hpy/pioneer/hero/all/src/rm_vision_hero/install/rm_planner/share/ament_index/resource_index/package_run_dependencies/rm_planner
-- Symlinking: /home/hpy/pioneer/hero/all/src/rm_vision_hero/install/rm_planner/share/ament_index/resource_index/parent_prefix_path/rm_planner
-- Symlinking: /home/hpy/pioneer/hero/all/src/rm_vision_hero/install/rm_planner/share/rm_planner/environment/ament_prefix_path.sh
-- Symlinking: /home/hpy/pioneer/hero/all/src/rm_vision_hero/install/rm_planner/share/rm_planner/environment/ament_prefix_path.dsv
-- Symlinking: /home/hpy/pioneer/hero/all/src/rm_vision_hero/install/rm_planner/share/rm_planner/environment/path.sh
-- Symlinking: /home/hpy/pioneer/hero/all/src/rm_vision_hero/install/rm_planner/share/rm_planner/environment/path.dsv
-- Symlinking: /home/hpy/pioneer/hero/all/src/rm_vision_hero/install/rm_planner/share/rm_planner/local_setup.bash
-- Symlinking: /home/hpy/pioneer/hero/all/src/rm_vision_hero/install/rm_planner/share/rm_planner/local_setup.sh
-- Symlinking: /home/hpy/pioneer/hero/all/src/rm_vision_hero/install/rm_planner/share/rm_planner/local_setup.zsh
-- Symlinking: /home/hpy/pioneer/hero/all/src/rm_vision_hero/install/rm_planner/share/rm_planner/local_setup.dsv
-- Symlinking: /home/hpy/pioneer/hero/all/src/rm_vision_hero/install/rm_planner/share/rm_planner/package.dsv
-- Symlinking: /home/hpy/pioneer/hero/all/src/rm_vision_hero/install/rm_planner/share/ament_index/resource_index/packages/rm_planner
-- Symlinking: /home/hpy/pioneer/hero/all/src/rm_vision_hero/install/rm_planner/share/ament_index/resource_index/rclcpp_components/rm_planner
-- Symlinking: /home/hpy/pioneer/hero/all/src/rm_vision_hero/install/rm_planner/share/rm_planner/cmake/ament_cmake_export_dependencies-extras.cmake
-- Symlinking: /home/hpy/pioneer/hero/all/src/rm_vision_hero/install/rm_planner/share/rm_planner/cmake/ament_cmake_export_include_directories-extras.cmake
-- Symlinking: /home/hpy/pioneer/hero/all/src/rm_vision_hero/install/rm_planner/share/rm_planner/cmake/ament_cmake_export_libraries-extras.cmake
-- Symlinking: /home/hpy/pioneer/hero/all/src/rm_vision_hero/install/rm_planner/share/rm_planner/cmake/rm_plannerConfig.cmake
-- Symlinking: /home/hpy/pioneer/hero/all/src/rm_vision_hero/install/rm_planner/share/rm_planner/cmake/rm_plannerConfig-version.cmake
-- Symlinking: /home/hpy/pioneer/hero/all/src/rm_vision_hero/install/rm_planner/share/rm_planner/package.xml
