[0.018s] Invoking command in '/home/hpy/pioneer/hero/all/src/rm_vision_hero/build/detector': CMAKE_PREFIX_PATH=${CMAKE_PREFIX_PATH}:/opt/ros/humble /usr/bin/cmake --build /home/hpy/pioneer/hero/all/src/rm_vision_hero/build/detector -- -j16 -l16
[0.056s] [35m[1mConsolidate compiler generated dependencies of target lob_vision_node[0m
[0.071s] [ 33%] Built target lob_vision_node_exec
[0.082s] [ 50%] [32mBuilding CXX object CMakeFiles/lob_vision_node.dir/src/lob_vision_node.cpp.o[0m
[2.305s] In file included from [01m[K/home/hpy/pioneer/hero/all/src/rm_vision_hero/src/rm_lob_det/include/detector/lob_vision_node.hpp:16[m[K,
[2.305s]                  from [01m[K/home/hpy/pioneer/hero/all/src/rm_vision_hero/src/rm_lob_det/src/lob_vision_node.cpp:7[m[K:
[2.305s] [01m[K/home/hpy/pioneer/hero/all/src/rm_vision_hero/src/rm_lob_det/include/detector/guide_light_detector.hpp:[m[K In constructor ‘[01m[Krm_auto_aim::Light::Light(cv::RotatedRect, const std::vector<cv::Point_<int> >&)[m[K’:
[2.305s] [01m[K/home/hpy/pioneer/hero/all/src/rm_vision_hero/src/rm_lob_det/include/detector/guide_light_detector.hpp:14:60:[m[K [01;35m[Kwarning: [m[Kunused parameter ‘[01m[Kpts[m[K’ [[01;35m[K]8;;https://gcc.gnu.org/onlinedocs/gcc/Warning-Options.html#index-Wunused-parameter-Wunused-parameter]8;;[m[K]
[2.305s]    14 |     Light(cv::RotatedRect r, [01;35m[Kconst std::vector<cv::Point>& pts[m[K) : rect(r), center(r.center) {}
[2.305s]       |                              [01;35m[K~~~~~~~~~~~~~~~~~~~~~~~~~~~~~~^~~[m[K
[6.955s] [ 66%] [32m[1mLinking CXX shared library liblob_vision_node.so[0m
[7.330s] [100%] Built target lob_vision_node
[7.340s] Invoked command in '/home/hpy/pioneer/hero/all/src/rm_vision_hero/build/detector' returned '0': CMAKE_PREFIX_PATH=${CMAKE_PREFIX_PATH}:/opt/ros/humble /usr/bin/cmake --build /home/hpy/pioneer/hero/all/src/rm_vision_hero/build/detector -- -j16 -l16
[7.342s] Invoking command in '/home/hpy/pioneer/hero/all/src/rm_vision_hero/build/detector': CMAKE_PREFIX_PATH=${CMAKE_PREFIX_PATH}:/opt/ros/humble /usr/bin/cmake --install /home/hpy/pioneer/hero/all/src/rm_vision_hero/build/detector
[7.348s] -- Install configuration: ""
[7.348s] -- Execute custom install script
[7.348s] -- Up-to-date symlink: /home/hpy/pioneer/hero/all/src/rm_vision_hero/install/detector/lib/detector/lob_vision_node_exec
[7.348s] -- Up-to-date symlink: /home/hpy/pioneer/hero/all/src/rm_vision_hero/install/detector/lib/liblob_vision_node.so
[7.348s] -- Up-to-date symlink: /home/hpy/pioneer/hero/all/src/rm_vision_hero/install/detector/share/detector/config/lob_vision_params.yaml
[7.349s] -- Up-to-date symlink: /home/hpy/pioneer/hero/all/src/rm_vision_hero/install/detector/share/detector/launch/detector.launch.py
[7.349s] -- Up-to-date symlink: /home/hpy/pioneer/hero/all/src/rm_vision_hero/install/detector/include/detector/guide_light_detector.hpp
[7.349s] -- Up-to-date symlink: /home/hpy/pioneer/hero/all/src/rm_vision_hero/install/detector/include/detector/lob_tracker.hpp
[7.349s] -- Up-to-date symlink: /home/hpy/pioneer/hero/all/src/rm_vision_hero/install/detector/include/detector/lob_vision_node.hpp
[7.349s] -- Up-to-date symlink: /home/hpy/pioneer/hero/all/src/rm_vision_hero/install/detector/share/ament_index/resource_index/package_run_dependencies/detector
[7.349s] -- Up-to-date symlink: /home/hpy/pioneer/hero/all/src/rm_vision_hero/install/detector/share/ament_index/resource_index/parent_prefix_path/detector
[7.349s] -- Up-to-date symlink: /home/hpy/pioneer/hero/all/src/rm_vision_hero/install/detector/share/detector/environment/ament_prefix_path.sh
[7.349s] -- Up-to-date symlink: /home/hpy/pioneer/hero/all/src/rm_vision_hero/install/detector/share/detector/environment/ament_prefix_path.dsv
[7.349s] -- Up-to-date symlink: /home/hpy/pioneer/hero/all/src/rm_vision_hero/install/detector/share/detector/environment/path.sh
[7.349s] -- Up-to-date symlink: /home/hpy/pioneer/hero/all/src/rm_vision_hero/install/detector/share/detector/environment/path.dsv
[7.350s] -- Up-to-date symlink: /home/hpy/pioneer/hero/all/src/rm_vision_hero/install/detector/share/detector/local_setup.bash
[7.350s] -- Up-to-date symlink: /home/hpy/pioneer/hero/all/src/rm_vision_hero/install/detector/share/detector/local_setup.sh
[7.350s] -- Up-to-date symlink: /home/hpy/pioneer/hero/all/src/rm_vision_hero/install/detector/share/detector/local_setup.zsh
[7.350s] -- Up-to-date symlink: /home/hpy/pioneer/hero/all/src/rm_vision_hero/install/detector/share/detector/local_setup.dsv
[7.350s] -- Symlinking: /home/hpy/pioneer/hero/all/src/rm_vision_hero/install/detector/share/detector/package.dsv
[7.356s] -- Up-to-date symlink: /home/hpy/pioneer/hero/all/src/rm_vision_hero/install/detector/share/ament_index/resource_index/packages/detector
[7.357s] -- Up-to-date symlink: /home/hpy/pioneer/hero/all/src/rm_vision_hero/install/detector/share/ament_index/resource_index/rclcpp_components/detector
[7.357s] -- Up-to-date symlink: /home/hpy/pioneer/hero/all/src/rm_vision_hero/install/detector/share/detector/cmake/detectorConfig.cmake
[7.357s] -- Up-to-date symlink: /home/hpy/pioneer/hero/all/src/rm_vision_hero/install/detector/share/detector/cmake/detectorConfig-version.cmake
[7.357s] -- Up-to-date symlink: /home/hpy/pioneer/hero/all/src/rm_vision_hero/install/detector/share/detector/package.xml
[7.359s] Invoked command in '/home/hpy/pioneer/hero/all/src/rm_vision_hero/build/detector' returned '0': CMAKE_PREFIX_PATH=${CMAKE_PREFIX_PATH}:/opt/ros/humble /usr/bin/cmake --install /home/hpy/pioneer/hero/all/src/rm_vision_hero/build/detector
